#
# There is insufficient memory for the Java Runtime Environment to continue.
# Native memory allocation (malloc) failed to allocate 1058656 bytes for Chunk::new
# Possible reasons:
#   The system is out of physical RAM or swap space
#   The process is running with CompressedOops enabled, and the Java Heap may be blocking the growth of the native heap
# Possible solutions:
#   Reduce memory load on the system
#   Increase physical memory or swap space
#   Check if swap backing store is full
#   Decrease Java heap size (-Xmx/-Xms)
#   Decrease number of Java threads
#   Decrease Java thread stack sizes (-Xss)
#   Set larger code cache with -XX:ReservedCodeCacheSize=
#   JVM is running with Unscaled Compressed Oops mode in which the Java heap is
#     placed in the first 4GB address space. The Java Heap base address is the
#     maximum limit for the native heap growth. Please use -XX:HeapBaseMinAddress
#     to set the Java Heap base and to place the Java Heap above 4GB virtual address.
# This output file may be truncated or incomplete.
#
#  Out of Memory Error (./src/hotspot/share/memory/arena.cpp:197), pid=20152, tid=13180
#
# JRE version: OpenJDK Runtime Environment (11.0.10) (build 11.0.10+0-b96-7249189)
# Java VM: OpenJDK 64-Bit Server VM (11.0.10+0-b96-7249189, mixed mode, tiered, compressed oops, g1 gc, windows-amd64)
# No core dump will be written. Minidumps are not enabled by default on client versions of Windows
#

---------------  S U M M A R Y ------------

Command Line: --add-opens=java.base/java.util=ALL-UNNAMED --add-opens=java.base/java.lang=ALL-UNNAMED --add-opens=java.base/java.lang.invoke=ALL-UNNAMED --add-opens=java.base/java.util=ALL-UNNAMED --add-opens=java.prefs/java.util.prefs=ALL-UNNAMED --add-opens=java.prefs/java.util.prefs=ALL-UNNAMED --add-opens=java.base/java.nio.charset=ALL-UNNAMED --add-opens=java.base/java.net=ALL-UNNAMED --add-opens=java.base/java.util.concurrent.atomic=ALL-UNNAMED -Xmx2048m -Dfile.encoding=UTF-8 -Duser.country=GB -Duser.language=en -Duser.variant org.gradle.launcher.daemon.bootstrap.GradleDaemon 7.0.2

Host: Intel(R) Core(TM) i5-6200U CPU @ 2.30GHz, 4 cores, 15G,  Windows 10 , 64 bit Build 19041 (10.0.19041.1023)
Time: Tue Jul 27 11:03:28 2021 E. Africa Standard Time elapsed time: 35.219320 seconds (0d 0h 0m 35s)

---------------  T H R E A D  ---------------

Current thread (0x000001b84e721000):  JavaThread "C2 CompilerThread1" daemon [_thread_in_native, id=13180, stack(0x000000267d400000,0x000000267d500000)]


Current CompileTask:
C2:  35219 11423       4       com.android.tools.r8.dex.j::e (654 bytes)

Stack: [0x000000267d400000,0x000000267d500000]
Native frames: (J=compiled Java code, j=interpreted, Vv=VM code, C=native code)
V  [jvm.dll+0x5ecfaa]
V  [jvm.dll+0x722bd5]
V  [jvm.dll+0x72412d]
V  [jvm.dll+0x7247e3]
V  [jvm.dll+0x242928]
V  [jvm.dll+0xbc4fc]
V  [jvm.dll+0xbca0c]
V  [jvm.dll+0x2b4fd4]
V  [jvm.dll+0x506028]
V  [jvm.dll+0x203253]
V  [jvm.dll+0x1fd07c]
V  [jvm.dll+0x1fa77f]
V  [jvm.dll+0x18354c]
V  [jvm.dll+0x208ee7]
V  [jvm.dll+0x207731]
V  [jvm.dll+0x6eb1cf]
V  [jvm.dll+0x6e3d45]
V  [jvm.dll+0x5ebe96]
C  [ucrtbase.dll+0x21bb2]
C  [KERNEL32.DLL+0x17034]
C  [ntdll.dll+0x52651]


---------------  P R O C E S S  ---------------

Threads class SMR info:
_java_thread_list=0x000001b84e451290, length=61, elements={
0x000001b82d6bc800, 0x000001b847a5c000, 0x000001b847a5e000, 0x000001b8482da800,
0x000001b8482df000, 0x000001b8482e1800, 0x000001b8482e6000, 0x000001b8482eb000,
0x000001b8482f1800, 0x000001b848444000, 0x000001b84ac89000, 0x000001b84ac84000,
0x000001b84ac86800, 0x000001b84ac86000, 0x000001b84ac87800, 0x000001b84ac8a800,
0x000001b84ac8a000, 0x000001b84ac88000, 0x000001b84ac85000, 0x000001b84a224800,
0x000001b84a229800, 0x000001b84a224000, 0x000001b84a228000, 0x000001b84a225800,
0x000001b84a226800, 0x000001b84a228800, 0x000001b84a22b000, 0x000001b84a22c000,
0x000001b84a22a800, 0x000001b84a22d000, 0x000001b84a22e800, 0x000001b84a22d800,
0x000001b84a22f000, 0x000001b84a231800, 0x000001b84a232800, 0x000001b84e719000,
0x000001b84e715000, 0x000001b84e713800, 0x000001b84e714000, 0x000001b84e71a000,
0x000001b84e71a800, 0x000001b84e71b800, 0x000001b84e716800, 0x000001b84e71d000,
0x000001b84e717800, 0x000001b84e71e000, 0x000001b84e718000, 0x000001b84e71f000,
0x000001b84e71f800, 0x000001b84e716000, 0x000001b84e721000, 0x000001b84e720800,
0x000001b84e442800, 0x000001b84e446000, 0x000001b84e445000, 0x000001b84e446800,
0x000001b84e442000, 0x000001b84e444800, 0x000001b84e443800, 0x000001b84e441000,
0x000001b84e44c800
}

Java Threads: ( => current thread )
  0x000001b82d6bc800 JavaThread "main" [_thread_blocked, id=19804, stack(0x0000002679800000,0x0000002679900000)]
  0x000001b847a5c000 JavaThread "Reference Handler" daemon [_thread_blocked, id=20936, stack(0x0000002679f00000,0x000000267a000000)]
  0x000001b847a5e000 JavaThread "Finalizer" daemon [_thread_blocked, id=20944, stack(0x000000267a000000,0x000000267a100000)]
  0x000001b8482da800 JavaThread "Signal Dispatcher" daemon [_thread_blocked, id=17932, stack(0x000000267a100000,0x000000267a200000)]
  0x000001b8482df000 JavaThread "Attach Listener" daemon [_thread_blocked, id=11220, stack(0x000000267a200000,0x000000267a300000)]
  0x000001b8482e1800 JavaThread "Service Thread" daemon [_thread_blocked, id=19900, stack(0x000000267a300000,0x000000267a400000)]
  0x000001b8482e6000 JavaThread "C2 CompilerThread0" daemon [_thread_in_native, id=20932, stack(0x000000267a400000,0x000000267a500000)]
  0x000001b8482eb000 JavaThread "C1 CompilerThread0" daemon [_thread_blocked, id=11432, stack(0x000000267a500000,0x000000267a600000)]
  0x000001b8482f1800 JavaThread "Sweeper thread" daemon [_thread_blocked, id=21060, stack(0x000000267a600000,0x000000267a700000)]
  0x000001b848444000 JavaThread "Common-Cleaner" daemon [_thread_blocked, id=20920, stack(0x000000267a700000,0x000000267a800000)]
  0x000001b84ac89000 JavaThread "Daemon health stats" [_thread_blocked, id=11192, stack(0x000000267ad00000,0x000000267ae00000)]
  0x000001b84ac84000 JavaThread "Incoming local TCP Connector on port 59994" [_thread_in_native, id=1460, stack(0x000000267a900000,0x000000267aa00000)]
  0x000001b84ac86800 JavaThread "Daemon periodic checks" [_thread_blocked, id=12400, stack(0x000000267ae00000,0x000000267af00000)]
  0x000001b84ac86000 JavaThread "Daemon" [_thread_blocked, id=18692, stack(0x000000267af00000,0x000000267b000000)]
  0x000001b84ac87800 JavaThread "Handler for socket connection from /127.0.0.1:59994 to /127.0.0.1:59995" [_thread_in_native, id=19712, stack(0x000000267b000000,0x000000267b100000)]
  0x000001b84ac8a800 JavaThread "Cancel handler" [_thread_blocked, id=19404, stack(0x000000267b100000,0x000000267b200000)]
  0x000001b84ac8a000 JavaThread "Daemon worker" [_thread_blocked, id=10660, stack(0x000000267b200000,0x000000267b300000)]
  0x000001b84ac88000 JavaThread "Asynchronous log dispatcher for DefaultDaemonConnection: socket connection from /127.0.0.1:59994 to /127.0.0.1:59995" [_thread_blocked, id=20104, stack(0x000000267b300000,0x000000267b400000)]
  0x000001b84ac85000 JavaThread "Stdin handler" [_thread_blocked, id=1712, stack(0x000000267b400000,0x000000267b500000)]
  0x000001b84a224800 JavaThread "Daemon client event forwarder" [_thread_blocked, id=11756, stack(0x000000267b500000,0x000000267b600000)]
  0x000001b84a229800 JavaThread "Cache worker for file hash cache (C:\Users\shimu\.gradle\caches\7.0.2\fileHashes)" [_thread_blocked, id=10468, stack(0x000000267b600000,0x000000267b700000)]
  0x000001b84a224000 JavaThread "File lock request listener" [_thread_in_native, id=19648, stack(0x000000267b700000,0x000000267b800000)]
  0x000001b84a228000 JavaThread "Cache worker for journal cache (C:\Users\shimu\.gradle\caches\journal-1)" [_thread_blocked, id=8296, stack(0x000000267b800000,0x000000267b900000)]
  0x000001b84a225800 JavaThread "Cache worker for file hash cache (D:\Android\AwesomePlaces\.gradle\7.0.2\fileHashes)" [_thread_blocked, id=11936, stack(0x000000267ba00000,0x000000267bb00000)]
  0x000001b84a226800 JavaThread "File watcher server" daemon [_thread_in_native, id=18768, stack(0x000000267bb00000,0x000000267bc00000)]
  0x000001b84a228800 JavaThread "File watcher consumer" daemon [_thread_blocked, id=11168, stack(0x000000267bc00000,0x000000267bd00000)]
  0x000001b84a22b000 JavaThread "Cache worker for checksums cache (D:\Android\AwesomePlaces\.gradle\checksums)" [_thread_blocked, id=16820, stack(0x000000267bd00000,0x000000267be00000)]
  0x000001b84a22c000 JavaThread "Cache worker for cache directory md-supplier (C:\Users\shimu\.gradle\caches\7.0.2\md-supplier)" [_thread_blocked, id=5656, stack(0x000000267be00000,0x000000267bf00000)]
  0x000001b84a22a800 JavaThread "Cache worker for cache directory md-rule (C:\Users\shimu\.gradle\caches\7.0.2\md-rule)" [_thread_blocked, id=10444, stack(0x000000267bf00000,0x000000267c000000)]
  0x000001b84a22d000 JavaThread "Cache worker for execution history cache (C:\Users\shimu\.gradle\caches\7.0.2\executionHistory)" [_thread_blocked, id=10756, stack(0x000000267c000000,0x000000267c100000)]
  0x000001b84a22e800 JavaThread "jar transforms" [_thread_blocked, id=11700, stack(0x000000267c100000,0x000000267c200000)]
  0x000001b84a22d800 JavaThread "jar transforms Thread 2" [_thread_blocked, id=20524, stack(0x000000267c200000,0x000000267c300000)]
  0x000001b84a22f000 JavaThread "Cache worker for file content cache (C:\Users\shimu\.gradle\caches\7.0.2\fileContent)" [_thread_blocked, id=18584, stack(0x000000267c300000,0x000000267c400000)]
  0x000001b84a231800 JavaThread "Cache worker for dependencies-accessors (D:\Android\AwesomePlaces\.gradle\7.0.2\dependencies-accessors)" [_thread_blocked, id=18016, stack(0x000000267c400000,0x000000267c500000)]
  0x000001b84a232800 JavaThread "jar transforms Thread 3" [_thread_blocked, id=11652, stack(0x000000267c500000,0x000000267c600000)]
  0x000001b84e719000 JavaThread "Cache worker for Build Output Cleanup Cache (D:\Android\AwesomePlaces\.gradle\buildOutputCleanup)" [_thread_blocked, id=7548, stack(0x000000267b900000,0x000000267ba00000)]
  0x000001b84e715000 JavaThread "Build operations" [_thread_blocked, id=10940, stack(0x000000267c700000,0x000000267c800000)]
  0x000001b84e713800 JavaThread "Build operations Thread 2" [_thread_blocked, id=11516, stack(0x000000267c800000,0x000000267c900000)]
  0x000001b84e714000 JavaThread "Build operations Thread 3" [_thread_blocked, id=1560, stack(0x000000267c900000,0x000000267ca00000)]
  0x000001b84e71a000 JavaThread "Build operations Thread 4" [_thread_blocked, id=18800, stack(0x000000267ca00000,0x000000267cb00000)]
  0x000001b84e71a800 JavaThread "jar transforms Thread 4" [_thread_blocked, id=19260, stack(0x000000267cb00000,0x000000267cc00000)]
  0x000001b84e71b800 JavaThread "Memory manager" [_thread_blocked, id=18508, stack(0x000000267cc00000,0x000000267cd00000)]
  0x000001b84e716800 JavaThread "build event listener" [_thread_blocked, id=17776, stack(0x000000267cd00000,0x000000267ce00000)]
  0x000001b84e71d000 JavaThread "pool-3-thread-1" [_thread_blocked, id=16644, stack(0x000000267ce00000,0x000000267cf00000)]
  0x000001b84e717800 JavaThread "build event listener" [_thread_blocked, id=18444, stack(0x000000267cf00000,0x000000267d000000)]
  0x000001b84e71e000 JavaThread "Execution worker for ':'" [_thread_blocked, id=19924, stack(0x000000267d000000,0x000000267d100000)]
  0x000001b84e718000 JavaThread "Execution worker for ':' Thread 2" [_thread_blocked, id=19556, stack(0x000000267d100000,0x000000267d200000)]
  0x000001b84e71f000 JavaThread "Execution worker for ':' Thread 3" [_thread_blocked, id=7212, stack(0x000000267d200000,0x000000267d300000)]
  0x000001b84e71f800 JavaThread "Cache worker for execution history cache (D:\Android\AwesomePlaces\.gradle\7.0.2\executionHistory)" [_thread_blocked, id=20036, stack(0x000000267d300000,0x000000267d400000)]
  0x000001b84e716000 JavaThread "WorkerExecutor Queue" [_thread_blocked, id=2984, stack(0x000000267c600000,0x000000267c700000)]
=>0x000001b84e721000 JavaThread "C2 CompilerThread1" daemon [_thread_in_native, id=13180, stack(0x000000267d400000,0x000000267d500000)]
  0x000001b84e720800 JavaThread "WorkerExecutor Queue Thread 2" [_thread_blocked, id=10288, stack(0x000000267d500000,0x000000267d600000)]
  0x000001b84e442800 JavaThread "WorkerExecutor Queue Thread 3" [_thread_blocked, id=8060, stack(0x000000267d600000,0x000000267d700000)]
  0x000001b84e446000 JavaThread "WorkerExecutor Queue Thread 4" [_thread_blocked, id=9340, stack(0x000000267d700000,0x000000267d800000)]
  0x000001b84e445000 JavaThread "pool-4-thread-1" [_thread_blocked, id=16700, stack(0x000000267d800000,0x000000267d900000)]
  0x000001b84e446800 JavaThread "stderr" [_thread_in_native, id=10420, stack(0x000000267d900000,0x000000267da00000)]
  0x000001b84e442000 JavaThread "stdout" [_thread_in_native, id=11908, stack(0x000000267da00000,0x000000267db00000)]
  0x000001b84e444800 JavaThread "ForkJoinPool-1-worker-3" daemon [_thread_in_Java, id=3256, stack(0x000000267dd00000,0x000000267de00000)]
  0x000001b84e443800 JavaThread "ForkJoinPool-1-worker-5" daemon [_thread_in_Java, id=21488, stack(0x000000267de00000,0x000000267df00000)]
  0x000001b84e441000 JavaThread "ForkJoinPool-1-worker-7" daemon [_thread_in_vm, id=20820, stack(0x000000267df00000,0x000000267e000000)]
  0x000001b84e44c800 JavaThread "ForkJoinPool-1-worker-1" daemon [_thread_in_Java, id=16408, stack(0x000000267e000000,0x000000267e100000)]

Other Threads:
  0x000001b847a56000 VMThread "VM Thread" [stack: 0x0000002679e00000,0x0000002679f00000] [id=20928] _threads_hazard_ptr=0x000001b84e451290
  0x000001b84846f800 WatcherThread [stack: 0x000000267a800000,0x000000267a900000] [id=16412]
  0x000001b82d6d6000 GCTaskThread "GC Thread#0" [stack: 0x0000002679900000,0x0000002679a00000] [id=19772]
  0x000001b848c57000 GCTaskThread "GC Thread#1" [stack: 0x000000267aa00000,0x000000267ab00000] [id=2672]
  0x000001b848898800 GCTaskThread "GC Thread#2" [stack: 0x000000267ab00000,0x000000267ac00000] [id=4164]
  0x000001b84881b800 GCTaskThread "GC Thread#3" [stack: 0x000000267ac00000,0x000000267ad00000] [id=21000]
  0x000001b82d70a800 ConcurrentGCThread "G1 Main Marker" [stack: 0x0000002679a00000,0x0000002679b00000] [id=19860]
  0x000001b82d70c000 ConcurrentGCThread "G1 Conc#0" [stack: 0x0000002679b00000,0x0000002679c00000] [id=9296]
  0x000001b8478c4800 ConcurrentGCThread "G1 Refine#0" [stack: 0x0000002679c00000,0x0000002679d00000] [id=796]
  0x000001b84e411000 ConcurrentGCThread "G1 Refine#1" [stack: 0x000000267e100000,0x000000267e200000] [id=19492]
  0x000001b85188e800 ConcurrentGCThread "G1 Refine#2" [stack: 0x000000267e200000,0x000000267e300000] [id=19164]
  0x000001b851bd7800 ConcurrentGCThread "G1 Refine#3" [stack: 0x000000267e300000,0x000000267e400000] [id=6748]
  0x000001b8478c5000 ConcurrentGCThread "G1 Young RemSet Sampling" [stack: 0x0000002679d00000,0x0000002679e00000] [id=20888]

Threads with active compile tasks:
C2 CompilerThread0  35269 11517       4       com.android.tools.r8.dex.j::a (1038 bytes)
C2 CompilerThread1  35269 11423       4       com.android.tools.r8.dex.j::e (654 bytes)

VM state:synchronizing (normal execution)

VM Mutex/Monitor currently owned by a thread:  ([mutex/lock_event])
[0x000001b82d6ba470] Safepoint_lock - owner thread: 0x000001b847a56000
[0x000001b82d6b9db0] Threads_lock - owner thread: 0x000001b847a56000
[0x000001b82d6ba860] Compile_lock - owner thread: 0x000001b84a228800

Heap address: 0x0000000080000000, size: 2048 MB, Compressed Oops mode: 32-bit
Narrow klass base: 0x0000000000000000, Narrow klass shift: 3
Compressed class space size: 1073741824 Address: 0x0000000100000000

Heap:
 garbage-first heap   total 269312K, used 154112K [0x0000000080000000, 0x0000000100000000)
  region size 1024K, 14 young (14336K), 2 survivors (2048K)
 Metaspace       used 95648K, capacity 97875K, committed 98124K, reserved 1134592K
  class space    used 12440K, capacity 13281K, committed 13388K, reserved 1048576K
Heap Regions: E=young(eden), S=young(survivor), O=old, HS=humongous(starts), HC=humongous(continues), CS=collection set, F=free, A=archive, TAMS=top-at-mark-start (previous, next)
|   0|0x0000000080000000, 0x0000000080100000, 0x0000000080100000|100%| O|  |TAMS 0x0000000080100000, 0x0000000080100000| Untracked 
|   1|0x0000000080100000, 0x0000000080200000, 0x0000000080200000|100%| O|  |TAMS 0x0000000080200000, 0x0000000080200000| Untracked 
|   2|0x0000000080200000, 0x0000000080300000, 0x0000000080300000|100%| O|  |TAMS 0x0000000080300000, 0x0000000080300000| Untracked 
|   3|0x0000000080300000, 0x0000000080400000, 0x0000000080400000|100%|HS|  |TAMS 0x0000000080400000, 0x0000000080400000| Complete 
|   4|0x0000000080400000, 0x0000000080500000, 0x0000000080500000|100%|HC|  |TAMS 0x0000000080500000, 0x0000000080500000| Complete 
|   5|0x0000000080500000, 0x0000000080600000, 0x0000000080600000|100%|HC|  |TAMS 0x0000000080600000, 0x0000000080600000| Complete 
|   6|0x0000000080600000, 0x0000000080700000, 0x0000000080700000|100%| O|  |TAMS 0x0000000080700000, 0x0000000080700000| Untracked 
|   7|0x0000000080700000, 0x0000000080800000, 0x0000000080800000|100%| O|  |TAMS 0x0000000080800000, 0x0000000080800000| Untracked 
|   8|0x0000000080800000, 0x0000000080900000, 0x0000000080900000|100%| O|  |TAMS 0x0000000080900000, 0x0000000080900000| Untracked 
|   9|0x0000000080900000, 0x0000000080a00000, 0x0000000080a00000|100%| O|  |TAMS 0x0000000080a00000, 0x0000000080a00000| Untracked 
|  10|0x0000000080a00000, 0x0000000080b00000, 0x0000000080b00000|100%| O|  |TAMS 0x0000000080b00000, 0x0000000080b00000| Untracked 
|  11|0x0000000080b00000, 0x0000000080c00000, 0x0000000080c00000|100%| O|  |TAMS 0x0000000080c00000, 0x0000000080c00000| Untracked 
|  12|0x0000000080c00000, 0x0000000080d00000, 0x0000000080d00000|100%| O|  |TAMS 0x0000000080d00000, 0x0000000080d00000| Untracked 
|  13|0x0000000080d00000, 0x0000000080e00000, 0x0000000080e00000|100%| O|  |TAMS 0x0000000080e00000, 0x0000000080e00000| Untracked 
|  14|0x0000000080e00000, 0x0000000080f00000, 0x0000000080f00000|100%| O|  |TAMS 0x0000000080f00000, 0x0000000080f00000| Untracked 
|  15|0x0000000080f00000, 0x0000000081000000, 0x0000000081000000|100%| O|  |TAMS 0x0000000081000000, 0x0000000081000000| Untracked 
|  16|0x0000000081000000, 0x0000000081100000, 0x0000000081100000|100%| O|  |TAMS 0x0000000081100000, 0x0000000081100000| Untracked 
|  17|0x0000000081100000, 0x0000000081200000, 0x0000000081200000|100%|HS|  |TAMS 0x0000000081200000, 0x0000000081200000| Complete 
|  18|0x0000000081200000, 0x0000000081300000, 0x0000000081300000|100%|HS|  |TAMS 0x0000000081300000, 0x0000000081300000| Complete 
|  19|0x0000000081300000, 0x0000000081400000, 0x0000000081400000|100%|HS|  |TAMS 0x0000000081400000, 0x0000000081400000| Complete 
|  20|0x0000000081400000, 0x0000000081500000, 0x0000000081500000|100%|HS|  |TAMS 0x0000000081500000, 0x0000000081500000| Complete 
|  21|0x0000000081500000, 0x0000000081600000, 0x0000000081600000|100%|HC|  |TAMS 0x0000000081600000, 0x0000000081600000| Complete 
|  22|0x0000000081600000, 0x0000000081700000, 0x0000000081700000|100%|HC|  |TAMS 0x0000000081700000, 0x0000000081700000| Complete 
|  23|0x0000000081700000, 0x0000000081800000, 0x0000000081800000|100%|HS|  |TAMS 0x0000000081800000, 0x0000000081800000| Complete 
|  24|0x0000000081800000, 0x0000000081900000, 0x0000000081900000|100%|HC|  |TAMS 0x0000000081900000, 0x0000000081900000| Complete 
|  25|0x0000000081900000, 0x0000000081a00000, 0x0000000081a00000|100%| O|  |TAMS 0x0000000081a00000, 0x0000000081a00000| Untracked 
|  26|0x0000000081a00000, 0x0000000081b00000, 0x0000000081b00000|100%| O|  |TAMS 0x0000000081b00000, 0x0000000081b00000| Untracked 
|  27|0x0000000081b00000, 0x0000000081c00000, 0x0000000081c00000|100%| O|  |TAMS 0x0000000081c00000, 0x0000000081c00000| Untracked 
|  28|0x0000000081c00000, 0x0000000081d00000, 0x0000000081d00000|100%| O|  |TAMS 0x0000000081d00000, 0x0000000081d00000| Untracked 
|  29|0x0000000081d00000, 0x0000000081e00000, 0x0000000081e00000|100%| O|  |TAMS 0x0000000081e00000, 0x0000000081e00000| Untracked 
|  30|0x0000000081e00000, 0x0000000081f00000, 0x0000000081f00000|100%| O|  |TAMS 0x0000000081f00000, 0x0000000081f00000| Untracked 
|  31|0x0000000081f00000, 0x0000000082000000, 0x0000000082000000|100%| O|  |TAMS 0x0000000082000000, 0x0000000082000000| Untracked 
|  32|0x0000000082000000, 0x0000000082100000, 0x0000000082100000|100%| O|  |TAMS 0x0000000082100000, 0x0000000082100000| Untracked 
|  33|0x0000000082100000, 0x0000000082200000, 0x0000000082200000|100%| O|  |TAMS 0x0000000082200000, 0x0000000082200000| Untracked 
|  34|0x0000000082200000, 0x0000000082300000, 0x0000000082300000|100%| O|  |TAMS 0x0000000082300000, 0x0000000082300000| Untracked 
|  35|0x0000000082300000, 0x0000000082400000, 0x0000000082400000|100%| O|  |TAMS 0x0000000082400000, 0x0000000082400000| Untracked 
|  36|0x0000000082400000, 0x0000000082500000, 0x0000000082500000|100%| O|  |TAMS 0x0000000082500000, 0x0000000082500000| Untracked 
|  37|0x0000000082500000, 0x0000000082600000, 0x0000000082600000|100%| O|  |TAMS 0x0000000082600000, 0x0000000082600000| Untracked 
|  38|0x0000000082600000, 0x0000000082700000, 0x0000000082700000|100%| O|  |TAMS 0x0000000082700000, 0x0000000082700000| Untracked 
|  39|0x0000000082700000, 0x0000000082800000, 0x0000000082800000|100%| O|  |TAMS 0x0000000082800000, 0x0000000082800000| Untracked 
|  40|0x0000000082800000, 0x0000000082900000, 0x0000000082900000|100%| O|  |TAMS 0x0000000082900000, 0x0000000082900000| Untracked 
|  41|0x0000000082900000, 0x0000000082a00000, 0x0000000082a00000|100%| O|  |TAMS 0x0000000082a00000, 0x0000000082a00000| Untracked 
|  42|0x0000000082a00000, 0x0000000082b00000, 0x0000000082b00000|100%| O|  |TAMS 0x0000000082b00000, 0x0000000082b00000| Untracked 
|  43|0x0000000082b00000, 0x0000000082c00000, 0x0000000082c00000|100%| O|  |TAMS 0x0000000082c00000, 0x0000000082c00000| Untracked 
|  44|0x0000000082c00000, 0x0000000082d00000, 0x0000000082d00000|100%| O|  |TAMS 0x0000000082d00000, 0x0000000082d00000| Untracked 
|  45|0x0000000082d00000, 0x0000000082e00000, 0x0000000082e00000|100%| O|  |TAMS 0x0000000082e00000, 0x0000000082e00000| Untracked 
|  46|0x0000000082e00000, 0x0000000082f00000, 0x0000000082f00000|100%| O|  |TAMS 0x0000000082f00000, 0x0000000082f00000| Untracked 
|  47|0x0000000082f00000, 0x0000000083000000, 0x0000000083000000|100%| O|  |TAMS 0x0000000083000000, 0x0000000083000000| Untracked 
|  48|0x0000000083000000, 0x0000000083100000, 0x0000000083100000|100%| O|  |TAMS 0x0000000083000000, 0x0000000083100000| Untracked 
|  49|0x0000000083100000, 0x0000000083200000, 0x0000000083200000|100%| O|  |TAMS 0x0000000083100000, 0x0000000083200000| Untracked 
|  50|0x0000000083200000, 0x0000000083300000, 0x0000000083300000|100%| O|  |TAMS 0x0000000083200000, 0x0000000083300000| Untracked 
|  51|0x0000000083300000, 0x0000000083400000, 0x0000000083400000|100%| O|  |TAMS 0x0000000083300000, 0x0000000083400000| Untracked 
|  52|0x0000000083400000, 0x0000000083500000, 0x0000000083500000|100%| O|  |TAMS 0x0000000083400000, 0x0000000083500000| Untracked 
|  53|0x0000000083500000, 0x0000000083600000, 0x0000000083600000|100%| O|  |TAMS 0x0000000083500000, 0x0000000083600000| Untracked 
|  54|0x0000000083600000, 0x0000000083700000, 0x0000000083700000|100%| O|  |TAMS 0x0000000083600000, 0x0000000083700000| Untracked 
|  55|0x0000000083700000, 0x0000000083800000, 0x0000000083800000|100%| O|  |TAMS 0x0000000083700000, 0x0000000083800000| Untracked 
|  56|0x0000000083800000, 0x0000000083900000, 0x0000000083900000|100%| O|  |TAMS 0x0000000083800000, 0x0000000083900000| Untracked 
|  57|0x0000000083900000, 0x0000000083a00000, 0x0000000083a00000|100%| O|  |TAMS 0x0000000083900000, 0x0000000083a00000| Untracked 
|  58|0x0000000083a00000, 0x0000000083b00000, 0x0000000083b00000|100%| O|  |TAMS 0x0000000083a00000, 0x0000000083b00000| Untracked 
|  59|0x0000000083b00000, 0x0000000083c00000, 0x0000000083c00000|100%| O|  |TAMS 0x0000000083b00000, 0x0000000083c00000| Untracked 
|  60|0x0000000083c00000, 0x0000000083d00000, 0x0000000083d00000|100%| O|  |TAMS 0x0000000083c00000, 0x0000000083d00000| Untracked 
|  61|0x0000000083d00000, 0x0000000083e00000, 0x0000000083e00000|100%| O|  |TAMS 0x0000000083d00000, 0x0000000083e00000| Untracked 
|  62|0x0000000083e00000, 0x0000000083f00000, 0x0000000083f00000|100%| O|  |TAMS 0x0000000083e00000, 0x0000000083f00000| Untracked 
|  63|0x0000000083f00000, 0x0000000084000000, 0x0000000084000000|100%| O|  |TAMS 0x0000000083f00000, 0x0000000084000000| Untracked 
|  64|0x0000000084000000, 0x0000000084100000, 0x0000000084100000|100%| O|  |TAMS 0x0000000084000000, 0x0000000084100000| Untracked 
|  65|0x0000000084100000, 0x0000000084200000, 0x0000000084200000|100%| O|  |TAMS 0x0000000084100000, 0x0000000084200000| Untracked 
|  66|0x0000000084200000, 0x0000000084300000, 0x0000000084300000|100%| O|  |TAMS 0x0000000084200000, 0x0000000084300000| Untracked 
|  67|0x0000000084300000, 0x0000000084400000, 0x0000000084400000|100%| O|  |TAMS 0x0000000084300000, 0x0000000084400000| Untracked 
|  68|0x0000000084400000, 0x0000000084500000, 0x0000000084500000|100%| O|  |TAMS 0x0000000084400000, 0x0000000084500000| Untracked 
|  69|0x0000000084500000, 0x0000000084600000, 0x0000000084600000|100%| O|  |TAMS 0x0000000084500000, 0x0000000084600000| Untracked 
|  70|0x0000000084600000, 0x0000000084700000, 0x0000000084700000|100%| O|  |TAMS 0x0000000084600000, 0x0000000084700000| Untracked 
|  71|0x0000000084700000, 0x0000000084800000, 0x0000000084800000|100%|HS|  |TAMS 0x0000000084700000, 0x0000000084800000| Complete 
|  72|0x0000000084800000, 0x0000000084900000, 0x0000000084900000|100%|HC|  |TAMS 0x0000000084800000, 0x0000000084900000| Complete 
|  73|0x0000000084900000, 0x0000000084a00000, 0x0000000084a00000|100%|HS|  |TAMS 0x0000000084900000, 0x0000000084a00000| Complete 
|  74|0x0000000084a00000, 0x0000000084b00000, 0x0000000084b00000|100%|HS|  |TAMS 0x0000000084a00000, 0x0000000084b00000| Complete 
|  75|0x0000000084b00000, 0x0000000084c00000, 0x0000000084c00000|100%|HS|  |TAMS 0x0000000084b00000, 0x0000000084c00000| Complete 
|  76|0x0000000084c00000, 0x0000000084d00000, 0x0000000084d00000|100%|HC|  |TAMS 0x0000000084c00000, 0x0000000084d00000| Complete 
|  77|0x0000000084d00000, 0x0000000084e00000, 0x0000000084e00000|100%|HS|  |TAMS 0x0000000084d00000, 0x0000000084e00000| Complete 
|  78|0x0000000084e00000, 0x0000000084f00000, 0x0000000084f00000|100%|HC|  |TAMS 0x0000000084e00000, 0x0000000084f00000| Complete 
|  79|0x0000000084f00000, 0x0000000085000000, 0x0000000085000000|100%|HC|  |TAMS 0x0000000084f00000, 0x0000000085000000| Complete 
|  80|0x0000000085000000, 0x0000000085100000, 0x0000000085100000|100%| O|  |TAMS 0x0000000085000000, 0x0000000085100000| Untracked 
|  81|0x0000000085100000, 0x0000000085200000, 0x0000000085200000|100%| O|  |TAMS 0x0000000085100000, 0x0000000085200000| Untracked 
|  82|0x0000000085200000, 0x0000000085300000, 0x0000000085300000|100%|HS|  |TAMS 0x0000000085200000, 0x0000000085300000| Complete 
|  83|0x0000000085300000, 0x0000000085400000, 0x0000000085400000|100%|HC|  |TAMS 0x0000000085300000, 0x0000000085400000| Complete 
|  84|0x0000000085400000, 0x0000000085500000, 0x0000000085500000|100%| O|  |TAMS 0x0000000085400000, 0x0000000085500000| Untracked 
|  85|0x0000000085500000, 0x0000000085600000, 0x0000000085600000|100%|HS|  |TAMS 0x0000000085500000, 0x0000000085600000| Complete 
|  86|0x0000000085600000, 0x0000000085700000, 0x0000000085700000|100%| O|  |TAMS 0x0000000085600000, 0x0000000085700000| Untracked 
|  87|0x0000000085700000, 0x0000000085800000, 0x0000000085800000|100%|HS|  |TAMS 0x0000000085700000, 0x0000000085800000| Complete 
|  88|0x0000000085800000, 0x0000000085900000, 0x0000000085900000|100%| O|  |TAMS 0x0000000085800000, 0x0000000085900000| Untracked 
|  89|0x0000000085900000, 0x0000000085a00000, 0x0000000085a00000|100%| O|  |TAMS 0x0000000085900000, 0x0000000085a00000| Untracked 
|  90|0x0000000085a00000, 0x0000000085b00000, 0x0000000085b00000|100%|HS|  |TAMS 0x0000000085a00000, 0x0000000085b00000| Complete 
|  91|0x0000000085b00000, 0x0000000085c00000, 0x0000000085c00000|100%|HC|  |TAMS 0x0000000085b00000, 0x0000000085c00000| Complete 
|  92|0x0000000085c00000, 0x0000000085d00000, 0x0000000085d00000|100%| O|  |TAMS 0x0000000085c00000, 0x0000000085d00000| Untracked 
|  93|0x0000000085d00000, 0x0000000085e00000, 0x0000000085e00000|100%| O|  |TAMS 0x0000000085d00000, 0x0000000085e00000| Untracked 
|  94|0x0000000085e00000, 0x0000000085f00000, 0x0000000085f00000|100%| O|  |TAMS 0x0000000085e00000, 0x0000000085f00000| Untracked 
|  95|0x0000000085f00000, 0x0000000086000000, 0x0000000086000000|100%|HS|  |TAMS 0x0000000085f00000, 0x0000000086000000| Complete 
|  96|0x0000000086000000, 0x0000000086100000, 0x0000000086100000|100%|HC|  |TAMS 0x0000000086000000, 0x0000000086100000| Complete 
|  97|0x0000000086100000, 0x0000000086200000, 0x0000000086200000|100%|HC|  |TAMS 0x0000000086100000, 0x0000000086200000| Complete 
|  98|0x0000000086200000, 0x0000000086300000, 0x0000000086300000|100%|HS|  |TAMS 0x0000000086200000, 0x0000000086300000| Complete 
|  99|0x0000000086300000, 0x0000000086400000, 0x0000000086400000|100%|HS|  |TAMS 0x0000000086300000, 0x0000000086400000| Complete 
| 100|0x0000000086400000, 0x0000000086500000, 0x0000000086500000|100%| O|  |TAMS 0x0000000086400000, 0x0000000086500000| Untracked 
| 101|0x0000000086500000, 0x0000000086600000, 0x0000000086600000|100%| O|  |TAMS 0x0000000086500000, 0x0000000086600000| Untracked 
| 102|0x0000000086600000, 0x0000000086700000, 0x0000000086700000|100%| O|  |TAMS 0x0000000086600000, 0x0000000086700000| Untracked 
| 103|0x0000000086700000, 0x0000000086800000, 0x0000000086800000|100%| O|  |TAMS 0x0000000086700000, 0x0000000086800000| Untracked 
| 104|0x0000000086800000, 0x0000000086900000, 0x0000000086900000|100%| O|  |TAMS 0x0000000086800000, 0x0000000086900000| Untracked 
| 105|0x0000000086900000, 0x0000000086a00000, 0x0000000086a00000|100%| O|  |TAMS 0x0000000086900000, 0x0000000086a00000| Untracked 
| 106|0x0000000086a00000, 0x0000000086b00000, 0x0000000086b00000|100%| O|  |TAMS 0x0000000086a00000, 0x0000000086b00000| Untracked 
| 107|0x0000000086b00000, 0x0000000086c00000, 0x0000000086c00000|100%| O|  |TAMS 0x0000000086b00000, 0x0000000086c00000| Untracked 
| 108|0x0000000086c00000, 0x0000000086d00000, 0x0000000086d00000|100%| O|  |TAMS 0x0000000086c00000, 0x0000000086d00000| Untracked 
| 109|0x0000000086d00000, 0x0000000086e00000, 0x0000000086e00000|100%| O|  |TAMS 0x0000000086d00000, 0x0000000086e00000| Untracked 
| 110|0x0000000086e00000, 0x0000000086f00000, 0x0000000086f00000|100%| O|  |TAMS 0x0000000086e00000, 0x0000000086f00000| Untracked 
| 111|0x0000000086f00000, 0x0000000087000000, 0x0000000087000000|100%| O|  |TAMS 0x0000000086f00000, 0x0000000087000000| Untracked 
| 112|0x0000000087000000, 0x0000000087100000, 0x0000000087100000|100%| O|  |TAMS 0x0000000087000000, 0x0000000087100000| Untracked 
| 113|0x0000000087100000, 0x0000000087200000, 0x0000000087200000|100%| O|  |TAMS 0x0000000087100000, 0x0000000087200000| Untracked 
| 114|0x0000000087200000, 0x0000000087300000, 0x0000000087300000|100%| O|  |TAMS 0x0000000087200000, 0x0000000087300000| Untracked 
| 115|0x0000000087300000, 0x0000000087400000, 0x0000000087400000|100%| O|  |TAMS 0x0000000087300000, 0x0000000087400000| Untracked 
| 116|0x0000000087400000, 0x0000000087500000, 0x0000000087500000|100%| O|  |TAMS 0x0000000087400000, 0x0000000087500000| Untracked 
| 117|0x0000000087500000, 0x0000000087600000, 0x0000000087600000|100%| O|  |TAMS 0x0000000087500000, 0x0000000087600000| Untracked 
| 118|0x0000000087600000, 0x0000000087700000, 0x0000000087700000|100%| O|  |TAMS 0x0000000087600000, 0x0000000087700000| Untracked 
| 119|0x0000000087700000, 0x0000000087800000, 0x0000000087800000|100%| O|  |TAMS 0x0000000087700000, 0x0000000087800000| Untracked 
| 120|0x0000000087800000, 0x0000000087900000, 0x0000000087900000|100%| O|  |TAMS 0x0000000087800000, 0x0000000087900000| Untracked 
| 121|0x0000000087900000, 0x0000000087a00000, 0x0000000087a00000|100%| O|  |TAMS 0x0000000087900000, 0x0000000087a00000| Untracked 
| 122|0x0000000087a00000, 0x0000000087b00000, 0x0000000087b00000|100%| O|  |TAMS 0x0000000087a00000, 0x0000000087b00000| Untracked 
| 123|0x0000000087b00000, 0x0000000087c00000, 0x0000000087c00000|100%| O|  |TAMS 0x0000000087b00000, 0x0000000087c00000| Untracked 
| 124|0x0000000087c00000, 0x0000000087d00000, 0x0000000087d00000|100%| O|  |TAMS 0x0000000087c00000, 0x0000000087d00000| Untracked 
| 125|0x0000000087d00000, 0x0000000087e00000, 0x0000000087e00000|100%| O|  |TAMS 0x0000000087d00000, 0x0000000087e00000| Untracked 
| 126|0x0000000087e00000, 0x0000000087e00000, 0x0000000087f00000|  0%| F|  |TAMS 0x0000000087e00000, 0x0000000087e00000| Untracked 
| 127|0x0000000087f00000, 0x0000000087f00000, 0x0000000088000000|  0%| F|  |TAMS 0x0000000087f00000, 0x0000000087f00000| Untracked 
| 128|0x0000000088000000, 0x0000000088000000, 0x0000000088100000|  0%| F|  |TAMS 0x0000000088000000, 0x0000000088000000| Untracked 
| 129|0x0000000088100000, 0x0000000088100000, 0x0000000088200000|  0%| F|  |TAMS 0x0000000088100000, 0x0000000088100000| Untracked 
| 130|0x0000000088200000, 0x0000000088200000, 0x0000000088300000|  0%| F|  |TAMS 0x0000000088200000, 0x0000000088200000| Untracked 
| 131|0x0000000088300000, 0x0000000088300000, 0x0000000088400000|  0%| F|  |TAMS 0x0000000088300000, 0x0000000088300000| Untracked 
| 132|0x0000000088400000, 0x0000000088400000, 0x0000000088500000|  0%| F|  |TAMS 0x0000000088400000, 0x0000000088400000| Untracked 
| 133|0x0000000088500000, 0x0000000088500000, 0x0000000088600000|  0%| F|  |TAMS 0x0000000088500000, 0x0000000088500000| Untracked 
| 134|0x0000000088600000, 0x0000000088600000, 0x0000000088700000|  0%| F|  |TAMS 0x0000000088600000, 0x0000000088600000| Untracked 
| 135|0x0000000088700000, 0x0000000088700000, 0x0000000088800000|  0%| F|  |TAMS 0x0000000088700000, 0x0000000088700000| Untracked 
| 136|0x0000000088800000, 0x0000000088900000, 0x0000000088900000|100%| O|  |TAMS 0x0000000088800000, 0x0000000088900000| Untracked 
| 137|0x0000000088900000, 0x0000000088a00000, 0x0000000088a00000|100%| O|  |TAMS 0x0000000088900000, 0x0000000088a00000| Untracked 
| 138|0x0000000088a00000, 0x0000000088b00000, 0x0000000088b00000|100%| O|  |TAMS 0x0000000088a00000, 0x0000000088b00000| Untracked 
| 139|0x0000000088b00000, 0x0000000088c00000, 0x0000000088c00000|100%| O|  |TAMS 0x0000000088b00000, 0x0000000088c00000| Untracked 
| 140|0x0000000088c00000, 0x0000000088d00000, 0x0000000088d00000|100%| O|  |TAMS 0x0000000088c00000, 0x0000000088d00000| Untracked 
| 141|0x0000000088d00000, 0x0000000088e00000, 0x0000000088e00000|100%| O|  |TAMS 0x0000000088d00000, 0x0000000088e00000| Untracked 
| 142|0x0000000088e00000, 0x0000000088e00000, 0x0000000088f00000|  0%| F|  |TAMS 0x0000000088e00000, 0x0000000088e00000| Untracked 
| 143|0x0000000088f00000, 0x0000000088f00000, 0x0000000089000000|  0%| F|  |TAMS 0x0000000088f00000, 0x0000000088f00000| Untracked 
| 144|0x0000000089000000, 0x0000000089000000, 0x0000000089100000|  0%| F|  |TAMS 0x0000000089000000, 0x0000000089000000| Untracked 
| 145|0x0000000089100000, 0x0000000089100000, 0x0000000089200000|  0%| F|  |TAMS 0x0000000089100000, 0x0000000089100000| Untracked 
| 146|0x0000000089200000, 0x0000000089200000, 0x0000000089300000|  0%| F|  |TAMS 0x0000000089200000, 0x0000000089200000| Untracked 
| 147|0x0000000089300000, 0x0000000089300000, 0x0000000089400000|  0%| F|  |TAMS 0x0000000089300000, 0x0000000089300000| Untracked 
| 148|0x0000000089400000, 0x0000000089400000, 0x0000000089500000|  0%| F|  |TAMS 0x0000000089400000, 0x0000000089400000| Untracked 
| 149|0x0000000089500000, 0x0000000089500000, 0x0000000089600000|  0%| F|  |TAMS 0x0000000089500000, 0x0000000089500000| Untracked 
| 150|0x0000000089600000, 0x0000000089600000, 0x0000000089700000|  0%| F|  |TAMS 0x0000000089600000, 0x0000000089600000| Untracked 
| 151|0x0000000089700000, 0x0000000089700000, 0x0000000089800000|  0%| F|  |TAMS 0x0000000089700000, 0x0000000089700000| Untracked 
| 152|0x0000000089800000, 0x0000000089800000, 0x0000000089900000|  0%| F|  |TAMS 0x0000000089800000, 0x0000000089800000| Untracked 
| 153|0x0000000089900000, 0x0000000089900000, 0x0000000089a00000|  0%| F|  |TAMS 0x0000000089900000, 0x0000000089900000| Untracked 
| 154|0x0000000089a00000, 0x0000000089a00000, 0x0000000089b00000|  0%| F|  |TAMS 0x0000000089a00000, 0x0000000089a00000| Untracked 
| 155|0x0000000089b00000, 0x0000000089b00000, 0x0000000089c00000|  0%| F|  |TAMS 0x0000000089b00000, 0x0000000089b00000| Untracked 
| 156|0x0000000089c00000, 0x0000000089c00000, 0x0000000089d00000|  0%| F|  |TAMS 0x0000000089c00000, 0x0000000089c00000| Untracked 
| 157|0x0000000089d00000, 0x0000000089d00000, 0x0000000089e00000|  0%| F|  |TAMS 0x0000000089d00000, 0x0000000089d00000| Untracked 
| 158|0x0000000089e00000, 0x0000000089e00000, 0x0000000089f00000|  0%| F|  |TAMS 0x0000000089e00000, 0x0000000089e00000| Untracked 
| 159|0x0000000089f00000, 0x0000000089f00000, 0x000000008a000000|  0%| F|  |TAMS 0x0000000089f00000, 0x0000000089f00000| Untracked 
| 160|0x000000008a000000, 0x000000008a000000, 0x000000008a100000|  0%| F|  |TAMS 0x000000008a000000, 0x000000008a000000| Untracked 
| 161|0x000000008a100000, 0x000000008a100000, 0x000000008a200000|  0%| F|  |TAMS 0x000000008a100000, 0x000000008a100000| Untracked 
| 162|0x000000008a200000, 0x000000008a200000, 0x000000008a300000|  0%| F|  |TAMS 0x000000008a200000, 0x000000008a200000| Untracked 
| 163|0x000000008a300000, 0x000000008a300000, 0x000000008a400000|  0%| F|  |TAMS 0x000000008a300000, 0x000000008a300000| Untracked 
| 164|0x000000008a400000, 0x000000008a400000, 0x000000008a500000|  0%| F|  |TAMS 0x000000008a400000, 0x000000008a400000| Untracked 
| 165|0x000000008a500000, 0x000000008a500000, 0x000000008a600000|  0%| F|  |TAMS 0x000000008a500000, 0x000000008a500000| Untracked 
| 166|0x000000008a600000, 0x000000008a600000, 0x000000008a700000|  0%| F|  |TAMS 0x000000008a600000, 0x000000008a600000| Untracked 
| 167|0x000000008a700000, 0x000000008a700000, 0x000000008a800000|  0%| F|  |TAMS 0x000000008a700000, 0x000000008a700000| Untracked 
| 168|0x000000008a800000, 0x000000008a800000, 0x000000008a900000|  0%| F|  |TAMS 0x000000008a800000, 0x000000008a800000| Untracked 
| 169|0x000000008a900000, 0x000000008a900000, 0x000000008aa00000|  0%| F|  |TAMS 0x000000008a900000, 0x000000008a900000| Untracked 
| 170|0x000000008aa00000, 0x000000008aa00000, 0x000000008ab00000|  0%| F|  |TAMS 0x000000008aa00000, 0x000000008aa00000| Untracked 
| 171|0x000000008ab00000, 0x000000008ab00000, 0x000000008ac00000|  0%| F|  |TAMS 0x000000008ab00000, 0x000000008ab00000| Untracked 
| 172|0x000000008ac00000, 0x000000008ac00000, 0x000000008ad00000|  0%| F|  |TAMS 0x000000008ac00000, 0x000000008ac00000| Untracked 
| 173|0x000000008ad00000, 0x000000008ad00000, 0x000000008ae00000|  0%| F|  |TAMS 0x000000008ad00000, 0x000000008ad00000| Untracked 
| 174|0x000000008ae00000, 0x000000008ae00000, 0x000000008af00000|  0%| F|  |TAMS 0x000000008ae00000, 0x000000008ae00000| Untracked 
| 175|0x000000008af00000, 0x000000008af00000, 0x000000008b000000|  0%| F|  |TAMS 0x000000008af00000, 0x000000008af00000| Untracked 
| 176|0x000000008b000000, 0x000000008b000000, 0x000000008b100000|  0%| F|  |TAMS 0x000000008b000000, 0x000000008b000000| Untracked 
| 177|0x000000008b100000, 0x000000008b100000, 0x000000008b200000|  0%| F|  |TAMS 0x000000008b100000, 0x000000008b100000| Untracked 
| 178|0x000000008b200000, 0x000000008b200000, 0x000000008b300000|  0%| F|  |TAMS 0x000000008b200000, 0x000000008b200000| Untracked 
| 179|0x000000008b300000, 0x000000008b300000, 0x000000008b400000|  0%| F|  |TAMS 0x000000008b300000, 0x000000008b300000| Untracked 
| 180|0x000000008b400000, 0x000000008b400000, 0x000000008b500000|  0%| F|  |TAMS 0x000000008b400000, 0x000000008b400000| Untracked 
| 181|0x000000008b500000, 0x000000008b500000, 0x000000008b600000|  0%| F|  |TAMS 0x000000008b500000, 0x000000008b500000| Untracked 
| 182|0x000000008b600000, 0x000000008b600000, 0x000000008b700000|  0%| F|  |TAMS 0x000000008b600000, 0x000000008b600000| Untracked 
| 183|0x000000008b700000, 0x000000008b700000, 0x000000008b800000|  0%| F|  |TAMS 0x000000008b700000, 0x000000008b700000| Untracked 
| 184|0x000000008b800000, 0x000000008b800000, 0x000000008b900000|  0%| F|  |TAMS 0x000000008b800000, 0x000000008b800000| Untracked 
| 185|0x000000008b900000, 0x000000008b900000, 0x000000008ba00000|  0%| F|  |TAMS 0x000000008b900000, 0x000000008b900000| Untracked 
| 186|0x000000008ba00000, 0x000000008ba00000, 0x000000008bb00000|  0%| F|  |TAMS 0x000000008ba00000, 0x000000008ba00000| Untracked 
| 187|0x000000008bb00000, 0x000000008bb00000, 0x000000008bc00000|  0%| F|  |TAMS 0x000000008bb00000, 0x000000008bb00000| Untracked 
| 188|0x000000008bc00000, 0x000000008bc00000, 0x000000008bd00000|  0%| F|  |TAMS 0x000000008bc00000, 0x000000008bc00000| Untracked 
| 189|0x000000008bd00000, 0x000000008bd00000, 0x000000008be00000|  0%| F|  |TAMS 0x000000008bd00000, 0x000000008bd00000| Untracked 
| 190|0x000000008be00000, 0x000000008be00000, 0x000000008bf00000|  0%| F|  |TAMS 0x000000008be00000, 0x000000008be00000| Untracked 
| 191|0x000000008bf00000, 0x000000008bf00000, 0x000000008c000000|  0%| F|  |TAMS 0x000000008bf00000, 0x000000008bf00000| Untracked 
| 192|0x000000008c000000, 0x000000008c000000, 0x000000008c100000|  0%| F|  |TAMS 0x000000008c000000, 0x000000008c000000| Untracked 
| 193|0x000000008c100000, 0x000000008c100000, 0x000000008c200000|  0%| F|  |TAMS 0x000000008c100000, 0x000000008c100000| Untracked 
| 194|0x000000008c200000, 0x000000008c200000, 0x000000008c300000|  0%| F|  |TAMS 0x000000008c200000, 0x000000008c200000| Untracked 
| 195|0x000000008c300000, 0x000000008c300000, 0x000000008c400000|  0%| F|  |TAMS 0x000000008c300000, 0x000000008c300000| Untracked 
| 196|0x000000008c400000, 0x000000008c400000, 0x000000008c500000|  0%| F|  |TAMS 0x000000008c400000, 0x000000008c400000| Untracked 
| 197|0x000000008c500000, 0x000000008c500000, 0x000000008c600000|  0%| F|  |TAMS 0x000000008c500000, 0x000000008c500000| Untracked 
| 198|0x000000008c600000, 0x000000008c600000, 0x000000008c700000|  0%| F|  |TAMS 0x000000008c600000, 0x000000008c600000| Untracked 
| 199|0x000000008c700000, 0x000000008c700000, 0x000000008c800000|  0%| F|  |TAMS 0x000000008c700000, 0x000000008c700000| Untracked 
| 200|0x000000008c800000, 0x000000008c800000, 0x000000008c900000|  0%| F|  |TAMS 0x000000008c800000, 0x000000008c800000| Untracked 
| 201|0x000000008c900000, 0x000000008c900000, 0x000000008ca00000|  0%| F|  |TAMS 0x000000008c900000, 0x000000008c900000| Untracked 
| 202|0x000000008ca00000, 0x000000008ca00000, 0x000000008cb00000|  0%| F|  |TAMS 0x000000008ca00000, 0x000000008ca00000| Untracked 
| 203|0x000000008cb00000, 0x000000008cb00000, 0x000000008cc00000|  0%| F|  |TAMS 0x000000008cb00000, 0x000000008cb00000| Untracked 
| 204|0x000000008cc00000, 0x000000008cc00000, 0x000000008cd00000|  0%| F|  |TAMS 0x000000008cc00000, 0x000000008cc00000| Untracked 
| 205|0x000000008cd00000, 0x000000008cd00000, 0x000000008ce00000|  0%| F|  |TAMS 0x000000008cd00000, 0x000000008cd00000| Untracked 
| 206|0x000000008ce00000, 0x000000008ce00000, 0x000000008cf00000|  0%| F|  |TAMS 0x000000008ce00000, 0x000000008ce00000| Untracked 
| 207|0x000000008cf00000, 0x000000008cf00000, 0x000000008d000000|  0%| F|  |TAMS 0x000000008cf00000, 0x000000008cf00000| Untracked 
| 208|0x000000008d000000, 0x000000008d000000, 0x000000008d100000|  0%| F|  |TAMS 0x000000008d000000, 0x000000008d000000| Untracked 
| 209|0x000000008d100000, 0x000000008d100000, 0x000000008d200000|  0%| F|  |TAMS 0x000000008d100000, 0x000000008d100000| Untracked 
| 210|0x000000008d200000, 0x000000008d200000, 0x000000008d300000|  0%| F|  |TAMS 0x000000008d200000, 0x000000008d200000| Untracked 
| 211|0x000000008d300000, 0x000000008d300000, 0x000000008d400000|  0%| F|  |TAMS 0x000000008d300000, 0x000000008d300000| Untracked 
| 212|0x000000008d400000, 0x000000008d400000, 0x000000008d500000|  0%| F|  |TAMS 0x000000008d400000, 0x000000008d400000| Untracked 
| 213|0x000000008d500000, 0x000000008d500000, 0x000000008d600000|  0%| F|  |TAMS 0x000000008d500000, 0x000000008d500000| Untracked 
| 214|0x000000008d600000, 0x000000008d600000, 0x000000008d700000|  0%| F|  |TAMS 0x000000008d600000, 0x000000008d600000| Untracked 
| 215|0x000000008d700000, 0x000000008d700000, 0x000000008d800000|  0%| F|  |TAMS 0x000000008d700000, 0x000000008d700000| Untracked 
| 216|0x000000008d800000, 0x000000008d800000, 0x000000008d900000|  0%| F|  |TAMS 0x000000008d800000, 0x000000008d800000| Untracked 
| 217|0x000000008d900000, 0x000000008d900000, 0x000000008da00000|  0%| F|  |TAMS 0x000000008d900000, 0x000000008d900000| Untracked 
| 218|0x000000008da00000, 0x000000008da00000, 0x000000008db00000|  0%| F|  |TAMS 0x000000008da00000, 0x000000008da00000| Untracked 
| 219|0x000000008db00000, 0x000000008db00000, 0x000000008dc00000|  0%| F|  |TAMS 0x000000008db00000, 0x000000008db00000| Untracked 
| 220|0x000000008dc00000, 0x000000008dc00000, 0x000000008dd00000|  0%| F|  |TAMS 0x000000008dc00000, 0x000000008dc00000| Untracked 
| 221|0x000000008dd00000, 0x000000008dd00000, 0x000000008de00000|  0%| F|  |TAMS 0x000000008dd00000, 0x000000008dd00000| Untracked 
| 222|0x000000008de00000, 0x000000008de00000, 0x000000008df00000|  0%| F|  |TAMS 0x000000008de00000, 0x000000008de00000| Untracked 
| 223|0x000000008df00000, 0x000000008df00000, 0x000000008e000000|  0%| F|  |TAMS 0x000000008df00000, 0x000000008df00000| Untracked 
| 224|0x000000008e000000, 0x000000008e000000, 0x000000008e100000|  0%| F|  |TAMS 0x000000008e000000, 0x000000008e000000| Untracked 
| 225|0x000000008e100000, 0x000000008e100000, 0x000000008e200000|  0%| F|  |TAMS 0x000000008e100000, 0x000000008e100000| Untracked 
| 226|0x000000008e200000, 0x000000008e200000, 0x000000008e300000|  0%| F|  |TAMS 0x000000008e200000, 0x000000008e200000| Untracked 
| 227|0x000000008e300000, 0x000000008e300000, 0x000000008e400000|  0%| F|  |TAMS 0x000000008e300000, 0x000000008e300000| Untracked 
| 228|0x000000008e400000, 0x000000008e400000, 0x000000008e500000|  0%| F|  |TAMS 0x000000008e400000, 0x000000008e400000| Untracked 
| 229|0x000000008e500000, 0x000000008e500000, 0x000000008e600000|  0%| F|  |TAMS 0x000000008e500000, 0x000000008e500000| Untracked 
| 230|0x000000008e600000, 0x000000008e600000, 0x000000008e700000|  0%| F|  |TAMS 0x000000008e600000, 0x000000008e600000| Untracked 
| 231|0x000000008e700000, 0x000000008e700000, 0x000000008e800000|  0%| F|  |TAMS 0x000000008e700000, 0x000000008e700000| Untracked 
| 232|0x000000008e800000, 0x000000008e800000, 0x000000008e900000|  0%| F|  |TAMS 0x000000008e800000, 0x000000008e800000| Untracked 
| 233|0x000000008e900000, 0x000000008e900000, 0x000000008ea00000|  0%| F|  |TAMS 0x000000008e900000, 0x000000008e900000| Untracked 
| 234|0x000000008ea00000, 0x000000008ea00000, 0x000000008eb00000|  0%| F|  |TAMS 0x000000008ea00000, 0x000000008ea00000| Untracked 
| 235|0x000000008eb00000, 0x000000008eb00000, 0x000000008ec00000|  0%| F|  |TAMS 0x000000008eb00000, 0x000000008eb00000| Untracked 
| 236|0x000000008ec00000, 0x000000008ec00000, 0x000000008ed00000|  0%| F|  |TAMS 0x000000008ec00000, 0x000000008ec00000| Untracked 
| 237|0x000000008ed00000, 0x000000008ed00000, 0x000000008ee00000|  0%| F|  |TAMS 0x000000008ed00000, 0x000000008ed00000| Untracked 
| 238|0x000000008ee00000, 0x000000008ee00000, 0x000000008ef00000|  0%| F|  |TAMS 0x000000008ee00000, 0x000000008ee00000| Untracked 
| 239|0x000000008ef00000, 0x000000008ef00000, 0x000000008f000000|  0%| F|  |TAMS 0x000000008ef00000, 0x000000008ef00000| Untracked 
| 240|0x000000008f000000, 0x000000008f000000, 0x000000008f100000|  0%| F|  |TAMS 0x000000008f000000, 0x000000008f000000| Untracked 
| 241|0x000000008f100000, 0x000000008f100000, 0x000000008f200000|  0%| F|  |TAMS 0x000000008f100000, 0x000000008f100000| Untracked 
| 242|0x000000008f200000, 0x000000008f21f110, 0x000000008f300000| 12%| E|  |TAMS 0x000000008f200000, 0x000000008f200000| Complete 
| 243|0x000000008f300000, 0x000000008f400000, 0x000000008f400000|100%| E|CS|TAMS 0x000000008f300000, 0x000000008f300000| Complete 
| 244|0x000000008f400000, 0x000000008f500000, 0x000000008f500000|100%| E|CS|TAMS 0x000000008f400000, 0x000000008f400000| Complete 
| 245|0x000000008f500000, 0x000000008f600000, 0x000000008f600000|100%| E|CS|TAMS 0x000000008f500000, 0x000000008f500000| Complete 
| 246|0x000000008f600000, 0x000000008f700000, 0x000000008f700000|100%| E|CS|TAMS 0x000000008f600000, 0x000000008f600000| Complete 
| 247|0x000000008f700000, 0x000000008f800000, 0x000000008f800000|100%| E|CS|TAMS 0x000000008f700000, 0x000000008f700000| Complete 
| 248|0x000000008f800000, 0x000000008f900000, 0x000000008f900000|100%| E|CS|TAMS 0x000000008f800000, 0x000000008f800000| Complete 
| 249|0x000000008f900000, 0x000000008fa00000, 0x000000008fa00000|100%| E|CS|TAMS 0x000000008f900000, 0x000000008f900000| Complete 
| 250|0x000000008fa00000, 0x000000008fb00000, 0x000000008fb00000|100%| E|  |TAMS 0x000000008fa00000, 0x000000008fa00000| Complete 
| 251|0x000000008fb00000, 0x000000008fc00000, 0x000000008fc00000|100%| E|CS|TAMS 0x000000008fb00000, 0x000000008fb00000| Complete 
| 252|0x000000008fc00000, 0x000000008fd00000, 0x000000008fd00000|100%| E|CS|TAMS 0x000000008fc00000, 0x000000008fc00000| Complete 
| 253|0x000000008fd00000, 0x000000008fd80000, 0x000000008fe00000| 50%| S|CS|TAMS 0x000000008fd00000, 0x000000008fd00000| Complete 
| 254|0x000000008fe00000, 0x000000008ff00000, 0x000000008ff00000|100%| S|CS|TAMS 0x000000008fe00000, 0x000000008fe00000| Complete 
| 255|0x000000008ff00000, 0x0000000090000000, 0x0000000090000000|100%| E|CS|TAMS 0x000000008ff00000, 0x000000008ff00000| Complete 
| 256|0x0000000090000000, 0x0000000090100000, 0x0000000090100000|100%| O|  |TAMS 0x0000000090000000, 0x0000000090100000| Untracked 
| 257|0x0000000090100000, 0x0000000090200000, 0x0000000090200000|100%| O|  |TAMS 0x0000000090100000, 0x0000000090200000| Untracked 
| 258|0x0000000090200000, 0x0000000090300000, 0x0000000090300000|100%| O|  |TAMS 0x0000000090200000, 0x0000000090300000| Untracked 
| 259|0x0000000090300000, 0x0000000090400000, 0x0000000090400000|100%| O|  |TAMS 0x0000000090300000, 0x0000000090400000| Untracked 
| 260|0x0000000090400000, 0x0000000090500000, 0x0000000090500000|100%| O|  |TAMS 0x0000000090400000, 0x0000000090500000| Untracked 
| 261|0x0000000090500000, 0x0000000090600000, 0x0000000090600000|100%| O|  |TAMS 0x0000000090500000, 0x0000000090600000| Untracked 
| 262|0x0000000090600000, 0x0000000090700000, 0x0000000090700000|100%| O|  |TAMS 0x0000000090600000, 0x0000000090700000| Untracked 

Card table byte_map: [0x000001b840bd0000,0x000001b840fd0000] _byte_map_base: 0x000001b8407d0000

Marking Bits (Prev, Next): (CMBitMap*) 0x000001b82d701c38, (CMBitMap*) 0x000001b82d701c70
 Prev Bits: [0x000001b8413d0000, 0x000001b8433d0000)
 Next Bits: [0x000001b8433d0000, 0x000001b8453d0000)

Polling page: 0x000001b831180000

Metaspace:

Usage:
  Non-class:     82.61 MB capacity,    81.26 MB ( 98%) used,     1.09 MB (  1%) free+waste,   265.69 KB ( <1%) overhead. 
      Class:     12.97 MB capacity,    12.15 MB ( 94%) used,   721.52 KB (  5%) free+waste,   119.25 KB ( <1%) overhead. 
       Both:     95.58 MB capacity,    93.41 MB ( 98%) used,     1.80 MB (  2%) free+waste,   384.94 KB ( <1%) overhead. 

Virtual space:
  Non-class space:       84.00 MB reserved,      82.75 MB ( 99%) committed 
      Class space:        1.00 GB reserved,      13.07 MB (  1%) committed 
             Both:        1.08 GB reserved,      95.82 MB (  9%) committed 

Chunk freelists:
   Non-Class:  14.00 KB
       Class:  0 bytes
        Both:  14.00 KB

MaxMetaspaceSize: 17179869184.00 GB
CompressedClassSpaceSize: 1.00 GB

CodeHeap 'non-profiled nmethods': size=120064Kb used=7279Kb max_used=7279Kb free=112784Kb
 bounds [0x000001b838c60000, 0x000001b839380000, 0x000001b8401a0000]
CodeHeap 'profiled nmethods': size=120000Kb used=25311Kb max_used=25311Kb free=94688Kb
 bounds [0x000001b831730000, 0x000001b832ff0000, 0x000001b838c60000]
CodeHeap 'non-nmethods': size=5696Kb used=2305Kb max_used=2354Kb free=3390Kb
 bounds [0x000001b8311a0000, 0x000001b831410000, 0x000001b831730000]
 total_blobs=12384 nmethods=11474 adapters=821
 compilation: enabled
              stopped_count=0, restarted_count=0
 full_count=0

Compilation events (20 events):
Event: 35.135 Thread 0x000001b8482eb000 11530       2       com.android.tools.r8.code.G2::<init> (13 bytes)
Event: 35.136 Thread 0x000001b8482eb000 nmethod 11530 0x000001b832fe4590 code [0x000001b832fe4740, 0x000001b832fe4868]
Event: 35.136 Thread 0x000001b8482eb000 11531       2       com.android.tools.r8.code.i1::<init> (7 bytes)
Event: 35.136 Thread 0x000001b8482eb000 nmethod 11531 0x000001b832fe4990 code [0x000001b832fe4b60, 0x000001b832fe4d28]
Event: 35.136 Thread 0x000001b8482eb000 11533       2       com.android.tools.r8.code.h2::<init> (7 bytes)
Event: 35.136 Thread 0x000001b8482eb000 nmethod 11533 0x000001b832fe4e90 code [0x000001b832fe5040, 0x000001b832fe5198]
Event: 35.136 Thread 0x000001b8482eb000 11536       2       com.android.tools.r8.code.B::<init> (7 bytes)
Event: 35.136 Thread 0x000001b8482eb000 nmethod 11536 0x000001b832fe5290 code [0x000001b832fe5460, 0x000001b832fe5698]
Event: 35.137 Thread 0x000001b8482eb000 11535       2       com.android.tools.r8.code.o::<init> (7 bytes)
Event: 35.137 Thread 0x000001b8482eb000 nmethod 11535 0x000001b832fe5890 code [0x000001b832fe5a60, 0x000001b832fe5c98]
Event: 35.137 Thread 0x000001b8482eb000 11529       2       com.android.tools.r8.code.h1::<init> (7 bytes)
Event: 35.137 Thread 0x000001b8482eb000 nmethod 11529 0x000001b832fe5e90 code [0x000001b832fe6060, 0x000001b832fe6228]
Event: 35.137 Thread 0x000001b8482eb000 11532       2       com.android.tools.r8.code.o2::<init> (7 bytes)
Event: 35.137 Thread 0x000001b8482eb000 nmethod 11532 0x000001b832fe6390 code [0x000001b832fe6540, 0x000001b832fe6698]
Event: 35.138 Thread 0x000001b8482eb000 11560       2       com.android.tools.r8.code.e::<init> (7 bytes)
Event: 35.138 Thread 0x000001b8482eb000 nmethod 11560 0x000001b832fe6790 code [0x000001b832fe6940, 0x000001b832fe6a98]
Event: 35.152 Thread 0x000001b8482eb000 11561       2       com.android.tools.r8.code.O3::<init> (7 bytes)
Event: 35.153 Thread 0x000001b8482eb000 nmethod 11561 0x000001b832fe6b90 code [0x000001b832fe6d40, 0x000001b832fe6e98]
Event: 35.167 Thread 0x000001b8482eb000 11563       2       com.android.tools.r8.internal.pr::a (141 bytes)
Event: 35.169 Thread 0x000001b8482eb000 nmethod 11563 0x000001b832fe6f90 code [0x000001b832fe71e0, 0x000001b832fe7988]

GC Heap History (20 events):
Event: 14.395 GC heap before
{Heap before GC invocations=9 (full 0):
 garbage-first heap   total 262144K, used 147103K [0x0000000080000000, 0x0000000100000000)
  region size 1024K, 125 young (128000K), 6 survivors (6144K)
 Metaspace       used 44780K, capacity 45907K, committed 46208K, reserved 1089536K
  class space    used 5760K, capacity 6146K, committed 6272K, reserved 1048576K
}
Event: 14.417 GC heap after
{Heap after GC invocations=10 (full 0):
 garbage-first heap   total 262144K, used 28697K [0x0000000080000000, 0x0000000100000000)
  region size 1024K, 12 young (12288K), 12 survivors (12288K)
 Metaspace       used 44780K, capacity 45907K, committed 46208K, reserved 1089536K
  class space    used 5760K, capacity 6146K, committed 6272K, reserved 1048576K
}
Event: 18.616 GC heap before
{Heap before GC invocations=10 (full 0):
 garbage-first heap   total 262144K, used 168985K [0x0000000080000000, 0x0000000100000000)
  region size 1024K, 141 young (144384K), 12 survivors (12288K)
 Metaspace       used 57338K, capacity 58768K, committed 59008K, reserved 1099776K
  class space    used 7212K, capacity 7717K, committed 7808K, reserved 1048576K
}
Event: 18.647 GC heap after
{Heap after GC invocations=11 (full 0):
 garbage-first heap   total 262144K, used 48795K [0x0000000080000000, 0x0000000100000000)
  region size 1024K, 18 young (18432K), 18 survivors (18432K)
 Metaspace       used 57338K, capacity 58768K, committed 59008K, reserved 1099776K
  class space    used 7212K, capacity 7717K, committed 7808K, reserved 1048576K
}
Event: 19.153 GC heap before
{Heap before GC invocations=11 (full 0):
 garbage-first heap   total 262144K, used 54939K [0x0000000080000000, 0x0000000100000000)
  region size 1024K, 25 young (25600K), 18 survivors (18432K)
 Metaspace       used 58664K, capacity 60132K, committed 60160K, reserved 1101824K
  class space    used 7397K, capacity 7919K, committed 7936K, reserved 1048576K
}
Event: 19.187 GC heap after
{Heap after GC invocations=12 (full 0):
 garbage-first heap   total 262144K, used 51200K [0x0000000080000000, 0x0000000100000000)
  region size 1024K, 2 young (2048K), 2 survivors (2048K)
 Metaspace       used 58664K, capacity 60132K, committed 60160K, reserved 1101824K
  class space    used 7397K, capacity 7919K, committed 7936K, reserved 1048576K
}
Event: 21.893 GC heap before
{Heap before GC invocations=13 (full 0):
 garbage-first heap   total 262144K, used 141312K [0x0000000080000000, 0x0000000100000000)
  region size 1024K, 90 young (92160K), 2 survivors (2048K)
 Metaspace       used 66624K, capacity 68185K, committed 68428K, reserved 1107968K
  class space    used 8413K, capacity 8986K, committed 9036K, reserved 1048576K
}
Event: 21.911 GC heap after
{Heap after GC invocations=14 (full 0):
 garbage-first heap   total 262144K, used 56518K [0x0000000080000000, 0x0000000100000000)
  region size 1024K, 8 young (8192K), 8 survivors (8192K)
 Metaspace       used 66624K, capacity 68185K, committed 68428K, reserved 1107968K
  class space    used 8413K, capacity 8986K, committed 9036K, reserved 1048576K
}
Event: 24.842 GC heap before
{Heap before GC invocations=15 (full 0):
 garbage-first heap   total 262144K, used 153798K [0x0000000080000000, 0x0000000100000000)
  region size 1024K, 103 young (105472K), 8 survivors (8192K)
 Metaspace       used 75433K, capacity 77189K, committed 77260K, reserved 1116160K
  class space    used 9718K, capacity 10398K, committed 10444K, reserved 1048576K
}
Event: 24.870 GC heap after
{Heap after GC invocations=16 (full 0):
 garbage-first heap   total 262144K, used 63368K [0x0000000080000000, 0x0000000100000000)
  region size 1024K, 13 young (13312K), 13 survivors (13312K)
 Metaspace       used 75433K, capacity 77189K, committed 77260K, reserved 1116160K
  class space    used 9718K, capacity 10398K, committed 10444K, reserved 1048576K
}
Event: 28.022 GC heap before
{Heap before GC invocations=16 (full 0):
 garbage-first heap   total 262144K, used 164744K [0x0000000080000000, 0x0000000100000000)
  region size 1024K, 113 young (115712K), 13 survivors (13312K)
 Metaspace       used 84613K, capacity 86666K, committed 86732K, reserved 1124352K
  class space    used 10912K, capacity 11673K, committed 11724K, reserved 1048576K
}
Event: 28.055 GC heap after
{Heap after GC invocations=17 (full 0):
 garbage-first heap   total 262144K, used 71954K [0x0000000080000000, 0x0000000100000000)
  region size 1024K, 15 young (15360K), 15 survivors (15360K)
 Metaspace       used 84613K, capacity 86666K, committed 86732K, reserved 1124352K
  class space    used 10912K, capacity 11673K, committed 11724K, reserved 1048576K
}
Event: 30.532 GC heap before
{Heap before GC invocations=17 (full 0):
 garbage-first heap   total 262144K, used 173330K [0x0000000080000000, 0x0000000100000000)
  region size 1024K, 115 young (117760K), 15 survivors (15360K)
 Metaspace       used 85895K, capacity 87959K, committed 88140K, reserved 1126400K
  class space    used 11002K, capacity 11789K, committed 11852K, reserved 1048576K
}
Event: 30.571 GC heap after
{Heap after GC invocations=18 (full 0):
 garbage-first heap   total 262144K, used 79612K [0x0000000080000000, 0x0000000100000000)
  region size 1024K, 8 young (8192K), 8 survivors (8192K)
 Metaspace       used 85895K, capacity 87959K, committed 88140K, reserved 1126400K
  class space    used 11002K, capacity 11789K, committed 11852K, reserved 1048576K
}
Event: 32.202 GC heap before
{Heap before GC invocations=18 (full 0):
 garbage-first heap   total 262144K, used 182012K [0x0000000080000000, 0x0000000100000000)
  region size 1024K, 109 young (111616K), 8 survivors (8192K)
 Metaspace       used 89772K, capacity 91906K, committed 92236K, reserved 1128448K
  class space    used 11496K, capacity 12267K, committed 12364K, reserved 1048576K
}
Event: 32.220 GC heap after
{Heap after GC invocations=19 (full 0):
 garbage-first heap   total 262144K, used 82989K [0x0000000080000000, 0x0000000100000000)
  region size 1024K, 11 young (11264K), 11 survivors (11264K)
 Metaspace       used 89772K, capacity 91906K, committed 92236K, reserved 1128448K
  class space    used 11496K, capacity 12267K, committed 12364K, reserved 1048576K
}
Event: 34.642 GC heap before
{Heap before GC invocations=19 (full 0):
 garbage-first heap   total 262144K, used 218157K [0x0000000080000000, 0x0000000100000000)
  region size 1024K, 115 young (117760K), 11 survivors (11264K)
 Metaspace       used 95610K, capacity 97867K, committed 98124K, reserved 1134592K
  class space    used 12438K, capacity 13279K, committed 13388K, reserved 1048576K
}
Event: 34.735 GC heap after
{Heap after GC invocations=20 (full 0):
 garbage-first heap   total 269312K, used 141465K [0x0000000080000000, 0x0000000100000000)
  region size 1024K, 15 young (15360K), 15 survivors (15360K)
 Metaspace       used 95610K, capacity 97867K, committed 98124K, reserved 1134592K
  class space    used 12438K, capacity 13279K, committed 13388K, reserved 1048576K
}
Event: 34.809 GC heap before
{Heap before GC invocations=20 (full 0):
 garbage-first heap   total 269312K, used 142489K [0x0000000080000000, 0x0000000100000000)
  region size 1024K, 16 young (16384K), 15 survivors (15360K)
 Metaspace       used 95634K, capacity 97867K, committed 98124K, reserved 1134592K
  class space    used 12438K, capacity 13279K, committed 13388K, reserved 1048576K
}
Event: 34.887 GC heap after
{Heap after GC invocations=21 (full 0):
 garbage-first heap   total 269312K, used 143872K [0x0000000080000000, 0x0000000100000000)
  region size 1024K, 2 young (2048K), 2 survivors (2048K)
 Metaspace       used 95634K, capacity 97867K, committed 98124K, reserved 1134592K
  class space    used 12438K, capacity 13279K, committed 13388K, reserved 1048576K
}

Deoptimization events (20 events):
Event: 35.066 Thread 0x000001b84e44c800 DEOPT PACKING pc=0x000001b832ebee5d sp=0x000000267e0fefe0
Event: 35.066 Thread 0x000001b84e44c800 DEOPT UNPACKING pc=0x000001b8311c76ce sp=0x000000267e0fe608 mode 0
Event: 35.080 Thread 0x000001b84e44c800 DEOPT PACKING pc=0x000001b832ebee5d sp=0x000000267e0fefc0
Event: 35.080 Thread 0x000001b84e44c800 DEOPT UNPACKING pc=0x000001b8311c76ce sp=0x000000267e0fe5e8 mode 0
Event: 35.090 Thread 0x000001b84e443800 DEOPT PACKING pc=0x000001b832ebee5d sp=0x000000267defec40
Event: 35.090 Thread 0x000001b84e443800 DEOPT UNPACKING pc=0x000001b8311c76ce sp=0x000000267defe268 mode 0
Event: 35.099 Thread 0x000001b84e443800 DEOPT PACKING pc=0x000001b832ebee5d sp=0x000000267defec20
Event: 35.099 Thread 0x000001b84e443800 DEOPT UNPACKING pc=0x000001b8311c76ce sp=0x000000267defe248 mode 0
Event: 35.139 Thread 0x000001b84e444800 DEOPT PACKING pc=0x000001b832ebee5d sp=0x000000267ddfe840
Event: 35.139 Thread 0x000001b84e444800 DEOPT UNPACKING pc=0x000001b8311c76ce sp=0x000000267ddfde68 mode 0
Event: 35.146 Thread 0x000001b84e444800 DEOPT PACKING pc=0x000001b832ebee5d sp=0x000000267ddfe840
Event: 35.146 Thread 0x000001b84e444800 DEOPT UNPACKING pc=0x000001b8311c76ce sp=0x000000267ddfde68 mode 0
Event: 35.152 Thread 0x000001b84e444800 DEOPT PACKING pc=0x000001b832ebee5d sp=0x000000267ddfe840
Event: 35.152 Thread 0x000001b84e444800 DEOPT UNPACKING pc=0x000001b8311c76ce sp=0x000000267ddfde68 mode 0
Event: 35.158 Thread 0x000001b84e444800 DEOPT PACKING pc=0x000001b832ebee5d sp=0x000000267ddfe820
Event: 35.158 Thread 0x000001b84e444800 DEOPT UNPACKING pc=0x000001b8311c76ce sp=0x000000267ddfde48 mode 0
Event: 35.158 Thread 0x000001b84e444800 DEOPT PACKING pc=0x000001b832fd9b1f sp=0x000000267ddfe040
Event: 35.158 Thread 0x000001b84e444800 DEOPT UNPACKING pc=0x000001b8311c76ce sp=0x000000267ddfdc80 mode 0
Event: 35.170 Thread 0x000001b84e444800 DEOPT PACKING pc=0x000001b832ebee5d sp=0x000000267ddfe820
Event: 35.170 Thread 0x000001b84e444800 DEOPT UNPACKING pc=0x000001b8311c76ce sp=0x000000267ddfde48 mode 0

Classes redefined (0 events):
No events

Internal exceptions (20 events):
Event: 30.637 Thread 0x000001b84ac8a000 Exception <a 'java/lang/NoSuchMethodError'{0x000000008fdecd88}: <clinit>> (0x000000008fdecd88) thrown at [./src/hotspot/share/prims/jni.cpp, line 1362]
Event: 30.642 Thread 0x000001b84ac8a000 Exception <a 'java/lang/NoSuchMethodError'{0x000000008fc38108}: <clinit>> (0x000000008fc38108) thrown at [./src/hotspot/share/prims/jni.cpp, line 1362]
Event: 30.654 Thread 0x000001b84ac8a000 Exception <a 'java/lang/NoSuchMethodError'{0x000000008fc72610}: <clinit>> (0x000000008fc72610) thrown at [./src/hotspot/share/prims/jni.cpp, line 1362]
Event: 30.655 Thread 0x000001b84ac8a000 Exception <a 'java/lang/NoSuchMethodError'{0x000000008fcc6810}: <clinit>> (0x000000008fcc6810) thrown at [./src/hotspot/share/prims/jni.cpp, line 1362]
Event: 32.537 Thread 0x000001b84e442800 Exception <a 'sun/nio/fs/WindowsException'{0x000000008f43ae40}> (0x000000008f43ae40) thrown at [./src/hotspot/share/prims/jni.cpp, line 615]
Event: 32.812 Thread 0x000001b84e716000 Exception <a 'java/lang/NoSuchMethodError'{0x000000008ee49120}: 'void java.lang.invoke.DirectMethodHandle$Holder.invokeStatic(java.lang.Object, long)'> (0x000000008ee49120) thrown at [./src/hotspot/share/interpreter/linkResolver.cpp, line 773]
Event: 32.813 Thread 0x000001b84e716000 Exception <a 'java/lang/NoSuchMethodError'{0x000000008ee4e338}: 'java.lang.Object java.lang.invoke.DirectMethodHandle$Holder.invokeStatic(java.lang.Object, long)'> (0x000000008ee4e338) thrown at [./src/hotspot/share/interpreter/linkResolver.cpp, line 773]
Event: 32.815 Thread 0x000001b84e716000 Exception <a 'java/lang/NoSuchMethodError'{0x000000008ee5c6a0}: 'java.lang.Object java.lang.invoke.DirectMethodHandle$Holder.invokeStaticInit(java.lang.Object, java.lang.Object, long, java.lang.Object)'> (0x000000008ee5c6a0) thrown at [./src/hotspot/share/interpreter/linkResolver.cpp, line 773]
Event: 32.816 Thread 0x000001b84e716000 Exception <a 'java/lang/NoSuchMethodError'{0x000000008ee62838}: 'java.lang.Object java.lang.invoke.DirectMethodHandle$Holder.invokeStatic(java.lang.Object, java.lang.Object, long)'> (0x000000008ee62838) thrown at [./src/hotspot/share/interpreter/linkResolver.cpp, line 773]
Event: 32.816 Thread 0x000001b84e716000 Exception <a 'java/lang/NoSuchMethodError'{0x000000008ee68db0}: 'java.lang.Object java.lang.invoke.Invokers$Holder.linkToTargetMethod(java.lang.Object, long, java.lang.Object)'> (0x000000008ee68db0) thrown at [./src/hotspot/share/interpreter/linkResolver.cpp, line 773]
Event: 32.926 Thread 0x000001b84e442800 Exception <a 'java/lang/NoSuchMethodError'{0x000000008eac9910}: 'java.lang.Object java.lang.invoke.DirectMethodHandle$Holder.invokeStatic(java.lang.Object, java.lang.Object, java.lang.Object, java.lang.Object, java.lang.Object, java.lang.Object, java.lang.Object, java.lang.Object, java.lang.Object, java.lang.Object, java.lang.Object, java.lang.Object, java.lang.Object, java.lang.Object, java.lang.Object, java.lang.Object, java.lang.Object, java.lang.Object, int, java.lang.Object)'> (0x000000008eac9910) thr
Event: 32.934 Thread 0x000001b84e442800 Exception <a 'java/lang/NoSuchMethodError'{0x000000008eacf1a0}: 'java.lang.Object java.lang.invoke.DirectMethodHandle$Holder.invokeStaticInit(java.lang.Object, java.lang.Object, java.lang.Object, java.lang.Object, java.lang.Object, java.lang.Object, java.lang.Object, java.lang.Object, java.lang.Object, java.lang.Object, java.lang.Object, java.lang.Object, java.lang.Object, java.lang.Object, java.lang.Object, java.lang.Object, java.lang.Object, java.lang.Object, int, java.lang.Object)'> (0x000000008eacf1a0)
Event: 33.430 Thread 0x000001b84e716000 Exception <a 'java/lang/NoSuchMethodError'{0x000000008ca89b40}: 'int java.lang.invoke.DirectMethodHandle$Holder.invokeSpecialIFC(java.lang.Object, java.lang.Object, java.lang.Object)'> (0x000000008ca89b40) thrown at [./src/hotspot/share/interpreter/linkResolver.cpp, line 773]
Event: 33.933 Thread 0x000001b84e441000 Exception <a 'java/lang/NoSuchMethodError'{0x000000008b7fdb08}: 'java.lang.Object java.lang.invoke.DirectMethodHandle$Holder.newInvokeSpecial(java.lang.Object, int)'> (0x000000008b7fdb08) thrown at [./src/hotspot/share/interpreter/linkResolver.cpp, line 773]
Event: 34.100 Thread 0x000001b84e444800 Exception <a 'java/lang/IncompatibleClassChangeError'{0x000000008b7b6c68}: Found class java.lang.Object, but interface was expected> (0x000000008b7b6c68) thrown at [./src/hotspot/share/interpreter/linkResolver.cpp, line 839]
Event: 34.100 Thread 0x000001b84e441000 Exception <a 'java/lang/IncompatibleClassChangeError'{0x000000008b608858}: Found class java.lang.Object, but interface was expected> (0x000000008b608858) thrown at [./src/hotspot/share/interpreter/linkResolver.cpp, line 839]
Event: 34.104 Thread 0x000001b84e444800 Exception <a 'java/lang/IncompatibleClassChangeError'{0x000000008b3633b0}: Found class java.lang.Object, but interface was expected> (0x000000008b3633b0) thrown at [./src/hotspot/share/interpreter/linkResolver.cpp, line 839]
Event: 34.104 Thread 0x000001b84e441000 Exception <a 'java/lang/IncompatibleClassChangeError'{0x000000008b60f7d0}: Found class java.lang.Object, but interface was expected> (0x000000008b60f7d0) thrown at [./src/hotspot/share/interpreter/linkResolver.cpp, line 839]
Event: 34.105 Thread 0x000001b84e441000 Exception <a 'java/lang/IncompatibleClassChangeError'{0x000000008b612198}: Found class java.lang.Object, but interface was expected> (0x000000008b612198) thrown at [./src/hotspot/share/interpreter/linkResolver.cpp, line 839]
Event: 34.105 Thread 0x000001b84e444800 Exception <a 'java/lang/IncompatibleClassChangeError'{0x000000008b36a8c8}: Found class java.lang.Object, but interface was expected> (0x000000008b36a8c8) thrown at [./src/hotspot/share/interpreter/linkResolver.cpp, line 839]

Events (20 events):
Event: 34.229 loading class com/android/tools/r8/internal/Rb$a
Event: 34.229 loading class com/android/tools/r8/internal/Rb$a done
Event: 34.230 loading class com/android/tools/r8/internal/mu
Event: 34.230 loading class com/android/tools/r8/internal/mu done
Event: 34.230 loading class com/android/tools/r8/internal/pr
Event: 34.230 loading class com/android/tools/r8/internal/pr done
Event: 34.230 loading class com/android/tools/r8/internal/pr
Event: 34.230 loading class com/android/tools/r8/internal/pr done
Event: 34.230 loading class com/android/tools/r8/internal/ku$d
Event: 34.230 loading class com/android/tools/r8/internal/ku$d done
Event: 34.231 loading class com/android/tools/r8/internal/lu
Event: 34.231 loading class com/android/tools/r8/internal/lu done
Event: 34.232 loading class com/android/tools/r8/internal/bq
Event: 34.232 loading class com/android/tools/r8/internal/bq done
Event: 34.325 loading class com/android/tools/r8/internal/Yc
Event: 34.325 loading class com/android/tools/r8/internal/Yc done
Event: 34.619 Executing VM operation: G1CollectForAllocation
Event: 34.735 Executing VM operation: G1CollectForAllocation done
Event: 34.809 Executing VM operation: G1CollectForAllocation
Event: 34.887 Executing VM operation: G1CollectForAllocation done


Dynamic libraries:
0x00007ff688e40000 - 0x00007ff688e4a000 	D:\xdman\android\android-studio\jre\bin\java.exe
0x00007ffa4f6f0000 - 0x00007ffa4f8e5000 	C:\Windows\SYSTEM32\ntdll.dll
0x00007ffa4ed80000 - 0x00007ffa4ee3d000 	C:\Windows\System32\KERNEL32.DLL
0x00007ffa4cf60000 - 0x00007ffa4d229000 	C:\Windows\System32\KERNELBASE.dll
0x00007ffa4d230000 - 0x00007ffa4d330000 	C:\Windows\System32\ucrtbase.dll
0x00007ffa453d0000 - 0x00007ffa453e7000 	D:\xdman\android\android-studio\jre\bin\VCRUNTIME140.dll
0x00007ffa47200000 - 0x00007ffa47219000 	D:\xdman\android\android-studio\jre\bin\jli.dll
0x00007ffa4d9a0000 - 0x00007ffa4db40000 	C:\Windows\System32\USER32.dll
0x00007ffa4ce80000 - 0x00007ffa4cea2000 	C:\Windows\System32\win32u.dll
0x00007ffa35b00000 - 0x00007ffa35d9a000 	C:\Windows\WinSxS\amd64_microsoft.windows.common-controls_6595b64144ccf1df_6.0.19041.1110_none_60b5254171f9507e\COMCTL32.dll
0x00007ffa4deb0000 - 0x00007ffa4deda000 	C:\Windows\System32\GDI32.dll
0x00007ffa4eb30000 - 0x00007ffa4ebce000 	C:\Windows\System32\msvcrt.dll
0x00007ffa4d3c0000 - 0x00007ffa4d4cb000 	C:\Windows\System32\gdi32full.dll
0x00007ffa4d6c0000 - 0x00007ffa4d75d000 	C:\Windows\System32\msvcp_win.dll
0x00007ffa4e860000 - 0x00007ffa4e890000 	C:\Windows\System32\IMM32.DLL
0x00007ffa45330000 - 0x00007ffa453cd000 	D:\xdman\android\android-studio\jre\bin\msvcp140.dll
0x00007ff9d3e20000 - 0x00007ff9d48ef000 	D:\xdman\android\android-studio\jre\bin\server\jvm.dll
0x00007ffa4dbd0000 - 0x00007ffa4dc7c000 	C:\Windows\System32\ADVAPI32.dll
0x00007ffa4e890000 - 0x00007ffa4e92b000 	C:\Windows\System32\sechost.dll
0x00007ffa4e710000 - 0x00007ffa4e83a000 	C:\Windows\System32\RPCRT4.dll
0x00007ffa4d8d0000 - 0x00007ffa4d8d8000 	C:\Windows\System32\PSAPI.DLL
0x00007ffa32590000 - 0x00007ffa32599000 	C:\Windows\SYSTEM32\WSOCK32.dll
0x00007ffa27dc0000 - 0x00007ffa27de7000 	C:\Windows\SYSTEM32\WINMM.dll
0x00007ffa3a4f0000 - 0x00007ffa3a4fa000 	C:\Windows\SYSTEM32\VERSION.dll
0x00007ffa4eac0000 - 0x00007ffa4eb2b000 	C:\Windows\System32\WS2_32.dll
0x00007ffa4b6b0000 - 0x00007ffa4b6c2000 	C:\Windows\SYSTEM32\kernel.appcore.dll
0x00007ffa1a070000 - 0x00007ffa1a081000 	D:\xdman\android\android-studio\jre\bin\verify.dll
0x00007ffa47bd0000 - 0x00007ffa47db4000 	C:\Windows\SYSTEM32\DBGHELP.DLL
0x00007ffa34d90000 - 0x00007ffa34dbc000 	C:\Windows\SYSTEM32\dbgcore.DLL
0x00007ffa4d630000 - 0x00007ffa4d6b3000 	C:\Windows\System32\bcryptPrimitives.dll
0x00007ff9ffa80000 - 0x00007ff9ffaa9000 	D:\xdman\android\android-studio\jre\bin\java.dll
0x00007ffa38b90000 - 0x00007ffa38b9b000 	D:\xdman\android\android-studio\jre\bin\jimage.dll
0x00007ffa37b10000 - 0x00007ffa37b28000 	D:\xdman\android\android-studio\jre\bin\zip.dll
0x00007ffa4ee40000 - 0x00007ffa4f57f000 	C:\Windows\System32\SHELL32.dll
0x00007ffa47dc0000 - 0x00007ffa48551000 	C:\Windows\SYSTEM32\windows.storage.dll
0x00007ffa4dee0000 - 0x00007ffa4e235000 	C:\Windows\System32\combase.dll
0x00007ffa4c750000 - 0x00007ffa4c77c000 	C:\Windows\SYSTEM32\Wldp.dll
0x00007ffa4e930000 - 0x00007ffa4e9de000 	C:\Windows\System32\SHCORE.dll
0x00007ffa4d940000 - 0x00007ffa4d995000 	C:\Windows\System32\shlwapi.dll
0x00007ffa4cd70000 - 0x00007ffa4cd8f000 	C:\Windows\SYSTEM32\profapi.dll
0x00007ff9fd5c0000 - 0x00007ff9fd5da000 	D:\xdman\android\android-studio\jre\bin\net.dll
0x00007ffa3adc0000 - 0x00007ffa3aeca000 	C:\Windows\SYSTEM32\WINHTTP.dll
0x00007ffa4c530000 - 0x00007ffa4c59a000 	C:\Windows\system32\mswsock.dll
0x00007ff9fd5a0000 - 0x00007ff9fd5b4000 	D:\xdman\android\android-studio\jre\bin\nio.dll
0x00007ffa435b0000 - 0x00007ffa435d7000 	C:\Users\shimu\.gradle\native\8bec1ad78214c89d9ad589b4d07fe93259594b29d510b10fafb7a158f7737e5d\windows-amd64\native-platform.dll
0x00007ffa1ebd0000 - 0x00007ffa1ed0d000 	C:\Users\shimu\.gradle\native\53dbd7edfb1c66fb8903c78663c9afc45aea4f116125fa6feffd364cf09443e8\windows-amd64\native-platform-file-events.dll
0x00007ffa387d0000 - 0x00007ffa387da000 	D:\xdman\android\android-studio\jre\bin\management.dll
0x00007ffa32580000 - 0x00007ffa3258c000 	D:\xdman\android\android-studio\jre\bin\management_ext.dll
0x00007ffa4c790000 - 0x00007ffa4c7a8000 	C:\Windows\SYSTEM32\CRYPTSP.dll
0x00007ffa4be90000 - 0x00007ffa4bec4000 	C:\Windows\system32\rsaenh.dll
0x00007ffa4d390000 - 0x00007ffa4d3b7000 	C:\Windows\System32\bcrypt.dll
0x00007ffa4cd30000 - 0x00007ffa4cd5e000 	C:\Windows\SYSTEM32\USERENV.dll
0x00007ffa4c6b0000 - 0x00007ffa4c6bc000 	C:\Windows\SYSTEM32\CRYPTBASE.dll
0x00007ffa4c240000 - 0x00007ffa4c27b000 	C:\Windows\SYSTEM32\IPHLPAPI.DLL
0x00007ffa4d7f0000 - 0x00007ffa4d7f8000 	C:\Windows\System32\NSI.dll
0x00007ffa400d0000 - 0x00007ffa400e7000 	C:\Windows\SYSTEM32\dhcpcsvc6.DLL
0x00007ffa400b0000 - 0x00007ffa400cd000 	C:\Windows\SYSTEM32\dhcpcsvc.DLL
0x00007ffa4c280000 - 0x00007ffa4c34c000 	C:\Windows\SYSTEM32\DNSAPI.dll

dbghelp: loaded successfully - version: 4.0.5 - missing functions: none
symbol engine: initialized successfully - sym options: 0x614 - pdb path: .;D:\xdman\android\android-studio\jre\bin;C:\Windows\SYSTEM32;C:\Windows\WinSxS\amd64_microsoft.windows.common-controls_6595b64144ccf1df_6.0.19041.1110_none_60b5254171f9507e;D:\xdman\android\android-studio\jre\bin\server;C:\Users\shimu\.gradle\native\8bec1ad78214c89d9ad589b4d07fe93259594b29d510b10fafb7a158f7737e5d\windows-amd64;C:\Users\shimu\.gradle\native\53dbd7edfb1c66fb8903c78663c9afc45aea4f116125fa6feffd364cf09443e8\windows-amd64

VM Arguments:
jvm_args: --add-opens=java.base/java.util=ALL-UNNAMED --add-opens=java.base/java.lang=ALL-UNNAMED --add-opens=java.base/java.lang.invoke=ALL-UNNAMED --add-opens=java.base/java.util=ALL-UNNAMED --add-opens=java.prefs/java.util.prefs=ALL-UNNAMED --add-opens=java.prefs/java.util.prefs=ALL-UNNAMED --add-opens=java.base/java.nio.charset=ALL-UNNAMED --add-opens=java.base/java.net=ALL-UNNAMED --add-opens=java.base/java.util.concurrent.atomic=ALL-UNNAMED -Xmx2048m -Dfile.encoding=UTF-8 -Duser.country=GB -Duser.language=en -Duser.variant 
java_command: org.gradle.launcher.daemon.bootstrap.GradleDaemon 7.0.2
java_class_path (initial): C:\Users\shimu\.gradle\wrapper\dists\gradle-7.0.2-bin\857tjihv64xamwrf0h14cai3r\gradle-7.0.2\lib\gradle-launcher-7.0.2.jar
Launcher Type: SUN_STANDARD

[Global flags]
     intx CICompilerCount                          = 3                                         {product} {ergonomic}
     uint ConcGCThreads                            = 1                                         {product} {ergonomic}
     uint G1ConcRefinementThreads                  = 4                                         {product} {ergonomic}
   size_t G1HeapRegionSize                         = 1048576                                   {product} {ergonomic}
    uintx GCDrainStackTargetSize                   = 64                                        {product} {ergonomic}
   size_t InitialHeapSize                          = 268435456                                 {product} {ergonomic}
   size_t MarkStackSize                            = 4194304                                   {product} {ergonomic}
   size_t MaxHeapSize                              = 2147483648                                {product} {command line}
   size_t MaxNewSize                               = 1287651328                                {product} {ergonomic}
   size_t MinHeapDeltaBytes                        = 1048576                                   {product} {ergonomic}
    uintx NonNMethodCodeHeapSize                   = 5830732                                {pd product} {ergonomic}
    uintx NonProfiledCodeHeapSize                  = 122913754                              {pd product} {ergonomic}
    uintx ProfiledCodeHeapSize                     = 122913754                              {pd product} {ergonomic}
    uintx ReservedCodeCacheSize                    = 251658240                              {pd product} {ergonomic}
     bool SegmentedCodeCache                       = true                                      {product} {ergonomic}
     bool UseCompressedClassPointers               = true                                 {lp64_product} {ergonomic}
     bool UseCompressedOops                        = true                                 {lp64_product} {ergonomic}
     bool UseG1GC                                  = true                                      {product} {ergonomic}
     bool UseLargePagesIndividualAllocation        = false                                  {pd product} {ergonomic}

Logging:
Log output configuration:
 #0: stdout all=warning uptime,level,tags
 #1: stderr all=off uptime,level,tags

Environment Variables:
JAVA_HOME=C:\Program Files\Java\jdk-15.0.1
PATH=C:\Program Files\Common Files\Oracle\Java\javapath;C:\Windows\system32;C:\Windows;C:\Windows\System32\Wbem;C:\Windows\System32\WindowsPowerShell\v1.0\;C:\Windows\System32\OpenSSH\;C:\Program Files\dotnet\;C:\wamp64\bin\php\php7.4.0;C:\Program Files\Git\cmd;C:\xampp\php;C:\ProgramData\ComposerSetup\bin;C:\Program Files\Microsoft SQL Server\130\Tools\Binn\;C:\Program Files\Microsoft SQL Server\Client SDK\ODBC\170\Tools\Binn\;C:\Program Files (x86)\Microsoft SQL Server\150\Tools\Binn\;C:\Program Files\Microsoft SQL Server\150\Tools\Binn\;C:\Program Files\Microsoft SQL Server\150\DTS\Binn\;C:\Program Files (x86)\Microsoft SQL Server\150\DTS\Binn\;C:\Users\shimu\AppData\Roaming\nvm;C:\Program Files\nodejs;C:\Program Files (x86)\dotnet\;C:\Program Files\Java\jdk-15.0.1\bin;;C:\Program Files\SourceGear\Common\DiffMerge\;C:\Users\shimu\AppData\Local\Microsoft\WindowsApps;C:\Users\shimu\AppData\Local\Programs\Microsoft VS Code\bin;C:\Users\shimu\AppData\Roaming\npm;C:\Users\shimu\AppData\Roaming\Composer\vendor\bin;C:\Users\shimu\AppData\Roaming\nvm;C:\Program Files\nodejs;C:\Users\shimu\.dotnet\tools;C:\Program Files\JetBrains\PyCharm Community Edition 2020.2.3\bin;;C:\Program Files\heroku\bin;C:\Program Files\JetBrains\IntelliJ IDEA Community Edition 2020.3.2\bin;;D:\xamp\php;C:\Users\shimu\.dotnet\tools
USERNAME=shimuli
OS=Windows_NT
PROCESSOR_IDENTIFIER=Intel64 Family 6 Model 78 Stepping 3, GenuineIntel



---------------  S Y S T E M  ---------------

OS: Windows 10 , 64 bit Build 19041 (10.0.19041.1023)
OS uptime: 0 days 1:42 hours
Hyper-V role detected

CPU:total 4 (initial active 4) (2 cores per cpu, 2 threads per core) family 6 model 78 stepping 3 microcode 0xd6, cmov, cx8, fxsr, mmx, sse, sse2, sse3, ssse3, sse4.1, sse4.2, popcnt, avx, avx2, aes, clmul, erms, 3dnowpref, lzcnt, ht, tsc, tscinvbit, bmi1, bmi2, adx, fma

Memory: 4k page, system-wide physical 16280M (1873M free)
TotalPageFile size 30955M (AvailPageFile size 5M)
current process WorkingSet (physical memory assigned to process): 538M, peak: 538M
current process commit charge ("private bytes"): 573M, peak: 574M

vm_info: OpenJDK 64-Bit Server VM (11.0.10+0-b96-7249189) for windows-amd64 JRE (11.0.10+0-b96-7249189), built on Mar 31 2021 21:44:00 by "builder" with MS VC++ 14.0 (VS2015)

END.
