#
# There is insufficient memory for the Java Runtime Environment to continue.
# Native memory allocation (mmap) failed to map 57671680 bytes for Failed to commit area from 0x0000000091200000 to 0x0000000094900000 of length 57671680.
# Possible reasons:
#   The system is out of physical RAM or swap space
#   The process is running with CompressedOops enabled, and the Java Heap may be blocking the growth of the native heap
# Possible solutions:
#   Reduce memory load on the system
#   Increase physical memory or swap space
#   Check if swap backing store is full
#   Decrease Java heap size (-Xmx/-Xms)
#   Decrease number of Java threads
#   Decrease Java thread stack sizes (-Xss)
#   Set larger code cache with -XX:ReservedCodeCacheSize=
#   JVM is running with Unscaled Compressed Oops mode in which the Java heap is
#     placed in the first 4GB address space. The Java Heap base address is the
#     maximum limit for the native heap growth. Please use -XX:HeapBaseMinAddress
#     to set the Java Heap base and to place the Java Heap above 4GB virtual address.
# This output file may be truncated or incomplete.
#
#  Out of Memory Error (./src/hotspot/os/windows/os_windows.cpp:3301), pid=20404, tid=18080
#
# JRE version: OpenJDK Runtime Environment (11.0.10) (build 11.0.10+0-b96-7249189)
# Java VM: OpenJDK 64-Bit Server VM (11.0.10+0-b96-7249189, mixed mode, tiered, compressed oops, g1 gc, windows-amd64)
# No core dump will be written. Minidumps are not enabled by default on client versions of Windows
#

---------------  S U M M A R Y ------------

Command Line: --add-opens=java.base/java.util=ALL-UNNAMED --add-opens=java.base/java.lang=ALL-UNNAMED --add-opens=java.base/java.lang.invoke=ALL-UNNAMED --add-opens=java.base/java.util=ALL-UNNAMED --add-opens=java.prefs/java.util.prefs=ALL-UNNAMED --add-opens=java.prefs/java.util.prefs=ALL-UNNAMED --add-opens=java.base/java.nio.charset=ALL-UNNAMED --add-opens=java.base/java.net=ALL-UNNAMED --add-opens=java.base/java.util.concurrent.atomic=ALL-UNNAMED -Xmx2048m -Dfile.encoding=UTF-8 -Duser.country=GB -Duser.language=en -Duser.variant org.gradle.launcher.daemon.bootstrap.GradleDaemon 7.0.2

Host: Intel(R) Core(TM) i5-6200U CPU @ 2.30GHz, 4 cores, 15G,  Windows 10 , 64 bit Build 19041 (10.0.19041.1023)
Time: Tue Jul 27 10:53:37 2021 E. Africa Standard Time elapsed time: 257.530682 seconds (0d 0h 4m 17s)

---------------  T H R E A D  ---------------

Current thread (0x000002311a892800):  VMThread "VM Thread" [stack: 0x0000005c10b00000,0x0000005c10c00000] [id=18080]

Stack: [0x0000005c10b00000,0x0000005c10c00000]
[error occurred during error reporting (printing stack bounds), id 0xc0000005, EXCEPTION_ACCESS_VIOLATION (0xc0000005) at pc=0x0000023104df0f2d]

Native frames: (J=compiled Java code, j=interpreted, Vv=VM code, C=native code)
V  [jvm.dll+0x5ecfaa]
V  [jvm.dll+0x722bd5]
V  [jvm.dll+0x72412d]
V  [jvm.dll+0x724745]
V  [jvm.dll+0x7246fb]
V  [jvm.dll+0x5ec348]
V  [jvm.dll+0x5ecad8]
C  [ntdll.dll+0xa217f]
C  [ntdll.dll+0x51454]
C  [ntdll.dll+0xa0cae]
C  0x0000023104df0f2d

VM_Operation (0x0000005c148fe510): G1CollectForAllocation, mode: safepoint, requested by thread 0x00000231221d6800


---------------  P R O C E S S  ---------------

Threads class SMR info:
_java_thread_list=0x000002311de87ea0, length=65, elements={
0x000002317ed4a000, 0x000002311b0c6000, 0x000002311b0c7000, 0x000002311b124000,
0x000002311b128000, 0x000002311b129000, 0x000002311b12c800, 0x000002311b12f800,
0x000002311b19f000, 0x000002311b280800, 0x000002311c881000, 0x000002311b5ab800,
0x000002311c6e5000, 0x000002311d525000, 0x000002311d52a000, 0x000002311d52b800,
0x000002311d527000, 0x000002311d526000, 0x000002311ea69000, 0x000002311ea68000,
0x000002311ea6c000, 0x000002311ea67000, 0x000002311ea6d800, 0x000002311ea6f800,
0x000002311ea71800, 0x000002311ea74000, 0x000002311eb2d800, 0x000002311ea6e800,
0x000002311ea69800, 0x000002311eb27800, 0x000002311eb21000, 0x000002311eb23800,
0x000002311eb24800, 0x000002311eb1f800, 0x000002311eb1e800, 0x000002311eb22800,
0x000002311eb26000, 0x000002311eb25000, 0x000002311eb20000, 0x000002311eb28800,
0x000002311eb29000, 0x000002311eb2c800, 0x000002311eb26800, 0x000002311eb2a000,
0x000002311eb2b800, 0x000002311eb2b000, 0x000002311ea6a800, 0x000002311ea70000,
0x000002311ea71000, 0x000002311ea6b000, 0x000002311ea72800, 0x000002311ea73800,
0x000002311d52b000, 0x000002311d527800, 0x00000231221d9800, 0x00000231221d5800,
0x00000231221d8000, 0x00000231221dc000, 0x00000231221df800, 0x00000231221de000,
0x00000231221d9000, 0x00000231221d6800, 0x00000231221dd000, 0x00000231221da800,
0x00000231221e2000
}

Java Threads: ( => current thread )
  0x000002317ed4a000 JavaThread "main" [_thread_blocked, id=19640, stack(0x0000005c10500000,0x0000005c10600000)]
  0x000002311b0c6000 JavaThread "Reference Handler" daemon [_thread_blocked, id=9704, stack(0x0000005c10c00000,0x0000005c10d00000)]
  0x000002311b0c7000 JavaThread "Finalizer" daemon [_thread_blocked, id=12728, stack(0x0000005c10d00000,0x0000005c10e00000)]
  0x000002311b124000 JavaThread "Signal Dispatcher" daemon [_thread_blocked, id=19996, stack(0x0000005c10e00000,0x0000005c10f00000)]
  0x000002311b128000 JavaThread "Attach Listener" daemon [_thread_blocked, id=15772, stack(0x0000005c10f00000,0x0000005c11000000)]
  0x000002311b129000 JavaThread "Service Thread" daemon [_thread_blocked, id=21176, stack(0x0000005c11000000,0x0000005c11100000)]
  0x000002311b12c800 JavaThread "C2 CompilerThread0" daemon [_thread_in_native, id=18036, stack(0x0000005c11100000,0x0000005c11200000)]
  0x000002311b12f800 JavaThread "C1 CompilerThread0" daemon [_thread_blocked, id=18440, stack(0x0000005c11200000,0x0000005c11300000)]
  0x000002311b19f000 JavaThread "Sweeper thread" daemon [_thread_blocked, id=7164, stack(0x0000005c11300000,0x0000005c11400000)]
  0x000002311b280800 JavaThread "Common-Cleaner" daemon [_thread_blocked, id=20044, stack(0x0000005c11400000,0x0000005c11500000)]
  0x000002311c881000 JavaThread "Daemon health stats" [_thread_blocked, id=1560, stack(0x0000005c11a00000,0x0000005c11b00000)]
  0x000002311b5ab800 JavaThread "Incoming local TCP Connector on port 64231" [_thread_in_native, id=20296, stack(0x0000005c11600000,0x0000005c11700000)]
  0x000002311c6e5000 JavaThread "Daemon periodic checks" [_thread_blocked, id=4960, stack(0x0000005c11b00000,0x0000005c11c00000)]
  0x000002311d525000 JavaThread "Cache worker for file hash cache (C:\Users\shimu\.gradle\caches\7.0.2\fileHashes)" [_thread_blocked, id=20476, stack(0x0000005c12300000,0x0000005c12400000)]
  0x000002311d52a000 JavaThread "File lock request listener" [_thread_in_native, id=18876, stack(0x0000005c12400000,0x0000005c12500000)]
  0x000002311d52b800 JavaThread "Cache worker for journal cache (C:\Users\shimu\.gradle\caches\journal-1)" [_thread_blocked, id=19964, stack(0x0000005c12500000,0x0000005c12600000)]
  0x000002311d527000 JavaThread "File watcher server" daemon [_thread_blocked, id=18108, stack(0x0000005c12800000,0x0000005c12900000)]
  0x000002311d526000 JavaThread "File watcher consumer" daemon [_thread_blocked, id=20076, stack(0x0000005c12900000,0x0000005c12a00000)]
  0x000002311ea69000 JavaThread "Cache worker for execution history cache (C:\Users\shimu\.gradle\caches\7.0.2\executionHistory)" [_thread_blocked, id=21272, stack(0x0000005c12700000,0x0000005c12800000)]
  0x000002311ea68000 JavaThread "jar transforms" [_thread_blocked, id=11740, stack(0x0000005c12e00000,0x0000005c12f00000)]
  0x000002311ea6c000 JavaThread "jar transforms Thread 2" [_thread_blocked, id=16412, stack(0x0000005c12f00000,0x0000005c13000000)]
  0x000002311ea67000 JavaThread "Cache worker for file content cache (C:\Users\shimu\.gradle\caches\7.0.2\fileContent)" [_thread_blocked, id=15076, stack(0x0000005c13000000,0x0000005c13100000)]
  0x000002311ea6d800 JavaThread "jar transforms Thread 3" [_thread_blocked, id=18348, stack(0x0000005c13200000,0x0000005c13300000)]
  0x000002311ea6f800 JavaThread "jar transforms Thread 4" [_thread_blocked, id=2160, stack(0x0000005c13700000,0x0000005c13800000)]
  0x000002311ea71800 JavaThread "Memory manager" [_thread_blocked, id=21320, stack(0x0000005c13c00000,0x0000005c13d00000)]
  0x000002311ea74000 JavaThread "pool-3-thread-1" [_thread_blocked, id=20448, stack(0x0000005c13e00000,0x0000005c13f00000)]
  0x000002311eb2d800 JavaThread "pool-6-thread-1" [_thread_blocked, id=19532, stack(0x0000005c13a00000,0x0000005c13b00000)]
  0x000002311ea6e800 JavaThread "Daemon Thread 2" [_thread_blocked, id=21092, stack(0x0000005c10300000,0x0000005c10400000)]
  0x000002311ea69800 JavaThread "Daemon worker Thread 2" [_thread_in_native, id=19164, stack(0x0000005c11d00000,0x0000005c11e00000)]
  0x000002311eb27800 JavaThread "pool-9-thread-1" [_thread_blocked, id=17176, stack(0x0000005c13800000,0x0000005c13900000)]
  0x000002311eb21000 JavaThread "Handler for socket connection from /127.0.0.1:64231 to /127.0.0.1:51635" [_thread_in_native, id=20276, stack(0x0000005c10400000,0x0000005c10500000)]
  0x000002311eb23800 JavaThread "Cancel handler" [_thread_blocked, id=11068, stack(0x0000005c11c00000,0x0000005c11d00000)]
  0x000002311eb24800 JavaThread "Asynchronous log dispatcher for DefaultDaemonConnection: socket connection from /127.0.0.1:64231 to /127.0.0.1:51635" [_thread_blocked, id=4764, stack(0x0000005c11e00000,0x0000005c11f00000)]
  0x000002311eb1f800 JavaThread "Stdin handler" [_thread_blocked, id=17156, stack(0x0000005c11f00000,0x0000005c12000000)]
  0x000002311eb1e800 JavaThread "Daemon client event forwarder" [_thread_blocked, id=20540, stack(0x0000005c12000000,0x0000005c12100000)]
  0x000002311eb22800 JavaThread "Cache worker for file hash cache (D:\Android\AwesomePlaces\.gradle\7.0.2\fileHashes)" [_thread_blocked, id=19568, stack(0x0000005c12100000,0x0000005c12200000)]
  0x000002311eb26000 JavaThread "Cache worker for checksums cache (D:\Android\AwesomePlaces\.gradle\checksums)" [_thread_blocked, id=20460, stack(0x0000005c12200000,0x0000005c12300000)]
  0x000002311eb25000 JavaThread "Cache worker for cache directory md-supplier (C:\Users\shimu\.gradle\caches\7.0.2\md-supplier)" [_thread_blocked, id=20212, stack(0x0000005c12600000,0x0000005c12700000)]
  0x000002311eb20000 JavaThread "Cache worker for cache directory md-rule (C:\Users\shimu\.gradle\caches\7.0.2\md-rule)" [_thread_blocked, id=19416, stack(0x0000005c12a00000,0x0000005c12b00000)]
  0x000002311eb28800 JavaThread "Cache worker for dependencies-accessors (D:\Android\AwesomePlaces\.gradle\7.0.2\dependencies-accessors)" [_thread_blocked, id=19820, stack(0x0000005c12b00000,0x0000005c12c00000)]
  0x000002311eb29000 JavaThread "Cache worker for Build Output Cleanup Cache (D:\Android\AwesomePlaces\.gradle\buildOutputCleanup)" [_thread_blocked, id=16236, stack(0x0000005c12c00000,0x0000005c12d00000)]
  0x000002311eb2c800 JavaThread "Build operations" [_thread_blocked, id=2844, stack(0x0000005c12d00000,0x0000005c12e00000)]
  0x000002311eb26800 JavaThread "Build operations Thread 2" [_thread_blocked, id=1912, stack(0x0000005c13100000,0x0000005c13200000)]
  0x000002311eb2a000 JavaThread "Build operations Thread 3" [_thread_blocked, id=12156, stack(0x0000005c13300000,0x0000005c13400000)]
  0x000002311eb2b800 JavaThread "Build operations Thread 4" [_thread_blocked, id=11516, stack(0x0000005c13400000,0x0000005c13500000)]
  0x000002311eb2b000 JavaThread "build event listener" [_thread_blocked, id=20784, stack(0x0000005c13600000,0x0000005c13700000)]
  0x000002311ea6a800 JavaThread "pool-12-thread-1" [_thread_blocked, id=17944, stack(0x0000005c13900000,0x0000005c13a00000)]
  0x000002311ea70000 JavaThread "build event listener" [_thread_blocked, id=8124, stack(0x0000005c13d00000,0x0000005c13e00000)]
  0x000002311ea71000 JavaThread "Execution worker for ':'" [_thread_blocked, id=20080, stack(0x0000005c13f00000,0x0000005c14000000)]
  0x000002311ea6b000 JavaThread "Execution worker for ':' Thread 2" [_thread_blocked, id=12572, stack(0x0000005c14000000,0x0000005c14100000)]
  0x000002311ea72800 JavaThread "Execution worker for ':' Thread 3" [_thread_blocked, id=6392, stack(0x0000005c14100000,0x0000005c14200000)]
  0x000002311ea73800 JavaThread "Cache worker for execution history cache (D:\Android\AwesomePlaces\.gradle\7.0.2\executionHistory)" [_thread_blocked, id=19440, stack(0x0000005c14200000,0x0000005c14300000)]
  0x000002311d52b000 JavaThread "WorkerExecutor Queue" [_thread_blocked, id=20368, stack(0x0000005c14400000,0x0000005c14500000)]
  0x000002311d527800 JavaThread "WorkerExecutor Queue Thread 2" [_thread_blocked, id=21492, stack(0x0000005c14500000,0x0000005c14600000)]
  0x00000231221d9800 JavaThread "WorkerExecutor Queue Thread 3" [_thread_blocked, id=4064, stack(0x0000005c14700000,0x0000005c14800000)]
  0x00000231221d5800 JavaThread "pool-13-thread-1" [_thread_blocked, id=7956, stack(0x0000005c14b00000,0x0000005c14c00000)]
  0x00000231221d8000 JavaThread "stderr" [_thread_in_native, id=13168, stack(0x0000005c14c00000,0x0000005c14d00000)]
  0x00000231221dc000 JavaThread "stdout" [_thread_in_native, id=20884, stack(0x0000005c14d00000,0x0000005c14e00000)]
  0x00000231221df800 JavaThread "WorkerExecutor Queue Thread 6" [_thread_blocked, id=9504, stack(0x0000005c14e00000,0x0000005c14f00000)]
  0x00000231221de000 JavaThread "C2 CompilerThread1" daemon [_thread_in_native, id=21136, stack(0x0000005c13500000,0x0000005c13600000)]
  0x00000231221d9000 JavaThread "ForkJoinPool-1-worker-3" daemon [_thread_blocked, id=20416, stack(0x0000005c14600000,0x0000005c14700000)]
  0x00000231221d6800 JavaThread "ForkJoinPool-1-worker-5" daemon [_thread_blocked, id=2288, stack(0x0000005c14800000,0x0000005c14900000)]
  0x00000231221dd000 JavaThread "ForkJoinPool-1-worker-1" daemon [_thread_blocked, id=21436, stack(0x0000005c14f00000,0x0000005c15000000)]
  0x00000231221da800 JavaThread "ForkJoinPool-1-worker-7" daemon [_thread_blocked, id=19720, stack(0x0000005c15000000,0x0000005c15100000)]
  0x00000231221e2000 JavaThread "Thread-109" [_thread_in_native, id=1756, stack(0x0000005c15100000,0x0000005c15200000)]

Other Threads:
=>0x000002311a892800 VMThread "VM Thread" [stack: 0x0000005c10b00000,0x0000005c10c00000] [id=18080]
  0x000002311b29e000 WatcherThread [stack: 0x0000005c11500000,0x0000005c11600000] [id=2856]
  0x000002317ed65000 GCTaskThread "GC Thread#0" [stack: 0x0000005c10600000,0x0000005c10700000] [id=19760]
  0x000002311b840000 GCTaskThread "GC Thread#1" [stack: 0x0000005c11700000,0x0000005c11800000] [id=15688]
  0x000002311b841000 GCTaskThread "GC Thread#2" [stack: 0x0000005c11800000,0x0000005c11900000] [id=13772]
  0x000002311bce2800 GCTaskThread "GC Thread#3" [stack: 0x0000005c11900000,0x0000005c11a00000] [id=7212]
  0x000002317ed94800 ConcurrentGCThread "G1 Main Marker" [stack: 0x0000005c10700000,0x0000005c10800000] [id=18936]
  0x000002317ed96000 ConcurrentGCThread "G1 Conc#0" [stack: 0x0000005c10800000,0x0000005c10900000] [id=21388]
  0x000002317ee2e800 ConcurrentGCThread "G1 Refine#0" [stack: 0x0000005c10900000,0x0000005c10a00000] [id=20128]
  0x00000231203bf800 ConcurrentGCThread "G1 Refine#1" [stack: 0x0000005c13b00000,0x0000005c13c00000] [id=10844]
  0x000002311e7e9000 ConcurrentGCThread "G1 Refine#2" [stack: 0x0000005c15200000,0x0000005c15300000] [id=16644]
  0x000002311be98000 ConcurrentGCThread "G1 Refine#3" [stack: 0x0000005c15300000,0x0000005c15400000] [id=1712]
  0x000002311a702800 ConcurrentGCThread "G1 Young RemSet Sampling" [stack: 0x0000005c10a00000,0x0000005c10b00000] [id=20412]

Threads with active compile tasks:
C2 CompilerThread0 257561 24868       4       com.android.tools.r8.internal.Su$b::a (155 bytes)
C2 CompilerThread1 257561 24873       4       com.android.tools.r8.internal.Su::a (40 bytes)

VM state:at safepoint (normal execution)

VM Mutex/Monitor currently owned by a thread:  ([mutex/lock_event])
[0x000002317ed45520] Threads_lock - owner thread: 0x000002311a892800
[0x000002317ed467b0] Heap_lock - owner thread: 0x00000231221d6800

Heap address: 0x0000000080000000, size: 2048 MB, Compressed Oops mode: 32-bit
Narrow klass base: 0x0000000000000000, Narrow klass shift: 3
Compressed class space size: 1073741824 Address: 0x0000000100000000

Heap:
 garbage-first heap   total 336896K, used 208598K [0x0000000080000000, 0x0000000100000000)
  region size 1024K, 1 young (1024K), 1 survivors (1024K)
 Metaspace       used 138628K, capacity 141880K, committed 142028K, reserved 1173504K
  class space    used 17042K, capacity 18299K, committed 18380K, reserved 1048576K
Heap Regions: E=young(eden), S=young(survivor), O=old, HS=humongous(starts), HC=humongous(continues), CS=collection set, F=free, A=archive, TAMS=top-at-mark-start (previous, next)
|   0|0x0000000080000000, 0x0000000080100000, 0x0000000080100000|100%| O|  |TAMS 0x0000000080100000, 0x0000000080000000| Complete 
|   1|0x0000000080100000, 0x0000000080200000, 0x0000000080200000|100%| O|  |TAMS 0x0000000080200000, 0x0000000080100000| Untracked 
|   2|0x0000000080200000, 0x0000000080300000, 0x0000000080300000|100%| O|  |TAMS 0x0000000080300000, 0x0000000080200000| Untracked 
|   3|0x0000000080300000, 0x0000000080400000, 0x0000000080400000|100%|HS|  |TAMS 0x0000000080400000, 0x0000000080300000| Complete 
|   4|0x0000000080400000, 0x0000000080500000, 0x0000000080500000|100%|HC|  |TAMS 0x0000000080500000, 0x0000000080400000| Complete 
|   5|0x0000000080500000, 0x0000000080600000, 0x0000000080600000|100%|HC|  |TAMS 0x0000000080600000, 0x0000000080500000| Complete 
|   6|0x0000000080600000, 0x0000000080700000, 0x0000000080700000|100%| O|  |TAMS 0x0000000080700000, 0x0000000080600000| Untracked 
|   7|0x0000000080700000, 0x0000000080800000, 0x0000000080800000|100%| O|  |TAMS 0x0000000080800000, 0x0000000080700000| Untracked 
|   8|0x0000000080800000, 0x0000000080900000, 0x0000000080900000|100%| O|  |TAMS 0x0000000080900000, 0x0000000080800000| Untracked 
|   9|0x0000000080900000, 0x0000000080a00000, 0x0000000080a00000|100%| O|  |TAMS 0x0000000080a00000, 0x0000000080900000| Complete 
|  10|0x0000000080a00000, 0x0000000080b00000, 0x0000000080b00000|100%| O|  |TAMS 0x0000000080b00000, 0x0000000080a00000| Untracked 
|  11|0x0000000080b00000, 0x0000000080c00000, 0x0000000080c00000|100%| O|  |TAMS 0x0000000080c00000, 0x0000000080b00000| Untracked 
|  12|0x0000000080c00000, 0x0000000080d00000, 0x0000000080d00000|100%| O|  |TAMS 0x0000000080d00000, 0x0000000080c00000| Untracked 
|  13|0x0000000080d00000, 0x0000000080e00000, 0x0000000080e00000|100%| O|  |TAMS 0x0000000080e00000, 0x0000000080d00000| Untracked 
|  14|0x0000000080e00000, 0x0000000080f00000, 0x0000000080f00000|100%| O|  |TAMS 0x0000000080f00000, 0x0000000080e00000| Untracked 
|  15|0x0000000080f00000, 0x0000000081000000, 0x0000000081000000|100%| O|  |TAMS 0x0000000081000000, 0x0000000080f00000| Untracked 
|  16|0x0000000081000000, 0x0000000081100000, 0x0000000081100000|100%| O|  |TAMS 0x0000000081100000, 0x0000000081000000| Untracked 
|  17|0x0000000081100000, 0x0000000081200000, 0x0000000081200000|100%|HS|  |TAMS 0x0000000081200000, 0x0000000081100000| Complete 
|  18|0x0000000081200000, 0x0000000081300000, 0x0000000081300000|100%|HS|  |TAMS 0x0000000081300000, 0x0000000081200000| Complete 
|  19|0x0000000081300000, 0x0000000081400000, 0x0000000081400000|100%|HS|  |TAMS 0x0000000081400000, 0x0000000081300000| Complete 
|  20|0x0000000081400000, 0x0000000081500000, 0x0000000081500000|100%|HS|  |TAMS 0x0000000081500000, 0x0000000081400000| Complete 
|  21|0x0000000081500000, 0x0000000081600000, 0x0000000081600000|100%|HC|  |TAMS 0x0000000081600000, 0x0000000081500000| Complete 
|  22|0x0000000081600000, 0x0000000081700000, 0x0000000081700000|100%|HC|  |TAMS 0x0000000081700000, 0x0000000081600000| Complete 
|  23|0x0000000081700000, 0x0000000081800000, 0x0000000081800000|100%|HS|  |TAMS 0x0000000081800000, 0x0000000081700000| Complete 
|  24|0x0000000081800000, 0x0000000081900000, 0x0000000081900000|100%|HC|  |TAMS 0x0000000081900000, 0x0000000081800000| Complete 
|  25|0x0000000081900000, 0x0000000081a00000, 0x0000000081a00000|100%| O|  |TAMS 0x0000000081a00000, 0x0000000081900000| Untracked 
|  26|0x0000000081a00000, 0x0000000081b00000, 0x0000000081b00000|100%| O|  |TAMS 0x0000000081b00000, 0x0000000081a00000| Untracked 
|  27|0x0000000081b00000, 0x0000000081c00000, 0x0000000081c00000|100%| O|  |TAMS 0x0000000081c00000, 0x0000000081b00000| Untracked 
|  28|0x0000000081c00000, 0x0000000081d00000, 0x0000000081d00000|100%| O|  |TAMS 0x0000000081d00000, 0x0000000081c00000| Untracked 
|  29|0x0000000081d00000, 0x0000000081e00000, 0x0000000081e00000|100%| O|  |TAMS 0x0000000081e00000, 0x0000000081d00000| Untracked 
|  30|0x0000000081e00000, 0x0000000081f00000, 0x0000000081f00000|100%| O|  |TAMS 0x0000000081f00000, 0x0000000081e00000| Untracked 
|  31|0x0000000081f00000, 0x0000000082000000, 0x0000000082000000|100%| O|  |TAMS 0x0000000082000000, 0x0000000081f00000| Untracked 
|  32|0x0000000082000000, 0x0000000082100000, 0x0000000082100000|100%| O|  |TAMS 0x0000000082100000, 0x0000000082000000| Untracked 
|  33|0x0000000082100000, 0x0000000082200000, 0x0000000082200000|100%| O|  |TAMS 0x0000000082200000, 0x0000000082100000| Untracked 
|  34|0x0000000082200000, 0x0000000082300000, 0x0000000082300000|100%| O|  |TAMS 0x0000000082300000, 0x0000000082200000| Untracked 
|  35|0x0000000082300000, 0x0000000082400000, 0x0000000082400000|100%| O|  |TAMS 0x0000000082400000, 0x0000000082300000| Complete 
|  36|0x0000000082400000, 0x0000000082500000, 0x0000000082500000|100%| O|  |TAMS 0x0000000082500000, 0x0000000082400000| Untracked 
|  37|0x0000000082500000, 0x0000000082600000, 0x0000000082600000|100%| O|  |TAMS 0x0000000082600000, 0x0000000082500000| Untracked 
|  38|0x0000000082600000, 0x0000000082700000, 0x0000000082700000|100%| O|  |TAMS 0x0000000082700000, 0x0000000082600000| Untracked 
|  39|0x0000000082700000, 0x0000000082800000, 0x0000000082800000|100%| O|  |TAMS 0x0000000082800000, 0x0000000082700000| Complete 
|  40|0x0000000082800000, 0x0000000082900000, 0x0000000082900000|100%| O|  |TAMS 0x0000000082900000, 0x0000000082800000| Untracked 
|  41|0x0000000082900000, 0x0000000082a00000, 0x0000000082a00000|100%| O|  |TAMS 0x0000000082a00000, 0x0000000082900000| Untracked 
|  42|0x0000000082a00000, 0x0000000082b00000, 0x0000000082b00000|100%| O|  |TAMS 0x0000000082b00000, 0x0000000082a00000| Untracked 
|  43|0x0000000082b00000, 0x0000000082c00000, 0x0000000082c00000|100%| O|  |TAMS 0x0000000082c00000, 0x0000000082b00000| Untracked 
|  44|0x0000000082c00000, 0x0000000082d00000, 0x0000000082d00000|100%| O|  |TAMS 0x0000000082d00000, 0x0000000082c00000| Complete 
|  45|0x0000000082d00000, 0x0000000082e00000, 0x0000000082e00000|100%| O|  |TAMS 0x0000000082e00000, 0x0000000082d00000| Complete 
|  46|0x0000000082e00000, 0x0000000082e00000, 0x0000000082f00000|  0%| F|  |TAMS 0x0000000082e00000, 0x0000000082e00000| Untracked 
|  47|0x0000000082f00000, 0x0000000083000000, 0x0000000083000000|100%| O|  |TAMS 0x0000000083000000, 0x0000000082f00000| Untracked 
|  48|0x0000000083000000, 0x0000000083100000, 0x0000000083100000|100%| O|  |TAMS 0x0000000083100000, 0x0000000083000000| Complete 
|  49|0x0000000083100000, 0x0000000083200000, 0x0000000083200000|100%| O|  |TAMS 0x0000000083200000, 0x0000000083100000| Untracked 
|  50|0x0000000083200000, 0x0000000083300000, 0x0000000083300000|100%| O|  |TAMS 0x0000000083300000, 0x0000000083200000| Untracked 
|  51|0x0000000083300000, 0x0000000083400000, 0x0000000083400000|100%| O|  |TAMS 0x0000000083400000, 0x0000000083300000| Untracked 
|  52|0x0000000083400000, 0x0000000083500000, 0x0000000083500000|100%| O|  |TAMS 0x0000000083500000, 0x0000000083400000| Untracked 
|  53|0x0000000083500000, 0x0000000083600000, 0x0000000083600000|100%| O|  |TAMS 0x0000000083600000, 0x0000000083500000| Untracked 
|  54|0x0000000083600000, 0x0000000083700000, 0x0000000083700000|100%| O|  |TAMS 0x0000000083700000, 0x0000000083600000| Untracked 
|  55|0x0000000083700000, 0x0000000083700000, 0x0000000083800000|  0%| F|  |TAMS 0x0000000083700000, 0x0000000083700000| Untracked 
|  56|0x0000000083800000, 0x0000000083900000, 0x0000000083900000|100%| O|  |TAMS 0x0000000083900000, 0x0000000083800000| Untracked 
|  57|0x0000000083900000, 0x0000000083a00000, 0x0000000083a00000|100%| O|  |TAMS 0x0000000083a00000, 0x0000000083900000| Complete 
|  58|0x0000000083a00000, 0x0000000083b00000, 0x0000000083b00000|100%| O|  |TAMS 0x0000000083b00000, 0x0000000083a00000| Untracked 
|  59|0x0000000083b00000, 0x0000000083c00000, 0x0000000083c00000|100%| O|  |TAMS 0x0000000083c00000, 0x0000000083b00000| Untracked 
|  60|0x0000000083c00000, 0x0000000083d00000, 0x0000000083d00000|100%| O|  |TAMS 0x0000000083d00000, 0x0000000083c00000| Complete 
|  61|0x0000000083d00000, 0x0000000083e00000, 0x0000000083e00000|100%| O|  |TAMS 0x0000000083e00000, 0x0000000083d00000| Complete 
|  62|0x0000000083e00000, 0x0000000083e00000, 0x0000000083f00000|  0%| F|  |TAMS 0x0000000083e00000, 0x0000000083e00000| Untracked 
|  63|0x0000000083f00000, 0x0000000083f00000, 0x0000000084000000|  0%| F|  |TAMS 0x0000000083f00000, 0x0000000083f00000| Untracked 
|  64|0x0000000084000000, 0x0000000084000000, 0x0000000084100000|  0%| F|  |TAMS 0x0000000084000000, 0x0000000084000000| Untracked 
|  65|0x0000000084100000, 0x0000000084200000, 0x0000000084200000|100%| O|  |TAMS 0x0000000084200000, 0x0000000084100000| Complete 
|  66|0x0000000084200000, 0x0000000084300000, 0x0000000084300000|100%| O|  |TAMS 0x0000000084300000, 0x0000000084200000| Untracked 
|  67|0x0000000084300000, 0x0000000084400000, 0x0000000084400000|100%| O|  |TAMS 0x0000000084400000, 0x0000000084300000| Untracked 
|  68|0x0000000084400000, 0x0000000084500000, 0x0000000084500000|100%| O|  |TAMS 0x0000000084500000, 0x0000000084400000| Untracked 
|  69|0x0000000084500000, 0x0000000084600000, 0x0000000084600000|100%| O|  |TAMS 0x0000000084600000, 0x0000000084500000| Complete 
|  70|0x0000000084600000, 0x0000000084600000, 0x0000000084700000|  0%| F|  |TAMS 0x0000000084600000, 0x0000000084600000| Untracked 
|  71|0x0000000084700000, 0x0000000084800000, 0x0000000084800000|100%| O|  |TAMS 0x0000000084800000, 0x0000000084700000| Untracked 
|  72|0x0000000084800000, 0x0000000084900000, 0x0000000084900000|100%| O|  |TAMS 0x0000000084900000, 0x0000000084800000| Complete 
|  73|0x0000000084900000, 0x0000000084a00000, 0x0000000084a00000|100%| O|  |TAMS 0x0000000084a00000, 0x0000000084900000| Complete 
|  74|0x0000000084a00000, 0x0000000084b00000, 0x0000000084b00000|100%| O|  |TAMS 0x0000000084b00000, 0x0000000084a00000| Complete 
|  75|0x0000000084b00000, 0x0000000084b00000, 0x0000000084c00000|  0%| F|  |TAMS 0x0000000084b00000, 0x0000000084b00000| Untracked 
|  76|0x0000000084c00000, 0x0000000084d00000, 0x0000000084d00000|100%| O|  |TAMS 0x0000000084d00000, 0x0000000084c00000| Complete 
|  77|0x0000000084d00000, 0x0000000084e00000, 0x0000000084e00000|100%| O|  |TAMS 0x0000000084e00000, 0x0000000084d00000| Untracked 
|  78|0x0000000084e00000, 0x0000000084e00000, 0x0000000084f00000|  0%| F|  |TAMS 0x0000000084e00000, 0x0000000084e00000| Untracked 
|  79|0x0000000084f00000, 0x0000000085000000, 0x0000000085000000|100%| O|  |TAMS 0x0000000085000000, 0x0000000084f00000| Untracked 
|  80|0x0000000085000000, 0x0000000085100000, 0x0000000085100000|100%| O|  |TAMS 0x0000000085100000, 0x0000000085000000| Complete 
|  81|0x0000000085100000, 0x0000000085200000, 0x0000000085200000|100%| O|  |TAMS 0x0000000085200000, 0x0000000085100000| Complete 
|  82|0x0000000085200000, 0x0000000085300000, 0x0000000085300000|100%| O|  |TAMS 0x0000000085300000, 0x0000000085200000| Complete 
|  83|0x0000000085300000, 0x0000000085300000, 0x0000000085400000|  0%| F|  |TAMS 0x0000000085300000, 0x0000000085300000| Untracked 
|  84|0x0000000085400000, 0x0000000085400000, 0x0000000085500000|  0%| F|  |TAMS 0x0000000085400000, 0x0000000085400000| Untracked 
|  85|0x0000000085500000, 0x0000000085500000, 0x0000000085600000|  0%| F|  |TAMS 0x0000000085500000, 0x0000000085500000| Untracked 
|  86|0x0000000085600000, 0x0000000085700000, 0x0000000085700000|100%| O|  |TAMS 0x0000000085700000, 0x0000000085600000| Complete 
|  87|0x0000000085700000, 0x0000000085800000, 0x0000000085800000|100%| O|  |TAMS 0x0000000085800000, 0x0000000085700000| Complete 
|  88|0x0000000085800000, 0x0000000085900000, 0x0000000085900000|100%| O|  |TAMS 0x0000000085900000, 0x0000000085800000| Untracked 
|  89|0x0000000085900000, 0x0000000085a00000, 0x0000000085a00000|100%| O|  |TAMS 0x0000000085a00000, 0x0000000085900000| Untracked 
|  90|0x0000000085a00000, 0x0000000085b00000, 0x0000000085b00000|100%| O|  |TAMS 0x0000000085b00000, 0x0000000085a00000| Untracked 
|  91|0x0000000085b00000, 0x0000000085c00000, 0x0000000085c00000|100%| O|  |TAMS 0x0000000085c00000, 0x0000000085b00000| Untracked 
|  92|0x0000000085c00000, 0x0000000085d00000, 0x0000000085d00000|100%| O|  |TAMS 0x0000000085d00000, 0x0000000085c00000| Untracked 
|  93|0x0000000085d00000, 0x0000000085e00000, 0x0000000085e00000|100%| O|  |TAMS 0x0000000085e00000, 0x0000000085d00000| Untracked 
|  94|0x0000000085e00000, 0x0000000085f00000, 0x0000000085f00000|100%| O|  |TAMS 0x0000000085f00000, 0x0000000085e00000| Complete 
|  95|0x0000000085f00000, 0x0000000086000000, 0x0000000086000000|100%| O|  |TAMS 0x0000000086000000, 0x0000000085f00000| Complete 
|  96|0x0000000086000000, 0x0000000086000000, 0x0000000086100000|  0%| F|  |TAMS 0x0000000086000000, 0x0000000086000000| Untracked 
|  97|0x0000000086100000, 0x0000000086100000, 0x0000000086200000|  0%| F|  |TAMS 0x0000000086100000, 0x0000000086100000| Untracked 
|  98|0x0000000086200000, 0x0000000086300000, 0x0000000086300000|100%| O|  |TAMS 0x0000000086300000, 0x0000000086200000| Untracked 
|  99|0x0000000086300000, 0x0000000086400000, 0x0000000086400000|100%| O|  |TAMS 0x0000000086400000, 0x0000000086300000| Untracked 
| 100|0x0000000086400000, 0x0000000086500000, 0x0000000086500000|100%| O|  |TAMS 0x0000000086500000, 0x0000000086400000| Untracked 
| 101|0x0000000086500000, 0x0000000086600000, 0x0000000086600000|100%| O|  |TAMS 0x0000000086600000, 0x0000000086500000| Untracked 
| 102|0x0000000086600000, 0x0000000086700000, 0x0000000086700000|100%|HS|  |TAMS 0x0000000086700000, 0x0000000086600000| Complete 
| 103|0x0000000086700000, 0x0000000086800000, 0x0000000086800000|100%| O|  |TAMS 0x0000000086800000, 0x0000000086700000| Untracked 
| 104|0x0000000086800000, 0x0000000086900000, 0x0000000086900000|100%| O|  |TAMS 0x0000000086900000, 0x0000000086800000| Untracked 
| 105|0x0000000086900000, 0x0000000086a00000, 0x0000000086a00000|100%|HS|  |TAMS 0x0000000086a00000, 0x0000000086900000| Complete 
| 106|0x0000000086a00000, 0x0000000086b00000, 0x0000000086b00000|100%|HC|  |TAMS 0x0000000086b00000, 0x0000000086a00000| Complete 
| 107|0x0000000086b00000, 0x0000000086c00000, 0x0000000086c00000|100%|HS|  |TAMS 0x0000000086c00000, 0x0000000086b00000| Complete 
| 108|0x0000000086c00000, 0x0000000086d00000, 0x0000000086d00000|100%| O|  |TAMS 0x0000000086d00000, 0x0000000086c00000| Untracked 
| 109|0x0000000086d00000, 0x0000000086e00000, 0x0000000086e00000|100%|HS|  |TAMS 0x0000000086e00000, 0x0000000086d00000| Complete 
| 110|0x0000000086e00000, 0x0000000086f00000, 0x0000000086f00000|100%|HC|  |TAMS 0x0000000086f00000, 0x0000000086e00000| Complete 
| 111|0x0000000086f00000, 0x0000000087000000, 0x0000000087000000|100%|HS|  |TAMS 0x0000000087000000, 0x0000000086f00000| Complete 
| 112|0x0000000087000000, 0x0000000087100000, 0x0000000087100000|100%|HC|  |TAMS 0x0000000087100000, 0x0000000087000000| Complete 
| 113|0x0000000087100000, 0x0000000087200000, 0x0000000087200000|100%|HC|  |TAMS 0x0000000087200000, 0x0000000087100000| Complete 
| 114|0x0000000087200000, 0x0000000087300000, 0x0000000087300000|100%| O|  |TAMS 0x0000000087300000, 0x0000000087200000| Complete 
| 115|0x0000000087300000, 0x0000000087400000, 0x0000000087400000|100%| O|  |TAMS 0x0000000087400000, 0x0000000087300000| Complete 
| 116|0x0000000087400000, 0x0000000087500000, 0x0000000087500000|100%|HS|  |TAMS 0x0000000087400000, 0x0000000087400000| Complete 
| 117|0x0000000087500000, 0x0000000087600000, 0x0000000087600000|100%|HS|  |TAMS 0x0000000087500000, 0x0000000087500000| Complete 
| 118|0x0000000087600000, 0x0000000087700000, 0x0000000087700000|100%| O|  |TAMS 0x0000000087600000, 0x0000000087600000| Untracked 
| 119|0x0000000087700000, 0x0000000087800000, 0x0000000087800000|100%| O|  |TAMS 0x0000000087800000, 0x0000000087700000| Untracked 
| 120|0x0000000087800000, 0x0000000087900000, 0x0000000087900000|100%| O|  |TAMS 0x0000000087800000, 0x0000000087800000| Untracked 
| 121|0x0000000087900000, 0x0000000087900000, 0x0000000087a00000|  0%| F|  |TAMS 0x0000000087900000, 0x0000000087900000| Untracked 
| 122|0x0000000087a00000, 0x0000000087a00000, 0x0000000087b00000|  0%| F|  |TAMS 0x0000000087a00000, 0x0000000087a00000| Untracked 
| 123|0x0000000087b00000, 0x0000000087c00000, 0x0000000087c00000|100%| O|  |TAMS 0x0000000087c00000, 0x0000000087b00000| Untracked 
| 124|0x0000000087c00000, 0x0000000087d00000, 0x0000000087d00000|100%| O|  |TAMS 0x0000000087d00000, 0x0000000087c00000| Untracked 
| 125|0x0000000087d00000, 0x0000000087e00000, 0x0000000087e00000|100%| O|  |TAMS 0x0000000087e00000, 0x0000000087d00000| Untracked 
| 126|0x0000000087e00000, 0x0000000087f00000, 0x0000000087f00000|100%|HS|  |TAMS 0x0000000087f00000, 0x0000000087e00000| Complete 
| 127|0x0000000087f00000, 0x0000000087f00000, 0x0000000088000000|  0%| F|  |TAMS 0x0000000087f00000, 0x0000000087f00000| Untracked 
| 128|0x0000000088000000, 0x0000000088100000, 0x0000000088100000|100%|HS|  |TAMS 0x0000000088000000, 0x0000000088000000| Complete 
| 129|0x0000000088100000, 0x0000000088200000, 0x0000000088200000|100%|HC|  |TAMS 0x0000000088100000, 0x0000000088100000| Complete 
| 130|0x0000000088200000, 0x0000000088300000, 0x0000000088300000|100%| O|  |TAMS 0x0000000088300000, 0x0000000088200000| Complete 
| 131|0x0000000088300000, 0x0000000088400000, 0x0000000088400000|100%| O|  |TAMS 0x0000000088400000, 0x0000000088300000| Complete 
| 132|0x0000000088400000, 0x0000000088500000, 0x0000000088500000|100%| O|  |TAMS 0x0000000088500000, 0x0000000088400000| Untracked 
| 133|0x0000000088500000, 0x0000000088600000, 0x0000000088600000|100%| O|  |TAMS 0x0000000088500000, 0x0000000088500000| Untracked 
| 134|0x0000000088600000, 0x0000000088700000, 0x0000000088700000|100%|HS|  |TAMS 0x0000000088600000, 0x0000000088600000| Complete 
| 135|0x0000000088700000, 0x0000000088800000, 0x0000000088800000|100%|HS|  |TAMS 0x0000000088700000, 0x0000000088700000| Complete 
| 136|0x0000000088800000, 0x0000000088900000, 0x0000000088900000|100%|HS|  |TAMS 0x0000000088900000, 0x0000000088800000| Complete 
| 137|0x0000000088900000, 0x0000000088a00000, 0x0000000088a00000|100%| O|  |TAMS 0x0000000088a00000, 0x0000000088900000| Untracked 
| 138|0x0000000088a00000, 0x0000000088b00000, 0x0000000088b00000|100%| O|  |TAMS 0x0000000088b00000, 0x0000000088a00000| Complete 
| 139|0x0000000088b00000, 0x0000000088c00000, 0x0000000088c00000|100%| O|  |TAMS 0x0000000088c00000, 0x0000000088b00000| Untracked 
| 140|0x0000000088c00000, 0x0000000088d00000, 0x0000000088d00000|100%| O|  |TAMS 0x0000000088d00000, 0x0000000088c00000| Complete 
| 141|0x0000000088d00000, 0x0000000088e00000, 0x0000000088e00000|100%| O|  |TAMS 0x0000000088e00000, 0x0000000088d00000| Untracked 
| 142|0x0000000088e00000, 0x0000000088f00000, 0x0000000088f00000|100%| O|  |TAMS 0x0000000088f00000, 0x0000000088e00000| Untracked 
| 143|0x0000000088f00000, 0x0000000089000000, 0x0000000089000000|100%| O|  |TAMS 0x0000000089000000, 0x0000000088f00000| Complete 
| 144|0x0000000089000000, 0x0000000089100000, 0x0000000089100000|100%| O|  |TAMS 0x0000000089100000, 0x0000000089000000| Untracked 
| 145|0x0000000089100000, 0x0000000089200000, 0x0000000089200000|100%| O|  |TAMS 0x0000000089200000, 0x0000000089100000| Untracked 
| 146|0x0000000089200000, 0x0000000089300000, 0x0000000089300000|100%| O|  |TAMS 0x0000000089300000, 0x0000000089200000| Untracked 
| 147|0x0000000089300000, 0x0000000089400000, 0x0000000089400000|100%| O|  |TAMS 0x0000000089400000, 0x0000000089300000| Untracked 
| 148|0x0000000089400000, 0x0000000089500000, 0x0000000089500000|100%| O|  |TAMS 0x0000000089500000, 0x0000000089400000| Untracked 
| 149|0x0000000089500000, 0x0000000089600000, 0x0000000089600000|100%| O|  |TAMS 0x0000000089600000, 0x0000000089500000| Untracked 
| 150|0x0000000089600000, 0x0000000089700000, 0x0000000089700000|100%| O|  |TAMS 0x0000000089700000, 0x0000000089600000| Untracked 
| 151|0x0000000089700000, 0x0000000089800000, 0x0000000089800000|100%| O|  |TAMS 0x0000000089800000, 0x0000000089700000| Untracked 
| 152|0x0000000089800000, 0x0000000089900000, 0x0000000089900000|100%| O|  |TAMS 0x0000000089900000, 0x0000000089800000| Complete 
| 153|0x0000000089900000, 0x0000000089a00000, 0x0000000089a00000|100%| O|  |TAMS 0x0000000089a00000, 0x0000000089900000| Untracked 
| 154|0x0000000089a00000, 0x0000000089b00000, 0x0000000089b00000|100%| O|  |TAMS 0x0000000089b00000, 0x0000000089a00000| Complete 
| 155|0x0000000089b00000, 0x0000000089c00000, 0x0000000089c00000|100%| O|  |TAMS 0x0000000089c00000, 0x0000000089b00000| Complete 
| 156|0x0000000089c00000, 0x0000000089d00000, 0x0000000089d00000|100%| O|  |TAMS 0x0000000089d00000, 0x0000000089c00000| Complete 
| 157|0x0000000089d00000, 0x0000000089e00000, 0x0000000089e00000|100%| O|  |TAMS 0x0000000089e00000, 0x0000000089d00000| Complete 
| 158|0x0000000089e00000, 0x0000000089f00000, 0x0000000089f00000|100%| O|  |TAMS 0x0000000089f00000, 0x0000000089e00000| Untracked 
| 159|0x0000000089f00000, 0x000000008a000000, 0x000000008a000000|100%| O|  |TAMS 0x000000008a000000, 0x0000000089f00000| Complete 
| 160|0x000000008a000000, 0x000000008a100000, 0x000000008a100000|100%| O|  |TAMS 0x000000008a100000, 0x000000008a000000| Complete 
| 161|0x000000008a100000, 0x000000008a200000, 0x000000008a200000|100%| O|  |TAMS 0x000000008a200000, 0x000000008a100000| Complete 
| 162|0x000000008a200000, 0x000000008a300000, 0x000000008a300000|100%| O|  |TAMS 0x000000008a300000, 0x000000008a200000| Complete 
| 163|0x000000008a300000, 0x000000008a400000, 0x000000008a400000|100%| O|  |TAMS 0x000000008a400000, 0x000000008a300000| Complete 
| 164|0x000000008a400000, 0x000000008a400000, 0x000000008a500000|  0%| F|  |TAMS 0x000000008a400000, 0x000000008a400000| Untracked 
| 165|0x000000008a500000, 0x000000008a500000, 0x000000008a600000|  0%| F|  |TAMS 0x000000008a500000, 0x000000008a500000| Untracked 
| 166|0x000000008a600000, 0x000000008a700000, 0x000000008a700000|100%| O|  |TAMS 0x000000008a700000, 0x000000008a600000| Complete 
| 167|0x000000008a700000, 0x000000008a700000, 0x000000008a800000|  0%| F|  |TAMS 0x000000008a700000, 0x000000008a700000| Untracked 
| 168|0x000000008a800000, 0x000000008a900000, 0x000000008a900000|100%| O|  |TAMS 0x000000008a900000, 0x000000008a800000| Complete 
| 169|0x000000008a900000, 0x000000008aa00000, 0x000000008aa00000|100%| O|  |TAMS 0x000000008aa00000, 0x000000008a900000| Untracked 
| 170|0x000000008aa00000, 0x000000008ab00000, 0x000000008ab00000|100%| O|  |TAMS 0x000000008ab00000, 0x000000008aa00000| Untracked 
| 171|0x000000008ab00000, 0x000000008ac00000, 0x000000008ac00000|100%| O|  |TAMS 0x000000008ac00000, 0x000000008ab00000| Untracked 
| 172|0x000000008ac00000, 0x000000008ad00000, 0x000000008ad00000|100%| O|  |TAMS 0x000000008ad00000, 0x000000008ac00000| Untracked 
| 173|0x000000008ad00000, 0x000000008ad00000, 0x000000008ae00000|  0%| F|  |TAMS 0x000000008ad00000, 0x000000008ad00000| Untracked 
| 174|0x000000008ae00000, 0x000000008af00000, 0x000000008af00000|100%| O|  |TAMS 0x000000008af00000, 0x000000008ae00000| Complete 
| 175|0x000000008af00000, 0x000000008b000000, 0x000000008b000000|100%| O|  |TAMS 0x000000008b000000, 0x000000008af00000| Complete 
| 176|0x000000008b000000, 0x000000008b100000, 0x000000008b100000|100%| O|  |TAMS 0x000000008b100000, 0x000000008b000000| Complete 
| 177|0x000000008b100000, 0x000000008b200000, 0x000000008b200000|100%| O|  |TAMS 0x000000008b200000, 0x000000008b100000| Complete 
| 178|0x000000008b200000, 0x000000008b200000, 0x000000008b300000|  0%| F|  |TAMS 0x000000008b200000, 0x000000008b200000| Untracked 
| 179|0x000000008b300000, 0x000000008b300000, 0x000000008b400000|  0%| F|  |TAMS 0x000000008b300000, 0x000000008b300000| Untracked 
| 180|0x000000008b400000, 0x000000008b500000, 0x000000008b500000|100%| O|  |TAMS 0x000000008b500000, 0x000000008b400000| Complete 
| 181|0x000000008b500000, 0x000000008b600000, 0x000000008b600000|100%| O|  |TAMS 0x000000008b600000, 0x000000008b500000| Untracked 
| 182|0x000000008b600000, 0x000000008b700000, 0x000000008b700000|100%| O|  |TAMS 0x000000008b700000, 0x000000008b600000| Untracked 
| 183|0x000000008b700000, 0x000000008b800000, 0x000000008b800000|100%| O|  |TAMS 0x000000008b800000, 0x000000008b700000| Untracked 
| 184|0x000000008b800000, 0x000000008b900000, 0x000000008b900000|100%| O|  |TAMS 0x000000008b900000, 0x000000008b800000| Untracked 
| 185|0x000000008b900000, 0x000000008ba00000, 0x000000008ba00000|100%| O|  |TAMS 0x000000008ba00000, 0x000000008b900000| Complete 
| 186|0x000000008ba00000, 0x000000008bb00000, 0x000000008bb00000|100%| O|  |TAMS 0x000000008bb00000, 0x000000008ba00000| Complete 
| 187|0x000000008bb00000, 0x000000008bc00000, 0x000000008bc00000|100%| O|  |TAMS 0x000000008bb8aa00, 0x000000008bb00000| Untracked 
| 188|0x000000008bc00000, 0x000000008bd00000, 0x000000008bd00000|100%|HS|  |TAMS 0x000000008bc00000, 0x000000008bc00000| Complete 
| 189|0x000000008bd00000, 0x000000008be00000, 0x000000008be00000|100%|HS|  |TAMS 0x000000008bd00000, 0x000000008bd00000| Complete 
| 190|0x000000008be00000, 0x000000008bf00000, 0x000000008bf00000|100%|HS|  |TAMS 0x000000008be00000, 0x000000008be00000| Complete 
| 191|0x000000008bf00000, 0x000000008c000000, 0x000000008c000000|100%|HC|  |TAMS 0x000000008bf00000, 0x000000008bf00000| Complete 
| 192|0x000000008c000000, 0x000000008c100000, 0x000000008c100000|100%|HS|  |TAMS 0x000000008c000000, 0x000000008c000000| Complete 
| 193|0x000000008c100000, 0x000000008c200000, 0x000000008c200000|100%|HC|  |TAMS 0x000000008c100000, 0x000000008c100000| Complete 
| 194|0x000000008c200000, 0x000000008c300000, 0x000000008c300000|100%|HS|  |TAMS 0x000000008c200000, 0x000000008c200000| Complete 
| 195|0x000000008c300000, 0x000000008c400000, 0x000000008c400000|100%|HC|  |TAMS 0x000000008c300000, 0x000000008c300000| Complete 
| 196|0x000000008c400000, 0x000000008c500000, 0x000000008c500000|100%| O|  |TAMS 0x000000008c400000, 0x000000008c400000| Untracked 
| 197|0x000000008c500000, 0x000000008c600000, 0x000000008c600000|100%| O|  |TAMS 0x000000008c500000, 0x000000008c500000| Untracked 
| 198|0x000000008c600000, 0x000000008c700000, 0x000000008c700000|100%| O|  |TAMS 0x000000008c600000, 0x000000008c600000| Untracked 
| 199|0x000000008c700000, 0x000000008c800000, 0x000000008c800000|100%| O|  |TAMS 0x000000008c700000, 0x000000008c700000| Untracked 
| 200|0x000000008c800000, 0x000000008c900000, 0x000000008c900000|100%| O|  |TAMS 0x000000008c800000, 0x000000008c800000| Untracked 
| 201|0x000000008c900000, 0x000000008ca00000, 0x000000008ca00000|100%| O|  |TAMS 0x000000008c900000, 0x000000008c900000| Untracked 
| 202|0x000000008ca00000, 0x000000008cb00000, 0x000000008cb00000|100%| O|  |TAMS 0x000000008ca00000, 0x000000008ca00000| Untracked 
| 203|0x000000008cb00000, 0x000000008cc00000, 0x000000008cc00000|100%| O|  |TAMS 0x000000008cb00000, 0x000000008cb00000| Untracked 
| 204|0x000000008cc00000, 0x000000008cd00000, 0x000000008cd00000|100%| O|  |TAMS 0x000000008cc00000, 0x000000008cc00000| Untracked 
| 205|0x000000008cd00000, 0x000000008ce00000, 0x000000008ce00000|100%| O|  |TAMS 0x000000008cd00000, 0x000000008cd00000| Untracked 
| 206|0x000000008ce00000, 0x000000008cf00000, 0x000000008cf00000|100%| O|  |TAMS 0x000000008ce00000, 0x000000008ce00000| Untracked 
| 207|0x000000008cf00000, 0x000000008d000000, 0x000000008d000000|100%| O|  |TAMS 0x000000008cf00000, 0x000000008cf00000| Untracked 
| 208|0x000000008d000000, 0x000000008d100000, 0x000000008d100000|100%| O|  |TAMS 0x000000008d000000, 0x000000008d000000| Untracked 
| 209|0x000000008d100000, 0x000000008d200000, 0x000000008d200000|100%| O|  |TAMS 0x000000008d100000, 0x000000008d100000| Untracked 
| 210|0x000000008d200000, 0x000000008d300000, 0x000000008d300000|100%| O|  |TAMS 0x000000008d200000, 0x000000008d200000| Untracked 
| 211|0x000000008d300000, 0x000000008d400000, 0x000000008d400000|100%| O|  |TAMS 0x000000008d300000, 0x000000008d300000| Untracked 
| 212|0x000000008d400000, 0x000000008d500000, 0x000000008d500000|100%| O|  |TAMS 0x000000008d400000, 0x000000008d400000| Untracked 
| 213|0x000000008d500000, 0x000000008d51cc00, 0x000000008d600000| 11%| O|  |TAMS 0x000000008d500000, 0x000000008d500000| Untracked 
| 214|0x000000008d600000, 0x000000008d600000, 0x000000008d700000|  0%| F|  |TAMS 0x000000008d600000, 0x000000008d600000| Untracked 
| 215|0x000000008d700000, 0x000000008d700000, 0x000000008d800000|  0%| F|  |TAMS 0x000000008d700000, 0x000000008d700000| Untracked 
| 216|0x000000008d800000, 0x000000008d800000, 0x000000008d900000|  0%| F|  |TAMS 0x000000008d800000, 0x000000008d800000| Untracked 
| 217|0x000000008d900000, 0x000000008d900000, 0x000000008da00000|  0%| F|  |TAMS 0x000000008d900000, 0x000000008d900000| Untracked 
| 218|0x000000008da00000, 0x000000008da00000, 0x000000008db00000|  0%| F|  |TAMS 0x000000008da00000, 0x000000008da00000| Untracked 
| 219|0x000000008db00000, 0x000000008db00000, 0x000000008dc00000|  0%| F|  |TAMS 0x000000008db00000, 0x000000008db00000| Untracked 
| 220|0x000000008dc00000, 0x000000008dc00000, 0x000000008dd00000|  0%| F|  |TAMS 0x000000008dc00000, 0x000000008dc00000| Untracked 
| 221|0x000000008dd00000, 0x000000008dd00000, 0x000000008de00000|  0%| F|  |TAMS 0x000000008dd00000, 0x000000008dd00000| Untracked 
| 222|0x000000008de00000, 0x000000008de00000, 0x000000008df00000|  0%| F|  |TAMS 0x000000008de00000, 0x000000008de00000| Untracked 
| 223|0x000000008df00000, 0x000000008df00000, 0x000000008e000000|  0%| F|  |TAMS 0x000000008df00000, 0x000000008df00000| Untracked 
| 224|0x000000008e000000, 0x000000008e000000, 0x000000008e100000|  0%| F|  |TAMS 0x000000008e000000, 0x000000008e000000| Untracked 
| 225|0x000000008e100000, 0x000000008e100000, 0x000000008e200000|  0%| F|  |TAMS 0x000000008e100000, 0x000000008e100000| Untracked 
| 226|0x000000008e200000, 0x000000008e200000, 0x000000008e300000|  0%| F|  |TAMS 0x000000008e200000, 0x000000008e200000| Untracked 
| 227|0x000000008e300000, 0x000000008e300000, 0x000000008e400000|  0%| F|  |TAMS 0x000000008e300000, 0x000000008e300000| Untracked 
| 228|0x000000008e400000, 0x000000008e400000, 0x000000008e500000|  0%| F|  |TAMS 0x000000008e400000, 0x000000008e400000| Untracked 
| 229|0x000000008e500000, 0x000000008e500000, 0x000000008e600000|  0%| F|  |TAMS 0x000000008e500000, 0x000000008e500000| Untracked 
| 230|0x000000008e600000, 0x000000008e600000, 0x000000008e700000|  0%| F|  |TAMS 0x000000008e600000, 0x000000008e600000| Untracked 
| 231|0x000000008e700000, 0x000000008e700000, 0x000000008e800000|  0%| F|  |TAMS 0x000000008e700000, 0x000000008e700000| Untracked 
| 232|0x000000008e800000, 0x000000008e800000, 0x000000008e900000|  0%| F|  |TAMS 0x000000008e800000, 0x000000008e800000| Untracked 
| 233|0x000000008e900000, 0x000000008e900000, 0x000000008ea00000|  0%| F|  |TAMS 0x000000008e900000, 0x000000008e900000| Untracked 
| 234|0x000000008ea00000, 0x000000008ea00000, 0x000000008eb00000|  0%| F|  |TAMS 0x000000008ea00000, 0x000000008ea00000| Untracked 
| 235|0x000000008eb00000, 0x000000008eb00000, 0x000000008ec00000|  0%| F|  |TAMS 0x000000008eb00000, 0x000000008eb00000| Untracked 
| 236|0x000000008ec00000, 0x000000008ec00000, 0x000000008ed00000|  0%| F|  |TAMS 0x000000008ec00000, 0x000000008ec00000| Untracked 
| 237|0x000000008ed00000, 0x000000008ed00000, 0x000000008ee00000|  0%| F|  |TAMS 0x000000008ed00000, 0x000000008ed00000| Untracked 
| 238|0x000000008ee00000, 0x000000008ee00000, 0x000000008ef00000|  0%| F|  |TAMS 0x000000008ee00000, 0x000000008ee00000| Untracked 
| 239|0x000000008ef00000, 0x000000008ef00000, 0x000000008f000000|  0%| F|  |TAMS 0x000000008ef00000, 0x000000008ef00000| Untracked 
| 240|0x000000008f000000, 0x000000008f000000, 0x000000008f100000|  0%| F|  |TAMS 0x000000008f000000, 0x000000008f000000| Untracked 
| 241|0x000000008f100000, 0x000000008f100000, 0x000000008f200000|  0%| F|  |TAMS 0x000000008f100000, 0x000000008f100000| Untracked 
| 242|0x000000008f200000, 0x000000008f200000, 0x000000008f300000|  0%| F|  |TAMS 0x000000008f200000, 0x000000008f200000| Untracked 
| 243|0x000000008f300000, 0x000000008f300000, 0x000000008f400000|  0%| F|  |TAMS 0x000000008f300000, 0x000000008f300000| Untracked 
| 244|0x000000008f400000, 0x000000008f498c60, 0x000000008f500000| 59%| S|CS|TAMS 0x000000008f400000, 0x000000008f400000| Complete 
| 245|0x000000008f500000, 0x000000008f500000, 0x000000008f600000|  0%| F|  |TAMS 0x000000008f500000, 0x000000008f500000| Untracked 
| 246|0x000000008f600000, 0x000000008f600000, 0x000000008f700000|  0%| F|  |TAMS 0x000000008f600000, 0x000000008f600000| Untracked 
| 247|0x000000008f700000, 0x000000008f700000, 0x000000008f800000|  0%| F|  |TAMS 0x000000008f700000, 0x000000008f700000| Untracked 
| 248|0x000000008f800000, 0x000000008f800000, 0x000000008f900000|  0%| F|  |TAMS 0x000000008f800000, 0x000000008f800000| Untracked 
| 249|0x000000008f900000, 0x000000008f900000, 0x000000008fa00000|  0%| F|  |TAMS 0x000000008f900000, 0x000000008f900000| Untracked 
| 250|0x000000008fa00000, 0x000000008fa00000, 0x000000008fb00000|  0%| F|  |TAMS 0x000000008fa00000, 0x000000008fa00000| Untracked 
| 251|0x000000008fb00000, 0x000000008fb00000, 0x000000008fc00000|  0%| F|  |TAMS 0x000000008fb00000, 0x000000008fb00000| Untracked 
| 252|0x000000008fc00000, 0x000000008fc00000, 0x000000008fd00000|  0%| F|  |TAMS 0x000000008fc00000, 0x000000008fc00000| Untracked 
| 253|0x000000008fd00000, 0x000000008fd00000, 0x000000008fe00000|  0%| F|  |TAMS 0x000000008fd00000, 0x000000008fd00000| Untracked 
| 254|0x000000008fe00000, 0x000000008fe00000, 0x000000008ff00000|  0%| F|  |TAMS 0x000000008fe00000, 0x000000008fe00000| Untracked 
| 255|0x000000008ff00000, 0x000000008ff00000, 0x0000000090000000|  0%| F|  |TAMS 0x000000008ff00000, 0x000000008ff00000| Untracked 
| 256|0x0000000090000000, 0x0000000090100000, 0x0000000090100000|100%| O|  |TAMS 0x0000000090100000, 0x0000000090000000| Untracked 
| 257|0x0000000090100000, 0x0000000090200000, 0x0000000090200000|100%| O|  |TAMS 0x0000000090200000, 0x0000000090100000| Untracked 
| 258|0x0000000090200000, 0x0000000090300000, 0x0000000090300000|100%| O|  |TAMS 0x0000000090300000, 0x0000000090200000| Untracked 
| 259|0x0000000090300000, 0x0000000090400000, 0x0000000090400000|100%| O|  |TAMS 0x0000000090400000, 0x0000000090300000| Untracked 
| 260|0x0000000090400000, 0x0000000090500000, 0x0000000090500000|100%| O|  |TAMS 0x0000000090500000, 0x0000000090400000| Untracked 
| 261|0x0000000090500000, 0x0000000090600000, 0x0000000090600000|100%| O|  |TAMS 0x0000000090600000, 0x0000000090500000| Untracked 
| 262|0x0000000090600000, 0x0000000090700000, 0x0000000090700000|100%| O|  |TAMS 0x0000000090700000, 0x0000000090600000| Untracked 
| 263|0x0000000090700000, 0x0000000090800000, 0x0000000090800000|100%| O|  |TAMS 0x0000000090800000, 0x0000000090700000| Complete 
| 264|0x0000000090800000, 0x0000000090800000, 0x0000000090900000|  0%| F|  |TAMS 0x0000000090800000, 0x0000000090800000| Untracked 
| 265|0x0000000090900000, 0x0000000090900000, 0x0000000090a00000|  0%| F|  |TAMS 0x0000000090900000, 0x0000000090900000| Untracked 
| 266|0x0000000090a00000, 0x0000000090a00000, 0x0000000090b00000|  0%| F|  |TAMS 0x0000000090a00000, 0x0000000090a00000| Untracked 
| 267|0x0000000090b00000, 0x0000000090b00000, 0x0000000090c00000|  0%| F|  |TAMS 0x0000000090b00000, 0x0000000090b00000| Untracked 
| 268|0x0000000090c00000, 0x0000000090c00000, 0x0000000090d00000|  0%| F|  |TAMS 0x0000000090c00000, 0x0000000090c00000| Untracked 
| 269|0x0000000090d00000, 0x0000000090d00000, 0x0000000090e00000|  0%| F|  |TAMS 0x0000000090d00000, 0x0000000090d00000| Untracked 
| 270|0x0000000090e00000, 0x0000000090f00000, 0x0000000090f00000|100%| O|  |TAMS 0x0000000090f00000, 0x0000000090e00000| Complete 
| 271|0x0000000090f00000, 0x0000000091000000, 0x0000000091000000|100%| O|  |TAMS 0x0000000091000000, 0x0000000090f00000| Complete 
| 272|0x0000000091000000, 0x0000000091100000, 0x0000000091100000|100%| O|  |TAMS 0x0000000091100000, 0x0000000091000000| Complete 
| 273|0x0000000091100000, 0x0000000091200000, 0x0000000091200000|100%| O|  |TAMS 0x0000000091200000, 0x0000000091100000| Complete 

Card table byte_map: [0x000002317fc00000,0x0000023180000000] _byte_map_base: 0x000002317f800000

Marking Bits (Prev, Next): (CMBitMap*) 0x000002317ed8bbd8, (CMBitMap*) 0x000002317ed8bc10
 Prev Bits: [0x00000231141f0000, 0x00000231161f0000)
 Next Bits: [0x00000231161f0000, 0x00000231181f0000)

Polling page: 0x000002317ebd0000

Metaspace:

Usage:
  Non-class:    120.68 MB capacity,   118.74 MB ( 98%) used,     1.54 MB (  1%) free+waste,   417.56 KB ( <1%) overhead. 
      Class:     17.87 MB capacity,    16.64 MB ( 93%) used,     1.05 MB (  6%) free+waste,   178.69 KB ( <1%) overhead. 
       Both:    138.55 MB capacity,   135.38 MB ( 98%) used,     2.59 MB (  2%) free+waste,   596.25 KB ( <1%) overhead. 

Virtual space:
  Non-class space:      122.00 MB reserved,     120.75 MB ( 99%) committed 
      Class space:        1.00 GB reserved,      17.95 MB (  2%) committed 
             Both:        1.12 GB reserved,     138.70 MB ( 12%) committed 

Chunk freelists:
   Non-Class:  3.00 KB
       Class:  37.00 KB
        Both:  40.00 KB

MaxMetaspaceSize: 17179869184.00 GB
CompressedClassSpaceSize: 1.00 GB

CodeHeap 'non-profiled nmethods': size=120064Kb used=16535Kb max_used=16535Kb free=103528Kb
 bounds [0x000002310c8b0000, 0x000002310d8e0000, 0x0000023113df0000]
CodeHeap 'profiled nmethods': size=120000Kb used=51387Kb max_used=51387Kb free=68612Kb
 bounds [0x0000023105380000, 0x00000231085e0000, 0x000002310c8b0000]
CodeHeap 'non-nmethods': size=5696Kb used=2375Kb max_used=2466Kb free=3320Kb
 bounds [0x0000023104df0000, 0x0000023105060000, 0x0000023105380000]
 total_blobs=23258 nmethods=22250 adapters=918
 compilation: enabled
              stopped_count=0, restarted_count=0
 full_count=0

Compilation events (20 events):
Event: 256.961 Thread 0x000002311b12f800 24860       3       com.android.tools.r8.internal.oa::a (8 bytes)
Event: 256.962 Thread 0x000002311b12f800 nmethod 24860 0x00000231085d2f90 code [0x00000231085d3140, 0x00000231085d32e8]
Event: 256.966 Thread 0x000002311b12f800 24869 %     3       com.android.tools.r8.internal.Oz::f @ 58 (191 bytes)
Event: 256.968 Thread 0x000002311b12f800 nmethod 24869% 0x00000231085d3390 code [0x00000231085d3640, 0x00000231085d4438]
Event: 256.969 Thread 0x00000231221de000 nmethod 24854 0x000002310d8d1b90 code [0x000002310d8d1d60, 0x000002310d8d22a8]
Event: 256.969 Thread 0x00000231221de000 24856       4       com.android.tools.r8.internal.Oz::a (109 bytes)
Event: 256.974 Thread 0x00000231221de000 nmethod 24856 0x000002310d8d2710 code [0x000002310d8d28c0, 0x000002310d8d2b28]
Event: 256.974 Thread 0x00000231221de000 24867       4       com.android.tools.r8.internal.Oz::a (176 bytes)
Event: 256.976 Thread 0x000002311b12c800 nmethod 24851 0x000002310d8d2d10 code [0x000002310d8d2f40, 0x000002310d8d3ab8]
Event: 256.976 Thread 0x000002311b12c800 24868       4       com.android.tools.r8.internal.Su$b::a (155 bytes)
Event: 256.989 Thread 0x000002311b12f800 24870       3       java.lang.management.DefaultPlatformMBeanProvider$6::nameToMBeanMap (85 bytes)
Event: 256.990 Thread 0x000002311b12f800 nmethod 24870 0x00000231085d4a10 code [0x00000231085d4cc0, 0x00000231085d5878]
Event: 256.990 Thread 0x000002311b12f800 24871  s    3       sun.management.MemoryImpl::getMemoryPools (16 bytes)
Event: 256.990 Thread 0x000002311b12f800 nmethod 24871 0x00000231085d5c10 code [0x00000231085d5de0, 0x00000231085d6128]
Event: 257.019 Thread 0x00000231221de000 nmethod 24867 0x000002310d8d4310 code [0x000002310d8d4580, 0x000002310d8d5898]
Event: 257.019 Thread 0x00000231221de000 24873       4       com.android.tools.r8.internal.Su::a (40 bytes)
Event: 257.028 Thread 0x000002311b12f800 24875       2       com.android.tools.r8.graph.a0$$Lambda$1473/0x00000001010c9c40::a (5 bytes)
Event: 257.029 Thread 0x000002311b12f800 nmethod 24875 0x00000231085d6210 code [0x00000231085d6400, 0x00000231085d6628]
Event: 257.029 Thread 0x000002311b12f800 24876       2       com.android.tools.r8.internal.g8::a (101 bytes)
Event: 257.029 Thread 0x000002311b12f800 nmethod 24876 0x00000231085d6790 code [0x00000231085d6980, 0x00000231085d6c28]

GC Heap History (20 events):
Event: 250.998 GC heap after
{Heap after GC invocations=38 (full 0):
 garbage-first heap   total 262144K, used 124647K [0x0000000080000000, 0x0000000100000000)
  region size 1024K, 8 young (8192K), 8 survivors (8192K)
 Metaspace       used 137236K, capacity 140461K, committed 140620K, reserved 1171456K
  class space    used 16890K, capacity 18133K, committed 18252K, reserved 1048576K
}
Event: 252.649 GC heap before
{Heap before GC invocations=39 (full 0):
 garbage-first heap   total 262144K, used 239335K [0x0000000080000000, 0x0000000100000000)
  region size 1024K, 98 young (100352K), 8 survivors (8192K)
 Metaspace       used 138313K, capacity 141575K, committed 141772K, reserved 1173504K
  class space    used 17045K, capacity 18329K, committed 18380K, reserved 1048576K
}
Event: 252.721 GC heap after
{Heap after GC invocations=40 (full 0):
 garbage-first heap   total 280576K, used 170071K [0x0000000080000000, 0x0000000100000000)
  region size 1024K, 13 young (13312K), 13 survivors (13312K)
 Metaspace       used 138313K, capacity 141575K, committed 141772K, reserved 1173504K
  class space    used 17045K, capacity 18329K, committed 18380K, reserved 1048576K
}
Event: 252.742 GC heap before
{Heap before GC invocations=40 (full 0):
 garbage-first heap   total 280576K, used 171095K [0x0000000080000000, 0x0000000100000000)
  region size 1024K, 14 young (14336K), 13 survivors (13312K)
 Metaspace       used 138313K, capacity 141575K, committed 141772K, reserved 1173504K
  class space    used 17045K, capacity 18329K, committed 18380K, reserved 1048576K
}
Event: 252.782 GC heap after
{Heap after GC invocations=41 (full 0):
 garbage-first heap   total 280576K, used 171414K [0x0000000080000000, 0x0000000100000000)
  region size 1024K, 2 young (2048K), 2 survivors (2048K)
 Metaspace       used 138313K, capacity 141575K, committed 141772K, reserved 1173504K
  class space    used 17045K, capacity 18329K, committed 18380K, reserved 1048576K
}
Event: 253.298 GC heap before
{Heap before GC invocations=41 (full 0):
 garbage-first heap   total 280576K, used 223638K [0x0000000080000000, 0x0000000100000000)
  region size 1024K, 54 young (55296K), 2 survivors (2048K)
 Metaspace       used 138336K, capacity 141641K, committed 141772K, reserved 1173504K
  class space    used 17045K, capacity 18329K, committed 18380K, reserved 1048576K
}
Event: 253.344 GC heap after
{Heap after GC invocations=42 (full 0):
 garbage-first heap   total 280576K, used 198144K [0x0000000080000000, 0x0000000100000000)
  region size 1024K, 7 young (7168K), 7 survivors (7168K)
 Metaspace       used 138336K, capacity 141641K, committed 141772K, reserved 1173504K
  class space    used 17045K, capacity 18329K, committed 18380K, reserved 1048576K
}
Event: 254.447 GC heap before
{Heap before GC invocations=43 (full 0):
 garbage-first heap   total 280576K, used 225792K [0x0000000080000000, 0x0000000100000000)
  region size 1024K, 35 young (35840K), 7 survivors (7168K)
 Metaspace       used 138456K, capacity 141706K, committed 142028K, reserved 1173504K
  class space    used 17035K, capacity 18291K, committed 18380K, reserved 1048576K
}
Event: 254.487 GC heap after
{Heap after GC invocations=44 (full 0):
 garbage-first heap   total 280576K, used 207360K [0x0000000080000000, 0x0000000100000000)
  region size 1024K, 5 young (5120K), 5 survivors (5120K)
 Metaspace       used 138456K, capacity 141706K, committed 142028K, reserved 1173504K
  class space    used 17035K, capacity 18291K, committed 18380K, reserved 1048576K
}
Event: 254.601 GC heap before
{Heap before GC invocations=44 (full 0):
 garbage-first heap   total 280576K, used 215552K [0x0000000080000000, 0x0000000100000000)
  region size 1024K, 13 young (13312K), 5 survivors (5120K)
 Metaspace       used 138461K, capacity 141708K, committed 142028K, reserved 1173504K
  class space    used 17035K, capacity 18291K, committed 18380K, reserved 1048576K
}
Event: 254.623 GC heap after
{Heap after GC invocations=45 (full 0):
 garbage-first heap   total 280576K, used 208404K [0x0000000080000000, 0x0000000100000000)
  region size 1024K, 2 young (2048K), 2 survivors (2048K)
 Metaspace       used 138461K, capacity 141708K, committed 142028K, reserved 1173504K
  class space    used 17035K, capacity 18291K, committed 18380K, reserved 1048576K
}
Event: 255.070 GC heap before
{Heap before GC invocations=45 (full 0):
 garbage-first heap   total 280576K, used 231956K [0x0000000080000000, 0x0000000100000000)
  region size 1024K, 25 young (25600K), 2 survivors (2048K)
 Metaspace       used 138542K, capacity 141807K, committed 142028K, reserved 1173504K
  class space    used 17041K, capacity 18299K, committed 18380K, reserved 1048576K
}
Event: 255.079 GC heap after
{Heap after GC invocations=46 (full 0):
 garbage-first heap   total 280576K, used 210692K [0x0000000080000000, 0x0000000100000000)
  region size 1024K, 4 young (4096K), 4 survivors (4096K)
 Metaspace       used 138542K, capacity 141807K, committed 142028K, reserved 1173504K
  class space    used 17041K, capacity 18299K, committed 18380K, reserved 1048576K
}
Event: 255.354 GC heap before
{Heap before GC invocations=46 (full 0):
 garbage-first heap   total 280576K, used 225028K [0x0000000080000000, 0x0000000100000000)
  region size 1024K, 20 young (20480K), 4 survivors (4096K)
 Metaspace       used 138578K, capacity 141876K, committed 142028K, reserved 1173504K
  class space    used 17042K, capacity 18299K, committed 18380K, reserved 1048576K
}
Event: 255.366 GC heap after
{Heap after GC invocations=47 (full 0):
 garbage-first heap   total 280576K, used 212650K [0x0000000080000000, 0x0000000100000000)
  region size 1024K, 3 young (3072K), 3 survivors (3072K)
 Metaspace       used 138578K, capacity 141876K, committed 142028K, reserved 1173504K
  class space    used 17042K, capacity 18299K, committed 18380K, reserved 1048576K
}
Event: 255.993 GC heap before
{Heap before GC invocations=47 (full 0):
 garbage-first heap   total 280576K, used 241322K [0x0000000080000000, 0x0000000100000000)
  region size 1024K, 25 young (25600K), 3 survivors (3072K)
 Metaspace       used 138587K, capacity 141876K, committed 142028K, reserved 1173504K
  class space    used 17042K, capacity 18299K, committed 18380K, reserved 1048576K
}
Event: 256.013 GC heap after
{Heap after GC invocations=48 (full 0):
 garbage-first heap   total 280576K, used 220617K [0x0000000080000000, 0x0000000100000000)
  region size 1024K, 4 young (4096K), 4 survivors (4096K)
 Metaspace       used 138587K, capacity 141876K, committed 142028K, reserved 1173504K
  class space    used 17042K, capacity 18299K, committed 18380K, reserved 1048576K
}
Event: 257.085 GC heap before
{Heap before GC invocations=49 (full 0):
 garbage-first heap   total 280576K, used 233929K [0x0000000080000000, 0x0000000100000000)
  region size 1024K, 23 young (23552K), 4 survivors (4096K)
 Metaspace       used 138628K, capacity 141880K, committed 142028K, reserved 1173504K
  class space    used 17042K, capacity 18299K, committed 18380K, reserved 1048576K
}
Event: 257.114 GC heap after
{Heap after GC invocations=50 (full 0):
 garbage-first heap   total 280576K, used 216626K [0x0000000080000000, 0x0000000100000000)
  region size 1024K, 2 young (2048K), 2 survivors (2048K)
 Metaspace       used 138628K, capacity 141880K, committed 142028K, reserved 1173504K
  class space    used 17042K, capacity 18299K, committed 18380K, reserved 1048576K
}
Event: 257.484 GC heap before
{Heap before GC invocations=50 (full 0):
 garbage-first heap   total 280576K, used 230962K [0x0000000080000000, 0x0000000100000000)
  region size 1024K, 13 young (13312K), 2 survivors (2048K)
 Metaspace       used 138628K, capacity 141880K, committed 142028K, reserved 1173504K
  class space    used 17042K, capacity 18299K, committed 18380K, reserved 1048576K
}

Deoptimization events (20 events):
Event: 256.740 Thread 0x00000231221d6800 DEOPT PACKING pc=0x0000023105c73dc8 sp=0x0000005c148fe5f0
Event: 256.740 Thread 0x00000231221d6800 DEOPT UNPACKING pc=0x0000023104e176ce sp=0x0000005c148fdad8 mode 0
Event: 256.742 Thread 0x00000231221d6800 DEOPT PACKING pc=0x0000023105c73dc8 sp=0x0000005c148fe5f0
Event: 256.742 Thread 0x00000231221d6800 DEOPT UNPACKING pc=0x0000023104e176ce sp=0x0000005c148fdad8 mode 0
Event: 256.744 Thread 0x00000231221d6800 DEOPT PACKING pc=0x0000023105c73dc8 sp=0x0000005c148fe5f0
Event: 256.744 Thread 0x00000231221d6800 DEOPT UNPACKING pc=0x0000023104e176ce sp=0x0000005c148fdad8 mode 0
Event: 256.745 Thread 0x00000231221d6800 DEOPT PACKING pc=0x0000023105c73dc8 sp=0x0000005c148fe5f0
Event: 256.745 Thread 0x00000231221d6800 DEOPT UNPACKING pc=0x0000023104e176ce sp=0x0000005c148fdad8 mode 0
Event: 256.827 Thread 0x00000231221d6800 DEOPT PACKING pc=0x0000023105c73dc8 sp=0x0000005c148fe5f0
Event: 256.827 Thread 0x00000231221d6800 DEOPT UNPACKING pc=0x0000023104e176ce sp=0x0000005c148fdad8 mode 0
Event: 256.843 Thread 0x00000231221d6800 DEOPT PACKING pc=0x0000023105b84f61 sp=0x0000005c148fe5e0
Event: 256.843 Thread 0x00000231221d6800 DEOPT UNPACKING pc=0x0000023104e176ce sp=0x0000005c148fdad0 mode 0
Event: 256.956 Thread 0x00000231221d6800 Uncommon trap: trap_request=0xffffff4d fr.pc=0x000002310d8c3bb4 relative=0x00000000000003d4
Event: 256.956 Thread 0x00000231221d6800 Uncommon trap: reason=unstable_if action=reinterpret pc=0x000002310d8c3bb4 method=com.android.tools.r8.internal.Kz.a(Ljava/lang/Object;I)I @ 124 c2
Event: 256.956 Thread 0x00000231221d6800 DEOPT PACKING pc=0x000002310d8c3bb4 sp=0x0000005c148fe830
Event: 256.956 Thread 0x00000231221d6800 DEOPT UNPACKING pc=0x0000023104e178af sp=0x0000005c148fe7f0 mode 2
Event: 257.450 Thread 0x00000231221e2000 Uncommon trap: trap_request=0xffffffde fr.pc=0x000002310cc9d7cc relative=0x00000000000001ec
Event: 257.450 Thread 0x00000231221e2000 Uncommon trap: reason=class_check action=maybe_recompile pc=0x000002310cc9d7cc method=java.lang.ThreadLocal.setInitialValue()Ljava/lang/Object; @ 31 c2
Event: 257.450 Thread 0x00000231221e2000 DEOPT PACKING pc=0x000002310cc9d7cc sp=0x0000005c151fee00
Event: 257.450 Thread 0x00000231221e2000 DEOPT UNPACKING pc=0x0000023104e178af sp=0x0000005c151fed20 mode 2

Classes redefined (0 events):
No events

Internal exceptions (20 events):
Event: 241.493 Thread 0x000002311ea71000 Exception <a 'java/lang/NoSuchMethodError'{0x000000008caf2518}: 'java.lang.Object java.lang.invoke.DirectMethodHandle$Holder.newInvokeSpecial(java.lang.Object, int)'> (0x000000008caf2518) thrown at [./src/hotspot/share/interpreter/linkResolver.cpp, line 773]
Event: 241.979 Thread 0x000002311ea71000 Exception <a 'java/lang/NoSuchMethodError'{0x000000008c5a0c38}: 'java.lang.Object java.lang.invoke.DirectMethodHandle$Holder.invokeInterface(java.lang.Object, java.lang.Object, int)'> (0x000000008c5a0c38) thrown at [./src/hotspot/share/interpreter/linkResolver.cpp, line 773]
Event: 244.191 Thread 0x000002311eb2b800 Exception <a 'java/lang/NoSuchMethodError'{0x000000008d7fda40}: 'void java.lang.invoke.DirectMethodHandle$Holder.invokeSpecial(java.lang.Object, java.lang.Object, int, java.lang.Object, java.lang.Object, java.lang.Object, java.lang.Object)'> (0x000000008d7fda40) thrown at [./src/hotspot/share/interpreter/linkResolver.cpp, line 773]
Event: 244.192 Thread 0x000002311eb2b800 Exception <a 'java/lang/NoSuchMethodError'{0x000000008d609a08}: 'java.lang.Object java.lang.invoke.Invokers$Holder.linkToTargetMethod(java.lang.Object, int, java.lang.Object, java.lang.Object, java.lang.Object, java.lang.Object)'> (0x000000008d609a08) thrown at [./src/hotspot/share/interpreter/linkResolver.cpp, line 773]
Event: 244.193 Thread 0x000002311eb2b800 Exception <a 'java/lang/NoSuchMethodError'{0x000000008d60deb8}: 'void java.lang.invoke.DirectMethodHandle$Holder.invokeSpecial(java.lang.Object, java.lang.Object, java.lang.Object, java.lang.Object, java.lang.Object, java.lang.Object, java.lang.Object, java.lang.Object, java.lang.Object)'> (0x000000008d60deb8) thrown at [./src/hotspot/share/interpreter/linkResolver.cpp, line 773]
Event: 244.197 Thread 0x000002311eb2b800 Exception <a 'java/lang/NoSuchMethodError'{0x000000008d628a78}: 'void java.lang.invoke.DirectMethodHandle$Holder.invokeStatic(java.lang.Object, java.lang.Object, java.lang.Object, java.lang.Object, java.lang.Object, java.lang.Object, java.lang.Object, java.lang.Object)'> (0x000000008d628a78) thrown at [./src/hotspot/share/interpreter/linkResolver.cpp, line 773]
Event: 244.547 Thread 0x000002311eb2b800 Exception <a 'java/lang/IncompatibleClassChangeError'{0x000000008cdad608}: Found class java.lang.Object, but interface was expected> (0x000000008cdad608) thrown at [./src/hotspot/share/interpreter/linkResolver.cpp, line 839]
Event: 244.908 Thread 0x000002311eb2b800 Exception <a 'java/lang/NoSuchMethodError'{0x000000008c03d8f8}: 'void java.lang.invoke.DirectMethodHandle$Holder.invokeVirtual(java.lang.Object, java.lang.Object, int)'> (0x000000008c03d8f8) thrown at [./src/hotspot/share/interpreter/linkResolver.cpp, line 773]
Event: 245.148 Thread 0x000002311eb2b800 Exception <a 'sun/nio/fs/WindowsException'{0x000000008bcdbeb0}> (0x000000008bcdbeb0) thrown at [./src/hotspot/share/prims/jni.cpp, line 615]
Event: 245.662 Thread 0x000002311ea71000 Exception <a 'java/lang/NoSuchMethodError'{0x000000008aded770}: 'int java.lang.invoke.DirectMethodHandle$Holder.invokeInterface(java.lang.Object, java.lang.Object, int)'> (0x000000008aded770) thrown at [./src/hotspot/share/interpreter/linkResolver.cpp, line 773]
Event: 249.053 Thread 0x000002311ea71000 Exception <a 'sun/nio/fs/WindowsException'{0x000000008edd5788}> (0x000000008edd5788) thrown at [./src/hotspot/share/prims/jni.cpp, line 615]
Event: 250.443 Thread 0x00000231221d9800 Exception <a 'sun/nio/fs/WindowsException'{0x000000008d076ad0}> (0x000000008d076ad0) thrown at [./src/hotspot/share/prims/jni.cpp, line 615]
Event: 250.446 Thread 0x00000231221d9800 Exception <a 'sun/nio/fs/WindowsException'{0x000000008d090988}> (0x000000008d090988) thrown at [./src/hotspot/share/prims/jni.cpp, line 615]
Event: 250.446 Thread 0x00000231221d9800 Exception <a 'sun/nio/fs/WindowsException'{0x000000008d090a70}> (0x000000008d090a70) thrown at [./src/hotspot/share/prims/jni.cpp, line 615]
Event: 250.890 Thread 0x000002311eb26800 Exception <a 'sun/nio/fs/WindowsException'{0x000000008ba5e4f8}> (0x000000008ba5e4f8) thrown at [./src/hotspot/share/prims/jni.cpp, line 615]
Event: 250.911 Thread 0x000002311ea69800 Exception <a 'sun/nio/fs/WindowsException'{0x000000008ba84130}> (0x000000008ba84130) thrown at [./src/hotspot/share/prims/jni.cpp, line 615]
Event: 251.081 Thread 0x000002311d527800 Exception <a 'sun/nio/fs/WindowsException'{0x000000008ffbea48}> (0x000000008ffbea48) thrown at [./src/hotspot/share/prims/jni.cpp, line 615]
Event: 251.780 Thread 0x000002311eb2b800 Exception <a 'sun/nio/fs/WindowsException'{0x000000008e751450}> (0x000000008e751450) thrown at [./src/hotspot/share/prims/jni.cpp, line 615]
Event: 251.781 Thread 0x000002311eb2c800 Exception <a 'sun/nio/fs/WindowsException'{0x000000008e795840}> (0x000000008e795840) thrown at [./src/hotspot/share/prims/jni.cpp, line 615]
Event: 254.304 Thread 0x000002311d527800 Exception <a 'java/lang/IncompatibleClassChangeError'{0x000000008e682b18}: Found class java.lang.Object, but interface was expected> (0x000000008e682b18) thrown at [./src/hotspot/share/interpreter/linkResolver.cpp, line 839]

Events (20 events):
Event: 255.155 loading class com/android/tools/r8/graph/v0$a done
Event: 255.354 Executing VM operation: G1CollectForAllocation
Event: 255.366 Executing VM operation: G1CollectForAllocation done
Event: 255.993 Executing VM operation: G1CollectForAllocation
Event: 256.013 Executing VM operation: G1CollectForAllocation done
Event: 256.062 Executing VM operation: CGC_Operation
Event: 256.099 Executing VM operation: CGC_Operation done
Event: 256.493 Executing VM operation: CGC_Operation
Event: 256.504 Executing VM operation: CGC_Operation done
Event: 257.085 Executing VM operation: G1CollectForAllocation
Event: 257.114 Executing VM operation: G1CollectForAllocation done
Event: 257.148 Executing VM operation: RevokeBias
Event: 257.161 Executing VM operation: RevokeBias done
Event: 257.161 Executing VM operation: RevokeBias
Event: 257.162 Executing VM operation: RevokeBias done
Event: 257.162 Executing VM operation: RevokeBias
Event: 257.162 Executing VM operation: RevokeBias done
Event: 257.162 Thread 0x00000231221e2000 Thread exited: 0x00000231221e2000
Event: 257.175 Thread 0x00000231221e2000 Thread added: 0x00000231221e2000
Event: 257.484 Executing VM operation: G1CollectForAllocation


Dynamic libraries:
0x00007ff688e40000 - 0x00007ff688e4a000 	D:\xdman\android\android-studio\jre\bin\java.exe
0x00007ffa4f6f0000 - 0x00007ffa4f8e5000 	C:\Windows\SYSTEM32\ntdll.dll
0x00007ffa4ed80000 - 0x00007ffa4ee3d000 	C:\Windows\System32\KERNEL32.DLL
0x00007ffa4cf60000 - 0x00007ffa4d229000 	C:\Windows\System32\KERNELBASE.dll
0x00007ffa4d230000 - 0x00007ffa4d330000 	C:\Windows\System32\ucrtbase.dll
0x00007ffa47200000 - 0x00007ffa47219000 	D:\xdman\android\android-studio\jre\bin\jli.dll
0x00007ffa4d9a0000 - 0x00007ffa4db40000 	C:\Windows\System32\USER32.dll
0x00007ffa4ce80000 - 0x00007ffa4cea2000 	C:\Windows\System32\win32u.dll
0x00007ffa4deb0000 - 0x00007ffa4deda000 	C:\Windows\System32\GDI32.dll
0x00007ffa4d3c0000 - 0x00007ffa4d4cb000 	C:\Windows\System32\gdi32full.dll
0x00007ffa4d6c0000 - 0x00007ffa4d75d000 	C:\Windows\System32\msvcp_win.dll
0x00007ffa453d0000 - 0x00007ffa453e7000 	D:\xdman\android\android-studio\jre\bin\VCRUNTIME140.dll
0x00007ffa35b00000 - 0x00007ffa35d9a000 	C:\Windows\WinSxS\amd64_microsoft.windows.common-controls_6595b64144ccf1df_6.0.19041.1110_none_60b5254171f9507e\COMCTL32.dll
0x00007ffa4eb30000 - 0x00007ffa4ebce000 	C:\Windows\System32\msvcrt.dll
0x00007ffa4e860000 - 0x00007ffa4e890000 	C:\Windows\System32\IMM32.DLL
0x00007ffa45330000 - 0x00007ffa453cd000 	D:\xdman\android\android-studio\jre\bin\msvcp140.dll
0x00007ff9d3e20000 - 0x00007ff9d48ef000 	D:\xdman\android\android-studio\jre\bin\server\jvm.dll
0x00007ffa4dbd0000 - 0x00007ffa4dc7c000 	C:\Windows\System32\ADVAPI32.dll
0x00007ffa4e890000 - 0x00007ffa4e92b000 	C:\Windows\System32\sechost.dll
0x00007ffa4e710000 - 0x00007ffa4e83a000 	C:\Windows\System32\RPCRT4.dll
0x00007ffa4d8d0000 - 0x00007ffa4d8d8000 	C:\Windows\System32\PSAPI.DLL
0x00007ffa32590000 - 0x00007ffa32599000 	C:\Windows\SYSTEM32\WSOCK32.dll
0x00007ffa4eac0000 - 0x00007ffa4eb2b000 	C:\Windows\System32\WS2_32.dll
0x00007ffa27dc0000 - 0x00007ffa27de7000 	C:\Windows\SYSTEM32\WINMM.dll
0x00007ffa3a4f0000 - 0x00007ffa3a4fa000 	C:\Windows\SYSTEM32\VERSION.dll
0x00007ffa4b6b0000 - 0x00007ffa4b6c2000 	C:\Windows\SYSTEM32\kernel.appcore.dll
0x00007ffa1a070000 - 0x00007ffa1a081000 	D:\xdman\android\android-studio\jre\bin\verify.dll
0x00007ffa47bd0000 - 0x00007ffa47db4000 	C:\Windows\SYSTEM32\DBGHELP.DLL
0x00007ffa34d90000 - 0x00007ffa34dbc000 	C:\Windows\SYSTEM32\dbgcore.DLL
0x00007ffa4d630000 - 0x00007ffa4d6b3000 	C:\Windows\System32\bcryptPrimitives.dll
0x00007ff9ffa80000 - 0x00007ff9ffaa9000 	D:\xdman\android\android-studio\jre\bin\java.dll
0x00007ffa38b90000 - 0x00007ffa38b9b000 	D:\xdman\android\android-studio\jre\bin\jimage.dll
0x00007ffa37b10000 - 0x00007ffa37b28000 	D:\xdman\android\android-studio\jre\bin\zip.dll
0x00007ffa4ee40000 - 0x00007ffa4f57f000 	C:\Windows\System32\SHELL32.dll
0x00007ffa47dc0000 - 0x00007ffa48551000 	C:\Windows\SYSTEM32\windows.storage.dll
0x00007ffa4dee0000 - 0x00007ffa4e235000 	C:\Windows\System32\combase.dll
0x00007ffa4c750000 - 0x00007ffa4c77c000 	C:\Windows\SYSTEM32\Wldp.dll
0x00007ffa4e930000 - 0x00007ffa4e9de000 	C:\Windows\System32\SHCORE.dll
0x00007ffa4d940000 - 0x00007ffa4d995000 	C:\Windows\System32\shlwapi.dll
0x00007ffa4cd70000 - 0x00007ffa4cd8f000 	C:\Windows\SYSTEM32\profapi.dll
0x00007ff9fd5c0000 - 0x00007ff9fd5da000 	D:\xdman\android\android-studio\jre\bin\net.dll
0x00007ffa3adc0000 - 0x00007ffa3aeca000 	C:\Windows\SYSTEM32\WINHTTP.dll
0x00007ffa4c530000 - 0x00007ffa4c59a000 	C:\Windows\system32\mswsock.dll
0x00007ff9fd5a0000 - 0x00007ff9fd5b4000 	D:\xdman\android\android-studio\jre\bin\nio.dll
0x00007ffa435b0000 - 0x00007ffa435d7000 	C:\Users\shimu\.gradle\native\8bec1ad78214c89d9ad589b4d07fe93259594b29d510b10fafb7a158f7737e5d\windows-amd64\native-platform.dll
0x00007ffa1ebd0000 - 0x00007ffa1ed0d000 	C:\Users\shimu\.gradle\native\53dbd7edfb1c66fb8903c78663c9afc45aea4f116125fa6feffd364cf09443e8\windows-amd64\native-platform-file-events.dll
0x00007ffa387d0000 - 0x00007ffa387da000 	D:\xdman\android\android-studio\jre\bin\management.dll
0x00007ffa32580000 - 0x00007ffa3258c000 	D:\xdman\android\android-studio\jre\bin\management_ext.dll
0x00007ffa4c790000 - 0x00007ffa4c7a8000 	C:\Windows\SYSTEM32\CRYPTSP.dll
0x00007ffa4be90000 - 0x00007ffa4bec4000 	C:\Windows\system32\rsaenh.dll
0x00007ffa4d390000 - 0x00007ffa4d3b7000 	C:\Windows\System32\bcrypt.dll
0x00007ffa4cd30000 - 0x00007ffa4cd5e000 	C:\Windows\SYSTEM32\USERENV.dll
0x00007ffa4c6b0000 - 0x00007ffa4c6bc000 	C:\Windows\SYSTEM32\CRYPTBASE.dll
0x00007ffa4c240000 - 0x00007ffa4c27b000 	C:\Windows\SYSTEM32\IPHLPAPI.DLL
0x00007ffa4d7f0000 - 0x00007ffa4d7f8000 	C:\Windows\System32\NSI.dll
0x00007ffa400d0000 - 0x00007ffa400e7000 	C:\Windows\SYSTEM32\dhcpcsvc6.DLL
0x00007ffa400b0000 - 0x00007ffa400cd000 	C:\Windows\SYSTEM32\dhcpcsvc.DLL
0x00007ffa4c280000 - 0x00007ffa4c34c000 	C:\Windows\SYSTEM32\DNSAPI.dll
0x00007ffa43590000 - 0x00007ffa435ae000 	C:\Users\shimu\AppData\Local\Temp\native-platform6512533258125652711dir\native-platform.dll
0x00007ffa40dd0000 - 0x00007ffa40df7000 	D:\xdman\android\android-studio\jre\bin\sunec.dll
0x00007ffa38fc0000 - 0x00007ffa38fca000 	C:\Windows\System32\rasadhlp.dll
0x00007ffa3aab0000 - 0x00007ffa3ab2f000 	C:\Windows\System32\fwpuclnt.dll
0x00007ffa4bb20000 - 0x00007ffa4bb53000 	C:\Windows\SYSTEM32\ntmarta.dll

dbghelp: loaded successfully - version: 4.0.5 - missing functions: none
symbol engine: initialized successfully - sym options: 0x614 - pdb path: .;D:\xdman\android\android-studio\jre\bin;C:\Windows\SYSTEM32;C:\Windows\WinSxS\amd64_microsoft.windows.common-controls_6595b64144ccf1df_6.0.19041.1110_none_60b5254171f9507e;D:\xdman\android\android-studio\jre\bin\server;C:\Users\shimu\.gradle\native\8bec1ad78214c89d9ad589b4d07fe93259594b29d510b10fafb7a158f7737e5d\windows-amd64;C:\Users\shimu\.gradle\native\53dbd7edfb1c66fb8903c78663c9afc45aea4f116125fa6feffd364cf09443e8\windows-amd64;C:\Users\shimu\AppData\Local\Temp\native-platform6512533258125652711dir

VM Arguments:
jvm_args: --add-opens=java.base/java.util=ALL-UNNAMED --add-opens=java.base/java.lang=ALL-UNNAMED --add-opens=java.base/java.lang.invoke=ALL-UNNAMED --add-opens=java.base/java.util=ALL-UNNAMED --add-opens=java.prefs/java.util.prefs=ALL-UNNAMED --add-opens=java.prefs/java.util.prefs=ALL-UNNAMED --add-opens=java.base/java.nio.charset=ALL-UNNAMED --add-opens=java.base/java.net=ALL-UNNAMED --add-opens=java.base/java.util.concurrent.atomic=ALL-UNNAMED -Xmx2048m -Dfile.encoding=UTF-8 -Duser.country=GB -Duser.language=en -Duser.variant 
java_command: org.gradle.launcher.daemon.bootstrap.GradleDaemon 7.0.2
java_class_path (initial): C:\Users\shimu\.gradle\wrapper\dists\gradle-7.0.2-bin\857tjihv64xamwrf0h14cai3r\gradle-7.0.2\lib\gradle-launcher-7.0.2.jar
Launcher Type: SUN_STANDARD

[Global flags]
     intx CICompilerCount                          = 3                                         {product} {ergonomic}
     uint ConcGCThreads                            = 1                                         {product} {ergonomic}
     uint G1ConcRefinementThreads                  = 4                                         {product} {ergonomic}
   size_t G1HeapRegionSize                         = 1048576                                   {product} {ergonomic}
    uintx GCDrainStackTargetSize                   = 64                                        {product} {ergonomic}
   size_t InitialHeapSize                          = 268435456                                 {product} {ergonomic}
   size_t MarkStackSize                            = 4194304                                   {product} {ergonomic}
   size_t MaxHeapSize                              = 2147483648                                {product} {command line}
   size_t MaxNewSize                               = 1287651328                                {product} {ergonomic}
   size_t MinHeapDeltaBytes                        = 1048576                                   {product} {ergonomic}
    uintx NonNMethodCodeHeapSize                   = 5830732                                {pd product} {ergonomic}
    uintx NonProfiledCodeHeapSize                  = 122913754                              {pd product} {ergonomic}
    uintx ProfiledCodeHeapSize                     = 122913754                              {pd product} {ergonomic}
    uintx ReservedCodeCacheSize                    = 251658240                              {pd product} {ergonomic}
     bool SegmentedCodeCache                       = true                                      {product} {ergonomic}
     bool UseCompressedClassPointers               = true                                 {lp64_product} {ergonomic}
     bool UseCompressedOops                        = true                                 {lp64_product} {ergonomic}
     bool UseG1GC                                  = true                                      {product} {ergonomic}
     bool UseLargePagesIndividualAllocation        = false                                  {pd product} {ergonomic}

Logging:
Log output configuration:
 #0: stdout all=warning uptime,level,tags
 #1: stderr all=off uptime,level,tags

Environment Variables:
JAVA_HOME=C:\Program Files\Java\jdk-15.0.1
PATH=C:\Program Files\Common Files\Oracle\Java\javapath;C:\Windows\system32;C:\Windows;C:\Windows\System32\Wbem;C:\Windows\System32\WindowsPowerShell\v1.0\;C:\Windows\System32\OpenSSH\;C:\Program Files\dotnet\;C:\wamp64\bin\php\php7.4.0;C:\Program Files\Git\cmd;C:\xampp\php;C:\ProgramData\ComposerSetup\bin;C:\Program Files\Microsoft SQL Server\130\Tools\Binn\;C:\Program Files\Microsoft SQL Server\Client SDK\ODBC\170\Tools\Binn\;C:\Program Files (x86)\Microsoft SQL Server\150\Tools\Binn\;C:\Program Files\Microsoft SQL Server\150\Tools\Binn\;C:\Program Files\Microsoft SQL Server\150\DTS\Binn\;C:\Program Files (x86)\Microsoft SQL Server\150\DTS\Binn\;C:\Users\shimu\AppData\Roaming\nvm;C:\Program Files\nodejs;C:\Program Files (x86)\dotnet\;C:\Program Files\Java\jdk-15.0.1\bin;;C:\Program Files\SourceGear\Common\DiffMerge\;C:\Users\shimu\AppData\Local\Microsoft\WindowsApps;C:\Users\shimu\AppData\Local\Programs\Microsoft VS Code\bin;C:\Users\shimu\AppData\Roaming\npm;C:\Users\shimu\AppData\Roaming\Composer\vendor\bin;C:\Users\shimu\AppData\Roaming\nvm;C:\Program Files\nodejs;C:\Users\shimu\.dotnet\tools;C:\Program Files\JetBrains\PyCharm Community Edition 2020.2.3\bin;;C:\Program Files\heroku\bin;C:\Program Files\JetBrains\IntelliJ IDEA Community Edition 2020.3.2\bin;;D:\xamp\php;C:\Users\shimu\.dotnet\tools
USERNAME=shimuli
OS=Windows_NT
PROCESSOR_IDENTIFIER=Intel64 Family 6 Model 78 Stepping 3, GenuineIntel



---------------  S Y S T E M  ---------------

OS: Windows 10 , 64 bit Build 19041 (10.0.19041.1023)
OS uptime: 0 days 1:33 hours
Hyper-V role detected

CPU:total 4 (initial active 4) (2 cores per cpu, 2 threads per core) family 6 model 78 stepping 3 microcode 0xd6, cmov, cx8, fxsr, mmx, sse, sse2, sse3, ssse3, sse4.1, sse4.2, popcnt, avx, avx2, aes, clmul, erms, 3dnowpref, lzcnt, ht, tsc, tscinvbit, bmi1, bmi2, adx, fma

Memory: 4k page, system-wide physical 16280M (1901M free)
TotalPageFile size 30955M (AvailPageFile size 20M)
current process WorkingSet (physical memory assigned to process): 680M, peak: 694M
current process commit charge ("private bytes"): 710M, peak: 768M

vm_info: OpenJDK 64-Bit Server VM (11.0.10+0-b96-7249189) for windows-amd64 JRE (11.0.10+0-b96-7249189), built on Mar 31 2021 21:44:00 by "builder" with MS VC++ 14.0 (VS2015)

END.
