#
# There is insufficient memory for the Java Runtime Environment to continue.
# Native memory allocation (malloc) failed to allocate 842016 bytes for Chunk::new
# Possible reasons:
#   The system is out of physical RAM or swap space
#   The process is running with CompressedOops enabled, and the Java Heap may be blocking the growth of the native heap
# Possible solutions:
#   Reduce memory load on the system
#   Increase physical memory or swap space
#   Check if swap backing store is full
#   Decrease Java heap size (-Xmx/-Xms)
#   Decrease number of Java threads
#   Decrease Java thread stack sizes (-Xss)
#   Set larger code cache with -XX:ReservedCodeCacheSize=
#   JVM is running with Unscaled Compressed Oops mode in which the Java heap is
#     placed in the first 4GB address space. The Java Heap base address is the
#     maximum limit for the native heap growth. Please use -XX:HeapBaseMinAddress
#     to set the Java Heap base and to place the Java Heap above 4GB virtual address.
# This output file may be truncated or incomplete.
#
#  Out of Memory Error (./src/hotspot/share/memory/arena.cpp:197), pid=16044, tid=21032
#
# JRE version: OpenJDK Runtime Environment (11.0.10) (build 11.0.10+0-b96-7249189)
# Java VM: OpenJDK 64-Bit Server VM (11.0.10+0-b96-7249189, mixed mode, tiered, compressed oops, g1 gc, windows-amd64)
# No core dump will be written. Minidumps are not enabled by default on client versions of Windows
#

---------------  S U M M A R Y ------------

Command Line: --add-opens=java.base/java.util=ALL-UNNAMED --add-opens=java.base/java.lang=ALL-UNNAMED --add-opens=java.base/java.lang.invoke=ALL-UNNAMED --add-opens=java.base/java.util=ALL-UNNAMED --add-opens=java.prefs/java.util.prefs=ALL-UNNAMED --add-opens=java.prefs/java.util.prefs=ALL-UNNAMED --add-opens=java.base/java.nio.charset=ALL-UNNAMED --add-opens=java.base/java.net=ALL-UNNAMED --add-opens=java.base/java.util.concurrent.atomic=ALL-UNNAMED -Xmx2048m -Dfile.encoding=UTF-8 -Duser.country=GB -Duser.language=en -Duser.variant org.gradle.launcher.daemon.bootstrap.GradleDaemon 7.0.2

Host: Intel(R) Core(TM) i5-6200U CPU @ 2.30GHz, 4 cores, 15G,  Windows 10 , 64 bit Build 19041 (10.0.19041.1023)
Time: Tue Jul 27 11:04:28 2021 E. Africa Standard Time elapsed time: 32.445535 seconds (0d 0h 0m 32s)

---------------  T H R E A D  ---------------

Current thread (0x00000295c6261000):  JavaThread "C2 CompilerThread1" daemon [_thread_in_native, id=21032, stack(0x000000f8e7c00000,0x000000f8e7d00000)]


Current CompileTask:
C2:  32445 11198 %     4       com.android.tools.r8.dex.j::a @ 315 (1038 bytes)

Stack: [0x000000f8e7c00000,0x000000f8e7d00000]
Native frames: (J=compiled Java code, j=interpreted, Vv=VM code, C=native code)
V  [jvm.dll+0x5ecfaa]
V  [jvm.dll+0x722bd5]
V  [jvm.dll+0x72412d]
V  [jvm.dll+0x7247e3]
V  [jvm.dll+0x242928]
V  [jvm.dll+0xbc4fc]
V  [jvm.dll+0xbca0c]
V  [jvm.dll+0x2b4fd4]
V  [jvm.dll+0x506028]
V  [jvm.dll+0x1fccf6]
V  [jvm.dll+0x1fa77f]
V  [jvm.dll+0x18354c]
V  [jvm.dll+0x208ee7]
V  [jvm.dll+0x207731]
V  [jvm.dll+0x6eb1cf]
V  [jvm.dll+0x6e3d45]
V  [jvm.dll+0x5ebe96]
C  [ucrtbase.dll+0x21bb2]
C  [KERNEL32.DLL+0x17034]
C  [ntdll.dll+0x52651]


---------------  P R O C E S S  ---------------

Threads class SMR info:
_java_thread_list=0x00000295c9bd4600, length=61, elements={
0x00000295a830c800, 0x00000295c1efa000, 0x00000295c1efd000, 0x00000295c277b000,
0x00000295c277f000, 0x00000295c2781800, 0x00000295c2785000, 0x00000295c2787000,
0x00000295c279a000, 0x00000295c28eb800, 0x00000295c559e800, 0x00000295c357b000,
0x00000295c501d800, 0x00000295c3c82000, 0x00000295c5a03800, 0x00000295c4be1000,
0x00000295c4be1800, 0x00000295c51a7800, 0x00000295c433c000, 0x00000295c400e800,
0x00000295c4011000, 0x00000295c400f800, 0x00000295c4010800, 0x00000295c405e000,
0x00000295c4059800, 0x00000295c405d000, 0x00000295c405e800, 0x00000295c405f800,
0x00000295c4060800, 0x00000295c405a800, 0x00000295c405b800, 0x00000295c405c000,
0x00000295c4063800, 0x00000295c4067000, 0x00000295c4062000, 0x00000295c4067800,
0x00000295c4068800, 0x00000295c4065000, 0x00000295c4062800, 0x00000295c4066000,
0x00000295c63bd000, 0x00000295c63ba800, 0x00000295c6261000, 0x00000295c63bc000,
0x00000295c63be800, 0x00000295c63b9000, 0x00000295c63bf800, 0x00000295c63b9800,
0x00000295c63bb800, 0x00000295c5d08800, 0x00000295c5d08000, 0x00000295c5d09800,
0x00000295c5d0a800, 0x00000295c5d07000, 0x00000295c5d0b000, 0x00000295c5d05800,
0x00000295c5d0c000, 0x00000295c5d06000, 0x00000295c5d0f000, 0x00000295c5d10000,
0x00000295c5d12800
}

Java Threads: ( => current thread )
  0x00000295a830c800 JavaThread "main" [_thread_blocked, id=18824, stack(0x000000f8e5100000,0x000000f8e5200000)]
  0x00000295c1efa000 JavaThread "Reference Handler" daemon [_thread_blocked, id=16228, stack(0x000000f8e5800000,0x000000f8e5900000)]
  0x00000295c1efd000 JavaThread "Finalizer" daemon [_thread_blocked, id=20892, stack(0x000000f8e5900000,0x000000f8e5a00000)]
  0x00000295c277b000 JavaThread "Signal Dispatcher" daemon [_thread_blocked, id=6200, stack(0x000000f8e5a00000,0x000000f8e5b00000)]
  0x00000295c277f000 JavaThread "Attach Listener" daemon [_thread_blocked, id=20992, stack(0x000000f8e5b00000,0x000000f8e5c00000)]
  0x00000295c2781800 JavaThread "Service Thread" daemon [_thread_blocked, id=9192, stack(0x000000f8e5c00000,0x000000f8e5d00000)]
  0x00000295c2785000 JavaThread "C2 CompilerThread0" daemon [_thread_in_native, id=20848, stack(0x000000f8e5d00000,0x000000f8e5e00000)]
  0x00000295c2787000 JavaThread "C1 CompilerThread0" daemon [_thread_blocked, id=2160, stack(0x000000f8e5e00000,0x000000f8e5f00000)]
  0x00000295c279a000 JavaThread "Sweeper thread" daemon [_thread_blocked, id=9540, stack(0x000000f8e5f00000,0x000000f8e6000000)]
  0x00000295c28eb800 JavaThread "Common-Cleaner" daemon [_thread_blocked, id=18096, stack(0x000000f8e6000000,0x000000f8e6100000)]
  0x00000295c559e800 JavaThread "Daemon health stats" [_thread_blocked, id=13332, stack(0x000000f8e6600000,0x000000f8e6700000)]
  0x00000295c357b000 JavaThread "Incoming local TCP Connector on port 55099" [_thread_in_native, id=20936, stack(0x000000f8e6200000,0x000000f8e6300000)]
  0x00000295c501d800 JavaThread "Daemon periodic checks" [_thread_blocked, id=11220, stack(0x000000f8e6700000,0x000000f8e6800000)]
  0x00000295c3c82000 JavaThread "Daemon" [_thread_blocked, id=19900, stack(0x000000f8e6800000,0x000000f8e6900000)]
  0x00000295c5a03800 JavaThread "Handler for socket connection from /127.0.0.1:55099 to /127.0.0.1:55100" [_thread_in_native, id=20932, stack(0x000000f8e6900000,0x000000f8e6a00000)]
  0x00000295c4be1000 JavaThread "Cancel handler" [_thread_blocked, id=11432, stack(0x000000f8e6a00000,0x000000f8e6b00000)]
  0x00000295c4be1800 JavaThread "Daemon worker" [_thread_blocked, id=21060, stack(0x000000f8e6b00000,0x000000f8e6c00000)]
  0x00000295c51a7800 JavaThread "Asynchronous log dispatcher for DefaultDaemonConnection: socket connection from /127.0.0.1:55099 to /127.0.0.1:55100" [_thread_blocked, id=2672, stack(0x000000f8e6c00000,0x000000f8e6d00000)]
  0x00000295c433c000 JavaThread "Stdin handler" [_thread_blocked, id=4164, stack(0x000000f8e6d00000,0x000000f8e6e00000)]
  0x00000295c400e800 JavaThread "Daemon client event forwarder" [_thread_blocked, id=21000, stack(0x000000f8e6e00000,0x000000f8e6f00000)]
  0x00000295c4011000 JavaThread "Cache worker for file hash cache (C:\Users\shimu\.gradle\caches\7.0.2\fileHashes)" [_thread_blocked, id=11192, stack(0x000000f8e6f00000,0x000000f8e7000000)]
  0x00000295c400f800 JavaThread "File lock request listener" [_thread_in_native, id=19804, stack(0x000000f8e7000000,0x000000f8e7100000)]
  0x00000295c4010800 JavaThread "Cache worker for journal cache (C:\Users\shimu\.gradle\caches\journal-1)" [_thread_blocked, id=12400, stack(0x000000f8e7100000,0x000000f8e7200000)]
  0x00000295c405e000 JavaThread "Cache worker for file hash cache (D:\Android\AwesomePlaces\.gradle\7.0.2\fileHashes)" [_thread_blocked, id=18692, stack(0x000000f8e7300000,0x000000f8e7400000)]
  0x00000295c4059800 JavaThread "File watcher server" daemon [_thread_blocked, id=19712, stack(0x000000f8e7400000,0x000000f8e7500000)]
  0x00000295c405d000 JavaThread "File watcher consumer" daemon [_thread_blocked, id=19404, stack(0x000000f8e7500000,0x000000f8e7600000)]
  0x00000295c405e800 JavaThread "Cache worker for checksums cache (D:\Android\AwesomePlaces\.gradle\checksums)" [_thread_blocked, id=1712, stack(0x000000f8e7600000,0x000000f8e7700000)]
  0x00000295c405f800 JavaThread "Cache worker for cache directory md-supplier (C:\Users\shimu\.gradle\caches\7.0.2\md-supplier)" [_thread_blocked, id=10468, stack(0x000000f8e7700000,0x000000f8e7800000)]
  0x00000295c4060800 JavaThread "Cache worker for cache directory md-rule (C:\Users\shimu\.gradle\caches\7.0.2\md-rule)" [_thread_blocked, id=19648, stack(0x000000f8e7800000,0x000000f8e7900000)]
  0x00000295c405a800 JavaThread "Cache worker for execution history cache (C:\Users\shimu\.gradle\caches\7.0.2\executionHistory)" [_thread_blocked, id=8296, stack(0x000000f8e7900000,0x000000f8e7a00000)]
  0x00000295c405b800 JavaThread "jar transforms" [_thread_blocked, id=7548, stack(0x000000f8e7200000,0x000000f8e7300000)]
  0x00000295c405c000 JavaThread "jar transforms Thread 2" [_thread_blocked, id=10940, stack(0x000000f8e7a00000,0x000000f8e7b00000)]
  0x00000295c4063800 JavaThread "Cache worker for file content cache (C:\Users\shimu\.gradle\caches\7.0.2\fileContent)" [_thread_blocked, id=1560, stack(0x000000f8e7b00000,0x000000f8e7c00000)]
  0x00000295c4067000 JavaThread "Cache worker for dependencies-accessors (D:\Android\AwesomePlaces\.gradle\7.0.2\dependencies-accessors)" [_thread_blocked, id=18508, stack(0x000000f8e7d00000,0x000000f8e7e00000)]
  0x00000295c4062000 JavaThread "jar transforms Thread 3" [_thread_blocked, id=16644, stack(0x000000f8e7e00000,0x000000f8e7f00000)]
  0x00000295c4067800 JavaThread "Cache worker for Build Output Cleanup Cache (D:\Android\AwesomePlaces\.gradle\buildOutputCleanup)" [_thread_blocked, id=19556, stack(0x000000f8e7f00000,0x000000f8e8000000)]
  0x00000295c4068800 JavaThread "Build operations" [_thread_blocked, id=10288, stack(0x000000f8e8000000,0x000000f8e8100000)]
  0x00000295c4065000 JavaThread "Build operations Thread 2" [_thread_blocked, id=8060, stack(0x000000f8e8100000,0x000000f8e8200000)]
  0x00000295c4062800 JavaThread "Build operations Thread 3" [_thread_blocked, id=9340, stack(0x000000f8e8200000,0x000000f8e8300000)]
  0x00000295c4066000 JavaThread "Build operations Thread 4" [_thread_blocked, id=16700, stack(0x000000f8e8300000,0x000000f8e8400000)]
  0x00000295c63bd000 JavaThread "jar transforms Thread 4" [_thread_blocked, id=10420, stack(0x000000f8e8400000,0x000000f8e8500000)]
  0x00000295c63ba800 JavaThread "Memory manager" [_thread_blocked, id=16408, stack(0x000000f8e8500000,0x000000f8e8600000)]
=>0x00000295c6261000 JavaThread "C2 CompilerThread1" daemon [_thread_in_native, id=21032, stack(0x000000f8e7c00000,0x000000f8e7d00000)]
  0x00000295c63bc000 JavaThread "build event listener" [_thread_blocked, id=19052, stack(0x000000f8e8600000,0x000000f8e8700000)]
  0x00000295c63be800 JavaThread "pool-3-thread-1" [_thread_blocked, id=18228, stack(0x000000f8e8700000,0x000000f8e8800000)]
  0x00000295c63b9000 JavaThread "build event listener" [_thread_blocked, id=20212, stack(0x000000f8e8800000,0x000000f8e8900000)]
  0x00000295c63bf800 JavaThread "Execution worker for ':'" [_thread_blocked, id=19588, stack(0x000000f8e8900000,0x000000f8e8a00000)]
  0x00000295c63b9800 JavaThread "Execution worker for ':' Thread 2" [_thread_blocked, id=14648, stack(0x000000f8e8a00000,0x000000f8e8b00000)]
  0x00000295c63bb800 JavaThread "Execution worker for ':' Thread 3" [_thread_blocked, id=19520, stack(0x000000f8e8b00000,0x000000f8e8c00000)]
  0x00000295c5d08800 JavaThread "Cache worker for execution history cache (D:\Android\AwesomePlaces\.gradle\7.0.2\executionHistory)" [_thread_blocked, id=18948, stack(0x000000f8e8c00000,0x000000f8e8d00000)]
  0x00000295c5d08000 JavaThread "WorkerExecutor Queue" [_thread_blocked, id=3216, stack(0x000000f8e8d00000,0x000000f8e8e00000)]
  0x00000295c5d09800 JavaThread "WorkerExecutor Queue Thread 2" [_thread_blocked, id=21492, stack(0x000000f8e8e00000,0x000000f8e8f00000)]
  0x00000295c5d0a800 JavaThread "WorkerExecutor Queue Thread 3" [_thread_blocked, id=20068, stack(0x000000f8e8f00000,0x000000f8e9000000)]
  0x00000295c5d07000 JavaThread "WorkerExecutor Queue Thread 4" [_thread_blocked, id=18212, stack(0x000000f8e9000000,0x000000f8e9100000)]
  0x00000295c5d0b000 JavaThread "pool-4-thread-1" [_thread_blocked, id=21288, stack(0x000000f8e4f00000,0x000000f8e5000000)]
  0x00000295c5d05800 JavaThread "stderr" [_thread_in_native, id=19292, stack(0x000000f8e9100000,0x000000f8e9200000)]
  0x00000295c5d0c000 JavaThread "stdout" [_thread_in_native, id=21352, stack(0x000000f8e9200000,0x000000f8e9300000)]
  0x00000295c5d06000 JavaThread "ForkJoinPool-1-worker-3" daemon [_thread_in_Java, id=20300, stack(0x000000f8e9300000,0x000000f8e9400000)]
  0x00000295c5d0f000 JavaThread "ForkJoinPool-1-worker-5" daemon [_thread_blocked, id=11912, stack(0x000000f8e9400000,0x000000f8e9500000)]
  0x00000295c5d10000 JavaThread "ForkJoinPool-1-worker-7" daemon [_thread_in_native, id=20732, stack(0x000000f8e9500000,0x000000f8e9600000)]
  0x00000295c5d12800 JavaThread "ForkJoinPool-1-worker-1" daemon [_thread_in_Java, id=9508, stack(0x000000f8e9600000,0x000000f8e9700000)]

Other Threads:
  0x00000295c1ef5800 VMThread "VM Thread" [stack: 0x000000f8e5700000,0x000000f8e5800000] [id=10412]
  0x00000295c2936800 WatcherThread [stack: 0x000000f8e6100000,0x000000f8e6200000] [id=19820]
  0x00000295a8325000 GCTaskThread "GC Thread#0" [stack: 0x000000f8e5200000,0x000000f8e5300000] [id=17984]
  0x00000295c2fab000 GCTaskThread "GC Thread#1" [stack: 0x000000f8e6300000,0x000000f8e6400000] [id=17956]
  0x00000295c2e22000 GCTaskThread "GC Thread#2" [stack: 0x000000f8e6400000,0x000000f8e6500000] [id=220]
  0x00000295c2ca6800 GCTaskThread "GC Thread#3" [stack: 0x000000f8e6500000,0x000000f8e6600000] [id=18268]
  0x00000295a8356000 ConcurrentGCThread "G1 Main Marker" [stack: 0x000000f8e5300000,0x000000f8e5400000] [id=19448]
  0x00000295a8357800 ConcurrentGCThread "G1 Conc#0" [stack: 0x000000f8e5400000,0x000000f8e5500000] [id=20128]
  0x00000295c1d62800 ConcurrentGCThread "G1 Refine#0" [stack: 0x000000f8e5500000,0x000000f8e5600000] [id=19952]
  0x00000295c1d63800 ConcurrentGCThread "G1 Young RemSet Sampling" [stack: 0x000000f8e5600000,0x000000f8e5700000] [id=19236]

Threads with active compile tasks:
C2 CompilerThread0  32485 11186       4       com.android.tools.r8.code.w1::a (4137 bytes)
C1 CompilerThread0  32485 11286       3       com.android.tools.r8.dex.j$c::<init> (630 bytes)
C2 CompilerThread1  32485 11198 %     4       com.android.tools.r8.dex.j::a @ 315 (1038 bytes)

VM state:not at safepoint (normal execution)

VM Mutex/Monitor currently owned by a thread: None

Heap address: 0x0000000080000000, size: 2048 MB, Compressed Oops mode: 32-bit
Narrow klass base: 0x0000000000000000, Narrow klass shift: 3
Compressed class space size: 1073741824 Address: 0x0000000100000000

Heap:
 garbage-first heap   total 262144K, used 206438K [0x0000000080000000, 0x0000000100000000)
  region size 1024K, 104 young (106496K), 11 survivors (11264K)
 Metaspace       used 95495K, capacity 97775K, committed 98124K, reserved 1134592K
  class space    used 12430K, capacity 13287K, committed 13388K, reserved 1048576K
Heap Regions: E=young(eden), S=young(survivor), O=old, HS=humongous(starts), HC=humongous(continues), CS=collection set, F=free, A=archive, TAMS=top-at-mark-start (previous, next)
|   0|0x0000000080000000, 0x0000000080100000, 0x0000000080100000|100%| O|  |TAMS 0x0000000080100000, 0x0000000080000000| Untracked 
|   1|0x0000000080100000, 0x0000000080200000, 0x0000000080200000|100%| O|  |TAMS 0x0000000080200000, 0x0000000080100000| Untracked 
|   2|0x0000000080200000, 0x0000000080300000, 0x0000000080300000|100%| O|  |TAMS 0x0000000080300000, 0x0000000080200000| Untracked 
|   3|0x0000000080300000, 0x0000000080400000, 0x0000000080400000|100%|HS|  |TAMS 0x0000000080400000, 0x0000000080300000| Complete 
|   4|0x0000000080400000, 0x0000000080500000, 0x0000000080500000|100%|HC|  |TAMS 0x0000000080500000, 0x0000000080400000| Complete 
|   5|0x0000000080500000, 0x0000000080600000, 0x0000000080600000|100%|HC|  |TAMS 0x0000000080600000, 0x0000000080500000| Complete 
|   6|0x0000000080600000, 0x0000000080700000, 0x0000000080700000|100%| O|  |TAMS 0x0000000080700000, 0x0000000080600000| Untracked 
|   7|0x0000000080700000, 0x0000000080800000, 0x0000000080800000|100%| O|  |TAMS 0x0000000080800000, 0x0000000080700000| Untracked 
|   8|0x0000000080800000, 0x0000000080900000, 0x0000000080900000|100%| O|  |TAMS 0x0000000080900000, 0x0000000080800000| Untracked 
|   9|0x0000000080900000, 0x0000000080a00000, 0x0000000080a00000|100%| O|  |TAMS 0x0000000080a00000, 0x0000000080900000| Untracked 
|  10|0x0000000080a00000, 0x0000000080b00000, 0x0000000080b00000|100%| O|  |TAMS 0x0000000080b00000, 0x0000000080a00000| Untracked 
|  11|0x0000000080b00000, 0x0000000080c00000, 0x0000000080c00000|100%| O|  |TAMS 0x0000000080c00000, 0x0000000080b00000| Untracked 
|  12|0x0000000080c00000, 0x0000000080d00000, 0x0000000080d00000|100%| O|  |TAMS 0x0000000080d00000, 0x0000000080c00000| Untracked 
|  13|0x0000000080d00000, 0x0000000080e00000, 0x0000000080e00000|100%| O|  |TAMS 0x0000000080e00000, 0x0000000080d00000| Untracked 
|  14|0x0000000080e00000, 0x0000000080f00000, 0x0000000080f00000|100%|HS|  |TAMS 0x0000000080f00000, 0x0000000080e00000| Complete 
|  15|0x0000000080f00000, 0x0000000081000000, 0x0000000081000000|100%|HS|  |TAMS 0x0000000081000000, 0x0000000080f00000| Complete 
|  16|0x0000000081000000, 0x0000000081100000, 0x0000000081100000|100%|HS|  |TAMS 0x0000000081100000, 0x0000000081000000| Complete 
|  17|0x0000000081100000, 0x0000000081200000, 0x0000000081200000|100%| O|  |TAMS 0x0000000081200000, 0x0000000081100000| Untracked 
|  18|0x0000000081200000, 0x0000000081300000, 0x0000000081300000|100%| O|  |TAMS 0x0000000081300000, 0x0000000081200000| Untracked 
|  19|0x0000000081300000, 0x0000000081400000, 0x0000000081400000|100%| O|  |TAMS 0x0000000081400000, 0x0000000081300000| Untracked 
|  20|0x0000000081400000, 0x0000000081500000, 0x0000000081500000|100%| O|  |TAMS 0x0000000081500000, 0x0000000081400000| Untracked 
|  21|0x0000000081500000, 0x0000000081600000, 0x0000000081600000|100%|HS|  |TAMS 0x0000000081600000, 0x0000000081500000| Complete 
|  22|0x0000000081600000, 0x0000000081700000, 0x0000000081700000|100%|HC|  |TAMS 0x0000000081700000, 0x0000000081600000| Complete 
|  23|0x0000000081700000, 0x0000000081800000, 0x0000000081800000|100%|HC|  |TAMS 0x0000000081800000, 0x0000000081700000| Complete 
|  24|0x0000000081800000, 0x0000000081900000, 0x0000000081900000|100%|HS|  |TAMS 0x0000000081900000, 0x0000000081800000| Complete 
|  25|0x0000000081900000, 0x0000000081a00000, 0x0000000081a00000|100%|HC|  |TAMS 0x0000000081a00000, 0x0000000081900000| Complete 
|  26|0x0000000081a00000, 0x0000000081b00000, 0x0000000081b00000|100%| O|  |TAMS 0x0000000081b00000, 0x0000000081a00000| Untracked 
|  27|0x0000000081b00000, 0x0000000081c00000, 0x0000000081c00000|100%| O|  |TAMS 0x0000000081c00000, 0x0000000081b00000| Untracked 
|  28|0x0000000081c00000, 0x0000000081d00000, 0x0000000081d00000|100%| O|  |TAMS 0x0000000081d00000, 0x0000000081c00000| Untracked 
|  29|0x0000000081d00000, 0x0000000081e00000, 0x0000000081e00000|100%| O|  |TAMS 0x0000000081e00000, 0x0000000081d00000| Untracked 
|  30|0x0000000081e00000, 0x0000000081f00000, 0x0000000081f00000|100%| O|  |TAMS 0x0000000081f00000, 0x0000000081e00000| Untracked 
|  31|0x0000000081f00000, 0x0000000082000000, 0x0000000082000000|100%| O|  |TAMS 0x0000000082000000, 0x0000000081f00000| Untracked 
|  32|0x0000000082000000, 0x0000000082100000, 0x0000000082100000|100%| O|  |TAMS 0x0000000082100000, 0x0000000082000000| Untracked 
|  33|0x0000000082100000, 0x0000000082200000, 0x0000000082200000|100%| O|  |TAMS 0x0000000082200000, 0x0000000082100000| Untracked 
|  34|0x0000000082200000, 0x0000000082300000, 0x0000000082300000|100%| O|  |TAMS 0x0000000082300000, 0x0000000082200000| Untracked 
|  35|0x0000000082300000, 0x0000000082400000, 0x0000000082400000|100%| O|  |TAMS 0x0000000082400000, 0x0000000082300000| Untracked 
|  36|0x0000000082400000, 0x0000000082500000, 0x0000000082500000|100%| O|  |TAMS 0x0000000082500000, 0x0000000082400000| Untracked 
|  37|0x0000000082500000, 0x0000000082600000, 0x0000000082600000|100%| O|  |TAMS 0x0000000082600000, 0x0000000082500000| Untracked 
|  38|0x0000000082600000, 0x0000000082700000, 0x0000000082700000|100%| O|  |TAMS 0x0000000082700000, 0x0000000082600000| Untracked 
|  39|0x0000000082700000, 0x0000000082800000, 0x0000000082800000|100%| O|  |TAMS 0x0000000082800000, 0x0000000082700000| Untracked 
|  40|0x0000000082800000, 0x0000000082900000, 0x0000000082900000|100%| O|  |TAMS 0x0000000082900000, 0x0000000082800000| Untracked 
|  41|0x0000000082900000, 0x0000000082a00000, 0x0000000082a00000|100%| O|  |TAMS 0x0000000082a00000, 0x0000000082900000| Untracked 
|  42|0x0000000082a00000, 0x0000000082b00000, 0x0000000082b00000|100%| O|  |TAMS 0x0000000082b00000, 0x0000000082a00000| Untracked 
|  43|0x0000000082b00000, 0x0000000082c00000, 0x0000000082c00000|100%| O|  |TAMS 0x0000000082c00000, 0x0000000082b00000| Untracked 
|  44|0x0000000082c00000, 0x0000000082d00000, 0x0000000082d00000|100%| O|  |TAMS 0x0000000082d00000, 0x0000000082c00000| Untracked 
|  45|0x0000000082d00000, 0x0000000082e00000, 0x0000000082e00000|100%| O|  |TAMS 0x0000000082e00000, 0x0000000082d00000| Untracked 
|  46|0x0000000082e00000, 0x0000000082f00000, 0x0000000082f00000|100%| O|  |TAMS 0x0000000082f00000, 0x0000000082e00000| Untracked 
|  47|0x0000000082f00000, 0x0000000083000000, 0x0000000083000000|100%| O|  |TAMS 0x0000000082f62e00, 0x0000000082f00000| Untracked 
|  48|0x0000000083000000, 0x0000000083100000, 0x0000000083100000|100%| O|  |TAMS 0x0000000083000000, 0x0000000083000000| Untracked 
|  49|0x0000000083100000, 0x0000000083200000, 0x0000000083200000|100%| O|  |TAMS 0x0000000083100000, 0x0000000083100000| Untracked 
|  50|0x0000000083200000, 0x0000000083300000, 0x0000000083300000|100%| O|  |TAMS 0x0000000083200000, 0x0000000083200000| Untracked 
|  51|0x0000000083300000, 0x0000000083400000, 0x0000000083400000|100%| O|  |TAMS 0x0000000083300000, 0x0000000083300000| Untracked 
|  52|0x0000000083400000, 0x0000000083500000, 0x0000000083500000|100%| O|  |TAMS 0x0000000083400000, 0x0000000083400000| Untracked 
|  53|0x0000000083500000, 0x0000000083600000, 0x0000000083600000|100%| O|  |TAMS 0x0000000083500000, 0x0000000083500000| Untracked 
|  54|0x0000000083600000, 0x0000000083700000, 0x0000000083700000|100%| O|  |TAMS 0x0000000083600000, 0x0000000083600000| Untracked 
|  55|0x0000000083700000, 0x0000000083800000, 0x0000000083800000|100%| O|  |TAMS 0x0000000083700000, 0x0000000083700000| Untracked 
|  56|0x0000000083800000, 0x0000000083900000, 0x0000000083900000|100%| O|  |TAMS 0x0000000083800000, 0x0000000083800000| Untracked 
|  57|0x0000000083900000, 0x0000000083a00000, 0x0000000083a00000|100%| O|  |TAMS 0x0000000083900000, 0x0000000083900000| Untracked 
|  58|0x0000000083a00000, 0x0000000083b00000, 0x0000000083b00000|100%| O|  |TAMS 0x0000000083a00000, 0x0000000083a00000| Untracked 
|  59|0x0000000083b00000, 0x0000000083c00000, 0x0000000083c00000|100%| O|  |TAMS 0x0000000083b00000, 0x0000000083b00000| Untracked 
|  60|0x0000000083c00000, 0x0000000083d00000, 0x0000000083d00000|100%| O|  |TAMS 0x0000000083c00000, 0x0000000083c00000| Untracked 
|  61|0x0000000083d00000, 0x0000000083e00000, 0x0000000083e00000|100%| O|  |TAMS 0x0000000083d00000, 0x0000000083d00000| Untracked 
|  62|0x0000000083e00000, 0x0000000083f00000, 0x0000000083f00000|100%| O|  |TAMS 0x0000000083e00000, 0x0000000083e00000| Untracked 
|  63|0x0000000083f00000, 0x0000000084000000, 0x0000000084000000|100%| O|  |TAMS 0x0000000083f00000, 0x0000000083f00000| Untracked 
|  64|0x0000000084000000, 0x0000000084100000, 0x0000000084100000|100%| O|  |TAMS 0x0000000084000000, 0x0000000084000000| Untracked 
|  65|0x0000000084100000, 0x0000000084200000, 0x0000000084200000|100%| O|  |TAMS 0x0000000084100000, 0x0000000084100000| Untracked 
|  66|0x0000000084200000, 0x0000000084300000, 0x0000000084300000|100%| O|  |TAMS 0x0000000084200000, 0x0000000084200000| Untracked 
|  67|0x0000000084300000, 0x0000000084400000, 0x0000000084400000|100%| O|  |TAMS 0x0000000084300000, 0x0000000084300000| Untracked 
|  68|0x0000000084400000, 0x0000000084500000, 0x0000000084500000|100%| O|  |TAMS 0x0000000084400000, 0x0000000084400000| Untracked 
|  69|0x0000000084500000, 0x0000000084600000, 0x0000000084600000|100%| O|  |TAMS 0x0000000084500000, 0x0000000084500000| Untracked 
|  70|0x0000000084600000, 0x00000000846f5a00, 0x0000000084700000| 95%| O|  |TAMS 0x0000000084600000, 0x0000000084600000| Untracked 
|  71|0x0000000084700000, 0x0000000084800000, 0x0000000084800000|100%|HS|  |TAMS 0x0000000084700000, 0x0000000084700000| Complete 
|  72|0x0000000084800000, 0x0000000084900000, 0x0000000084900000|100%|HC|  |TAMS 0x0000000084800000, 0x0000000084800000| Complete 
|  73|0x0000000084900000, 0x0000000084a00000, 0x0000000084a00000|100%|HS|  |TAMS 0x0000000084900000, 0x0000000084900000| Complete 
|  74|0x0000000084a00000, 0x0000000084b00000, 0x0000000084b00000|100%|HS|  |TAMS 0x0000000084a00000, 0x0000000084a00000| Complete 
|  75|0x0000000084b00000, 0x0000000084c00000, 0x0000000084c00000|100%|HS|  |TAMS 0x0000000084b00000, 0x0000000084b00000| Complete 
|  76|0x0000000084c00000, 0x0000000084d00000, 0x0000000084d00000|100%|HC|  |TAMS 0x0000000084c00000, 0x0000000084c00000| Complete 
|  77|0x0000000084d00000, 0x0000000084e00000, 0x0000000084e00000|100%|HS|  |TAMS 0x0000000084d00000, 0x0000000084d00000| Complete 
|  78|0x0000000084e00000, 0x0000000084f00000, 0x0000000084f00000|100%|HC|  |TAMS 0x0000000084e00000, 0x0000000084e00000| Complete 
|  79|0x0000000084f00000, 0x0000000085000000, 0x0000000085000000|100%|HC|  |TAMS 0x0000000084f00000, 0x0000000084f00000| Complete 
|  80|0x0000000085000000, 0x0000000085100000, 0x0000000085100000|100%|HS|  |TAMS 0x0000000085000000, 0x0000000085000000| Complete 
|  81|0x0000000085100000, 0x0000000085200000, 0x0000000085200000|100%|HC|  |TAMS 0x0000000085100000, 0x0000000085100000| Complete 
|  82|0x0000000085200000, 0x0000000085300000, 0x0000000085300000|100%|HS|  |TAMS 0x0000000085200000, 0x0000000085200000| Complete 
|  83|0x0000000085300000, 0x0000000085400000, 0x0000000085400000|100%|HC|  |TAMS 0x0000000085300000, 0x0000000085300000| Complete 
|  84|0x0000000085400000, 0x0000000085500000, 0x0000000085500000|100%|HS|  |TAMS 0x0000000085400000, 0x0000000085400000| Complete 
|  85|0x0000000085500000, 0x0000000085600000, 0x0000000085600000|100%|HS|  |TAMS 0x0000000085500000, 0x0000000085500000| Complete 
|  86|0x0000000085600000, 0x0000000085700000, 0x0000000085700000|100%|HS|  |TAMS 0x0000000085600000, 0x0000000085600000| Complete 
|  87|0x0000000085700000, 0x0000000085800000, 0x0000000085800000|100%|HS|  |TAMS 0x0000000085700000, 0x0000000085700000| Complete 
|  88|0x0000000085800000, 0x0000000085900000, 0x0000000085900000|100%|HS|  |TAMS 0x0000000085800000, 0x0000000085800000| Complete 
|  89|0x0000000085900000, 0x0000000085a00000, 0x0000000085a00000|100%|HC|  |TAMS 0x0000000085900000, 0x0000000085900000| Complete 
|  90|0x0000000085a00000, 0x0000000085b00000, 0x0000000085b00000|100%|HS|  |TAMS 0x0000000085a00000, 0x0000000085a00000| Complete 
|  91|0x0000000085b00000, 0x0000000085c00000, 0x0000000085c00000|100%|HC|  |TAMS 0x0000000085b00000, 0x0000000085b00000| Complete 
|  92|0x0000000085c00000, 0x0000000085d00000, 0x0000000085d00000|100%|HS|  |TAMS 0x0000000085c00000, 0x0000000085c00000| Complete 
|  93|0x0000000085d00000, 0x0000000085e00000, 0x0000000085e00000|100%|HC|  |TAMS 0x0000000085d00000, 0x0000000085d00000| Complete 
|  94|0x0000000085e00000, 0x0000000085f00000, 0x0000000085f00000|100%|HC|  |TAMS 0x0000000085e00000, 0x0000000085e00000| Complete 
|  95|0x0000000085f00000, 0x0000000086000000, 0x0000000086000000|100%|HS|  |TAMS 0x0000000085f00000, 0x0000000085f00000| Complete 
|  96|0x0000000086000000, 0x0000000086100000, 0x0000000086100000|100%|HC|  |TAMS 0x0000000086000000, 0x0000000086000000| Complete 
|  97|0x0000000086100000, 0x0000000086200000, 0x0000000086200000|100%|HC|  |TAMS 0x0000000086100000, 0x0000000086100000| Complete 
|  98|0x0000000086200000, 0x0000000086300000, 0x0000000086300000|100%|HS|  |TAMS 0x0000000086200000, 0x0000000086200000| Complete 
|  99|0x0000000086300000, 0x0000000086400000, 0x0000000086400000|100%|HS|  |TAMS 0x0000000086300000, 0x0000000086300000| Complete 
| 100|0x0000000086400000, 0x0000000086400000, 0x0000000086500000|  0%| F|  |TAMS 0x0000000086400000, 0x0000000086400000| Untracked 
| 101|0x0000000086500000, 0x0000000086500000, 0x0000000086600000|  0%| F|  |TAMS 0x0000000086500000, 0x0000000086500000| Untracked 
| 102|0x0000000086600000, 0x0000000086600000, 0x0000000086700000|  0%| F|  |TAMS 0x0000000086600000, 0x0000000086600000| Untracked 
| 103|0x0000000086700000, 0x0000000086700000, 0x0000000086800000|  0%| F|  |TAMS 0x0000000086700000, 0x0000000086700000| Untracked 
| 104|0x0000000086800000, 0x0000000086800000, 0x0000000086900000|  0%| F|  |TAMS 0x0000000086800000, 0x0000000086800000| Untracked 
| 105|0x0000000086900000, 0x0000000086900000, 0x0000000086a00000|  0%| F|  |TAMS 0x0000000086900000, 0x0000000086900000| Untracked 
| 106|0x0000000086a00000, 0x0000000086a00000, 0x0000000086b00000|  0%| F|  |TAMS 0x0000000086a00000, 0x0000000086a00000| Untracked 
| 107|0x0000000086b00000, 0x0000000086b00000, 0x0000000086c00000|  0%| F|  |TAMS 0x0000000086b00000, 0x0000000086b00000| Untracked 
| 108|0x0000000086c00000, 0x0000000086c00000, 0x0000000086d00000|  0%| F|  |TAMS 0x0000000086c00000, 0x0000000086c00000| Untracked 
| 109|0x0000000086d00000, 0x0000000086d00000, 0x0000000086e00000|  0%| F|  |TAMS 0x0000000086d00000, 0x0000000086d00000| Untracked 
| 110|0x0000000086e00000, 0x0000000086e00000, 0x0000000086f00000|  0%| F|  |TAMS 0x0000000086e00000, 0x0000000086e00000| Untracked 
| 111|0x0000000086f00000, 0x0000000086f00000, 0x0000000087000000|  0%| F|  |TAMS 0x0000000086f00000, 0x0000000086f00000| Untracked 
| 112|0x0000000087000000, 0x0000000087000000, 0x0000000087100000|  0%| F|  |TAMS 0x0000000087000000, 0x0000000087000000| Untracked 
| 113|0x0000000087100000, 0x0000000087100000, 0x0000000087200000|  0%| F|  |TAMS 0x0000000087100000, 0x0000000087100000| Untracked 
| 114|0x0000000087200000, 0x0000000087200000, 0x0000000087300000|  0%| F|  |TAMS 0x0000000087200000, 0x0000000087200000| Untracked 
| 115|0x0000000087300000, 0x0000000087300000, 0x0000000087400000|  0%| F|  |TAMS 0x0000000087300000, 0x0000000087300000| Untracked 
| 116|0x0000000087400000, 0x0000000087400000, 0x0000000087500000|  0%| F|  |TAMS 0x0000000087400000, 0x0000000087400000| Untracked 
| 117|0x0000000087500000, 0x0000000087500000, 0x0000000087600000|  0%| F|  |TAMS 0x0000000087500000, 0x0000000087500000| Untracked 
| 118|0x0000000087600000, 0x0000000087600000, 0x0000000087700000|  0%| F|  |TAMS 0x0000000087600000, 0x0000000087600000| Untracked 
| 119|0x0000000087700000, 0x0000000087700000, 0x0000000087800000|  0%| F|  |TAMS 0x0000000087700000, 0x0000000087700000| Untracked 
| 120|0x0000000087800000, 0x0000000087800000, 0x0000000087900000|  0%| F|  |TAMS 0x0000000087800000, 0x0000000087800000| Untracked 
| 121|0x0000000087900000, 0x0000000087900000, 0x0000000087a00000|  0%| F|  |TAMS 0x0000000087900000, 0x0000000087900000| Untracked 
| 122|0x0000000087a00000, 0x0000000087a00000, 0x0000000087b00000|  0%| F|  |TAMS 0x0000000087a00000, 0x0000000087a00000| Untracked 
| 123|0x0000000087b00000, 0x0000000087b00000, 0x0000000087c00000|  0%| F|  |TAMS 0x0000000087b00000, 0x0000000087b00000| Untracked 
| 124|0x0000000087c00000, 0x0000000087c00000, 0x0000000087d00000|  0%| F|  |TAMS 0x0000000087c00000, 0x0000000087c00000| Untracked 
| 125|0x0000000087d00000, 0x0000000087d00000, 0x0000000087e00000|  0%| F|  |TAMS 0x0000000087d00000, 0x0000000087d00000| Untracked 
| 126|0x0000000087e00000, 0x0000000087e00000, 0x0000000087f00000|  0%| F|  |TAMS 0x0000000087e00000, 0x0000000087e00000| Untracked 
| 127|0x0000000087f00000, 0x0000000087f00000, 0x0000000088000000|  0%| F|  |TAMS 0x0000000087f00000, 0x0000000087f00000| Untracked 
| 128|0x0000000088000000, 0x0000000088000000, 0x0000000088100000|  0%| F|  |TAMS 0x0000000088000000, 0x0000000088000000| Untracked 
| 129|0x0000000088100000, 0x0000000088100000, 0x0000000088200000|  0%| F|  |TAMS 0x0000000088100000, 0x0000000088100000| Untracked 
| 130|0x0000000088200000, 0x0000000088200000, 0x0000000088300000|  0%| F|  |TAMS 0x0000000088200000, 0x0000000088200000| Untracked 
| 131|0x0000000088300000, 0x0000000088300000, 0x0000000088400000|  0%| F|  |TAMS 0x0000000088300000, 0x0000000088300000| Untracked 
| 132|0x0000000088400000, 0x0000000088400000, 0x0000000088500000|  0%| F|  |TAMS 0x0000000088400000, 0x0000000088400000| Untracked 
| 133|0x0000000088500000, 0x0000000088500000, 0x0000000088600000|  0%| F|  |TAMS 0x0000000088500000, 0x0000000088500000| Untracked 
| 134|0x0000000088600000, 0x0000000088600000, 0x0000000088700000|  0%| F|  |TAMS 0x0000000088600000, 0x0000000088600000| Untracked 
| 135|0x0000000088700000, 0x0000000088700000, 0x0000000088800000|  0%| F|  |TAMS 0x0000000088700000, 0x0000000088700000| Untracked 
| 136|0x0000000088800000, 0x0000000088800000, 0x0000000088900000|  0%| F|  |TAMS 0x0000000088800000, 0x0000000088800000| Untracked 
| 137|0x0000000088900000, 0x0000000088900000, 0x0000000088a00000|  0%| F|  |TAMS 0x0000000088900000, 0x0000000088900000| Untracked 
| 138|0x0000000088a00000, 0x0000000088aa3f20, 0x0000000088b00000| 64%| S|CS|TAMS 0x0000000088a00000, 0x0000000088a00000| Complete 
| 139|0x0000000088b00000, 0x0000000088c00000, 0x0000000088c00000|100%| S|CS|TAMS 0x0000000088b00000, 0x0000000088b00000| Complete 
| 140|0x0000000088c00000, 0x0000000088d00000, 0x0000000088d00000|100%| S|CS|TAMS 0x0000000088c00000, 0x0000000088c00000| Complete 
| 141|0x0000000088d00000, 0x0000000088e00000, 0x0000000088e00000|100%| S|CS|TAMS 0x0000000088d00000, 0x0000000088d00000| Complete 
| 142|0x0000000088e00000, 0x0000000088e00000, 0x0000000088f00000|  0%| F|  |TAMS 0x0000000088e00000, 0x0000000088e00000| Untracked 
| 143|0x0000000088f00000, 0x0000000089000000, 0x0000000089000000|100%| S|CS|TAMS 0x0000000088f00000, 0x0000000088f00000| Complete 
| 144|0x0000000089000000, 0x0000000089100000, 0x0000000089100000|100%| S|CS|TAMS 0x0000000089000000, 0x0000000089000000| Complete 
| 145|0x0000000089100000, 0x0000000089200000, 0x0000000089200000|100%| S|CS|TAMS 0x0000000089100000, 0x0000000089100000| Complete 
| 146|0x0000000089200000, 0x0000000089200000, 0x0000000089300000|  0%| F|  |TAMS 0x0000000089200000, 0x0000000089200000| Untracked 
| 147|0x0000000089300000, 0x0000000089300000, 0x0000000089400000|  0%| F|  |TAMS 0x0000000089300000, 0x0000000089300000| Untracked 
| 148|0x0000000089400000, 0x0000000089400000, 0x0000000089500000|  0%| F|  |TAMS 0x0000000089400000, 0x0000000089400000| Untracked 
| 149|0x0000000089500000, 0x0000000089500000, 0x0000000089600000|  0%| F|  |TAMS 0x0000000089500000, 0x0000000089500000| Untracked 
| 150|0x0000000089600000, 0x0000000089600000, 0x0000000089700000|  0%| F|  |TAMS 0x0000000089600000, 0x0000000089600000| Untracked 
| 151|0x0000000089700000, 0x0000000089700000, 0x0000000089800000|  0%| F|  |TAMS 0x0000000089700000, 0x0000000089700000| Untracked 
| 152|0x0000000089800000, 0x0000000089900000, 0x0000000089900000|100%| S|CS|TAMS 0x0000000089800000, 0x0000000089800000| Complete 
| 153|0x0000000089900000, 0x0000000089a00000, 0x0000000089a00000|100%| S|CS|TAMS 0x0000000089900000, 0x0000000089900000| Complete 
| 154|0x0000000089a00000, 0x0000000089b00000, 0x0000000089b00000|100%| S|CS|TAMS 0x0000000089a00000, 0x0000000089a00000| Complete 
| 155|0x0000000089b00000, 0x0000000089c00000, 0x0000000089c00000|100%| S|CS|TAMS 0x0000000089b00000, 0x0000000089b00000| Complete 
| 156|0x0000000089c00000, 0x0000000089c00000, 0x0000000089d00000|  0%| F|  |TAMS 0x0000000089c00000, 0x0000000089c00000| Untracked 
| 157|0x0000000089d00000, 0x0000000089d00000, 0x0000000089e00000|  0%| F|  |TAMS 0x0000000089d00000, 0x0000000089d00000| Untracked 
| 158|0x0000000089e00000, 0x0000000089e00000, 0x0000000089f00000|  0%| F|  |TAMS 0x0000000089e00000, 0x0000000089e00000| Untracked 
| 159|0x0000000089f00000, 0x0000000089f00000, 0x000000008a000000|  0%| F|  |TAMS 0x0000000089f00000, 0x0000000089f00000| Untracked 
| 160|0x000000008a000000, 0x000000008a000000, 0x000000008a100000|  0%| F|  |TAMS 0x000000008a000000, 0x000000008a000000| Untracked 
| 161|0x000000008a100000, 0x000000008a100000, 0x000000008a200000|  0%| F|  |TAMS 0x000000008a100000, 0x000000008a100000| Untracked 
| 162|0x000000008a200000, 0x000000008a2ae9d0, 0x000000008a300000| 68%| E|  |TAMS 0x000000008a200000, 0x000000008a200000| Complete 
| 163|0x000000008a300000, 0x000000008a400000, 0x000000008a400000|100%| E|CS|TAMS 0x000000008a300000, 0x000000008a300000| Complete 
| 164|0x000000008a400000, 0x000000008a500000, 0x000000008a500000|100%| E|CS|TAMS 0x000000008a400000, 0x000000008a400000| Complete 
| 165|0x000000008a500000, 0x000000008a600000, 0x000000008a600000|100%| E|CS|TAMS 0x000000008a500000, 0x000000008a500000| Complete 
| 166|0x000000008a600000, 0x000000008a700000, 0x000000008a700000|100%| E|CS|TAMS 0x000000008a600000, 0x000000008a600000| Complete 
| 167|0x000000008a700000, 0x000000008a800000, 0x000000008a800000|100%| E|CS|TAMS 0x000000008a700000, 0x000000008a700000| Complete 
| 168|0x000000008a800000, 0x000000008a900000, 0x000000008a900000|100%| E|CS|TAMS 0x000000008a800000, 0x000000008a800000| Complete 
| 169|0x000000008a900000, 0x000000008aa00000, 0x000000008aa00000|100%| E|CS|TAMS 0x000000008a900000, 0x000000008a900000| Complete 
| 170|0x000000008aa00000, 0x000000008ab00000, 0x000000008ab00000|100%| E|CS|TAMS 0x000000008aa00000, 0x000000008aa00000| Complete 
| 171|0x000000008ab00000, 0x000000008ac00000, 0x000000008ac00000|100%| E|CS|TAMS 0x000000008ab00000, 0x000000008ab00000| Complete 
| 172|0x000000008ac00000, 0x000000008ad00000, 0x000000008ad00000|100%| E|CS|TAMS 0x000000008ac00000, 0x000000008ac00000| Complete 
| 173|0x000000008ad00000, 0x000000008ae00000, 0x000000008ae00000|100%| E|CS|TAMS 0x000000008ad00000, 0x000000008ad00000| Complete 
| 174|0x000000008ae00000, 0x000000008af00000, 0x000000008af00000|100%| E|CS|TAMS 0x000000008ae00000, 0x000000008ae00000| Complete 
| 175|0x000000008af00000, 0x000000008b000000, 0x000000008b000000|100%| E|CS|TAMS 0x000000008af00000, 0x000000008af00000| Complete 
| 176|0x000000008b000000, 0x000000008b100000, 0x000000008b100000|100%| E|CS|TAMS 0x000000008b000000, 0x000000008b000000| Complete 
| 177|0x000000008b100000, 0x000000008b200000, 0x000000008b200000|100%| E|CS|TAMS 0x000000008b100000, 0x000000008b100000| Complete 
| 178|0x000000008b200000, 0x000000008b300000, 0x000000008b300000|100%| E|CS|TAMS 0x000000008b200000, 0x000000008b200000| Complete 
| 179|0x000000008b300000, 0x000000008b400000, 0x000000008b400000|100%| E|CS|TAMS 0x000000008b300000, 0x000000008b300000| Complete 
| 180|0x000000008b400000, 0x000000008b500000, 0x000000008b500000|100%| E|CS|TAMS 0x000000008b400000, 0x000000008b400000| Complete 
| 181|0x000000008b500000, 0x000000008b600000, 0x000000008b600000|100%| E|CS|TAMS 0x000000008b500000, 0x000000008b500000| Complete 
| 182|0x000000008b600000, 0x000000008b700000, 0x000000008b700000|100%| E|CS|TAMS 0x000000008b600000, 0x000000008b600000| Complete 
| 183|0x000000008b700000, 0x000000008b800000, 0x000000008b800000|100%| E|CS|TAMS 0x000000008b700000, 0x000000008b700000| Complete 
| 184|0x000000008b800000, 0x000000008b900000, 0x000000008b900000|100%| E|CS|TAMS 0x000000008b800000, 0x000000008b800000| Complete 
| 185|0x000000008b900000, 0x000000008ba00000, 0x000000008ba00000|100%| E|CS|TAMS 0x000000008b900000, 0x000000008b900000| Complete 
| 186|0x000000008ba00000, 0x000000008bb00000, 0x000000008bb00000|100%| E|CS|TAMS 0x000000008ba00000, 0x000000008ba00000| Complete 
| 187|0x000000008bb00000, 0x000000008bc00000, 0x000000008bc00000|100%| E|CS|TAMS 0x000000008bb00000, 0x000000008bb00000| Complete 
| 188|0x000000008bc00000, 0x000000008bd00000, 0x000000008bd00000|100%| E|CS|TAMS 0x000000008bc00000, 0x000000008bc00000| Complete 
| 189|0x000000008bd00000, 0x000000008be00000, 0x000000008be00000|100%| E|  |TAMS 0x000000008bd00000, 0x000000008bd00000| Complete 
| 190|0x000000008be00000, 0x000000008bf00000, 0x000000008bf00000|100%| E|CS|TAMS 0x000000008be00000, 0x000000008be00000| Complete 
| 191|0x000000008bf00000, 0x000000008c000000, 0x000000008c000000|100%| E|CS|TAMS 0x000000008bf00000, 0x000000008bf00000| Complete 
| 192|0x000000008c000000, 0x000000008c100000, 0x000000008c100000|100%| E|CS|TAMS 0x000000008c000000, 0x000000008c000000| Complete 
| 193|0x000000008c100000, 0x000000008c200000, 0x000000008c200000|100%| E|CS|TAMS 0x000000008c100000, 0x000000008c100000| Complete 
| 194|0x000000008c200000, 0x000000008c300000, 0x000000008c300000|100%| E|CS|TAMS 0x000000008c200000, 0x000000008c200000| Complete 
| 195|0x000000008c300000, 0x000000008c400000, 0x000000008c400000|100%| E|CS|TAMS 0x000000008c300000, 0x000000008c300000| Complete 
| 196|0x000000008c400000, 0x000000008c500000, 0x000000008c500000|100%| E|CS|TAMS 0x000000008c400000, 0x000000008c400000| Complete 
| 197|0x000000008c500000, 0x000000008c600000, 0x000000008c600000|100%| E|CS|TAMS 0x000000008c500000, 0x000000008c500000| Complete 
| 198|0x000000008c600000, 0x000000008c700000, 0x000000008c700000|100%| E|CS|TAMS 0x000000008c600000, 0x000000008c600000| Complete 
| 199|0x000000008c700000, 0x000000008c800000, 0x000000008c800000|100%| E|CS|TAMS 0x000000008c700000, 0x000000008c700000| Complete 
| 200|0x000000008c800000, 0x000000008c900000, 0x000000008c900000|100%| E|CS|TAMS 0x000000008c800000, 0x000000008c800000| Complete 
| 201|0x000000008c900000, 0x000000008ca00000, 0x000000008ca00000|100%| E|CS|TAMS 0x000000008c900000, 0x000000008c900000| Complete 
| 202|0x000000008ca00000, 0x000000008cb00000, 0x000000008cb00000|100%| E|CS|TAMS 0x000000008ca00000, 0x000000008ca00000| Complete 
| 203|0x000000008cb00000, 0x000000008cc00000, 0x000000008cc00000|100%| E|CS|TAMS 0x000000008cb00000, 0x000000008cb00000| Complete 
| 204|0x000000008cc00000, 0x000000008cd00000, 0x000000008cd00000|100%| E|CS|TAMS 0x000000008cc00000, 0x000000008cc00000| Complete 
| 205|0x000000008cd00000, 0x000000008ce00000, 0x000000008ce00000|100%| E|CS|TAMS 0x000000008cd00000, 0x000000008cd00000| Complete 
| 206|0x000000008ce00000, 0x000000008cf00000, 0x000000008cf00000|100%| E|CS|TAMS 0x000000008ce00000, 0x000000008ce00000| Complete 
| 207|0x000000008cf00000, 0x000000008d000000, 0x000000008d000000|100%| E|CS|TAMS 0x000000008cf00000, 0x000000008cf00000| Complete 
| 208|0x000000008d000000, 0x000000008d100000, 0x000000008d100000|100%| E|CS|TAMS 0x000000008d000000, 0x000000008d000000| Complete 
| 209|0x000000008d100000, 0x000000008d200000, 0x000000008d200000|100%| E|CS|TAMS 0x000000008d100000, 0x000000008d100000| Complete 
| 210|0x000000008d200000, 0x000000008d300000, 0x000000008d300000|100%| E|CS|TAMS 0x000000008d200000, 0x000000008d200000| Complete 
| 211|0x000000008d300000, 0x000000008d400000, 0x000000008d400000|100%| E|CS|TAMS 0x000000008d300000, 0x000000008d300000| Complete 
| 212|0x000000008d400000, 0x000000008d500000, 0x000000008d500000|100%| E|CS|TAMS 0x000000008d400000, 0x000000008d400000| Complete 
| 213|0x000000008d500000, 0x000000008d600000, 0x000000008d600000|100%| E|CS|TAMS 0x000000008d500000, 0x000000008d500000| Complete 
| 214|0x000000008d600000, 0x000000008d700000, 0x000000008d700000|100%| E|CS|TAMS 0x000000008d600000, 0x000000008d600000| Complete 
| 215|0x000000008d700000, 0x000000008d800000, 0x000000008d800000|100%| E|CS|TAMS 0x000000008d700000, 0x000000008d700000| Complete 
| 216|0x000000008d800000, 0x000000008d900000, 0x000000008d900000|100%| E|CS|TAMS 0x000000008d800000, 0x000000008d800000| Complete 
| 217|0x000000008d900000, 0x000000008da00000, 0x000000008da00000|100%| E|CS|TAMS 0x000000008d900000, 0x000000008d900000| Complete 
| 218|0x000000008da00000, 0x000000008db00000, 0x000000008db00000|100%| E|CS|TAMS 0x000000008da00000, 0x000000008da00000| Complete 
| 219|0x000000008db00000, 0x000000008dc00000, 0x000000008dc00000|100%| E|CS|TAMS 0x000000008db00000, 0x000000008db00000| Complete 
| 220|0x000000008dc00000, 0x000000008dd00000, 0x000000008dd00000|100%| E|CS|TAMS 0x000000008dc00000, 0x000000008dc00000| Complete 
| 221|0x000000008dd00000, 0x000000008de00000, 0x000000008de00000|100%| E|CS|TAMS 0x000000008dd00000, 0x000000008dd00000| Complete 
| 222|0x000000008de00000, 0x000000008df00000, 0x000000008df00000|100%| E|CS|TAMS 0x000000008de00000, 0x000000008de00000| Complete 
| 223|0x000000008df00000, 0x000000008e000000, 0x000000008e000000|100%| E|CS|TAMS 0x000000008df00000, 0x000000008df00000| Complete 
| 224|0x000000008e000000, 0x000000008e100000, 0x000000008e100000|100%| E|CS|TAMS 0x000000008e000000, 0x000000008e000000| Complete 
| 225|0x000000008e100000, 0x000000008e200000, 0x000000008e200000|100%| E|CS|TAMS 0x000000008e100000, 0x000000008e100000| Complete 
| 226|0x000000008e200000, 0x000000008e300000, 0x000000008e300000|100%| E|CS|TAMS 0x000000008e200000, 0x000000008e200000| Complete 
| 227|0x000000008e300000, 0x000000008e400000, 0x000000008e400000|100%| E|CS|TAMS 0x000000008e300000, 0x000000008e300000| Complete 
| 228|0x000000008e400000, 0x000000008e500000, 0x000000008e500000|100%| E|CS|TAMS 0x000000008e400000, 0x000000008e400000| Complete 
| 229|0x000000008e500000, 0x000000008e600000, 0x000000008e600000|100%| E|CS|TAMS 0x000000008e500000, 0x000000008e500000| Complete 
| 230|0x000000008e600000, 0x000000008e700000, 0x000000008e700000|100%| E|CS|TAMS 0x000000008e600000, 0x000000008e600000| Complete 
| 231|0x000000008e700000, 0x000000008e800000, 0x000000008e800000|100%| E|CS|TAMS 0x000000008e700000, 0x000000008e700000| Complete 
| 232|0x000000008e800000, 0x000000008e900000, 0x000000008e900000|100%| E|CS|TAMS 0x000000008e800000, 0x000000008e800000| Complete 
| 233|0x000000008e900000, 0x000000008ea00000, 0x000000008ea00000|100%| E|CS|TAMS 0x000000008e900000, 0x000000008e900000| Complete 
| 234|0x000000008ea00000, 0x000000008eb00000, 0x000000008eb00000|100%| E|CS|TAMS 0x000000008ea00000, 0x000000008ea00000| Complete 
| 235|0x000000008eb00000, 0x000000008ec00000, 0x000000008ec00000|100%| E|CS|TAMS 0x000000008eb00000, 0x000000008eb00000| Complete 
| 236|0x000000008ec00000, 0x000000008ed00000, 0x000000008ed00000|100%| E|CS|TAMS 0x000000008ec00000, 0x000000008ec00000| Complete 
| 237|0x000000008ed00000, 0x000000008ee00000, 0x000000008ee00000|100%| E|CS|TAMS 0x000000008ed00000, 0x000000008ed00000| Complete 
| 238|0x000000008ee00000, 0x000000008ef00000, 0x000000008ef00000|100%| E|CS|TAMS 0x000000008ee00000, 0x000000008ee00000| Complete 
| 239|0x000000008ef00000, 0x000000008f000000, 0x000000008f000000|100%| E|CS|TAMS 0x000000008ef00000, 0x000000008ef00000| Complete 
| 240|0x000000008f000000, 0x000000008f100000, 0x000000008f100000|100%| E|CS|TAMS 0x000000008f000000, 0x000000008f000000| Complete 
| 241|0x000000008f100000, 0x000000008f200000, 0x000000008f200000|100%| E|CS|TAMS 0x000000008f100000, 0x000000008f100000| Complete 
| 242|0x000000008f200000, 0x000000008f300000, 0x000000008f300000|100%| E|CS|TAMS 0x000000008f200000, 0x000000008f200000| Complete 
| 243|0x000000008f300000, 0x000000008f400000, 0x000000008f400000|100%| E|CS|TAMS 0x000000008f300000, 0x000000008f300000| Complete 
| 244|0x000000008f400000, 0x000000008f500000, 0x000000008f500000|100%| E|CS|TAMS 0x000000008f400000, 0x000000008f400000| Complete 
| 245|0x000000008f500000, 0x000000008f600000, 0x000000008f600000|100%| E|CS|TAMS 0x000000008f500000, 0x000000008f500000| Complete 
| 246|0x000000008f600000, 0x000000008f700000, 0x000000008f700000|100%| E|CS|TAMS 0x000000008f600000, 0x000000008f600000| Complete 
| 247|0x000000008f700000, 0x000000008f800000, 0x000000008f800000|100%| E|CS|TAMS 0x000000008f700000, 0x000000008f700000| Complete 
| 248|0x000000008f800000, 0x000000008f900000, 0x000000008f900000|100%| E|CS|TAMS 0x000000008f800000, 0x000000008f800000| Complete 
| 249|0x000000008f900000, 0x000000008fa00000, 0x000000008fa00000|100%| E|CS|TAMS 0x000000008f900000, 0x000000008f900000| Complete 
| 250|0x000000008fa00000, 0x000000008fb00000, 0x000000008fb00000|100%| E|CS|TAMS 0x000000008fa00000, 0x000000008fa00000| Complete 
| 251|0x000000008fb00000, 0x000000008fc00000, 0x000000008fc00000|100%| E|CS|TAMS 0x000000008fb00000, 0x000000008fb00000| Complete 
| 252|0x000000008fc00000, 0x000000008fd00000, 0x000000008fd00000|100%| E|CS|TAMS 0x000000008fc00000, 0x000000008fc00000| Complete 
| 253|0x000000008fd00000, 0x000000008fe00000, 0x000000008fe00000|100%| E|CS|TAMS 0x000000008fd00000, 0x000000008fd00000| Complete 
| 254|0x000000008fe00000, 0x000000008ff00000, 0x000000008ff00000|100%| E|CS|TAMS 0x000000008fe00000, 0x000000008fe00000| Complete 
| 255|0x000000008ff00000, 0x0000000090000000, 0x0000000090000000|100%| E|CS|TAMS 0x000000008ff00000, 0x000000008ff00000| Complete 

Card table byte_map: [0x00000295bb1d0000,0x00000295bb5d0000] _byte_map_base: 0x00000295badd0000

Marking Bits (Prev, Next): (CMBitMap*) 0x00000295a834d2b0, (CMBitMap*) 0x00000295a834d278
 Prev Bits: [0x00000295bd9d0000, 0x00000295bf9d0000)
 Next Bits: [0x00000295bb9d0000, 0x00000295bd9d0000)

Polling page: 0x00000295a6200000

Metaspace:

Usage:
  Non-class:     82.51 MB capacity,    81.12 MB ( 98%) used,     1.13 MB (  1%) free+waste,   266.75 KB ( <1%) overhead. 
      Class:     12.98 MB capacity,    12.14 MB ( 94%) used,   736.66 KB (  6%) free+waste,   119.63 KB ( <1%) overhead. 
       Both:     95.48 MB capacity,    93.26 MB ( 98%) used,     1.85 MB (  2%) free+waste,   386.38 KB ( <1%) overhead. 

Virtual space:
  Non-class space:       84.00 MB reserved,      82.75 MB ( 99%) committed 
      Class space:        1.00 GB reserved,      13.07 MB (  1%) committed 
             Both:        1.08 GB reserved,      95.82 MB (  9%) committed 

Chunk freelists:
   Non-Class:  56.00 KB
       Class:  25.00 KB
        Both:  81.00 KB

MaxMetaspaceSize: 17179869184.00 GB
CompressedClassSpaceSize: 1.00 GB

CodeHeap 'non-profiled nmethods': size=120064Kb used=7095Kb max_used=7095Kb free=112968Kb
 bounds [0x00000295b3890000, 0x00000295b3f80000, 0x00000295badd0000]
CodeHeap 'profiled nmethods': size=120000Kb used=24385Kb max_used=24385Kb free=95615Kb
 bounds [0x00000295ac360000, 0x00000295adb40000, 0x00000295b3890000]
CodeHeap 'non-nmethods': size=5696Kb used=2305Kb max_used=2348Kb free=3390Kb
 bounds [0x00000295abdd0000, 0x00000295ac040000, 0x00000295ac360000]
 total_blobs=12128 nmethods=11218 adapters=821
 compilation: enabled
              stopped_count=0, restarted_count=0
 full_count=0

Compilation events (20 events):
Event: 32.434 Thread 0x00000295c2787000 nmethod 11264 0x00000295adb2b010 code [0x00000295adb2b1c0, 0x00000295adb2b358]
Event: 32.435 Thread 0x00000295c2787000 11265       3       java.util.AbstractList$RandomAccessSubList::<init> (8 bytes)
Event: 32.436 Thread 0x00000295c2787000 nmethod 11265 0x00000295adb2b490 code [0x00000295adb2b660, 0x00000295adb2b998]
Event: 32.436 Thread 0x00000295c2787000 11266       3       java.util.AbstractList$SubList::size (9 bytes)
Event: 32.436 Thread 0x00000295c2787000 nmethod 11266 0x00000295adb2bb10 code [0x00000295adb2bce0, 0x00000295adb2bf68]
Event: 32.436 Thread 0x00000295c2787000 11267       3       java.util.AbstractList$SubList::iterator (5 bytes)
Event: 32.436 Thread 0x00000295c2787000 nmethod 11267 0x00000295adb2c090 code [0x00000295adb2c2c0, 0x00000295adb2c958]
Event: 32.436 Thread 0x00000295c2787000 11268       3       java.util.AbstractList$SubList$1::hasNext (20 bytes)
Event: 32.437 Thread 0x00000295c2787000 nmethod 11268 0x00000295adb2cc10 code [0x00000295adb2cde0, 0x00000295adb2d088]
Event: 32.438 Thread 0x00000295c2787000 11269       3       com.android.tools.r8.graph.G$a::hashCode (10 bytes)
Event: 32.438 Thread 0x00000295c2787000 nmethod 11269 0x00000295adb2d190 code [0x00000295adb2d340, 0x00000295adb2d458]
Event: 32.440 Thread 0x00000295c2787000 11271       3       com.android.tools.r8.internal.p5$$Lambda$1048/0x0000000100c95440::applyAsInt (8 bytes)
Event: 32.440 Thread 0x00000295c2787000 nmethod 11271 0x00000295adb2d510 code [0x00000295adb2d6c0, 0x00000295adb2d918]
Event: 32.440 Thread 0x00000295c2787000 11272       3       com.android.tools.r8.internal.g8::a (48 bytes)
Event: 32.440 Thread 0x00000295c2787000 nmethod 11272 0x00000295adb2da10 code [0x00000295adb2dc00, 0x00000295adb2e018]
Event: 32.442 Thread 0x00000295c2787000 11273       3       com.android.tools.r8.graph.d0::q0 (8 bytes)
Event: 32.442 Thread 0x00000295c2787000 nmethod 11273 0x00000295adb2e190 code [0x00000295adb2e3a0, 0x00000295adb2e8f8]
Event: 32.442 Thread 0x00000295c2787000 11283       3       com.android.tools.r8.internal.o0::get (132 bytes)
Event: 32.443 Thread 0x00000295c2787000 nmethod 11283 0x00000295adb2ec10 code [0x00000295adb2ee60, 0x00000295adb2f708]
Event: 32.443 Thread 0x00000295c2787000 11284       3       com.android.tools.r8.internal.du::containsKey (80 bytes)

GC Heap History (20 events):
Event: 7.658 GC heap before
{Heap before GC invocations=5 (full 0):
 garbage-first heap   total 262144K, used 90810K [0x0000000080000000, 0x0000000100000000)
  region size 1024K, 80 young (81920K), 8 survivors (8192K)
 Metaspace       used 27662K, capacity 28308K, committed 28544K, reserved 1073152K
  class space    used 3669K, capacity 3929K, committed 3968K, reserved 1048576K
}
Event: 7.669 GC heap after
{Heap after GC invocations=6 (full 0):
 garbage-first heap   total 262144K, used 19697K [0x0000000080000000, 0x0000000100000000)
  region size 1024K, 6 young (6144K), 6 survivors (6144K)
 Metaspace       used 27662K, capacity 28308K, committed 28544K, reserved 1073152K
  class space    used 3669K, capacity 3929K, committed 3968K, reserved 1048576K
}
Event: 9.341 GC heap before
{Heap before GC invocations=6 (full 0):
 garbage-first heap   total 262144K, used 56561K [0x0000000080000000, 0x0000000100000000)
  region size 1024K, 44 young (45056K), 6 survivors (6144K)
 Metaspace       used 35050K, capacity 35834K, committed 35840K, reserved 1081344K
  class space    used 4541K, capacity 4864K, committed 4864K, reserved 1048576K
}
Event: 9.356 GC heap after
{Heap after GC invocations=7 (full 0):
 garbage-first heap   total 262144K, used 22839K [0x0000000080000000, 0x0000000100000000)
  region size 1024K, 9 young (9216K), 9 survivors (9216K)
 Metaspace       used 35050K, capacity 35834K, committed 35840K, reserved 1081344K
  class space    used 4541K, capacity 4864K, committed 4864K, reserved 1048576K
}
Event: 12.600 GC heap before
{Heap before GC invocations=8 (full 0):
 garbage-first heap   total 262144K, used 135479K [0x0000000080000000, 0x0000000100000000)
  region size 1024K, 116 young (118784K), 9 survivors (9216K)
 Metaspace       used 43904K, capacity 44971K, committed 45260K, reserved 1089536K
  class space    used 5631K, capacity 6002K, committed 6092K, reserved 1048576K
}
Event: 12.626 GC heap after
{Heap after GC invocations=9 (full 0):
 garbage-first heap   total 262144K, used 29549K [0x0000000080000000, 0x0000000100000000)
  region size 1024K, 13 young (13312K), 13 survivors (13312K)
 Metaspace       used 43904K, capacity 44971K, committed 45260K, reserved 1089536K
  class space    used 5631K, capacity 6002K, committed 6092K, reserved 1048576K
}
Event: 16.113 GC heap before
{Heap before GC invocations=9 (full 0):
 garbage-first heap   total 262144K, used 164717K [0x0000000080000000, 0x0000000100000000)
  region size 1024K, 138 young (141312K), 13 survivors (13312K)
 Metaspace       used 54946K, capacity 56333K, committed 56396K, reserved 1097728K
  class space    used 6959K, capacity 7466K, committed 7500K, reserved 1048576K
}
Event: 16.143 GC heap after
{Heap after GC invocations=10 (full 0):
 garbage-first heap   total 262144K, used 48232K [0x0000000080000000, 0x0000000100000000)
  region size 1024K, 18 young (18432K), 18 survivors (18432K)
 Metaspace       used 54946K, capacity 56333K, committed 56396K, reserved 1097728K
  class space    used 6959K, capacity 7466K, committed 7500K, reserved 1048576K
}
Event: 16.942 GC heap before
{Heap before GC invocations=10 (full 0):
 garbage-first heap   total 262144K, used 70760K [0x0000000080000000, 0x0000000100000000)
  region size 1024K, 41 young (41984K), 18 survivors (18432K)
 Metaspace       used 58646K, capacity 60129K, committed 60236K, reserved 1101824K
  class space    used 7402K, capacity 7917K, committed 8012K, reserved 1048576K
}
Event: 16.979 GC heap after
{Heap after GC invocations=11 (full 0):
 garbage-first heap   total 262144K, used 50571K [0x0000000080000000, 0x0000000100000000)
  region size 1024K, 2 young (2048K), 2 survivors (2048K)
 Metaspace       used 58646K, capacity 60129K, committed 60236K, reserved 1101824K
  class space    used 7402K, capacity 7917K, committed 8012K, reserved 1048576K
}
Event: 19.130 GC heap before
{Heap before GC invocations=12 (full 0):
 garbage-first heap   total 262144K, used 142731K [0x0000000080000000, 0x0000000100000000)
  region size 1024K, 92 young (94208K), 2 survivors (2048K)
 Metaspace       used 66616K, capacity 68188K, committed 68428K, reserved 1107968K
  class space    used 8415K, capacity 8985K, committed 9036K, reserved 1048576K
}
Event: 19.144 GC heap after
{Heap after GC invocations=13 (full 0):
 garbage-first heap   total 262144K, used 56715K [0x0000000080000000, 0x0000000100000000)
  region size 1024K, 8 young (8192K), 8 survivors (8192K)
 Metaspace       used 66616K, capacity 68188K, committed 68428K, reserved 1107968K
  class space    used 8415K, capacity 8985K, committed 9036K, reserved 1048576K
}
Event: 22.008 GC heap before
{Heap before GC invocations=13 (full 0):
 garbage-first heap   total 262144K, used 153995K [0x0000000080000000, 0x0000000100000000)
  region size 1024K, 103 young (105472K), 8 survivors (8192K)
 Metaspace       used 75029K, capacity 76712K, committed 76876K, reserved 1116160K
  class space    used 9671K, capacity 10272K, committed 10316K, reserved 1048576K
}
Event: 22.031 GC heap after
{Heap after GC invocations=14 (full 0):
 garbage-first heap   total 262144K, used 63798K [0x0000000080000000, 0x0000000100000000)
  region size 1024K, 7 young (7168K), 7 survivors (7168K)
 Metaspace       used 75029K, capacity 76712K, committed 76876K, reserved 1116160K
  class space    used 9671K, capacity 10272K, committed 10316K, reserved 1048576K
}
Event: 25.417 GC heap before
{Heap before GC invocations=14 (full 0):
 garbage-first heap   total 262144K, used 163126K [0x0000000080000000, 0x0000000100000000)
  region size 1024K, 104 young (106496K), 7 survivors (7168K)
 Metaspace       used 84658K, capacity 86724K, committed 86988K, reserved 1124352K
  class space    used 10923K, capacity 11690K, committed 11724K, reserved 1048576K
}
Event: 25.443 GC heap after
{Heap after GC invocations=15 (full 0):
 garbage-first heap   total 262144K, used 72679K [0x0000000080000000, 0x0000000100000000)
  region size 1024K, 9 young (9216K), 9 survivors (9216K)
 Metaspace       used 84658K, capacity 86724K, committed 86988K, reserved 1124352K
  class space    used 10923K, capacity 11690K, committed 11724K, reserved 1048576K
}
Event: 27.554 GC heap before
{Heap before GC invocations=15 (full 0):
 garbage-first heap   total 262144K, used 172007K [0x0000000080000000, 0x0000000100000000)
  region size 1024K, 107 young (109568K), 9 survivors (9216K)
 Metaspace       used 85763K, capacity 87845K, committed 88140K, reserved 1126400K
  class space    used 10980K, capacity 11754K, committed 11852K, reserved 1048576K
}
Event: 27.578 GC heap after
{Heap after GC invocations=16 (full 0):
 garbage-first heap   total 262144K, used 79571K [0x0000000080000000, 0x0000000100000000)
  region size 1024K, 7 young (7168K), 7 survivors (7168K)
 Metaspace       used 85763K, capacity 87845K, committed 88140K, reserved 1126400K
  class space    used 10980K, capacity 11754K, committed 11852K, reserved 1048576K
}
Event: 29.868 GC heap before
{Heap before GC invocations=16 (full 0):
 garbage-first heap   total 262144K, used 180947K [0x0000000080000000, 0x0000000100000000)
  region size 1024K, 107 young (109568K), 7 survivors (7168K)
 Metaspace       used 89716K, capacity 91930K, committed 92236K, reserved 1128448K
  class space    used 11486K, capacity 12279K, committed 12364K, reserved 1048576K
}
Event: 29.886 GC heap after
{Heap after GC invocations=17 (full 0):
 garbage-first heap   total 262144K, used 83558K [0x0000000080000000, 0x0000000100000000)
  region size 1024K, 11 young (11264K), 11 survivors (11264K)
 Metaspace       used 89716K, capacity 91930K, committed 92236K, reserved 1128448K
  class space    used 11486K, capacity 12279K, committed 12364K, reserved 1048576K
}

Deoptimization events (20 events):
Event: 32.026 Thread 0x00000295c5d06000 Uncommon trap: trap_request=0xffffffde fr.pc=0x00000295b3f5759c relative=0x0000000000000b1c
Event: 32.026 Thread 0x00000295c5d06000 Uncommon trap: reason=class_check action=maybe_recompile pc=0x00000295b3f5759c method=com.android.tools.r8.dex.j.a(ILjava/util/function/Supplier;)Ljava/lang/Object; @ 33 c2
Event: 32.026 Thread 0x00000295c5d0f000 Uncommon trap: trap_request=0xffffffde fr.pc=0x00000295b3f5759c relative=0x0000000000000b1c
Event: 32.026 Thread 0x00000295c5d06000 DEOPT PACKING pc=0x00000295b3f5759c sp=0x000000f8e93fe790
Event: 32.026 Thread 0x00000295c5d0f000 Uncommon trap: reason=class_check action=maybe_recompile pc=0x00000295b3f5759c method=com.android.tools.r8.dex.j.a(ILjava/util/function/Supplier;)Ljava/lang/Object; @ 33 c2
Event: 32.026 Thread 0x00000295c5d06000 DEOPT UNPACKING pc=0x00000295abdf78af sp=0x000000f8e93fe790 mode 2
Event: 32.026 Thread 0x00000295c5d0f000 DEOPT PACKING pc=0x00000295b3f5759c sp=0x000000f8e94fea00
Event: 32.026 Thread 0x00000295c5d0f000 DEOPT UNPACKING pc=0x00000295abdf78af sp=0x000000f8e94fea00 mode 2
Event: 32.178 Thread 0x00000295c5d12800 Uncommon trap: trap_request=0xffffff4d fr.pc=0x00000295b3f5aa28 relative=0x00000000000002a8
Event: 32.178 Thread 0x00000295c5d12800 Uncommon trap: reason=unstable_if action=reinterpret pc=0x00000295b3f5aa28 method=com.android.tools.r8.graph.X.g(Ljava/lang/Object;)Z @ 37 c2
Event: 32.178 Thread 0x00000295c5d12800 DEOPT PACKING pc=0x00000295b3f5aa28 sp=0x000000f8e96feb80
Event: 32.178 Thread 0x00000295c5d12800 DEOPT UNPACKING pc=0x00000295abdf78af sp=0x000000f8e96feb20 mode 2
Event: 32.181 Thread 0x00000295c5d10000 Uncommon trap: trap_request=0xffffff4d fr.pc=0x00000295b3f52b78 relative=0x0000000000000138
Event: 32.181 Thread 0x00000295c5d10000 Uncommon trap: reason=unstable_if action=reinterpret pc=0x00000295b3f52b78 method=com.android.tools.r8.internal.zh.get(I)Ljava/lang/Object; @ 1 c2
Event: 32.181 Thread 0x00000295c5d10000 DEOPT PACKING pc=0x00000295b3f52b78 sp=0x000000f8e95fee80
Event: 32.181 Thread 0x00000295c5d10000 DEOPT UNPACKING pc=0x00000295abdf78af sp=0x000000f8e95fee18 mode 2
Event: 32.234 Thread 0x00000295c5d10000 Uncommon trap: trap_request=0xffffff4d fr.pc=0x00000295b3f5b8f4 relative=0x00000000000002b4
Event: 32.234 Thread 0x00000295c5d10000 Uncommon trap: reason=unstable_if action=reinterpret pc=0x00000295b3f5b8f4 method=com.android.tools.r8.graph.a0.g(Ljava/lang/Object;)Z @ 37 c2
Event: 32.234 Thread 0x00000295c5d10000 DEOPT PACKING pc=0x00000295b3f5b8f4 sp=0x000000f8e95fec30
Event: 32.234 Thread 0x00000295c5d10000 DEOPT UNPACKING pc=0x00000295abdf78af sp=0x000000f8e95febd0 mode 2

Classes redefined (0 events):
No events

Internal exceptions (20 events):
Event: 27.659 Thread 0x00000295c4be1800 Exception <a 'sun/nio/fs/WindowsException'{0x000000008fb36340}> (0x000000008fb36340) thrown at [./src/hotspot/share/prims/jni.cpp, line 615]
Event: 27.659 Thread 0x00000295c4be1800 Exception <a 'sun/nio/fs/WindowsException'{0x000000008fb37990}> (0x000000008fb37990) thrown at [./src/hotspot/share/prims/jni.cpp, line 615]
Event: 27.702 Thread 0x00000295c4be1800 Exception <a 'java/lang/NoSuchMethodError'{0x000000008fae5778}: <clinit>> (0x000000008fae5778) thrown at [./src/hotspot/share/prims/jni.cpp, line 1362]
Event: 27.708 Thread 0x00000295c4be1800 Exception <a 'java/lang/NoSuchMethodError'{0x000000008f930b20}: <clinit>> (0x000000008f930b20) thrown at [./src/hotspot/share/prims/jni.cpp, line 1362]
Event: 27.713 Thread 0x00000295c4be1800 Exception <a 'java/lang/NoSuchMethodError'{0x000000008f96b028}: <clinit>> (0x000000008f96b028) thrown at [./src/hotspot/share/prims/jni.cpp, line 1362]
Event: 27.715 Thread 0x00000295c4be1800 Exception <a 'java/lang/NoSuchMethodError'{0x000000008f984558}: <clinit>> (0x000000008f984558) thrown at [./src/hotspot/share/prims/jni.cpp, line 1362]
Event: 28.455 Thread 0x00000295c4062800 Implicit null exception at 0x00000295b3e8d052 to 0x00000295b3e8d458
Event: 30.662 Thread 0x00000295c5d08000 Exception <a 'java/lang/NoSuchMethodError'{0x000000008f0f7e30}: 'void java.lang.invoke.DirectMethodHandle$Holder.invokeStatic(java.lang.Object, long)'> (0x000000008f0f7e30) thrown at [./src/hotspot/share/interpreter/linkResolver.cpp, line 773]
Event: 30.663 Thread 0x00000295c5d08000 Exception <a 'java/lang/NoSuchMethodError'{0x000000008f0fd048}: 'java.lang.Object java.lang.invoke.DirectMethodHandle$Holder.invokeStatic(java.lang.Object, long)'> (0x000000008f0fd048) thrown at [./src/hotspot/share/interpreter/linkResolver.cpp, line 773]
Event: 30.665 Thread 0x00000295c5d08000 Exception <a 'java/lang/NoSuchMethodError'{0x000000008ef6cdb0}: 'java.lang.Object java.lang.invoke.DirectMethodHandle$Holder.invokeStaticInit(java.lang.Object, java.lang.Object, long, java.lang.Object)'> (0x000000008ef6cdb0) thrown at [./src/hotspot/share/interpreter/linkResolver.cpp, line 773]
Event: 30.666 Thread 0x00000295c5d08000 Exception <a 'java/lang/NoSuchMethodError'{0x000000008ef72f48}: 'java.lang.Object java.lang.invoke.DirectMethodHandle$Holder.invokeStatic(java.lang.Object, java.lang.Object, long)'> (0x000000008ef72f48) thrown at [./src/hotspot/share/interpreter/linkResolver.cpp, line 773]
Event: 30.667 Thread 0x00000295c5d08000 Exception <a 'java/lang/NoSuchMethodError'{0x000000008ef794c0}: 'java.lang.Object java.lang.invoke.Invokers$Holder.linkToTargetMethod(java.lang.Object, long, java.lang.Object)'> (0x000000008ef794c0) thrown at [./src/hotspot/share/interpreter/linkResolver.cpp, line 773]
Event: 30.698 Thread 0x00000295c5d0a800 Exception <a 'sun/nio/fs/WindowsException'{0x000000008ee1c268}> (0x000000008ee1c268) thrown at [./src/hotspot/share/prims/jni.cpp, line 615]
Event: 31.021 Thread 0x00000295c5d0a800 Exception <a 'java/lang/NoSuchMethodError'{0x000000008e77b610}: 'java.lang.Object java.lang.invoke.DirectMethodHandle$Holder.invokeStatic(java.lang.Object, java.lang.Object, java.lang.Object, java.lang.Object, java.lang.Object, java.lang.Object, java.lang.Object, java.lang.Object, java.lang.Object, java.lang.Object, java.lang.Object, java.lang.Object, java.lang.Object, java.lang.Object, java.lang.Object, java.lang.Object, java.lang.Object, java.lang.Object, int, java.lang.Object)'> (0x000000008e77b610) thr
Event: 31.022 Thread 0x00000295c5d0a800 Exception <a 'java/lang/NoSuchMethodError'{0x000000008e780ea0}: 'java.lang.Object java.lang.invoke.DirectMethodHandle$Holder.invokeStaticInit(java.lang.Object, java.lang.Object, java.lang.Object, java.lang.Object, java.lang.Object, java.lang.Object, java.lang.Object, java.lang.Object, java.lang.Object, java.lang.Object, java.lang.Object, java.lang.Object, java.lang.Object, java.lang.Object, java.lang.Object, java.lang.Object, java.lang.Object, java.lang.Object, int, java.lang.Object)'> (0x000000008e780ea0)
Event: 31.446 Thread 0x00000295c5d08000 Exception <a 'java/lang/NoSuchMethodError'{0x000000008cdf84e0}: 'int java.lang.invoke.DirectMethodHandle$Holder.invokeSpecialIFC(java.lang.Object, java.lang.Object, java.lang.Object)'> (0x000000008cdf84e0) thrown at [./src/hotspot/share/interpreter/linkResolver.cpp, line 773]
Event: 32.035 Thread 0x00000295c5d06000 Exception <a 'java/lang/NoSuchMethodError'{0x000000008b4d2948}: 'java.lang.Object java.lang.invoke.DirectMethodHandle$Holder.newInvokeSpecial(java.lang.Object, int)'> (0x000000008b4d2948) thrown at [./src/hotspot/share/interpreter/linkResolver.cpp, line 773]
Event: 32.173 Thread 0x00000295c5d12800 Exception <a 'java/lang/IncompatibleClassChangeError'{0x000000008b34eb28}: Found class java.lang.Object, but interface was expected> (0x000000008b34eb28) thrown at [./src/hotspot/share/interpreter/linkResolver.cpp, line 839]
Event: 32.177 Thread 0x00000295c5d12800 Exception <a 'java/lang/IncompatibleClassChangeError'{0x000000008b066660}: Found class java.lang.Object, but interface was expected> (0x000000008b066660) thrown at [./src/hotspot/share/interpreter/linkResolver.cpp, line 839]
Event: 32.178 Thread 0x00000295c5d12800 Exception <a 'java/lang/IncompatibleClassChangeError'{0x000000008b06db78}: Found class java.lang.Object, but interface was expected> (0x000000008b06db78) thrown at [./src/hotspot/share/interpreter/linkResolver.cpp, line 839]

Events (20 events):
Event: 32.271 loading class com/android/tools/r8/internal/ku$a
Event: 32.271 loading class com/android/tools/r8/internal/ku$a done
Event: 32.271 loading class com/android/tools/r8/internal/Hu
Event: 32.271 loading class com/android/tools/r8/internal/Hu done
Event: 32.272 loading class com/android/tools/r8/internal/ku$f
Event: 32.272 loading class com/android/tools/r8/internal/ku$f done
Event: 32.273 loading class com/android/tools/r8/internal/Rb$a
Event: 32.273 loading class com/android/tools/r8/internal/Rb$a done
Event: 32.274 loading class com/android/tools/r8/internal/mu
Event: 32.274 loading class com/android/tools/r8/internal/mu done
Event: 32.274 loading class com/android/tools/r8/internal/pr
Event: 32.274 loading class com/android/tools/r8/internal/pr done
Event: 32.274 loading class com/android/tools/r8/internal/ku$d
Event: 32.274 loading class com/android/tools/r8/internal/ku$d done
Event: 32.274 loading class com/android/tools/r8/internal/lu
Event: 32.274 loading class com/android/tools/r8/internal/lu done
Event: 32.275 loading class com/android/tools/r8/internal/Yc
Event: 32.275 loading class com/android/tools/r8/internal/Yc done
Event: 32.368 loading class com/android/tools/r8/internal/bq
Event: 32.368 loading class com/android/tools/r8/internal/bq done


Dynamic libraries:
0x00007ff688e40000 - 0x00007ff688e4a000 	D:\xdman\android\android-studio\jre\bin\java.exe
0x00007ffa4f6f0000 - 0x00007ffa4f8e5000 	C:\Windows\SYSTEM32\ntdll.dll
0x00007ffa4ed80000 - 0x00007ffa4ee3d000 	C:\Windows\System32\KERNEL32.DLL
0x00007ffa4cf60000 - 0x00007ffa4d229000 	C:\Windows\System32\KERNELBASE.dll
0x00007ffa4d230000 - 0x00007ffa4d330000 	C:\Windows\System32\ucrtbase.dll
0x00007ffa453d0000 - 0x00007ffa453e7000 	D:\xdman\android\android-studio\jre\bin\VCRUNTIME140.dll
0x00007ffa47200000 - 0x00007ffa47219000 	D:\xdman\android\android-studio\jre\bin\jli.dll
0x00007ffa4d9a0000 - 0x00007ffa4db40000 	C:\Windows\System32\USER32.dll
0x00007ffa4ce80000 - 0x00007ffa4cea2000 	C:\Windows\System32\win32u.dll
0x00007ffa35b00000 - 0x00007ffa35d9a000 	C:\Windows\WinSxS\amd64_microsoft.windows.common-controls_6595b64144ccf1df_6.0.19041.1110_none_60b5254171f9507e\COMCTL32.dll
0x00007ffa4deb0000 - 0x00007ffa4deda000 	C:\Windows\System32\GDI32.dll
0x00007ffa4d3c0000 - 0x00007ffa4d4cb000 	C:\Windows\System32\gdi32full.dll
0x00007ffa4eb30000 - 0x00007ffa4ebce000 	C:\Windows\System32\msvcrt.dll
0x00007ffa4d6c0000 - 0x00007ffa4d75d000 	C:\Windows\System32\msvcp_win.dll
0x00007ffa4e860000 - 0x00007ffa4e890000 	C:\Windows\System32\IMM32.DLL
0x00007ffa45330000 - 0x00007ffa453cd000 	D:\xdman\android\android-studio\jre\bin\msvcp140.dll
0x00007ff9d3e20000 - 0x00007ff9d48ef000 	D:\xdman\android\android-studio\jre\bin\server\jvm.dll
0x00007ffa4dbd0000 - 0x00007ffa4dc7c000 	C:\Windows\System32\ADVAPI32.dll
0x00007ffa4e890000 - 0x00007ffa4e92b000 	C:\Windows\System32\sechost.dll
0x00007ffa4e710000 - 0x00007ffa4e83a000 	C:\Windows\System32\RPCRT4.dll
0x00007ffa4d8d0000 - 0x00007ffa4d8d8000 	C:\Windows\System32\PSAPI.DLL
0x00007ffa32590000 - 0x00007ffa32599000 	C:\Windows\SYSTEM32\WSOCK32.dll
0x00007ffa4eac0000 - 0x00007ffa4eb2b000 	C:\Windows\System32\WS2_32.dll
0x00007ffa27dc0000 - 0x00007ffa27de7000 	C:\Windows\SYSTEM32\WINMM.dll
0x00007ffa3a4f0000 - 0x00007ffa3a4fa000 	C:\Windows\SYSTEM32\VERSION.dll
0x00007ffa4b6b0000 - 0x00007ffa4b6c2000 	C:\Windows\SYSTEM32\kernel.appcore.dll
0x00007ffa1a070000 - 0x00007ffa1a081000 	D:\xdman\android\android-studio\jre\bin\verify.dll
0x00007ffa47bd0000 - 0x00007ffa47db4000 	C:\Windows\SYSTEM32\DBGHELP.DLL
0x00007ffa34d90000 - 0x00007ffa34dbc000 	C:\Windows\SYSTEM32\dbgcore.DLL
0x00007ffa4d630000 - 0x00007ffa4d6b3000 	C:\Windows\System32\bcryptPrimitives.dll
0x00007ff9ffa80000 - 0x00007ff9ffaa9000 	D:\xdman\android\android-studio\jre\bin\java.dll
0x00007ffa38b90000 - 0x00007ffa38b9b000 	D:\xdman\android\android-studio\jre\bin\jimage.dll
0x00007ffa37b10000 - 0x00007ffa37b28000 	D:\xdman\android\android-studio\jre\bin\zip.dll
0x00007ffa4ee40000 - 0x00007ffa4f57f000 	C:\Windows\System32\SHELL32.dll
0x00007ffa47dc0000 - 0x00007ffa48551000 	C:\Windows\SYSTEM32\windows.storage.dll
0x00007ffa4dee0000 - 0x00007ffa4e235000 	C:\Windows\System32\combase.dll
0x00007ffa4c750000 - 0x00007ffa4c77c000 	C:\Windows\SYSTEM32\Wldp.dll
0x00007ffa4e930000 - 0x00007ffa4e9de000 	C:\Windows\System32\SHCORE.dll
0x00007ffa4d940000 - 0x00007ffa4d995000 	C:\Windows\System32\shlwapi.dll
0x00007ffa4cd70000 - 0x00007ffa4cd8f000 	C:\Windows\SYSTEM32\profapi.dll
0x00007ff9fd5c0000 - 0x00007ff9fd5da000 	D:\xdman\android\android-studio\jre\bin\net.dll
0x00007ffa3adc0000 - 0x00007ffa3aeca000 	C:\Windows\SYSTEM32\WINHTTP.dll
0x00007ffa4c530000 - 0x00007ffa4c59a000 	C:\Windows\system32\mswsock.dll
0x00007ff9fd5a0000 - 0x00007ff9fd5b4000 	D:\xdman\android\android-studio\jre\bin\nio.dll
0x00007ffa435b0000 - 0x00007ffa435d7000 	C:\Users\shimu\.gradle\native\8bec1ad78214c89d9ad589b4d07fe93259594b29d510b10fafb7a158f7737e5d\windows-amd64\native-platform.dll
0x00007ffa1ebd0000 - 0x00007ffa1ed0d000 	C:\Users\shimu\.gradle\native\53dbd7edfb1c66fb8903c78663c9afc45aea4f116125fa6feffd364cf09443e8\windows-amd64\native-platform-file-events.dll
0x00007ffa387d0000 - 0x00007ffa387da000 	D:\xdman\android\android-studio\jre\bin\management.dll
0x00007ffa32580000 - 0x00007ffa3258c000 	D:\xdman\android\android-studio\jre\bin\management_ext.dll
0x00007ffa4c790000 - 0x00007ffa4c7a8000 	C:\Windows\SYSTEM32\CRYPTSP.dll
0x00007ffa4be90000 - 0x00007ffa4bec4000 	C:\Windows\system32\rsaenh.dll
0x00007ffa4d390000 - 0x00007ffa4d3b7000 	C:\Windows\System32\bcrypt.dll
0x00007ffa4cd30000 - 0x00007ffa4cd5e000 	C:\Windows\SYSTEM32\USERENV.dll
0x00007ffa4c6b0000 - 0x00007ffa4c6bc000 	C:\Windows\SYSTEM32\CRYPTBASE.dll
0x00007ffa4c240000 - 0x00007ffa4c27b000 	C:\Windows\SYSTEM32\IPHLPAPI.DLL
0x00007ffa4d7f0000 - 0x00007ffa4d7f8000 	C:\Windows\System32\NSI.dll
0x00007ffa400d0000 - 0x00007ffa400e7000 	C:\Windows\SYSTEM32\dhcpcsvc6.DLL
0x00007ffa400b0000 - 0x00007ffa400cd000 	C:\Windows\SYSTEM32\dhcpcsvc.DLL
0x00007ffa4c280000 - 0x00007ffa4c34c000 	C:\Windows\SYSTEM32\DNSAPI.dll

dbghelp: loaded successfully - version: 4.0.5 - missing functions: none
symbol engine: initialized successfully - sym options: 0x614 - pdb path: .;D:\xdman\android\android-studio\jre\bin;C:\Windows\SYSTEM32;C:\Windows\WinSxS\amd64_microsoft.windows.common-controls_6595b64144ccf1df_6.0.19041.1110_none_60b5254171f9507e;D:\xdman\android\android-studio\jre\bin\server;C:\Users\shimu\.gradle\native\8bec1ad78214c89d9ad589b4d07fe93259594b29d510b10fafb7a158f7737e5d\windows-amd64;C:\Users\shimu\.gradle\native\53dbd7edfb1c66fb8903c78663c9afc45aea4f116125fa6feffd364cf09443e8\windows-amd64

VM Arguments:
jvm_args: --add-opens=java.base/java.util=ALL-UNNAMED --add-opens=java.base/java.lang=ALL-UNNAMED --add-opens=java.base/java.lang.invoke=ALL-UNNAMED --add-opens=java.base/java.util=ALL-UNNAMED --add-opens=java.prefs/java.util.prefs=ALL-UNNAMED --add-opens=java.prefs/java.util.prefs=ALL-UNNAMED --add-opens=java.base/java.nio.charset=ALL-UNNAMED --add-opens=java.base/java.net=ALL-UNNAMED --add-opens=java.base/java.util.concurrent.atomic=ALL-UNNAMED -Xmx2048m -Dfile.encoding=UTF-8 -Duser.country=GB -Duser.language=en -Duser.variant 
java_command: org.gradle.launcher.daemon.bootstrap.GradleDaemon 7.0.2
java_class_path (initial): C:\Users\shimu\.gradle\wrapper\dists\gradle-7.0.2-bin\857tjihv64xamwrf0h14cai3r\gradle-7.0.2\lib\gradle-launcher-7.0.2.jar
Launcher Type: SUN_STANDARD

[Global flags]
     intx CICompilerCount                          = 3                                         {product} {ergonomic}
     uint ConcGCThreads                            = 1                                         {product} {ergonomic}
     uint G1ConcRefinementThreads                  = 4                                         {product} {ergonomic}
   size_t G1HeapRegionSize                         = 1048576                                   {product} {ergonomic}
    uintx GCDrainStackTargetSize                   = 64                                        {product} {ergonomic}
   size_t InitialHeapSize                          = 268435456                                 {product} {ergonomic}
   size_t MarkStackSize                            = 4194304                                   {product} {ergonomic}
   size_t MaxHeapSize                              = 2147483648                                {product} {command line}
   size_t MaxNewSize                               = 1287651328                                {product} {ergonomic}
   size_t MinHeapDeltaBytes                        = 1048576                                   {product} {ergonomic}
    uintx NonNMethodCodeHeapSize                   = 5830732                                {pd product} {ergonomic}
    uintx NonProfiledCodeHeapSize                  = 122913754                              {pd product} {ergonomic}
    uintx ProfiledCodeHeapSize                     = 122913754                              {pd product} {ergonomic}
    uintx ReservedCodeCacheSize                    = 251658240                              {pd product} {ergonomic}
     bool SegmentedCodeCache                       = true                                      {product} {ergonomic}
     bool UseCompressedClassPointers               = true                                 {lp64_product} {ergonomic}
     bool UseCompressedOops                        = true                                 {lp64_product} {ergonomic}
     bool UseG1GC                                  = true                                      {product} {ergonomic}
     bool UseLargePagesIndividualAllocation        = false                                  {pd product} {ergonomic}

Logging:
Log output configuration:
 #0: stdout all=warning uptime,level,tags
 #1: stderr all=off uptime,level,tags

Environment Variables:
JAVA_HOME=C:\Program Files\Java\jdk-15.0.1
PATH=C:\Program Files\Common Files\Oracle\Java\javapath;C:\Windows\system32;C:\Windows;C:\Windows\System32\Wbem;C:\Windows\System32\WindowsPowerShell\v1.0\;C:\Windows\System32\OpenSSH\;C:\Program Files\dotnet\;C:\wamp64\bin\php\php7.4.0;C:\Program Files\Git\cmd;C:\xampp\php;C:\ProgramData\ComposerSetup\bin;C:\Program Files\Microsoft SQL Server\130\Tools\Binn\;C:\Program Files\Microsoft SQL Server\Client SDK\ODBC\170\Tools\Binn\;C:\Program Files (x86)\Microsoft SQL Server\150\Tools\Binn\;C:\Program Files\Microsoft SQL Server\150\Tools\Binn\;C:\Program Files\Microsoft SQL Server\150\DTS\Binn\;C:\Program Files (x86)\Microsoft SQL Server\150\DTS\Binn\;C:\Users\shimu\AppData\Roaming\nvm;C:\Program Files\nodejs;C:\Program Files (x86)\dotnet\;C:\Program Files\Java\jdk-15.0.1\bin;;C:\Program Files\SourceGear\Common\DiffMerge\;C:\Users\shimu\AppData\Local\Microsoft\WindowsApps;C:\Users\shimu\AppData\Local\Programs\Microsoft VS Code\bin;C:\Users\shimu\AppData\Roaming\npm;C:\Users\shimu\AppData\Roaming\Composer\vendor\bin;C:\Users\shimu\AppData\Roaming\nvm;C:\Program Files\nodejs;C:\Users\shimu\.dotnet\tools;C:\Program Files\JetBrains\PyCharm Community Edition 2020.2.3\bin;;C:\Program Files\heroku\bin;C:\Program Files\JetBrains\IntelliJ IDEA Community Edition 2020.3.2\bin;;D:\xamp\php;C:\Users\shimu\.dotnet\tools
USERNAME=shimuli
OS=Windows_NT
PROCESSOR_IDENTIFIER=Intel64 Family 6 Model 78 Stepping 3, GenuineIntel



---------------  S Y S T E M  ---------------

OS: Windows 10 , 64 bit Build 19041 (10.0.19041.1023)
OS uptime: 0 days 1:43 hours
Hyper-V role detected

CPU:total 4 (initial active 4) (2 cores per cpu, 2 threads per core) family 6 model 78 stepping 3 microcode 0xd6, cmov, cx8, fxsr, mmx, sse, sse2, sse3, ssse3, sse4.1, sse4.2, popcnt, avx, avx2, aes, clmul, erms, 3dnowpref, lzcnt, ht, tsc, tscinvbit, bmi1, bmi2, adx, fma

Memory: 4k page, system-wide physical 16280M (1964M free)
TotalPageFile size 30955M (AvailPageFile size 2M)
current process WorkingSet (physical memory assigned to process): 507M, peak: 507M
current process commit charge ("private bytes"): 548M, peak: 555M

vm_info: OpenJDK 64-Bit Server VM (11.0.10+0-b96-7249189) for windows-amd64 JRE (11.0.10+0-b96-7249189), built on Mar 31 2021 21:44:00 by "builder" with MS VC++ 14.0 (VS2015)

END.
