#
# There is insufficient memory for the Java Runtime Environment to continue.
# Native memory allocation (malloc) failed to allocate 1463376 bytes for Chunk::new
# Possible reasons:
#   The system is out of physical RAM or swap space
#   The process is running with CompressedOops enabled, and the Java Heap may be blocking the growth of the native heap
# Possible solutions:
#   Reduce memory load on the system
#   Increase physical memory or swap space
#   Check if swap backing store is full
#   Decrease Java heap size (-Xmx/-Xms)
#   Decrease number of Java threads
#   Decrease Java thread stack sizes (-Xss)
#   Set larger code cache with -XX:ReservedCodeCacheSize=
#   JVM is running with Unscaled Compressed Oops mode in which the Java heap is
#     placed in the first 4GB address space. The Java Heap base address is the
#     maximum limit for the native heap growth. Please use -XX:HeapBaseMinAddress
#     to set the Java Heap base and to place the Java Heap above 4GB virtual address.
# This output file may be truncated or incomplete.
#
#  Out of Memory Error (./src/hotspot/share/memory/arena.cpp:197), pid=6620, tid=19984
#
# JRE version: OpenJDK Runtime Environment (11.0.10) (build 11.0.10+0-b96-7249189)
# Java VM: OpenJDK 64-Bit Server VM (11.0.10+0-b96-7249189, mixed mode, tiered, compressed oops, g1 gc, windows-amd64)
# No core dump will be written. Minidumps are not enabled by default on client versions of Windows
#

---------------  S U M M A R Y ------------

Command Line: --add-opens=java.base/java.util=ALL-UNNAMED --add-opens=java.base/java.lang=ALL-UNNAMED --add-opens=java.base/java.lang.invoke=ALL-UNNAMED --add-opens=java.base/java.util=ALL-UNNAMED --add-opens=java.prefs/java.util.prefs=ALL-UNNAMED --add-opens=java.prefs/java.util.prefs=ALL-UNNAMED --add-opens=java.base/java.nio.charset=ALL-UNNAMED --add-opens=java.base/java.net=ALL-UNNAMED --add-opens=java.base/java.util.concurrent.atomic=ALL-UNNAMED -Xmx2048m -Dfile.encoding=UTF-8 -Duser.country=GB -Duser.language=en -Duser.variant org.gradle.launcher.daemon.bootstrap.GradleDaemon 7.0.2

Host: Intel(R) Core(TM) i5-6200U CPU @ 2.30GHz, 4 cores, 15G,  Windows 10 , 64 bit Build 19041 (10.0.19041.1023)
Time: Tue Jul 27 11:00:41 2021 E. Africa Standard Time elapsed time: 390.452249 seconds (0d 0h 6m 30s)

---------------  T H R E A D  ---------------

Current thread (0x000001899bf57000):  JavaThread "C2 CompilerThread0" daemon [_thread_in_native, id=19984, stack(0x00000012b2500000,0x00000012b2600000)]


Current CompileTask:
C2: 390452 22716       4       com.android.tools.r8.graph.Z::b (153 bytes)

Stack: [0x00000012b2500000,0x00000012b2600000]
Native frames: (J=compiled Java code, j=interpreted, Vv=VM code, C=native code)
V  [jvm.dll+0x5ecfaa]
V  [jvm.dll+0x722bd5]
V  [jvm.dll+0x72412d]
V  [jvm.dll+0x7247e3]
V  [jvm.dll+0x242928]
V  [jvm.dll+0xbc4fc]
V  [jvm.dll+0xbca0c]
V  [jvm.dll+0x352d7d]
V  [jvm.dll+0x320ad3]
V  [jvm.dll+0x31ffca]
V  [jvm.dll+0x1fb602]
V  [jvm.dll+0x1fa7f4]
V  [jvm.dll+0x18354c]
V  [jvm.dll+0x208ee7]
V  [jvm.dll+0x207731]
V  [jvm.dll+0x6eb1cf]
V  [jvm.dll+0x6e3d45]
V  [jvm.dll+0x5ebe96]
C  [ucrtbase.dll+0x21bb2]
C  [KERNEL32.DLL+0x17034]
C  [ntdll.dll+0x52651]


---------------  P R O C E S S  ---------------

Threads class SMR info:
_java_thread_list=0x00000189a1456230, length=63, elements={
0x00000189ff56c000, 0x000001899b6cc800, 0x000001899b6cd800, 0x000001899bf4d000,
0x000001899bf51000, 0x000001899bf52000, 0x000001899bf57000, 0x000001899bf5a000,
0x000001899bfb8800, 0x000001899c0c4000, 0x000001899e0d3000, 0x000001899c1ae800,
0x000001899d5f8800, 0x000001899d749800, 0x000001899d749000, 0x000001899d748000,
0x000001899d74a800, 0x000001899d747800, 0x000001899ecb9800, 0x000001899ecb7000,
0x000001899ecb4800, 0x000001899ecb8000, 0x000001899ecbf800, 0x000001899ecc2800,
0x000001899ecbd000, 0x000001899f891800, 0x000001899f891000, 0x000001899f896000,
0x000001899f895000, 0x000001899f893800, 0x000001899f892800, 0x000001899f894000,
0x000001899f890000, 0x000001899f898800, 0x000001899f89b800, 0x000001899f899000,
0x000001899f89a800, 0x000001899f896800, 0x000001899f89d000, 0x000001899f89a000,
0x000001899f89e000, 0x000001899f89f000, 0x000001899ecb5800, 0x000001899ecbe800,
0x000001899ecbc000, 0x000001899ecb9000, 0x000001899ecc0000, 0x000001899ecc1000,
0x000001899ecc2000, 0x000001899d74b800, 0x000001899d74c000, 0x000001899d74d000,
0x000001899d74e000, 0x00000189a55b3800, 0x00000189a55b4800, 0x00000189a55b5800,
0x00000189a55b8800, 0x00000189a55b3000, 0x00000189a55bb000, 0x00000189a55b9800,
0x00000189a55b7000, 0x00000189a55b8000, 0x000001899e4fb800
}

Java Threads: ( => current thread )
  0x00000189ff56c000 JavaThread "main" [_thread_blocked, id=3680, stack(0x00000012b1800000,0x00000012b1900000)]
  0x000001899b6cc800 JavaThread "Reference Handler" daemon [_thread_blocked, id=20432, stack(0x00000012b2000000,0x00000012b2100000)]
  0x000001899b6cd800 JavaThread "Finalizer" daemon [_thread_blocked, id=20548, stack(0x00000012b2100000,0x00000012b2200000)]
  0x000001899bf4d000 JavaThread "Signal Dispatcher" daemon [_thread_blocked, id=19264, stack(0x00000012b2200000,0x00000012b2300000)]
  0x000001899bf51000 JavaThread "Attach Listener" daemon [_thread_blocked, id=11912, stack(0x00000012b2300000,0x00000012b2400000)]
  0x000001899bf52000 JavaThread "Service Thread" daemon [_thread_blocked, id=20708, stack(0x00000012b2400000,0x00000012b2500000)]
=>0x000001899bf57000 JavaThread "C2 CompilerThread0" daemon [_thread_in_native, id=19984, stack(0x00000012b2500000,0x00000012b2600000)]
  0x000001899bf5a000 JavaThread "C1 CompilerThread0" daemon [_thread_blocked, id=20812, stack(0x00000012b2600000,0x00000012b2700000)]
  0x000001899bfb8800 JavaThread "Sweeper thread" daemon [_thread_blocked, id=20508, stack(0x00000012b2700000,0x00000012b2800000)]
  0x000001899c0c4000 JavaThread "Common-Cleaner" daemon [_thread_blocked, id=19864, stack(0x00000012b2800000,0x00000012b2900000)]
  0x000001899e0d3000 JavaThread "Daemon health stats" [_thread_blocked, id=19672, stack(0x00000012b2e00000,0x00000012b2f00000)]
  0x000001899c1ae800 JavaThread "Incoming local TCP Connector on port 50829" [_thread_in_native, id=8204, stack(0x00000012b2a00000,0x00000012b2b00000)]
  0x000001899d5f8800 JavaThread "Daemon periodic checks" [_thread_blocked, id=20848, stack(0x00000012b2f00000,0x00000012b3000000)]
  0x000001899d749800 JavaThread "Cache worker for file hash cache (C:\Users\shimu\.gradle\caches\7.0.2\fileHashes)" [_thread_blocked, id=21088, stack(0x00000012b3700000,0x00000012b3800000)]
  0x000001899d749000 JavaThread "File lock request listener" [_thread_in_native, id=1504, stack(0x00000012b3800000,0x00000012b3900000)]
  0x000001899d748000 JavaThread "Cache worker for journal cache (C:\Users\shimu\.gradle\caches\journal-1)" [_thread_blocked, id=18460, stack(0x00000012b3900000,0x00000012b3a00000)]
  0x000001899d74a800 JavaThread "File watcher server" daemon [_thread_in_native, id=21036, stack(0x00000012b3c00000,0x00000012b3d00000)]
  0x000001899d747800 JavaThread "File watcher consumer" daemon [_thread_blocked, id=13144, stack(0x00000012b3d00000,0x00000012b3e00000)]
  0x000001899ecb9800 JavaThread "Cache worker for execution history cache (C:\Users\shimu\.gradle\caches\7.0.2\executionHistory)" [_thread_blocked, id=17224, stack(0x00000012b4100000,0x00000012b4200000)]
  0x000001899ecb7000 JavaThread "jar transforms" [_thread_blocked, id=19036, stack(0x00000012b4200000,0x00000012b4300000)]
  0x000001899ecb4800 JavaThread "jar transforms Thread 2" [_thread_blocked, id=18564, stack(0x00000012b4300000,0x00000012b4400000)]
  0x000001899ecb8000 JavaThread "Cache worker for file content cache (C:\Users\shimu\.gradle\caches\7.0.2\fileContent)" [_thread_blocked, id=20040, stack(0x00000012b4400000,0x00000012b4500000)]
  0x000001899ecbf800 JavaThread "jar transforms Thread 3" [_thread_blocked, id=19260, stack(0x00000012b4600000,0x00000012b4700000)]
  0x000001899ecc2800 JavaThread "jar transforms Thread 4" [_thread_blocked, id=18492, stack(0x00000012b4c00000,0x00000012b4d00000)]
  0x000001899ecbd000 JavaThread "Memory manager" [_thread_blocked, id=18908, stack(0x00000012b4d00000,0x00000012b4e00000)]
  0x000001899f891800 JavaThread "pool-3-thread-1" [_thread_blocked, id=20592, stack(0x00000012b4f00000,0x00000012b5000000)]
  0x000001899f891000 JavaThread "Daemon Thread 2" [_thread_blocked, id=9540, stack(0x00000012b1700000,0x00000012b1800000)]
  0x000001899f896000 JavaThread "Handler for socket connection from /127.0.0.1:50829 to /127.0.0.1:64227" [_thread_in_native, id=2844, stack(0x00000012b1900000,0x00000012b1a00000)]
  0x000001899f895000 JavaThread "Cancel handler" [_thread_blocked, id=16932, stack(0x00000012b3000000,0x00000012b3100000)]
  0x000001899f893800 JavaThread "Daemon worker Thread 2" [_thread_blocked, id=18536, stack(0x00000012b3100000,0x00000012b3200000)]
  0x000001899f892800 JavaThread "Asynchronous log dispatcher for DefaultDaemonConnection: socket connection from /127.0.0.1:50829 to /127.0.0.1:64227" [_thread_blocked, id=18396, stack(0x00000012b3200000,0x00000012b3300000)]
  0x000001899f894000 JavaThread "Stdin handler" [_thread_blocked, id=8412, stack(0x00000012b3300000,0x00000012b3400000)]
  0x000001899f890000 JavaThread "Daemon client event forwarder" [_thread_blocked, id=18096, stack(0x00000012b3400000,0x00000012b3500000)]
  0x000001899f898800 JavaThread "Cache worker for file hash cache (D:\Android\AwesomePlaces\.gradle\7.0.2\fileHashes)" [_thread_blocked, id=9192, stack(0x00000012b3500000,0x00000012b3600000)]
  0x000001899f89b800 JavaThread "Cache worker for checksums cache (D:\Android\AwesomePlaces\.gradle\checksums)" [_thread_blocked, id=32, stack(0x00000012b3a00000,0x00000012b3b00000)]
  0x000001899f899000 JavaThread "Cache worker for cache directory md-supplier (C:\Users\shimu\.gradle\caches\7.0.2\md-supplier)" [_thread_blocked, id=18212, stack(0x00000012b3b00000,0x00000012b3c00000)]
  0x000001899f89a800 JavaThread "Cache worker for cache directory md-rule (C:\Users\shimu\.gradle\caches\7.0.2\md-rule)" [_thread_blocked, id=14460, stack(0x00000012b3e00000,0x00000012b3f00000)]
  0x000001899f896800 JavaThread "Cache worker for dependencies-accessors (D:\Android\AwesomePlaces\.gradle\7.0.2\dependencies-accessors)" [_thread_blocked, id=13100, stack(0x00000012b3f00000,0x00000012b4000000)]
  0x000001899f89d000 JavaThread "Cache worker for Build Output Cleanup Cache (D:\Android\AwesomePlaces\.gradle\buildOutputCleanup)" [_thread_blocked, id=9556, stack(0x00000012b4000000,0x00000012b4100000)]
  0x000001899f89a000 JavaThread "Build operations" [_thread_blocked, id=11964, stack(0x00000012b4500000,0x00000012b4600000)]
  0x000001899f89e000 JavaThread "Build operations Thread 2" [_thread_blocked, id=11996, stack(0x00000012b4700000,0x00000012b4800000)]
  0x000001899f89f000 JavaThread "Build operations Thread 3" [_thread_blocked, id=15248, stack(0x00000012b4800000,0x00000012b4900000)]
  0x000001899ecb5800 JavaThread "Build operations Thread 4" [_thread_blocked, id=6924, stack(0x00000012b4900000,0x00000012b4a00000)]
  0x000001899ecbe800 JavaThread "build event listener" [_thread_blocked, id=20952, stack(0x00000012b4a00000,0x00000012b4b00000)]
  0x000001899ecbc000 JavaThread "pool-7-thread-1" [_thread_blocked, id=16632, stack(0x00000012b4b00000,0x00000012b4c00000)]
  0x000001899ecb9000 JavaThread "build event listener" [_thread_blocked, id=11448, stack(0x00000012b4e00000,0x00000012b4f00000)]
  0x000001899ecc0000 JavaThread "Execution worker for ':'" [_thread_blocked, id=6976, stack(0x00000012b5000000,0x00000012b5100000)]
  0x000001899ecc1000 JavaThread "Execution worker for ':' Thread 2" [_thread_blocked, id=20428, stack(0x00000012b5100000,0x00000012b5200000)]
  0x000001899ecc2000 JavaThread "Execution worker for ':' Thread 3" [_thread_blocked, id=11064, stack(0x00000012b5200000,0x00000012b5300000)]
  0x000001899d74b800 JavaThread "Cache worker for execution history cache (D:\Android\AwesomePlaces\.gradle\7.0.2\executionHistory)" [_thread_blocked, id=20776, stack(0x00000012b5300000,0x00000012b5400000)]
  0x000001899d74c000 JavaThread "WorkerExecutor Queue" [_thread_blocked, id=21256, stack(0x00000012b3600000,0x00000012b3700000)]
  0x000001899d74d000 JavaThread "WorkerExecutor Queue Thread 2" [_thread_blocked, id=20136, stack(0x00000012b5500000,0x00000012b5600000)]
  0x000001899d74e000 JavaThread "WorkerExecutor Queue Thread 3" [_thread_blocked, id=20180, stack(0x00000012b5600000,0x00000012b5700000)]
  0x00000189a55b3800 JavaThread "WorkerExecutor Queue Thread 4" [_thread_blocked, id=7960, stack(0x00000012b5900000,0x00000012b5a00000)]
  0x00000189a55b4800 JavaThread "WorkerExecutor Queue Thread 5" [_thread_blocked, id=20036, stack(0x00000012b5b00000,0x00000012b5c00000)]
  0x00000189a55b5800 JavaThread "ForkJoinPool-2-worker-3" daemon [_thread_blocked, id=11516, stack(0x00000012b5400000,0x00000012b5500000)]
  0x00000189a55b8800 JavaThread "ForkJoinPool-2-worker-5" daemon [_thread_blocked, id=17956, stack(0x00000012b5c00000,0x00000012b5d00000)]
  0x00000189a55b3000 JavaThread "ForkJoinPool-2-worker-7" daemon [_thread_in_Java, id=10940, stack(0x00000012b5d00000,0x00000012b5e00000)]
  0x00000189a55bb000 JavaThread "ForkJoinPool-2-worker-1" daemon [_thread_blocked, id=9708, stack(0x00000012b5e00000,0x00000012b5f00000)]
  0x00000189a55b9800 JavaThread "pool-8-thread-1" [_thread_blocked, id=6468, stack(0x00000012b6000000,0x00000012b6100000)]
  0x00000189a55b7000 JavaThread "stderr" [_thread_in_native, id=18032, stack(0x00000012b6100000,0x00000012b6200000)]
  0x00000189a55b8000 JavaThread "stdout" [_thread_in_native, id=1560, stack(0x00000012b6200000,0x00000012b6300000)]
  0x000001899e4fb800 JavaThread "C2 CompilerThread1" daemon [_thread_blocked, id=18728, stack(0x00000012b5f00000,0x00000012b6000000)]

Other Threads:
  0x000001899b6c4800 VMThread "VM Thread" [stack: 0x00000012b1f00000,0x00000012b2000000] [id=2072]
  0x000001899c0f1000 WatcherThread [stack: 0x00000012b2900000,0x00000012b2a00000] [id=21208]
  0x00000189ffb47000 GCTaskThread "GC Thread#0" [stack: 0x00000012b1a00000,0x00000012b1b00000] [id=19784]
  0x000001899c547800 GCTaskThread "GC Thread#1" [stack: 0x00000012b2b00000,0x00000012b2c00000] [id=16764]
  0x000001899c690000 GCTaskThread "GC Thread#2" [stack: 0x00000012b2c00000,0x00000012b2d00000] [id=7728]
  0x000001899c6d0000 GCTaskThread "GC Thread#3" [stack: 0x00000012b2d00000,0x00000012b2e00000] [id=19612]
  0x00000189ffb76000 ConcurrentGCThread "G1 Main Marker" [stack: 0x00000012b1b00000,0x00000012b1c00000] [id=11036]
  0x00000189ffb77800 ConcurrentGCThread "G1 Conc#0" [stack: 0x00000012b1c00000,0x00000012b1d00000] [id=17456]
  0x00000189ffc0e000 ConcurrentGCThread "G1 Refine#0" [stack: 0x00000012b1d00000,0x00000012b1e00000] [id=21376]
  0x00000189a14d3800 ConcurrentGCThread "G1 Refine#1" [stack: 0x00000012b5700000,0x00000012b5800000] [id=18036]
  0x00000189a2bc6800 ConcurrentGCThread "G1 Refine#2" [stack: 0x00000012b5800000,0x00000012b5900000] [id=18440]
  0x00000189a61d0800 ConcurrentGCThread "G1 Refine#3" [stack: 0x00000012b5a00000,0x00000012b5b00000] [id=21112]
  0x000001899b532800 ConcurrentGCThread "G1 Young RemSet Sampling" [stack: 0x00000012b1e00000,0x00000012b1f00000] [id=18836]

Threads with active compile tasks:
C2 CompilerThread0 390494 22716       4       com.android.tools.r8.graph.Z::b (153 bytes)

VM state:not at safepoint (normal execution)

VM Mutex/Monitor currently owned by a thread: None

Heap address: 0x0000000080000000, size: 2048 MB, Compressed Oops mode: 32-bit
Narrow klass base: 0x0000000000000000, Narrow klass shift: 3
Compressed class space size: 1073741824 Address: 0x0000000100000000

Heap:
 garbage-first heap   total 334848K, used 237389K [0x0000000080000000, 0x0000000100000000)
  region size 1024K, 36 young (36864K), 3 survivors (3072K)
 Metaspace       used 125673K, capacity 128679K, committed 128928K, reserved 1161216K
  class space    used 15459K, capacity 16569K, committed 16664K, reserved 1048576K
Heap Regions: E=young(eden), S=young(survivor), O=old, HS=humongous(starts), HC=humongous(continues), CS=collection set, F=free, A=archive, TAMS=top-at-mark-start (previous, next)
|   0|0x0000000080000000, 0x0000000080100000, 0x0000000080100000|100%| O|  |TAMS 0x0000000080100000, 0x0000000080000000| Updating 
|   1|0x0000000080100000, 0x0000000080200000, 0x0000000080200000|100%| O|  |TAMS 0x0000000080200000, 0x0000000080100000| Updating 
|   2|0x0000000080200000, 0x0000000080300000, 0x0000000080300000|100%|HS|  |TAMS 0x0000000080300000, 0x0000000080200000| Complete 
|   3|0x0000000080300000, 0x0000000080400000, 0x0000000080400000|100%|HS|  |TAMS 0x0000000080400000, 0x0000000080300000| Complete 
|   4|0x0000000080400000, 0x0000000080500000, 0x0000000080500000|100%|HC|  |TAMS 0x0000000080500000, 0x0000000080400000| Complete 
|   5|0x0000000080500000, 0x0000000080600000, 0x0000000080600000|100%|HC|  |TAMS 0x0000000080600000, 0x0000000080500000| Complete 
|   6|0x0000000080600000, 0x0000000080700000, 0x0000000080700000|100%| O|  |TAMS 0x0000000080700000, 0x0000000080600000| Updating 
|   7|0x0000000080700000, 0x0000000080800000, 0x0000000080800000|100%| O|  |TAMS 0x0000000080800000, 0x0000000080700000| Updating 
|   8|0x0000000080800000, 0x0000000080900000, 0x0000000080900000|100%| O|  |TAMS 0x0000000080900000, 0x0000000080800000| Updating 
|   9|0x0000000080900000, 0x0000000080a00000, 0x0000000080a00000|100%|HS|  |TAMS 0x0000000080a00000, 0x0000000080900000| Complete 
|  10|0x0000000080a00000, 0x0000000080b00000, 0x0000000080b00000|100%|HS|  |TAMS 0x0000000080b00000, 0x0000000080a00000| Complete 
|  11|0x0000000080b00000, 0x0000000080c00000, 0x0000000080c00000|100%| O|  |TAMS 0x0000000080c00000, 0x0000000080b00000| Updating 
|  12|0x0000000080c00000, 0x0000000080d00000, 0x0000000080d00000|100%| O|  |TAMS 0x0000000080d00000, 0x0000000080c00000| Updating 
|  13|0x0000000080d00000, 0x0000000080e00000, 0x0000000080e00000|100%| O|  |TAMS 0x0000000080e00000, 0x0000000080d00000| Updating 
|  14|0x0000000080e00000, 0x0000000080f00000, 0x0000000080f00000|100%| O|  |TAMS 0x0000000080f00000, 0x0000000080e00000| Updating 
|  15|0x0000000080f00000, 0x0000000081000000, 0x0000000081000000|100%| O|  |TAMS 0x0000000081000000, 0x0000000080f00000| Updating 
|  16|0x0000000081000000, 0x0000000081100000, 0x0000000081100000|100%| O|  |TAMS 0x0000000081100000, 0x0000000081000000| Updating 
|  17|0x0000000081100000, 0x0000000081200000, 0x0000000081200000|100%| O|  |TAMS 0x0000000081200000, 0x0000000081100000| Updating 
|  18|0x0000000081200000, 0x0000000081300000, 0x0000000081300000|100%| O|  |TAMS 0x0000000081300000, 0x0000000081200000| Updating 
|  19|0x0000000081300000, 0x0000000081400000, 0x0000000081400000|100%| O|  |TAMS 0x0000000081400000, 0x0000000081300000| Updating 
|  20|0x0000000081400000, 0x0000000081500000, 0x0000000081500000|100%|HS|  |TAMS 0x0000000081500000, 0x0000000081400000| Complete 
|  21|0x0000000081500000, 0x0000000081600000, 0x0000000081600000|100%|HC|  |TAMS 0x0000000081600000, 0x0000000081500000| Complete 
|  22|0x0000000081600000, 0x0000000081700000, 0x0000000081700000|100%|HC|  |TAMS 0x0000000081700000, 0x0000000081600000| Complete 
|  23|0x0000000081700000, 0x0000000081800000, 0x0000000081800000|100%|HS|  |TAMS 0x0000000081800000, 0x0000000081700000| Complete 
|  24|0x0000000081800000, 0x0000000081900000, 0x0000000081900000|100%|HC|  |TAMS 0x0000000081900000, 0x0000000081800000| Complete 
|  25|0x0000000081900000, 0x0000000081a00000, 0x0000000081a00000|100%| O|  |TAMS 0x0000000081a00000, 0x0000000081900000| Updating 
|  26|0x0000000081a00000, 0x0000000081b00000, 0x0000000081b00000|100%| O|  |TAMS 0x0000000081b00000, 0x0000000081a00000| Updating 
|  27|0x0000000081b00000, 0x0000000081c00000, 0x0000000081c00000|100%| O|  |TAMS 0x0000000081c00000, 0x0000000081b00000| Updating 
|  28|0x0000000081c00000, 0x0000000081d00000, 0x0000000081d00000|100%| O|  |TAMS 0x0000000081d00000, 0x0000000081c00000| Updating 
|  29|0x0000000081d00000, 0x0000000081e00000, 0x0000000081e00000|100%| O|  |TAMS 0x0000000081e00000, 0x0000000081d00000| Updating 
|  30|0x0000000081e00000, 0x0000000081f00000, 0x0000000081f00000|100%| O|  |TAMS 0x0000000081f00000, 0x0000000081e00000| Updating 
|  31|0x0000000081f00000, 0x0000000082000000, 0x0000000082000000|100%| O|  |TAMS 0x0000000082000000, 0x0000000081f00000| Updating 
|  32|0x0000000082000000, 0x0000000082100000, 0x0000000082100000|100%| O|  |TAMS 0x0000000082100000, 0x0000000082000000| Updating 
|  33|0x0000000082100000, 0x0000000082200000, 0x0000000082200000|100%| O|  |TAMS 0x0000000082200000, 0x0000000082100000| Updating 
|  34|0x0000000082200000, 0x0000000082300000, 0x0000000082300000|100%| O|  |TAMS 0x0000000082300000, 0x0000000082200000| Updating 
|  35|0x0000000082300000, 0x0000000082400000, 0x0000000082400000|100%| O|  |TAMS 0x0000000082400000, 0x0000000082300000| Updating 
|  36|0x0000000082400000, 0x0000000082500000, 0x0000000082500000|100%| O|  |TAMS 0x0000000082500000, 0x0000000082400000| Updating 
|  37|0x0000000082500000, 0x0000000082600000, 0x0000000082600000|100%| O|  |TAMS 0x0000000082600000, 0x0000000082500000| Updating 
|  38|0x0000000082600000, 0x0000000082700000, 0x0000000082700000|100%| O|  |TAMS 0x0000000082700000, 0x0000000082600000| Updating 
|  39|0x0000000082700000, 0x0000000082800000, 0x0000000082800000|100%| O|  |TAMS 0x0000000082800000, 0x0000000082700000| Updating 
|  40|0x0000000082800000, 0x0000000082900000, 0x0000000082900000|100%| O|  |TAMS 0x0000000082900000, 0x0000000082800000| Updating 
|  41|0x0000000082900000, 0x0000000082a00000, 0x0000000082a00000|100%| O|  |TAMS 0x0000000082a00000, 0x0000000082900000| Updating 
|  42|0x0000000082a00000, 0x0000000082b00000, 0x0000000082b00000|100%| O|  |TAMS 0x0000000082b00000, 0x0000000082a00000| Updating 
|  43|0x0000000082b00000, 0x0000000082c00000, 0x0000000082c00000|100%| O|  |TAMS 0x0000000082c00000, 0x0000000082b00000| Updating 
|  44|0x0000000082c00000, 0x0000000082d00000, 0x0000000082d00000|100%| O|  |TAMS 0x0000000082d00000, 0x0000000082c00000| Updating 
|  45|0x0000000082d00000, 0x0000000082e00000, 0x0000000082e00000|100%| O|  |TAMS 0x0000000082e00000, 0x0000000082d00000| Updating 
|  46|0x0000000082e00000, 0x0000000082f00000, 0x0000000082f00000|100%| O|  |TAMS 0x0000000082f00000, 0x0000000082e00000| Updating 
|  47|0x0000000082f00000, 0x0000000083000000, 0x0000000083000000|100%| O|  |TAMS 0x0000000083000000, 0x0000000082f00000| Updating 
|  48|0x0000000083000000, 0x0000000083100000, 0x0000000083100000|100%| O|  |TAMS 0x0000000083100000, 0x0000000083000000| Updating 
|  49|0x0000000083100000, 0x0000000083200000, 0x0000000083200000|100%| O|  |TAMS 0x0000000083200000, 0x0000000083100000| Updating 
|  50|0x0000000083200000, 0x0000000083300000, 0x0000000083300000|100%| O|  |TAMS 0x0000000083300000, 0x0000000083200000| Updating 
|  51|0x0000000083300000, 0x0000000083400000, 0x0000000083400000|100%| O|  |TAMS 0x0000000083400000, 0x0000000083300000| Updating 
|  52|0x0000000083400000, 0x0000000083500000, 0x0000000083500000|100%| O|  |TAMS 0x0000000083500000, 0x0000000083400000| Updating 
|  53|0x0000000083500000, 0x0000000083600000, 0x0000000083600000|100%| O|  |TAMS 0x0000000083600000, 0x0000000083500000| Updating 
|  54|0x0000000083600000, 0x0000000083700000, 0x0000000083700000|100%| O|  |TAMS 0x0000000083700000, 0x0000000083600000| Updating 
|  55|0x0000000083700000, 0x0000000083800000, 0x0000000083800000|100%| O|  |TAMS 0x0000000083800000, 0x0000000083700000| Updating 
|  56|0x0000000083800000, 0x0000000083900000, 0x0000000083900000|100%|HS|  |TAMS 0x0000000083900000, 0x0000000083800000| Complete 
|  57|0x0000000083900000, 0x0000000083a00000, 0x0000000083a00000|100%| O|  |TAMS 0x0000000083a00000, 0x0000000083900000| Updating 
|  58|0x0000000083a00000, 0x0000000083b00000, 0x0000000083b00000|100%| O|  |TAMS 0x0000000083b00000, 0x0000000083a00000| Updating 
|  59|0x0000000083b00000, 0x0000000083c00000, 0x0000000083c00000|100%| O|  |TAMS 0x0000000083c00000, 0x0000000083b00000| Updating 
|  60|0x0000000083c00000, 0x0000000083d00000, 0x0000000083d00000|100%| O|  |TAMS 0x0000000083d00000, 0x0000000083c00000| Updating 
|  61|0x0000000083d00000, 0x0000000083e00000, 0x0000000083e00000|100%|HS|  |TAMS 0x0000000083e00000, 0x0000000083d00000| Complete 
|  62|0x0000000083e00000, 0x0000000083f00000, 0x0000000083f00000|100%| O|  |TAMS 0x0000000083f00000, 0x0000000083e00000| Updating 
|  63|0x0000000083f00000, 0x0000000084000000, 0x0000000084000000|100%| O|  |TAMS 0x0000000084000000, 0x0000000083f00000| Updating 
|  64|0x0000000084000000, 0x0000000084100000, 0x0000000084100000|100%| O|  |TAMS 0x0000000084100000, 0x0000000084000000| Updating 
|  65|0x0000000084100000, 0x0000000084200000, 0x0000000084200000|100%| O|  |TAMS 0x0000000084200000, 0x0000000084100000| Updating 
|  66|0x0000000084200000, 0x0000000084300000, 0x0000000084300000|100%| O|  |TAMS 0x0000000084300000, 0x0000000084200000| Updating 
|  67|0x0000000084300000, 0x0000000084400000, 0x0000000084400000|100%| O|  |TAMS 0x0000000084400000, 0x0000000084300000| Updating 
|  68|0x0000000084400000, 0x0000000084500000, 0x0000000084500000|100%| O|  |TAMS 0x0000000084500000, 0x0000000084400000| Updating 
|  69|0x0000000084500000, 0x0000000084600000, 0x0000000084600000|100%| O|  |TAMS 0x0000000084600000, 0x0000000084500000| Updating 
|  70|0x0000000084600000, 0x0000000084700000, 0x0000000084700000|100%| O|  |TAMS 0x0000000084700000, 0x0000000084600000| Updating 
|  71|0x0000000084700000, 0x0000000084800000, 0x0000000084800000|100%| O|  |TAMS 0x0000000084800000, 0x0000000084700000| Updating 
|  72|0x0000000084800000, 0x0000000084900000, 0x0000000084900000|100%|HS|  |TAMS 0x0000000084900000, 0x0000000084800000| Complete 
|  73|0x0000000084900000, 0x0000000084a00000, 0x0000000084a00000|100%| O|  |TAMS 0x0000000084a00000, 0x0000000084900000| Updating 
|  74|0x0000000084a00000, 0x0000000084b00000, 0x0000000084b00000|100%| O|  |TAMS 0x0000000084b00000, 0x0000000084a00000| Updating 
|  75|0x0000000084b00000, 0x0000000084c00000, 0x0000000084c00000|100%| O|  |TAMS 0x0000000084c00000, 0x0000000084b00000| Updating 
|  76|0x0000000084c00000, 0x0000000084d00000, 0x0000000084d00000|100%| O|  |TAMS 0x0000000084d00000, 0x0000000084c00000| Updating 
|  77|0x0000000084d00000, 0x0000000084e00000, 0x0000000084e00000|100%| O|  |TAMS 0x0000000084e00000, 0x0000000084d00000| Updating 
|  78|0x0000000084e00000, 0x0000000084f00000, 0x0000000084f00000|100%| O|  |TAMS 0x0000000084f00000, 0x0000000084e00000| Updating 
|  79|0x0000000084f00000, 0x0000000085000000, 0x0000000085000000|100%| O|  |TAMS 0x0000000085000000, 0x0000000084f00000| Updating 
|  80|0x0000000085000000, 0x0000000085100000, 0x0000000085100000|100%| O|  |TAMS 0x0000000085100000, 0x0000000085000000| Updating 
|  81|0x0000000085100000, 0x0000000085200000, 0x0000000085200000|100%| O|  |TAMS 0x0000000085200000, 0x0000000085100000| Updating 
|  82|0x0000000085200000, 0x0000000085300000, 0x0000000085300000|100%| O|  |TAMS 0x0000000085300000, 0x0000000085200000| Updating 
|  83|0x0000000085300000, 0x0000000085400000, 0x0000000085400000|100%|HS|  |TAMS 0x0000000085400000, 0x0000000085300000| Complete 
|  84|0x0000000085400000, 0x0000000085500000, 0x0000000085500000|100%| O|  |TAMS 0x0000000085500000, 0x0000000085400000| Updating 
|  85|0x0000000085500000, 0x0000000085600000, 0x0000000085600000|100%| O|  |TAMS 0x0000000085600000, 0x0000000085500000| Updating 
|  86|0x0000000085600000, 0x0000000085700000, 0x0000000085700000|100%| O|  |TAMS 0x0000000085700000, 0x0000000085600000| Updating 
|  87|0x0000000085700000, 0x0000000085800000, 0x0000000085800000|100%| O|  |TAMS 0x0000000085800000, 0x0000000085700000| Updating 
|  88|0x0000000085800000, 0x0000000085900000, 0x0000000085900000|100%| O|  |TAMS 0x0000000085900000, 0x0000000085800000| Updating 
|  89|0x0000000085900000, 0x0000000085a00000, 0x0000000085a00000|100%| O|  |TAMS 0x0000000085a00000, 0x0000000085900000| Updating 
|  90|0x0000000085a00000, 0x0000000085b00000, 0x0000000085b00000|100%| O|  |TAMS 0x0000000085b00000, 0x0000000085a00000| Updating 
|  91|0x0000000085b00000, 0x0000000085c00000, 0x0000000085c00000|100%| O|  |TAMS 0x0000000085c00000, 0x0000000085b00000| Updating 
|  92|0x0000000085c00000, 0x0000000085d00000, 0x0000000085d00000|100%| O|  |TAMS 0x0000000085d00000, 0x0000000085c00000| Updating 
|  93|0x0000000085d00000, 0x0000000085e00000, 0x0000000085e00000|100%| O|  |TAMS 0x0000000085e00000, 0x0000000085d00000| Updating 
|  94|0x0000000085e00000, 0x0000000085f00000, 0x0000000085f00000|100%| O|  |TAMS 0x0000000085f00000, 0x0000000085e00000| Updating 
|  95|0x0000000085f00000, 0x0000000086000000, 0x0000000086000000|100%| O|  |TAMS 0x0000000086000000, 0x0000000085f00000| Updating 
|  96|0x0000000086000000, 0x0000000086100000, 0x0000000086100000|100%| O|  |TAMS 0x0000000086100000, 0x0000000086000000| Updating 
|  97|0x0000000086100000, 0x0000000086200000, 0x0000000086200000|100%| O|  |TAMS 0x0000000086200000, 0x0000000086100000| Updating 
|  98|0x0000000086200000, 0x0000000086300000, 0x0000000086300000|100%| O|  |TAMS 0x0000000086300000, 0x0000000086200000| Updating 
|  99|0x0000000086300000, 0x0000000086400000, 0x0000000086400000|100%| O|  |TAMS 0x0000000086400000, 0x0000000086300000| Updating 
| 100|0x0000000086400000, 0x0000000086500000, 0x0000000086500000|100%| O|  |TAMS 0x0000000086500000, 0x0000000086400000| Updating 
| 101|0x0000000086500000, 0x0000000086600000, 0x0000000086600000|100%| O|  |TAMS 0x0000000086600000, 0x0000000086500000| Updating 
| 102|0x0000000086600000, 0x0000000086700000, 0x0000000086700000|100%| O|  |TAMS 0x0000000086700000, 0x0000000086600000| Updating 
| 103|0x0000000086700000, 0x0000000086800000, 0x0000000086800000|100%| O|  |TAMS 0x0000000086800000, 0x0000000086700000| Updating 
| 104|0x0000000086800000, 0x0000000086900000, 0x0000000086900000|100%| O|  |TAMS 0x0000000086900000, 0x0000000086800000| Updating 
| 105|0x0000000086900000, 0x0000000086a00000, 0x0000000086a00000|100%| O|  |TAMS 0x0000000086a00000, 0x0000000086900000| Updating 
| 106|0x0000000086a00000, 0x0000000086b00000, 0x0000000086b00000|100%| O|  |TAMS 0x0000000086b00000, 0x0000000086a00000| Updating 
| 107|0x0000000086b00000, 0x0000000086c00000, 0x0000000086c00000|100%| O|  |TAMS 0x0000000086c00000, 0x0000000086b00000| Updating 
| 108|0x0000000086c00000, 0x0000000086d00000, 0x0000000086d00000|100%| O|  |TAMS 0x0000000086d00000, 0x0000000086c00000| Updating 
| 109|0x0000000086d00000, 0x0000000086e00000, 0x0000000086e00000|100%| O|  |TAMS 0x0000000086e00000, 0x0000000086d00000| Updating 
| 110|0x0000000086e00000, 0x0000000086f00000, 0x0000000086f00000|100%| O|  |TAMS 0x0000000086f00000, 0x0000000086e00000| Updating 
| 111|0x0000000086f00000, 0x0000000087000000, 0x0000000087000000|100%| O|  |TAMS 0x0000000087000000, 0x0000000086f00000| Updating 
| 112|0x0000000087000000, 0x0000000087100000, 0x0000000087100000|100%| O|  |TAMS 0x0000000087100000, 0x0000000087000000| Updating 
| 113|0x0000000087100000, 0x0000000087200000, 0x0000000087200000|100%| O|  |TAMS 0x0000000087200000, 0x0000000087100000| Updating 
| 114|0x0000000087200000, 0x0000000087300000, 0x0000000087300000|100%| O|  |TAMS 0x0000000087300000, 0x0000000087200000| Updating 
| 115|0x0000000087300000, 0x0000000087400000, 0x0000000087400000|100%| O|  |TAMS 0x0000000087400000, 0x0000000087300000| Updating 
| 116|0x0000000087400000, 0x0000000087500000, 0x0000000087500000|100%| O|  |TAMS 0x0000000087500000, 0x0000000087400000| Updating 
| 117|0x0000000087500000, 0x0000000087600000, 0x0000000087600000|100%| O|  |TAMS 0x0000000087600000, 0x0000000087500000| Updating 
| 118|0x0000000087600000, 0x0000000087700000, 0x0000000087700000|100%| O|  |TAMS 0x0000000087700000, 0x0000000087600000| Updating 
| 119|0x0000000087700000, 0x0000000087800000, 0x0000000087800000|100%| O|  |TAMS 0x0000000087800000, 0x0000000087700000| Updating 
| 120|0x0000000087800000, 0x0000000087900000, 0x0000000087900000|100%| O|  |TAMS 0x0000000087900000, 0x0000000087800000| Updating 
| 121|0x0000000087900000, 0x0000000087a00000, 0x0000000087a00000|100%| O|  |TAMS 0x0000000087a00000, 0x0000000087900000| Updating 
| 122|0x0000000087a00000, 0x0000000087b00000, 0x0000000087b00000|100%| O|  |TAMS 0x0000000087b00000, 0x0000000087a00000| Updating 
| 123|0x0000000087b00000, 0x0000000087c00000, 0x0000000087c00000|100%| O|  |TAMS 0x0000000087c00000, 0x0000000087b00000| Updating 
| 124|0x0000000087c00000, 0x0000000087d00000, 0x0000000087d00000|100%| O|  |TAMS 0x0000000087d00000, 0x0000000087c00000| Updating 
| 125|0x0000000087d00000, 0x0000000087e00000, 0x0000000087e00000|100%| O|  |TAMS 0x0000000087e00000, 0x0000000087d00000| Updating 
| 126|0x0000000087e00000, 0x0000000087f00000, 0x0000000087f00000|100%| O|  |TAMS 0x0000000087f00000, 0x0000000087e00000| Updating 
| 127|0x0000000087f00000, 0x0000000088000000, 0x0000000088000000|100%| O|  |TAMS 0x0000000088000000, 0x0000000087f00000| Updating 
| 128|0x0000000088000000, 0x0000000088100000, 0x0000000088100000|100%| O|  |TAMS 0x0000000088100000, 0x0000000088000000| Updating 
| 129|0x0000000088100000, 0x0000000088200000, 0x0000000088200000|100%| O|  |TAMS 0x0000000088200000, 0x0000000088100000| Updating 
| 130|0x0000000088200000, 0x0000000088293400, 0x0000000088300000| 57%| O|  |TAMS 0x0000000088293400, 0x0000000088200000| Updating 
| 131|0x0000000088300000, 0x0000000088400000, 0x0000000088400000|100%|HS|  |TAMS 0x0000000088300000, 0x0000000088300000| Complete 
| 132|0x0000000088400000, 0x0000000088500000, 0x0000000088500000|100%| O|  |TAMS 0x0000000088500000, 0x0000000088400000| Updating 
| 133|0x0000000088500000, 0x0000000088600000, 0x0000000088600000|100%|HS|  |TAMS 0x0000000088500000, 0x0000000088500000| Complete 
| 134|0x0000000088600000, 0x0000000088700000, 0x0000000088700000|100%|HS|  |TAMS 0x0000000088600000, 0x0000000088600000| Complete 
| 135|0x0000000088700000, 0x0000000088800000, 0x0000000088800000|100%| O|  |TAMS 0x0000000088800000, 0x0000000088700000| Updating 
| 136|0x0000000088800000, 0x0000000088900000, 0x0000000088900000|100%| O|  |TAMS 0x0000000088900000, 0x0000000088800000| Updating 
| 137|0x0000000088900000, 0x0000000088a00000, 0x0000000088a00000|100%| O|  |TAMS 0x0000000088a00000, 0x0000000088900000| Updating 
| 138|0x0000000088a00000, 0x0000000088b00000, 0x0000000088b00000|100%| O|  |TAMS 0x0000000088b00000, 0x0000000088a00000| Updating 
| 139|0x0000000088b00000, 0x0000000088c00000, 0x0000000088c00000|100%|HS|  |TAMS 0x0000000088b00000, 0x0000000088b00000| Complete 
| 140|0x0000000088c00000, 0x0000000088d00000, 0x0000000088d00000|100%|HC|  |TAMS 0x0000000088c00000, 0x0000000088c00000| Complete 
| 141|0x0000000088d00000, 0x0000000088e00000, 0x0000000088e00000|100%| O|  |TAMS 0x0000000088e00000, 0x0000000088d00000| Updating 
| 142|0x0000000088e00000, 0x0000000088f00000, 0x0000000088f00000|100%| O|  |TAMS 0x0000000088f00000, 0x0000000088e00000| Updating 
| 143|0x0000000088f00000, 0x0000000089000000, 0x0000000089000000|100%|HS|  |TAMS 0x0000000088f00000, 0x0000000088f00000| Complete 
| 144|0x0000000089000000, 0x0000000089100000, 0x0000000089100000|100%|HC|  |TAMS 0x0000000089000000, 0x0000000089000000| Complete 
| 145|0x0000000089100000, 0x0000000089200000, 0x0000000089200000|100%| O|  |TAMS 0x0000000089200000, 0x0000000089100000| Updating 
| 146|0x0000000089200000, 0x0000000089300000, 0x0000000089300000|100%| O|  |TAMS 0x0000000089300000, 0x0000000089200000| Updating 
| 147|0x0000000089300000, 0x0000000089400000, 0x0000000089400000|100%| O|  |TAMS 0x0000000089400000, 0x0000000089300000| Updating 
| 148|0x0000000089400000, 0x0000000089500000, 0x0000000089500000|100%| O|  |TAMS 0x0000000089500000, 0x0000000089400000| Updating 
| 149|0x0000000089500000, 0x0000000089600000, 0x0000000089600000|100%| O|  |TAMS 0x0000000089600000, 0x0000000089500000| Updating 
| 150|0x0000000089600000, 0x0000000089700000, 0x0000000089700000|100%| O|  |TAMS 0x0000000089700000, 0x0000000089600000| Updating 
| 151|0x0000000089700000, 0x0000000089800000, 0x0000000089800000|100%| O|  |TAMS 0x0000000089800000, 0x0000000089700000| Updating 
| 152|0x0000000089800000, 0x0000000089900000, 0x0000000089900000|100%| O|  |TAMS 0x0000000089900000, 0x0000000089800000| Updating 
| 153|0x0000000089900000, 0x0000000089a00000, 0x0000000089a00000|100%|HS|  |TAMS 0x0000000089900000, 0x0000000089900000| Complete 
| 154|0x0000000089a00000, 0x0000000089b00000, 0x0000000089b00000|100%| O|  |TAMS 0x0000000089b00000, 0x0000000089a00000| Updating 
| 155|0x0000000089b00000, 0x0000000089c00000, 0x0000000089c00000|100%| O|  |TAMS 0x0000000089c00000, 0x0000000089b00000| Updating 
| 156|0x0000000089c00000, 0x0000000089c00000, 0x0000000089d00000|  0%| F|  |TAMS 0x0000000089c00000, 0x0000000089c00000| Untracked 
| 157|0x0000000089d00000, 0x0000000089e00000, 0x0000000089e00000|100%| O|  |TAMS 0x0000000089e00000, 0x0000000089d00000| Updating 
| 158|0x0000000089e00000, 0x0000000089f00000, 0x0000000089f00000|100%| O|  |TAMS 0x0000000089f00000, 0x0000000089e00000| Updating 
| 159|0x0000000089f00000, 0x000000008a000000, 0x000000008a000000|100%|HS|  |TAMS 0x0000000089f00000, 0x0000000089f00000| Complete 
| 160|0x000000008a000000, 0x000000008a100000, 0x000000008a100000|100%|HC|  |TAMS 0x000000008a000000, 0x000000008a000000| Complete 
| 161|0x000000008a100000, 0x000000008a100000, 0x000000008a200000|  0%| F|  |TAMS 0x000000008a100000, 0x000000008a100000| Untracked 
| 162|0x000000008a200000, 0x000000008a200000, 0x000000008a300000|  0%| F|  |TAMS 0x000000008a200000, 0x000000008a200000| Untracked 
| 163|0x000000008a300000, 0x000000008a400000, 0x000000008a400000|100%| O|  |TAMS 0x000000008a400000, 0x000000008a300000| Updating 
| 164|0x000000008a400000, 0x000000008a500000, 0x000000008a500000|100%| O|  |TAMS 0x000000008a500000, 0x000000008a400000| Updating 
| 165|0x000000008a500000, 0x000000008a600000, 0x000000008a600000|100%| O|  |TAMS 0x000000008a600000, 0x000000008a500000| Updating 
| 166|0x000000008a600000, 0x000000008a600000, 0x000000008a700000|  0%| F|  |TAMS 0x000000008a600000, 0x000000008a600000| Untracked 
| 167|0x000000008a700000, 0x000000008a800000, 0x000000008a800000|100%| O|  |TAMS 0x000000008a800000, 0x000000008a700000| Updating 
| 168|0x000000008a800000, 0x000000008a900000, 0x000000008a900000|100%| O|  |TAMS 0x000000008a900000, 0x000000008a800000| Updating 
| 169|0x000000008a900000, 0x000000008a900000, 0x000000008aa00000|  0%| F|  |TAMS 0x000000008a900000, 0x000000008a900000| Untracked 
| 170|0x000000008aa00000, 0x000000008ab00000, 0x000000008ab00000|100%| O|  |TAMS 0x000000008ab00000, 0x000000008aa00000| Updating 
| 171|0x000000008ab00000, 0x000000008ac00000, 0x000000008ac00000|100%| O|  |TAMS 0x000000008ac00000, 0x000000008ab00000| Updating 
| 172|0x000000008ac00000, 0x000000008ad00000, 0x000000008ad00000|100%| O|  |TAMS 0x000000008ad00000, 0x000000008ac00000| Updating 
| 173|0x000000008ad00000, 0x000000008ae00000, 0x000000008ae00000|100%| O|  |TAMS 0x000000008ae00000, 0x000000008ad00000| Updating 
| 174|0x000000008ae00000, 0x000000008af00000, 0x000000008af00000|100%| O|  |TAMS 0x000000008af00000, 0x000000008ae00000| Updating 
| 175|0x000000008af00000, 0x000000008b000000, 0x000000008b000000|100%| O|  |TAMS 0x000000008b000000, 0x000000008af00000| Updating 
| 176|0x000000008b000000, 0x000000008b100000, 0x000000008b100000|100%| O|  |TAMS 0x000000008b100000, 0x000000008b000000| Updating 
| 177|0x000000008b100000, 0x000000008b200000, 0x000000008b200000|100%| O|  |TAMS 0x000000008b200000, 0x000000008b100000| Updating 
| 178|0x000000008b200000, 0x000000008b300000, 0x000000008b300000|100%| O|  |TAMS 0x000000008b300000, 0x000000008b200000| Updating 
| 179|0x000000008b300000, 0x000000008b400000, 0x000000008b400000|100%| O|  |TAMS 0x000000008b400000, 0x000000008b300000| Updating 
| 180|0x000000008b400000, 0x000000008b400000, 0x000000008b500000|  0%| F|  |TAMS 0x000000008b400000, 0x000000008b400000| Untracked 
| 181|0x000000008b500000, 0x000000008b600000, 0x000000008b600000|100%| O|  |TAMS 0x000000008b600000, 0x000000008b500000| Updating 
| 182|0x000000008b600000, 0x000000008b700000, 0x000000008b700000|100%| O|  |TAMS 0x000000008b700000, 0x000000008b600000| Updating 
| 183|0x000000008b700000, 0x000000008b700000, 0x000000008b800000|  0%| F|  |TAMS 0x000000008b700000, 0x000000008b700000| Untracked 
| 184|0x000000008b800000, 0x000000008b800000, 0x000000008b900000|  0%| F|  |TAMS 0x000000008b800000, 0x000000008b800000| Untracked 
| 185|0x000000008b900000, 0x000000008ba00000, 0x000000008ba00000|100%|HS|  |TAMS 0x000000008ba00000, 0x000000008b900000| Complete 
| 186|0x000000008ba00000, 0x000000008bb00000, 0x000000008bb00000|100%|HC|  |TAMS 0x000000008bb00000, 0x000000008ba00000| Complete 
| 187|0x000000008bb00000, 0x000000008bc00000, 0x000000008bc00000|100%|HS|  |TAMS 0x000000008bc00000, 0x000000008bb00000| Complete 
| 188|0x000000008bc00000, 0x000000008bd00000, 0x000000008bd00000|100%|HC|  |TAMS 0x000000008bd00000, 0x000000008bc00000| Complete 
| 189|0x000000008bd00000, 0x000000008be00000, 0x000000008be00000|100%| O|  |TAMS 0x000000008be00000, 0x000000008bd00000| Updating 
| 190|0x000000008be00000, 0x000000008bf00000, 0x000000008bf00000|100%| O|  |TAMS 0x000000008bf00000, 0x000000008be00000| Updating 
| 191|0x000000008bf00000, 0x000000008c000000, 0x000000008c000000|100%| O|  |TAMS 0x000000008c000000, 0x000000008bf00000| Updating 
| 192|0x000000008c000000, 0x000000008c100000, 0x000000008c100000|100%| O|  |TAMS 0x000000008c100000, 0x000000008c000000| Updating 
| 193|0x000000008c100000, 0x000000008c200000, 0x000000008c200000|100%| O|  |TAMS 0x000000008c200000, 0x000000008c100000| Updating 
| 194|0x000000008c200000, 0x000000008c200000, 0x000000008c300000|  0%| F|  |TAMS 0x000000008c200000, 0x000000008c200000| Untracked 
| 195|0x000000008c300000, 0x000000008c400000, 0x000000008c400000|100%| O|  |TAMS 0x000000008c400000, 0x000000008c300000| Updating 
| 196|0x000000008c400000, 0x000000008c500000, 0x000000008c500000|100%| O|  |TAMS 0x000000008c500000, 0x000000008c400000| Updating 
| 197|0x000000008c500000, 0x000000008c500000, 0x000000008c600000|  0%| F|  |TAMS 0x000000008c500000, 0x000000008c500000| Untracked 
| 198|0x000000008c600000, 0x000000008c700000, 0x000000008c700000|100%| O|  |TAMS 0x000000008c700000, 0x000000008c600000| Updating 
| 199|0x000000008c700000, 0x000000008c800000, 0x000000008c800000|100%| O|  |TAMS 0x000000008c800000, 0x000000008c700000| Updating 
| 200|0x000000008c800000, 0x000000008c900000, 0x000000008c900000|100%| O|  |TAMS 0x000000008c900000, 0x000000008c800000| Updating 
| 201|0x000000008c900000, 0x000000008ca00000, 0x000000008ca00000|100%|HS|  |TAMS 0x000000008ca00000, 0x000000008c900000| Complete 
| 202|0x000000008ca00000, 0x000000008cb00000, 0x000000008cb00000|100%|HC|  |TAMS 0x000000008cb00000, 0x000000008ca00000| Complete 
| 203|0x000000008cb00000, 0x000000008cc00000, 0x000000008cc00000|100%|HC|  |TAMS 0x000000008cc00000, 0x000000008cb00000| Complete 
| 204|0x000000008cc00000, 0x000000008cd00000, 0x000000008cd00000|100%| O|  |TAMS 0x000000008cd00000, 0x000000008cc00000| Updating 
| 205|0x000000008cd00000, 0x000000008ce00000, 0x000000008ce00000|100%| O|  |TAMS 0x000000008ce00000, 0x000000008cd00000| Updating 
| 206|0x000000008ce00000, 0x000000008ce00000, 0x000000008cf00000|  0%| F|  |TAMS 0x000000008ce00000, 0x000000008ce00000| Untracked 
| 207|0x000000008cf00000, 0x000000008d000000, 0x000000008d000000|100%| O|  |TAMS 0x000000008d000000, 0x000000008cf00000| Updating 
| 208|0x000000008d000000, 0x000000008d000000, 0x000000008d100000|  0%| F|  |TAMS 0x000000008d000000, 0x000000008d000000| Untracked 
| 209|0x000000008d100000, 0x000000008d100000, 0x000000008d200000|  0%| F|  |TAMS 0x000000008d100000, 0x000000008d100000| Untracked 
| 210|0x000000008d200000, 0x000000008d200000, 0x000000008d300000|  0%| F|  |TAMS 0x000000008d200000, 0x000000008d200000| Untracked 
| 211|0x000000008d300000, 0x000000008d300000, 0x000000008d400000|  0%| F|  |TAMS 0x000000008d300000, 0x000000008d300000| Untracked 
| 212|0x000000008d400000, 0x000000008d500000, 0x000000008d500000|100%| O|  |TAMS 0x000000008d500000, 0x000000008d400000| Updating 
| 213|0x000000008d500000, 0x000000008d500000, 0x000000008d600000|  0%| F|  |TAMS 0x000000008d500000, 0x000000008d500000| Untracked 
| 214|0x000000008d600000, 0x000000008d700000, 0x000000008d700000|100%| O|  |TAMS 0x000000008d700000, 0x000000008d600000| Updating 
| 215|0x000000008d700000, 0x000000008d700000, 0x000000008d800000|  0%| F|  |TAMS 0x000000008d700000, 0x000000008d700000| Untracked 
| 216|0x000000008d800000, 0x000000008d800000, 0x000000008d900000|  0%| F|  |TAMS 0x000000008d800000, 0x000000008d800000| Untracked 
| 217|0x000000008d900000, 0x000000008d900000, 0x000000008da00000|  0%| F|  |TAMS 0x000000008d900000, 0x000000008d900000| Untracked 
| 218|0x000000008da00000, 0x000000008da00000, 0x000000008db00000|  0%| F|  |TAMS 0x000000008da00000, 0x000000008da00000| Untracked 
| 219|0x000000008db00000, 0x000000008db00000, 0x000000008dc00000|  0%| F|  |TAMS 0x000000008db00000, 0x000000008db00000| Untracked 
| 220|0x000000008dc00000, 0x000000008dc00000, 0x000000008dd00000|  0%| F|  |TAMS 0x000000008dc00000, 0x000000008dc00000| Untracked 
| 221|0x000000008dd00000, 0x000000008dd00000, 0x000000008de00000|  0%| F|  |TAMS 0x000000008dd00000, 0x000000008dd00000| Untracked 
| 222|0x000000008de00000, 0x000000008de00000, 0x000000008df00000|  0%| F|  |TAMS 0x000000008de00000, 0x000000008de00000| Untracked 
| 223|0x000000008df00000, 0x000000008df00000, 0x000000008e000000|  0%| F|  |TAMS 0x000000008df00000, 0x000000008df00000| Untracked 
| 224|0x000000008e000000, 0x000000008e000000, 0x000000008e100000|  0%| F|  |TAMS 0x000000008e000000, 0x000000008e000000| Untracked 
| 225|0x000000008e100000, 0x000000008e100000, 0x000000008e200000|  0%| F|  |TAMS 0x000000008e100000, 0x000000008e100000| Untracked 
| 226|0x000000008e200000, 0x000000008e200000, 0x000000008e300000|  0%| F|  |TAMS 0x000000008e200000, 0x000000008e200000| Untracked 
| 227|0x000000008e300000, 0x000000008e300000, 0x000000008e400000|  0%| F|  |TAMS 0x000000008e300000, 0x000000008e300000| Untracked 
| 228|0x000000008e400000, 0x000000008e400000, 0x000000008e500000|  0%| F|  |TAMS 0x000000008e400000, 0x000000008e400000| Untracked 
| 229|0x000000008e500000, 0x000000008e500000, 0x000000008e600000|  0%| F|  |TAMS 0x000000008e500000, 0x000000008e500000| Untracked 
| 230|0x000000008e600000, 0x000000008e600000, 0x000000008e700000|  0%| F|  |TAMS 0x000000008e600000, 0x000000008e600000| Untracked 
| 231|0x000000008e700000, 0x000000008e700000, 0x000000008e800000|  0%| F|  |TAMS 0x000000008e700000, 0x000000008e700000| Untracked 
| 232|0x000000008e800000, 0x000000008e800000, 0x000000008e900000|  0%| F|  |TAMS 0x000000008e800000, 0x000000008e800000| Untracked 
| 233|0x000000008e900000, 0x000000008e900000, 0x000000008ea00000|  0%| F|  |TAMS 0x000000008e900000, 0x000000008e900000| Untracked 
| 234|0x000000008ea00000, 0x000000008ea00000, 0x000000008eb00000|  0%| F|  |TAMS 0x000000008ea00000, 0x000000008ea00000| Untracked 
| 235|0x000000008eb00000, 0x000000008eb00000, 0x000000008ec00000|  0%| F|  |TAMS 0x000000008eb00000, 0x000000008eb00000| Untracked 
| 236|0x000000008ec00000, 0x000000008ec00000, 0x000000008ed00000|  0%| F|  |TAMS 0x000000008ec00000, 0x000000008ec00000| Untracked 
| 237|0x000000008ed00000, 0x000000008ed00000, 0x000000008ee00000|  0%| F|  |TAMS 0x000000008ed00000, 0x000000008ed00000| Untracked 
| 238|0x000000008ee00000, 0x000000008ee00000, 0x000000008ef00000|  0%| F|  |TAMS 0x000000008ee00000, 0x000000008ee00000| Untracked 
| 239|0x000000008ef00000, 0x000000008ef00000, 0x000000008f000000|  0%| F|  |TAMS 0x000000008ef00000, 0x000000008ef00000| Untracked 
| 240|0x000000008f000000, 0x000000008f000000, 0x000000008f100000|  0%| F|  |TAMS 0x000000008f000000, 0x000000008f000000| Untracked 
| 241|0x000000008f100000, 0x000000008f100000, 0x000000008f200000|  0%| F|  |TAMS 0x000000008f100000, 0x000000008f100000| Untracked 
| 242|0x000000008f200000, 0x000000008f200000, 0x000000008f300000|  0%| F|  |TAMS 0x000000008f200000, 0x000000008f200000| Untracked 
| 243|0x000000008f300000, 0x000000008f300000, 0x000000008f400000|  0%| F|  |TAMS 0x000000008f300000, 0x000000008f300000| Untracked 
| 244|0x000000008f400000, 0x000000008f400000, 0x000000008f500000|  0%| F|  |TAMS 0x000000008f400000, 0x000000008f400000| Untracked 
| 245|0x000000008f500000, 0x000000008f500000, 0x000000008f600000|  0%| F|  |TAMS 0x000000008f500000, 0x000000008f500000| Untracked 
| 246|0x000000008f600000, 0x000000008f600000, 0x000000008f700000|  0%| F|  |TAMS 0x000000008f600000, 0x000000008f600000| Untracked 
| 247|0x000000008f700000, 0x000000008f700000, 0x000000008f800000|  0%| F|  |TAMS 0x000000008f700000, 0x000000008f700000| Untracked 
| 248|0x000000008f800000, 0x000000008f800000, 0x000000008f900000|  0%| F|  |TAMS 0x000000008f800000, 0x000000008f800000| Untracked 
| 249|0x000000008f900000, 0x000000008f900000, 0x000000008fa00000|  0%| F|  |TAMS 0x000000008f900000, 0x000000008f900000| Untracked 
| 250|0x000000008fa00000, 0x000000008fa00000, 0x000000008fb00000|  0%| F|  |TAMS 0x000000008fa00000, 0x000000008fa00000| Untracked 
| 251|0x000000008fb00000, 0x000000008fb00000, 0x000000008fc00000|  0%| F|  |TAMS 0x000000008fb00000, 0x000000008fb00000| Untracked 
| 252|0x000000008fc00000, 0x000000008fc00000, 0x000000008fd00000|  0%| F|  |TAMS 0x000000008fc00000, 0x000000008fc00000| Untracked 
| 253|0x000000008fd00000, 0x000000008fd00000, 0x000000008fe00000|  0%| F|  |TAMS 0x000000008fd00000, 0x000000008fd00000| Untracked 
| 254|0x000000008fe00000, 0x000000008fe00000, 0x000000008ff00000|  0%| F|  |TAMS 0x000000008fe00000, 0x000000008fe00000| Untracked 
| 255|0x000000008ff00000, 0x000000008ff00000, 0x0000000090000000|  0%| F|  |TAMS 0x000000008ff00000, 0x000000008ff00000| Untracked 
| 256|0x0000000090000000, 0x0000000090000000, 0x0000000090100000|  0%| F|  |TAMS 0x0000000090000000, 0x0000000090000000| Untracked 
| 257|0x0000000090100000, 0x0000000090100000, 0x0000000090200000|  0%| F|  |TAMS 0x0000000090100000, 0x0000000090100000| Untracked 
| 258|0x0000000090200000, 0x0000000090200000, 0x0000000090300000|  0%| F|  |TAMS 0x0000000090200000, 0x0000000090200000| Untracked 
| 259|0x0000000090300000, 0x0000000090300000, 0x0000000090400000|  0%| F|  |TAMS 0x0000000090300000, 0x0000000090300000| Untracked 
| 260|0x0000000090400000, 0x0000000090400000, 0x0000000090500000|  0%| F|  |TAMS 0x0000000090400000, 0x0000000090400000| Untracked 
| 261|0x0000000090500000, 0x0000000090500000, 0x0000000090600000|  0%| F|  |TAMS 0x0000000090500000, 0x0000000090500000| Untracked 
| 262|0x0000000090600000, 0x0000000090600000, 0x0000000090700000|  0%| F|  |TAMS 0x0000000090600000, 0x0000000090600000| Untracked 
| 263|0x0000000090700000, 0x0000000090700000, 0x0000000090800000|  0%| F|  |TAMS 0x0000000090700000, 0x0000000090700000| Untracked 
| 264|0x0000000090800000, 0x0000000090800000, 0x0000000090900000|  0%| F|  |TAMS 0x0000000090800000, 0x0000000090800000| Untracked 
| 265|0x0000000090900000, 0x0000000090900000, 0x0000000090a00000|  0%| F|  |TAMS 0x0000000090900000, 0x0000000090900000| Untracked 
| 266|0x0000000090a00000, 0x0000000090a00000, 0x0000000090b00000|  0%| F|  |TAMS 0x0000000090a00000, 0x0000000090a00000| Untracked 
| 267|0x0000000090b00000, 0x0000000090b00000, 0x0000000090c00000|  0%| F|  |TAMS 0x0000000090b00000, 0x0000000090b00000| Untracked 
| 268|0x0000000090c00000, 0x0000000090c00000, 0x0000000090d00000|  0%| F|  |TAMS 0x0000000090c00000, 0x0000000090c00000| Untracked 
| 269|0x0000000090d00000, 0x0000000090d00000, 0x0000000090e00000|  0%| F|  |TAMS 0x0000000090d00000, 0x0000000090d00000| Untracked 
| 270|0x0000000090e00000, 0x0000000090e00000, 0x0000000090f00000|  0%| F|  |TAMS 0x0000000090e00000, 0x0000000090e00000| Untracked 
| 271|0x0000000090f00000, 0x0000000090f00000, 0x0000000091000000|  0%| F|  |TAMS 0x0000000090f00000, 0x0000000090f00000| Untracked 
| 272|0x0000000091000000, 0x0000000091000000, 0x0000000091100000|  0%| F|  |TAMS 0x0000000091000000, 0x0000000091000000| Untracked 
| 273|0x0000000091100000, 0x0000000091100000, 0x0000000091200000|  0%| F|  |TAMS 0x0000000091100000, 0x0000000091100000| Untracked 
| 274|0x0000000091200000, 0x0000000091200000, 0x0000000091300000|  0%| F|  |TAMS 0x0000000091200000, 0x0000000091200000| Untracked 
| 275|0x0000000091300000, 0x0000000091300000, 0x0000000091400000|  0%| F|  |TAMS 0x0000000091300000, 0x0000000091300000| Untracked 
| 276|0x0000000091400000, 0x0000000091400000, 0x0000000091500000|  0%| F|  |TAMS 0x0000000091400000, 0x0000000091400000| Untracked 
| 277|0x0000000091500000, 0x0000000091500000, 0x0000000091600000|  0%| F|  |TAMS 0x0000000091500000, 0x0000000091500000| Untracked 
| 278|0x0000000091600000, 0x0000000091600000, 0x0000000091700000|  0%| F|  |TAMS 0x0000000091600000, 0x0000000091600000| Untracked 
| 279|0x0000000091700000, 0x0000000091700000, 0x0000000091800000|  0%| F|  |TAMS 0x0000000091700000, 0x0000000091700000| Untracked 
| 280|0x0000000091800000, 0x0000000091800000, 0x0000000091900000|  0%| F|  |TAMS 0x0000000091800000, 0x0000000091800000| Untracked 
| 281|0x0000000091900000, 0x0000000091900000, 0x0000000091a00000|  0%| F|  |TAMS 0x0000000091900000, 0x0000000091900000| Untracked 
| 282|0x0000000091a00000, 0x0000000091a00000, 0x0000000091b00000|  0%| F|  |TAMS 0x0000000091a00000, 0x0000000091a00000| Untracked 
| 283|0x0000000091b00000, 0x0000000091b00000, 0x0000000091c00000|  0%| F|  |TAMS 0x0000000091b00000, 0x0000000091b00000| Untracked 
| 284|0x0000000091c00000, 0x0000000091c00000, 0x0000000091d00000|  0%| F|  |TAMS 0x0000000091c00000, 0x0000000091c00000| Untracked 
| 285|0x0000000091d00000, 0x0000000091d00000, 0x0000000091e00000|  0%| F|  |TAMS 0x0000000091d00000, 0x0000000091d00000| Untracked 
| 286|0x0000000091e00000, 0x0000000091e00000, 0x0000000091f00000|  0%| F|  |TAMS 0x0000000091e00000, 0x0000000091e00000| Untracked 
| 287|0x0000000091f00000, 0x0000000091f00000, 0x0000000092000000|  0%| F|  |TAMS 0x0000000091f00000, 0x0000000091f00000| Untracked 
| 288|0x0000000092000000, 0x0000000092000000, 0x0000000092100000|  0%| F|  |TAMS 0x0000000092000000, 0x0000000092000000| Untracked 
| 289|0x0000000092100000, 0x0000000092100000, 0x0000000092200000|  0%| F|  |TAMS 0x0000000092100000, 0x0000000092100000| Untracked 
| 290|0x0000000092200000, 0x0000000092200000, 0x0000000092300000|  0%| F|  |TAMS 0x0000000092200000, 0x0000000092200000| Untracked 
| 291|0x0000000092300000, 0x00000000923bc588, 0x0000000092400000| 73%| E|  |TAMS 0x0000000092300000, 0x0000000092300000| Complete 
| 292|0x0000000092400000, 0x0000000092500000, 0x0000000092500000|100%| E|CS|TAMS 0x0000000092400000, 0x0000000092400000| Complete 
| 293|0x0000000092500000, 0x0000000092600000, 0x0000000092600000|100%| E|  |TAMS 0x0000000092500000, 0x0000000092500000| Complete 
| 294|0x0000000092600000, 0x0000000092700000, 0x0000000092700000|100%| E|CS|TAMS 0x0000000092600000, 0x0000000092600000| Complete 
| 295|0x0000000092700000, 0x0000000092800000, 0x0000000092800000|100%| E|CS|TAMS 0x0000000092700000, 0x0000000092700000| Complete 
| 296|0x0000000092800000, 0x0000000092900000, 0x0000000092900000|100%| E|CS|TAMS 0x0000000092800000, 0x0000000092800000| Complete 
| 297|0x0000000092900000, 0x0000000092a00000, 0x0000000092a00000|100%| E|CS|TAMS 0x0000000092900000, 0x0000000092900000| Complete 
| 298|0x0000000092a00000, 0x0000000092b00000, 0x0000000092b00000|100%| E|CS|TAMS 0x0000000092a00000, 0x0000000092a00000| Complete 
| 299|0x0000000092b00000, 0x0000000092c00000, 0x0000000092c00000|100%| E|CS|TAMS 0x0000000092b00000, 0x0000000092b00000| Complete 
| 300|0x0000000092c00000, 0x0000000092d00000, 0x0000000092d00000|100%| E|CS|TAMS 0x0000000092c00000, 0x0000000092c00000| Complete 
| 301|0x0000000092d00000, 0x0000000092e00000, 0x0000000092e00000|100%| E|CS|TAMS 0x0000000092d00000, 0x0000000092d00000| Complete 
| 302|0x0000000092e00000, 0x0000000092f00000, 0x0000000092f00000|100%| E|CS|TAMS 0x0000000092e00000, 0x0000000092e00000| Complete 
| 303|0x0000000092f00000, 0x0000000093000000, 0x0000000093000000|100%| E|CS|TAMS 0x0000000092f00000, 0x0000000092f00000| Complete 
| 304|0x0000000093000000, 0x0000000093100000, 0x0000000093100000|100%| E|CS|TAMS 0x0000000093000000, 0x0000000093000000| Complete 
| 305|0x0000000093100000, 0x0000000093200000, 0x0000000093200000|100%| E|CS|TAMS 0x0000000093100000, 0x0000000093100000| Complete 
| 306|0x0000000093200000, 0x0000000093300000, 0x0000000093300000|100%| E|CS|TAMS 0x0000000093200000, 0x0000000093200000| Complete 
| 307|0x0000000093300000, 0x0000000093400000, 0x0000000093400000|100%| E|CS|TAMS 0x0000000093300000, 0x0000000093300000| Complete 
| 308|0x0000000093400000, 0x0000000093500000, 0x0000000093500000|100%| E|CS|TAMS 0x0000000093400000, 0x0000000093400000| Complete 
| 309|0x0000000093500000, 0x0000000093600000, 0x0000000093600000|100%| E|CS|TAMS 0x0000000093500000, 0x0000000093500000| Complete 
| 310|0x0000000093600000, 0x0000000093640010, 0x0000000093700000| 25%| S|CS|TAMS 0x0000000093600000, 0x0000000093600000| Complete 
| 311|0x0000000093700000, 0x0000000093800000, 0x0000000093800000|100%| S|CS|TAMS 0x0000000093700000, 0x0000000093700000| Complete 
| 312|0x0000000093800000, 0x0000000093900000, 0x0000000093900000|100%| S|CS|TAMS 0x0000000093800000, 0x0000000093800000| Complete 
| 313|0x0000000093900000, 0x0000000093a00000, 0x0000000093a00000|100%| E|CS|TAMS 0x0000000093900000, 0x0000000093900000| Complete 
| 314|0x0000000093a00000, 0x0000000093b00000, 0x0000000093b00000|100%| E|CS|TAMS 0x0000000093a00000, 0x0000000093a00000| Complete 
| 315|0x0000000093b00000, 0x0000000093c00000, 0x0000000093c00000|100%| E|CS|TAMS 0x0000000093b00000, 0x0000000093b00000| Complete 
| 316|0x0000000093c00000, 0x0000000093d00000, 0x0000000093d00000|100%| E|CS|TAMS 0x0000000093c00000, 0x0000000093c00000| Complete 
| 317|0x0000000093d00000, 0x0000000093e00000, 0x0000000093e00000|100%| E|CS|TAMS 0x0000000093d00000, 0x0000000093d00000| Complete 
| 318|0x0000000093e00000, 0x0000000093f00000, 0x0000000093f00000|100%| E|CS|TAMS 0x0000000093e00000, 0x0000000093e00000| Complete 
| 319|0x0000000093f00000, 0x0000000094000000, 0x0000000094000000|100%| E|CS|TAMS 0x0000000093f00000, 0x0000000093f00000| Complete 
| 320|0x0000000094000000, 0x0000000094100000, 0x0000000094100000|100%| E|CS|TAMS 0x0000000094000000, 0x0000000094000000| Complete 
| 321|0x0000000094100000, 0x0000000094200000, 0x0000000094200000|100%| E|CS|TAMS 0x0000000094100000, 0x0000000094100000| Complete 
| 322|0x0000000094200000, 0x0000000094300000, 0x0000000094300000|100%| E|CS|TAMS 0x0000000094200000, 0x0000000094200000| Complete 
| 323|0x0000000094300000, 0x0000000094400000, 0x0000000094400000|100%| E|CS|TAMS 0x0000000094300000, 0x0000000094300000| Complete 
| 324|0x0000000094400000, 0x0000000094500000, 0x0000000094500000|100%| E|CS|TAMS 0x0000000094400000, 0x0000000094400000| Complete 
| 325|0x0000000094500000, 0x0000000094600000, 0x0000000094600000|100%| E|CS|TAMS 0x0000000094500000, 0x0000000094500000| Complete 
| 326|0x0000000094600000, 0x0000000094700000, 0x0000000094700000|100%| E|CS|TAMS 0x0000000094600000, 0x0000000094600000| Complete 

Card table byte_map: [0x0000018994840000,0x0000018994c40000] _byte_map_base: 0x0000018994440000

Marking Bits (Prev, Next): (CMBitMap*) 0x00000189ffb6d568, (CMBitMap*) 0x00000189ffb6d5a0
 Prev Bits: [0x0000018995040000, 0x0000018997040000)
 Next Bits: [0x0000018997040000, 0x0000018999040000)

Polling page: 0x0000018981410000

Metaspace:

Usage:
  Non-class:    109.48 MB capacity,   107.63 MB ( 98%) used,     1.48 MB (  1%) free+waste,   385.19 KB ( <1%) overhead. 
      Class:     16.18 MB capacity,    15.10 MB ( 93%) used,   945.42 KB (  6%) free+waste,   163.94 KB ( <1%) overhead. 
       Both:    125.66 MB capacity,   122.73 MB ( 98%) used,     2.40 MB (  2%) free+waste,   549.13 KB ( <1%) overhead. 

Virtual space:
  Non-class space:      110.00 MB reserved,     109.63 MB (>99%) committed 
      Class space:        1.00 GB reserved,      16.27 MB (  2%) committed 
             Both:        1.11 GB reserved,     125.91 MB ( 11%) committed 

Chunk freelists:
   Non-Class:  26.00 KB
       Class:  7.00 KB
        Both:  33.00 KB

MaxMetaspaceSize: 17179869184.00 GB
CompressedClassSpaceSize: 1.00 GB

CodeHeap 'non-profiled nmethods': size=120064Kb used=14809Kb max_used=15224Kb free=105254Kb
 bounds [0x000001898c8d0000, 0x000001898d7b0000, 0x0000018993e10000]
CodeHeap 'profiled nmethods': size=120000Kb used=45364Kb max_used=47667Kb free=74635Kb
 bounds [0x00000189853a0000, 0x0000018988250000, 0x000001898c8d0000]
CodeHeap 'non-nmethods': size=5696Kb used=2351Kb max_used=2417Kb free=3344Kb
 bounds [0x0000018984e10000, 0x0000018985080000, 0x00000189853a0000]
 total_blobs=21134 nmethods=20165 adapters=878
 compilation: enabled
              stopped_count=0, restarted_count=0
 full_count=0

Compilation events (20 events):
Event: 390.146 Thread 0x000001899bf5a000 nmethod 22715 0x00000189855afa10 code [0x00000189855afc60, 0x00000189855b0838]
Event: 390.147 Thread 0x000001899e4fb800 nmethod 22711 0x000001898cd19290 code [0x000001898cd19460, 0x000001898cd19998]
Event: 390.147 Thread 0x000001899e4fb800 22717       4       com.android.tools.r8.internal.fr::f (97 bytes)
Event: 390.147 Thread 0x000001899bf5a000 22718       3       com.android.tools.r8.graph.u$$Lambda$1508/0x0000000100eb2c40::compare (16 bytes)
Event: 390.148 Thread 0x000001899bf5a000 nmethod 22718 0x00000189855b6990 code [0x00000189855b6b60, 0x00000189855b6f68]
Event: 390.190 Thread 0x000001899e4fb800 nmethod 22717 0x000001898cd27290 code [0x000001898cd274e0, 0x000001898cd27d58]
Event: 390.190 Thread 0x000001899e4fb800 22720       4       com.android.tools.r8.dex.b$b::a (9 bytes)
Event: 390.192 Thread 0x000001899bf5a000 22722       3       com.android.tools.r8.graph.f0$c::o0 (8 bytes)
Event: 390.192 Thread 0x000001899bf5a000 nmethod 22722 0x00000189855af490 code [0x00000189855af640, 0x00000189855af788]
Event: 390.212 Thread 0x000001899e4fb800 nmethod 22720 0x000001898cd26290 code [0x000001898cd26460, 0x000001898cd26c88]
Event: 390.213 Thread 0x000001899e4fb800 22724       4       java.util.TimSort::mergeLo (659 bytes)
Event: 390.277 Thread 0x000001899e4fb800 nmethod 22724 0x000001898cd23b90 code [0x000001898cd23da0, 0x000001898cd25818]
Event: 390.277 Thread 0x000001899e4fb800 22726       4       java.util.TimSort::mergeHi (732 bytes)
Event: 390.337 Thread 0x000001899e4fb800 nmethod 22726 0x000001898cd74310 code [0x000001898cd74520, 0x000001898cd760f8]
Event: 390.342 Thread 0x000001899e4fb800 22727       4       java.util.TimSort::gallopLeft (335 bytes)
Event: 390.350 Thread 0x000001899e4fb800 nmethod 22727 0x000001898cd23210 code [0x000001898cd233c0, 0x000001898cd237b8]
Event: 390.350 Thread 0x000001899e4fb800 22728       4       java.util.TimSort::mergeAt (358 bytes)
Event: 390.356 Thread 0x000001899e4fb800 nmethod 22728 0x000001898cd22910 code [0x000001898cd22ae0, 0x000001898cd22e50]
Event: 390.360 Thread 0x000001899e4fb800 22729       4       java.util.TimSort::gallopRight (335 bytes)
Event: 390.368 Thread 0x000001899e4fb800 nmethod 22729 0x000001898cd6a990 code [0x000001898cd6ab40, 0x000001898cd6af58]

GC Heap History (20 events):
Event: 63.430 GC heap before
{Heap before GC invocations=38 (full 0):
 garbage-first heap   total 334848K, used 235844K [0x0000000080000000, 0x0000000100000000)
  region size 1024K, 16 young (16384K), 6 survivors (6144K)
 Metaspace       used 117582K, capacity 120365K, committed 120608K, reserved 1155072K
  class space    used 14666K, capacity 15727K, committed 15768K, reserved 1048576K
}
Event: 63.446 GC heap after
{Heap after GC invocations=39 (full 0):
 garbage-first heap   total 334848K, used 206811K [0x0000000080000000, 0x0000000100000000)
  region size 1024K, 1 young (1024K), 1 survivors (1024K)
 Metaspace       used 117582K, capacity 120365K, committed 120608K, reserved 1155072K
  class space    used 14666K, capacity 15727K, committed 15768K, reserved 1048576K
}
Event: 65.553 GC heap before
{Heap before GC invocations=39 (full 0):
 garbage-first heap   total 334848K, used 267227K [0x0000000080000000, 0x0000000100000000)
  region size 1024K, 61 young (62464K), 1 survivors (1024K)
 Metaspace       used 121126K, capacity 123935K, committed 124192K, reserved 1157120K
  class space    used 15127K, capacity 16204K, committed 16280K, reserved 1048576K
}
Event: 65.565 GC heap after
{Heap after GC invocations=40 (full 0):
 garbage-first heap   total 334848K, used 209954K [0x0000000080000000, 0x0000000100000000)
  region size 1024K, 5 young (5120K), 5 survivors (5120K)
 Metaspace       used 121126K, capacity 123935K, committed 124192K, reserved 1157120K
  class space    used 15127K, capacity 16204K, committed 16280K, reserved 1048576K
}
Event: 385.755 GC heap before
{Heap before GC invocations=40 (full 0):
 garbage-first heap   total 334848K, used 271394K [0x0000000080000000, 0x0000000100000000)
  region size 1024K, 66 young (67584K), 5 survivors (5120K)
 Metaspace       used 125221K, capacity 128215K, committed 128288K, reserved 1161216K
  class space    used 15435K, capacity 16533K, committed 16536K, reserved 1048576K
}
Event: 385.772 GC heap after
{Heap after GC invocations=41 (full 0):
 garbage-first heap   total 334848K, used 215104K [0x0000000080000000, 0x0000000100000000)
  region size 1024K, 9 young (9216K), 9 survivors (9216K)
 Metaspace       used 125221K, capacity 128215K, committed 128288K, reserved 1161216K
  class space    used 15435K, capacity 16533K, committed 16536K, reserved 1048576K
}
Event: 387.306 GC heap before
{Heap before GC invocations=41 (full 0):
 garbage-first heap   total 334848K, used 265280K [0x0000000080000000, 0x0000000100000000)
  region size 1024K, 54 young (55296K), 9 survivors (9216K)
 Metaspace       used 125605K, capacity 128533K, committed 128672K, reserved 1161216K
  class space    used 15458K, capacity 16568K, committed 16664K, reserved 1048576K
}
Event: 387.325 GC heap after
{Heap after GC invocations=42 (full 0):
 garbage-first heap   total 334848K, used 226995K [0x0000000080000000, 0x0000000100000000)
  region size 1024K, 6 young (6144K), 6 survivors (6144K)
 Metaspace       used 125605K, capacity 128533K, committed 128672K, reserved 1161216K
  class space    used 15458K, capacity 16568K, committed 16664K, reserved 1048576K
}
Event: 387.863 GC heap before
{Heap before GC invocations=42 (full 0):
 garbage-first heap   total 334848K, used 229043K [0x0000000080000000, 0x0000000100000000)
  region size 1024K, 56 young (57344K), 6 survivors (6144K)
 Metaspace       used 125615K, capacity 128533K, committed 128672K, reserved 1161216K
  class space    used 15458K, capacity 16568K, committed 16664K, reserved 1048576K
}
Event: 387.901 GC heap after
{Heap after GC invocations=43 (full 0):
 garbage-first heap   total 334848K, used 190088K [0x0000000080000000, 0x0000000100000000)
  region size 1024K, 7 young (7168K), 7 survivors (7168K)
 Metaspace       used 125615K, capacity 128533K, committed 128672K, reserved 1161216K
  class space    used 15458K, capacity 16568K, committed 16664K, reserved 1048576K
}
Event: 388.329 GC heap before
{Heap before GC invocations=44 (full 0):
 garbage-first heap   total 334848K, used 252552K [0x0000000080000000, 0x0000000100000000)
  region size 1024K, 69 young (70656K), 7 survivors (7168K)
 Metaspace       used 125638K, capacity 128667K, committed 128928K, reserved 1161216K
  class space    used 15459K, capacity 16569K, committed 16664K, reserved 1048576K
}
Event: 388.409 GC heap after
{Heap after GC invocations=45 (full 0):
 garbage-first heap   total 334848K, used 222720K [0x0000000080000000, 0x0000000100000000)
  region size 1024K, 9 young (9216K), 9 survivors (9216K)
 Metaspace       used 125638K, capacity 128667K, committed 128928K, reserved 1161216K
  class space    used 15459K, capacity 16569K, committed 16664K, reserved 1048576K
}
Event: 388.426 GC heap before
{Heap before GC invocations=45 (full 0):
 garbage-first heap   total 334848K, used 229888K [0x0000000080000000, 0x0000000100000000)
  region size 1024K, 16 young (16384K), 9 survivors (9216K)
 Metaspace       used 125638K, capacity 128667K, committed 128928K, reserved 1161216K
  class space    used 15459K, capacity 16569K, committed 16664K, reserved 1048576K
}
Event: 388.460 GC heap after
{Heap after GC invocations=46 (full 0):
 garbage-first heap   total 334848K, used 194560K [0x0000000080000000, 0x0000000100000000)
  region size 1024K, 2 young (2048K), 2 survivors (2048K)
 Metaspace       used 125638K, capacity 128667K, committed 128928K, reserved 1161216K
  class space    used 15459K, capacity 16569K, committed 16664K, reserved 1048576K
}
Event: 388.542 GC heap before
{Heap before GC invocations=46 (full 0):
 garbage-first heap   total 334848K, used 207872K [0x0000000080000000, 0x0000000100000000)
  region size 1024K, 16 young (16384K), 2 survivors (2048K)
 Metaspace       used 125638K, capacity 128667K, committed 128928K, reserved 1161216K
  class space    used 15459K, capacity 16569K, committed 16664K, reserved 1048576K
}
Event: 388.566 GC heap after
{Heap after GC invocations=47 (full 0):
 garbage-first heap   total 334848K, used 195072K [0x0000000080000000, 0x0000000100000000)
  region size 1024K, 2 young (2048K), 2 survivors (2048K)
 Metaspace       used 125638K, capacity 128667K, committed 128928K, reserved 1161216K
  class space    used 15459K, capacity 16569K, committed 16664K, reserved 1048576K
}
Event: 389.329 GC heap before
{Heap before GC invocations=47 (full 0):
 garbage-first heap   total 334848K, used 248320K [0x0000000080000000, 0x0000000100000000)
  region size 1024K, 55 young (56320K), 2 survivors (2048K)
 Metaspace       used 125658K, capacity 128671K, committed 128928K, reserved 1161216K
  class space    used 15459K, capacity 16569K, committed 16664K, reserved 1048576K
}
Event: 389.350 GC heap after
{Heap after GC invocations=48 (full 0):
 garbage-first heap   total 334848K, used 202209K [0x0000000080000000, 0x0000000100000000)
  region size 1024K, 7 young (7168K), 7 survivors (7168K)
 Metaspace       used 125658K, capacity 128671K, committed 128928K, reserved 1161216K
  class space    used 15459K, capacity 16569K, committed 16664K, reserved 1048576K
}
Event: 389.463 GC heap before
{Heap before GC invocations=48 (full 0):
 garbage-first heap   total 334848K, used 215521K [0x0000000080000000, 0x0000000100000000)
  region size 1024K, 21 young (21504K), 7 survivors (7168K)
 Metaspace       used 125662K, capacity 128671K, committed 128928K, reserved 1161216K
  class space    used 15459K, capacity 16569K, committed 16664K, reserved 1048576K
}
Event: 389.488 GC heap after
{Heap after GC invocations=49 (full 0):
 garbage-first heap   total 334848K, used 204621K [0x0000000080000000, 0x0000000100000000)
  region size 1024K, 3 young (3072K), 3 survivors (3072K)
 Metaspace       used 125662K, capacity 128671K, committed 128928K, reserved 1161216K
  class space    used 15459K, capacity 16569K, committed 16664K, reserved 1048576K
}

Deoptimization events (20 events):
Event: 390.219 Thread 0x00000189a55b3000 DEOPT PACKING pc=0x00000189859b0ac8 sp=0x00000012b5dfecb0
Event: 390.219 Thread 0x00000189a55b3000 DEOPT UNPACKING pc=0x0000018984e376ce sp=0x00000012b5dfe198 mode 0
Event: 390.222 Thread 0x00000189a55b3000 DEOPT PACKING pc=0x00000189858bd3e1 sp=0x00000012b5dfeca0
Event: 390.222 Thread 0x00000189a55b3000 DEOPT UNPACKING pc=0x0000018984e376ce sp=0x00000012b5dfe190 mode 0
Event: 390.224 Thread 0x00000189a55b3000 DEOPT PACKING pc=0x00000189859b0ac8 sp=0x00000012b5dfecb0
Event: 390.224 Thread 0x00000189a55b3000 DEOPT UNPACKING pc=0x0000018984e376ce sp=0x00000012b5dfe198 mode 0
Event: 390.227 Thread 0x00000189a55b3000 DEOPT PACKING pc=0x00000189859b0ac8 sp=0x00000012b5dfecb0
Event: 390.227 Thread 0x00000189a55b3000 DEOPT UNPACKING pc=0x0000018984e376ce sp=0x00000012b5dfe198 mode 0
Event: 390.228 Thread 0x00000189a55b3000 DEOPT PACKING pc=0x00000189858bd3e1 sp=0x00000012b5dfeca0
Event: 390.228 Thread 0x00000189a55b3000 DEOPT UNPACKING pc=0x0000018984e376ce sp=0x00000012b5dfe190 mode 0
Event: 390.229 Thread 0x00000189a55b3000 DEOPT PACKING pc=0x00000189859b0ac8 sp=0x00000012b5dfecb0
Event: 390.229 Thread 0x00000189a55b3000 DEOPT UNPACKING pc=0x0000018984e376ce sp=0x00000012b5dfe198 mode 0
Event: 390.230 Thread 0x00000189a55b3000 DEOPT PACKING pc=0x00000189859b0ac8 sp=0x00000012b5dfecb0
Event: 390.230 Thread 0x00000189a55b3000 DEOPT UNPACKING pc=0x0000018984e376ce sp=0x00000012b5dfe198 mode 0
Event: 390.233 Thread 0x00000189a55b3000 DEOPT PACKING pc=0x00000189858bd3e1 sp=0x00000012b5dfeca0
Event: 390.233 Thread 0x00000189a55b3000 DEOPT UNPACKING pc=0x0000018984e376ce sp=0x00000012b5dfe190 mode 0
Event: 390.234 Thread 0x00000189a55b3000 DEOPT PACKING pc=0x00000189859b0ac8 sp=0x00000012b5dfecb0
Event: 390.234 Thread 0x00000189a55b3000 DEOPT UNPACKING pc=0x0000018984e376ce sp=0x00000012b5dfe198 mode 0
Event: 390.337 Thread 0x00000189a55b3000 DEOPT PACKING pc=0x00000189859b0ac8 sp=0x00000012b5dfecb0
Event: 390.337 Thread 0x00000189a55b3000 DEOPT UNPACKING pc=0x0000018984e376ce sp=0x00000012b5dfe198 mode 0

Classes redefined (0 events):
No events

Internal exceptions (20 events):
Event: 66.339 Thread 0x000001899d56f000 Exception <a 'java/lang/NoSuchMethodError'{0x00000000935314d0}: <clinit>> (0x00000000935314d0) thrown at [./src/hotspot/share/prims/jni.cpp, line 1362]
Event: 66.339 Thread 0x000001899d56f000 Exception <a 'java/lang/NoSuchMethodError'{0x0000000093532bb8}: <clinit>> (0x0000000093532bb8) thrown at [./src/hotspot/share/prims/jni.cpp, line 1362]
Event: 66.341 Thread 0x000001899d56f000 Exception <a 'java/lang/NoSuchMethodError'{0x0000000093544fe0}: <clinit>> (0x0000000093544fe0) thrown at [./src/hotspot/share/prims/jni.cpp, line 1362]
Event: 66.342 Thread 0x000001899d56f000 Exception <a 'java/lang/NoSuchMethodError'{0x0000000093551150}: <clinit>> (0x0000000093551150) thrown at [./src/hotspot/share/prims/jni.cpp, line 1362]
Event: 74.882 Thread 0x000001899d5f8800 Implicit null exception at 0x000001898d070a94 to 0x000001898d071088
Event: 383.727 Thread 0x000001899f893800 Implicit null exception at 0x000001898d36c476 to 0x000001898d36c7a4
Event: 383.727 Thread 0x000001899f893800 Implicit null exception at 0x000001898d1cea82 to 0x000001898d1cf5f8
Event: 383.902 Thread 0x000001899f893800 Implicit null exception at 0x000001898ce22674 to 0x000001898ce22910
Event: 383.902 Thread 0x000001899f893800 Implicit null exception at 0x000001898cd9e260 to 0x000001898cd9e8a8
Event: 383.902 Thread 0x000001899f893800 Implicit null exception at 0x000001898cda55f4 to 0x000001898cda5830
Event: 384.866 Thread 0x000001899f893800 Exception <a 'sun/nio/fs/WindowsException'{0x00000000918040e0}> (0x00000000918040e0) thrown at [./src/hotspot/share/prims/jni.cpp, line 615]
Event: 385.310 Thread 0x000001899f893800 Exception <a 'sun/nio/fs/WindowsException'{0x00000000911d9dc0}> (0x00000000911d9dc0) thrown at [./src/hotspot/share/prims/jni.cpp, line 615]
Event: 385.320 Thread 0x000001899f893800 Exception <a 'sun/nio/fs/WindowsException'{0x000000009107c788}> (0x000000009107c788) thrown at [./src/hotspot/share/prims/jni.cpp, line 615]
Event: 385.321 Thread 0x000001899f893800 Exception <a 'sun/nio/fs/WindowsException'{0x000000009107d858}> (0x000000009107d858) thrown at [./src/hotspot/share/prims/jni.cpp, line 615]
Event: 385.321 Thread 0x000001899f893800 Exception <a 'sun/nio/fs/WindowsException'{0x000000009107e978}> (0x000000009107e978) thrown at [./src/hotspot/share/prims/jni.cpp, line 615]
Event: 385.321 Thread 0x000001899f893800 Exception <a 'sun/nio/fs/WindowsException'{0x000000009107fa98}> (0x000000009107fa98) thrown at [./src/hotspot/share/prims/jni.cpp, line 615]
Event: 385.530 Thread 0x000001899f893800 Exception <a 'sun/nio/fs/WindowsException'{0x000000008feb2a48}> (0x000000008feb2a48) thrown at [./src/hotspot/share/prims/jni.cpp, line 615]
Event: 387.343 Thread 0x000001899d74d000 Exception <a 'sun/nio/fs/WindowsException'{0x00000000946c8e40}> (0x00000000946c8e40) thrown at [./src/hotspot/share/prims/jni.cpp, line 615]
Event: 388.642 Thread 0x000001899ecc2000 Exception <a 'sun/nio/fs/WindowsException'{0x00000000942fb8a8}> (0x00000000942fb8a8) thrown at [./src/hotspot/share/prims/jni.cpp, line 615]
Event: 388.642 Thread 0x000001899ecc2000 Exception <a 'sun/nio/fs/WindowsException'{0x00000000942fc720}> (0x00000000942fc720) thrown at [./src/hotspot/share/prims/jni.cpp, line 615]

Events (20 events):
Event: 388.952 Thread 0x000001899bfb8800 flushing nmethod 0x0000018986de1090
Event: 388.952 Thread 0x000001899bfb8800 flushing nmethod 0x0000018986dfa710
Event: 388.952 Thread 0x000001899bfb8800 flushing nmethod 0x0000018986e0f590
Event: 388.952 Thread 0x000001899bfb8800 flushing nmethod 0x0000018986e24910
Event: 388.952 Thread 0x000001899bfb8800 flushing nmethod 0x0000018986e27710
Event: 388.952 Thread 0x000001899bfb8800 flushing nmethod 0x0000018986e2be90
Event: 388.953 Thread 0x000001899bfb8800 flushing nmethod 0x0000018986e30290
Event: 388.953 Thread 0x000001899bfb8800 flushing nmethod 0x0000018986e32190
Event: 388.953 Thread 0x000001899bfb8800 flushing nmethod 0x0000018986e67990
Event: 388.953 Thread 0x000001899bfb8800 flushing nmethod 0x0000018986f70090
Event: 389.088 loading class com/android/tools/r8/graph/f0$a
Event: 389.088 loading class com/android/tools/r8/graph/f0$a done
Event: 389.329 Executing VM operation: G1CollectForAllocation
Event: 389.350 Executing VM operation: G1CollectForAllocation done
Event: 389.463 Executing VM operation: G1CollectForAllocation
Event: 389.488 Executing VM operation: G1CollectForAllocation done
Event: 389.574 Thread 0x000001899e4fb800 Thread exited: 0x000001899e4fb800
Event: 390.044 Thread 0x000001899e4fb800 Thread added: 0x000001899e4fb800
Event: 390.152 Executing VM operation: CGC_Operation
Event: 390.171 Executing VM operation: CGC_Operation done


Dynamic libraries:
0x00007ff688e40000 - 0x00007ff688e4a000 	D:\xdman\android\android-studio\jre\bin\java.exe
0x00007ffa4f6f0000 - 0x00007ffa4f8e5000 	C:\Windows\SYSTEM32\ntdll.dll
0x00007ffa4ed80000 - 0x00007ffa4ee3d000 	C:\Windows\System32\KERNEL32.DLL
0x00007ffa4cf60000 - 0x00007ffa4d229000 	C:\Windows\System32\KERNELBASE.dll
0x00007ffa4d230000 - 0x00007ffa4d330000 	C:\Windows\System32\ucrtbase.dll
0x00007ffa47200000 - 0x00007ffa47219000 	D:\xdman\android\android-studio\jre\bin\jli.dll
0x00007ffa4d9a0000 - 0x00007ffa4db40000 	C:\Windows\System32\USER32.dll
0x00007ffa4ce80000 - 0x00007ffa4cea2000 	C:\Windows\System32\win32u.dll
0x00007ffa4deb0000 - 0x00007ffa4deda000 	C:\Windows\System32\GDI32.dll
0x00007ffa4d3c0000 - 0x00007ffa4d4cb000 	C:\Windows\System32\gdi32full.dll
0x00007ffa4d6c0000 - 0x00007ffa4d75d000 	C:\Windows\System32\msvcp_win.dll
0x00007ffa453d0000 - 0x00007ffa453e7000 	D:\xdman\android\android-studio\jre\bin\VCRUNTIME140.dll
0x00007ffa35b00000 - 0x00007ffa35d9a000 	C:\Windows\WinSxS\amd64_microsoft.windows.common-controls_6595b64144ccf1df_6.0.19041.1110_none_60b5254171f9507e\COMCTL32.dll
0x00007ffa4eb30000 - 0x00007ffa4ebce000 	C:\Windows\System32\msvcrt.dll
0x00007ffa4e860000 - 0x00007ffa4e890000 	C:\Windows\System32\IMM32.DLL
0x00007ffa45330000 - 0x00007ffa453cd000 	D:\xdman\android\android-studio\jre\bin\msvcp140.dll
0x00007ff9d3e20000 - 0x00007ff9d48ef000 	D:\xdman\android\android-studio\jre\bin\server\jvm.dll
0x00007ffa4dbd0000 - 0x00007ffa4dc7c000 	C:\Windows\System32\ADVAPI32.dll
0x00007ffa4e890000 - 0x00007ffa4e92b000 	C:\Windows\System32\sechost.dll
0x00007ffa4e710000 - 0x00007ffa4e83a000 	C:\Windows\System32\RPCRT4.dll
0x00007ffa4d8d0000 - 0x00007ffa4d8d8000 	C:\Windows\System32\PSAPI.DLL
0x00007ffa32590000 - 0x00007ffa32599000 	C:\Windows\SYSTEM32\WSOCK32.dll
0x00007ffa4eac0000 - 0x00007ffa4eb2b000 	C:\Windows\System32\WS2_32.dll
0x00007ffa27dc0000 - 0x00007ffa27de7000 	C:\Windows\SYSTEM32\WINMM.dll
0x00007ffa3a4f0000 - 0x00007ffa3a4fa000 	C:\Windows\SYSTEM32\VERSION.dll
0x00007ffa4b6b0000 - 0x00007ffa4b6c2000 	C:\Windows\SYSTEM32\kernel.appcore.dll
0x00007ffa1a070000 - 0x00007ffa1a081000 	D:\xdman\android\android-studio\jre\bin\verify.dll
0x00007ffa47bd0000 - 0x00007ffa47db4000 	C:\Windows\SYSTEM32\DBGHELP.DLL
0x00007ffa34d90000 - 0x00007ffa34dbc000 	C:\Windows\SYSTEM32\dbgcore.DLL
0x00007ffa4d630000 - 0x00007ffa4d6b3000 	C:\Windows\System32\bcryptPrimitives.dll
0x00007ff9ffa80000 - 0x00007ff9ffaa9000 	D:\xdman\android\android-studio\jre\bin\java.dll
0x00007ffa38b90000 - 0x00007ffa38b9b000 	D:\xdman\android\android-studio\jre\bin\jimage.dll
0x00007ffa37b10000 - 0x00007ffa37b28000 	D:\xdman\android\android-studio\jre\bin\zip.dll
0x00007ffa4ee40000 - 0x00007ffa4f57f000 	C:\Windows\System32\SHELL32.dll
0x00007ffa47dc0000 - 0x00007ffa48551000 	C:\Windows\SYSTEM32\windows.storage.dll
0x00007ffa4dee0000 - 0x00007ffa4e235000 	C:\Windows\System32\combase.dll
0x00007ffa4c750000 - 0x00007ffa4c77c000 	C:\Windows\SYSTEM32\Wldp.dll
0x00007ffa4e930000 - 0x00007ffa4e9de000 	C:\Windows\System32\SHCORE.dll
0x00007ffa4d940000 - 0x00007ffa4d995000 	C:\Windows\System32\shlwapi.dll
0x00007ffa4cd70000 - 0x00007ffa4cd8f000 	C:\Windows\SYSTEM32\profapi.dll
0x00007ff9fd5c0000 - 0x00007ff9fd5da000 	D:\xdman\android\android-studio\jre\bin\net.dll
0x00007ffa3adc0000 - 0x00007ffa3aeca000 	C:\Windows\SYSTEM32\WINHTTP.dll
0x00007ffa4c530000 - 0x00007ffa4c59a000 	C:\Windows\system32\mswsock.dll
0x00007ff9fd5a0000 - 0x00007ff9fd5b4000 	D:\xdman\android\android-studio\jre\bin\nio.dll
0x00007ffa435b0000 - 0x00007ffa435d7000 	C:\Users\shimu\.gradle\native\8bec1ad78214c89d9ad589b4d07fe93259594b29d510b10fafb7a158f7737e5d\windows-amd64\native-platform.dll
0x00007ffa1ebd0000 - 0x00007ffa1ed0d000 	C:\Users\shimu\.gradle\native\53dbd7edfb1c66fb8903c78663c9afc45aea4f116125fa6feffd364cf09443e8\windows-amd64\native-platform-file-events.dll
0x00007ffa387d0000 - 0x00007ffa387da000 	D:\xdman\android\android-studio\jre\bin\management.dll
0x00007ffa32580000 - 0x00007ffa3258c000 	D:\xdman\android\android-studio\jre\bin\management_ext.dll
0x00007ffa4c790000 - 0x00007ffa4c7a8000 	C:\Windows\SYSTEM32\CRYPTSP.dll
0x00007ffa4be90000 - 0x00007ffa4bec4000 	C:\Windows\system32\rsaenh.dll
0x00007ffa4d390000 - 0x00007ffa4d3b7000 	C:\Windows\System32\bcrypt.dll
0x00007ffa4cd30000 - 0x00007ffa4cd5e000 	C:\Windows\SYSTEM32\USERENV.dll
0x00007ffa4c6b0000 - 0x00007ffa4c6bc000 	C:\Windows\SYSTEM32\CRYPTBASE.dll
0x00007ffa4c240000 - 0x00007ffa4c27b000 	C:\Windows\SYSTEM32\IPHLPAPI.DLL
0x00007ffa4d7f0000 - 0x00007ffa4d7f8000 	C:\Windows\System32\NSI.dll
0x00007ffa400d0000 - 0x00007ffa400e7000 	C:\Windows\SYSTEM32\dhcpcsvc6.DLL
0x00007ffa400b0000 - 0x00007ffa400cd000 	C:\Windows\SYSTEM32\dhcpcsvc.DLL
0x00007ffa4c280000 - 0x00007ffa4c34c000 	C:\Windows\SYSTEM32\DNSAPI.dll
0x00007ffa4bb20000 - 0x00007ffa4bb53000 	C:\Windows\SYSTEM32\ntmarta.dll
0x00007ffa43590000 - 0x00007ffa435ae000 	C:\Users\shimu\AppData\Local\Temp\native-platform10603027018453410343dir\native-platform.dll

dbghelp: loaded successfully - version: 4.0.5 - missing functions: none
symbol engine: initialized successfully - sym options: 0x614 - pdb path: .;D:\xdman\android\android-studio\jre\bin;C:\Windows\SYSTEM32;C:\Windows\WinSxS\amd64_microsoft.windows.common-controls_6595b64144ccf1df_6.0.19041.1110_none_60b5254171f9507e;D:\xdman\android\android-studio\jre\bin\server;C:\Users\shimu\.gradle\native\8bec1ad78214c89d9ad589b4d07fe93259594b29d510b10fafb7a158f7737e5d\windows-amd64;C:\Users\shimu\.gradle\native\53dbd7edfb1c66fb8903c78663c9afc45aea4f116125fa6feffd364cf09443e8\windows-amd64;C:\Users\shimu\AppData\Local\Temp\native-platform10603027018453410343dir

VM Arguments:
jvm_args: --add-opens=java.base/java.util=ALL-UNNAMED --add-opens=java.base/java.lang=ALL-UNNAMED --add-opens=java.base/java.lang.invoke=ALL-UNNAMED --add-opens=java.base/java.util=ALL-UNNAMED --add-opens=java.prefs/java.util.prefs=ALL-UNNAMED --add-opens=java.prefs/java.util.prefs=ALL-UNNAMED --add-opens=java.base/java.nio.charset=ALL-UNNAMED --add-opens=java.base/java.net=ALL-UNNAMED --add-opens=java.base/java.util.concurrent.atomic=ALL-UNNAMED -Xmx2048m -Dfile.encoding=UTF-8 -Duser.country=GB -Duser.language=en -Duser.variant 
java_command: org.gradle.launcher.daemon.bootstrap.GradleDaemon 7.0.2
java_class_path (initial): C:\Users\shimu\.gradle\wrapper\dists\gradle-7.0.2-bin\857tjihv64xamwrf0h14cai3r\gradle-7.0.2\lib\gradle-launcher-7.0.2.jar
Launcher Type: SUN_STANDARD

[Global flags]
     intx CICompilerCount                          = 3                                         {product} {ergonomic}
     uint ConcGCThreads                            = 1                                         {product} {ergonomic}
     uint G1ConcRefinementThreads                  = 4                                         {product} {ergonomic}
   size_t G1HeapRegionSize                         = 1048576                                   {product} {ergonomic}
    uintx GCDrainStackTargetSize                   = 64                                        {product} {ergonomic}
   size_t InitialHeapSize                          = 268435456                                 {product} {ergonomic}
   size_t MarkStackSize                            = 4194304                                   {product} {ergonomic}
   size_t MaxHeapSize                              = 2147483648                                {product} {command line}
   size_t MaxNewSize                               = 1287651328                                {product} {ergonomic}
   size_t MinHeapDeltaBytes                        = 1048576                                   {product} {ergonomic}
    uintx NonNMethodCodeHeapSize                   = 5830732                                {pd product} {ergonomic}
    uintx NonProfiledCodeHeapSize                  = 122913754                              {pd product} {ergonomic}
    uintx ProfiledCodeHeapSize                     = 122913754                              {pd product} {ergonomic}
    uintx ReservedCodeCacheSize                    = 251658240                              {pd product} {ergonomic}
     bool SegmentedCodeCache                       = true                                      {product} {ergonomic}
     bool UseCompressedClassPointers               = true                                 {lp64_product} {ergonomic}
     bool UseCompressedOops                        = true                                 {lp64_product} {ergonomic}
     bool UseG1GC                                  = true                                      {product} {ergonomic}
     bool UseLargePagesIndividualAllocation        = false                                  {pd product} {ergonomic}

Logging:
Log output configuration:
 #0: stdout all=warning uptime,level,tags
 #1: stderr all=off uptime,level,tags

Environment Variables:
JAVA_HOME=C:\Program Files\Java\jdk-15.0.1
PATH=C:\Program Files\Common Files\Oracle\Java\javapath;C:\Windows\system32;C:\Windows;C:\Windows\System32\Wbem;C:\Windows\System32\WindowsPowerShell\v1.0\;C:\Windows\System32\OpenSSH\;C:\Program Files\dotnet\;C:\wamp64\bin\php\php7.4.0;C:\Program Files\Git\cmd;C:\xampp\php;C:\ProgramData\ComposerSetup\bin;C:\Program Files\Microsoft SQL Server\130\Tools\Binn\;C:\Program Files\Microsoft SQL Server\Client SDK\ODBC\170\Tools\Binn\;C:\Program Files (x86)\Microsoft SQL Server\150\Tools\Binn\;C:\Program Files\Microsoft SQL Server\150\Tools\Binn\;C:\Program Files\Microsoft SQL Server\150\DTS\Binn\;C:\Program Files (x86)\Microsoft SQL Server\150\DTS\Binn\;C:\Users\shimu\AppData\Roaming\nvm;C:\Program Files\nodejs;C:\Program Files (x86)\dotnet\;C:\Program Files\Java\jdk-15.0.1\bin;;C:\Program Files\SourceGear\Common\DiffMerge\;C:\Users\shimu\AppData\Local\Microsoft\WindowsApps;C:\Users\shimu\AppData\Local\Programs\Microsoft VS Code\bin;C:\Users\shimu\AppData\Roaming\npm;C:\Users\shimu\AppData\Roaming\Composer\vendor\bin;C:\Users\shimu\AppData\Roaming\nvm;C:\Program Files\nodejs;C:\Users\shimu\.dotnet\tools;C:\Program Files\JetBrains\PyCharm Community Edition 2020.2.3\bin;;C:\Program Files\heroku\bin;C:\Program Files\JetBrains\IntelliJ IDEA Community Edition 2020.3.2\bin;;D:\xamp\php;C:\Users\shimu\.dotnet\tools
USERNAME=shimuli
OS=Windows_NT
PROCESSOR_IDENTIFIER=Intel64 Family 6 Model 78 Stepping 3, GenuineIntel



---------------  S Y S T E M  ---------------

OS: Windows 10 , 64 bit Build 19041 (10.0.19041.1023)
OS uptime: 0 days 1:40 hours
Hyper-V role detected

CPU:total 4 (initial active 4) (2 cores per cpu, 2 threads per core) family 6 model 78 stepping 3 microcode 0xd6, cmov, cx8, fxsr, mmx, sse, sse2, sse3, ssse3, sse4.1, sse4.2, popcnt, avx, avx2, aes, clmul, erms, 3dnowpref, lzcnt, ht, tsc, tscinvbit, bmi1, bmi2, adx, fma

Memory: 4k page, system-wide physical 16280M (1899M free)
TotalPageFile size 30955M (AvailPageFile size 5M)
current process WorkingSet (physical memory assigned to process): 667M, peak: 712M
current process commit charge ("private bytes"): 701M, peak: 741M

vm_info: OpenJDK 64-Bit Server VM (11.0.10+0-b96-7249189) for windows-amd64 JRE (11.0.10+0-b96-7249189), built on Mar 31 2021 21:44:00 by "builder" with MS VC++ 14.0 (VS2015)

END.
