#
# There is insufficient memory for the Java Runtime Environment to continue.
# Native memory allocation (mmap) failed to map 268435456 bytes for Failed to commit area from 0x0000000701800000 to 0x0000000711800000 of length 268435456.
# Possible reasons:
#   The system is out of physical RAM or swap space
#   The process is running with CompressedOops enabled, and the Java Heap may be blocking the growth of the native heap
# Possible solutions:
#   Reduce memory load on the system
#   Increase physical memory or swap space
#   Check if swap backing store is full
#   Decrease Java heap size (-Xmx/-Xms)
#   Decrease number of Java threads
#   Decrease Java thread stack sizes (-Xss)
#   Set larger code cache with -XX:ReservedCodeCacheSize=
# This output file may be truncated or incomplete.
#
#  Out of Memory Error (./src/hotspot/os/windows/os_windows.cpp:3301), pid=18764, tid=19488
#
# JRE version:  (11.0.10) (build )
# Java VM: OpenJDK 64-Bit Server VM (11.0.10+0-b96-7249189, mixed mode, sharing, tiered, compressed oops, g1 gc, windows-amd64)
# No core dump will be written. Minidumps are not enabled by default on client versions of Windows
#

---------------  S U M M A R Y ------------

Command Line: org.jetbrains.kotlin.cli.jvm.K2JVMCompiler @D:\Android\AwesomePlaces\app\build\20210727_5506539755929615812.compiler.options

Host: Intel(R) Core(TM) i5-6200U CPU @ 2.30GHz, 4 cores, 15G,  Windows 10 , 64 bit Build 19041 (10.0.19041.1023)
Time: Tue Jul 27 10:53:36 2021 E. Africa Standard Time elapsed time: 0.017248 seconds (0d 0h 0m 0s)

---------------  T H R E A D  ---------------

Current thread (0x0000026ec4a3a800):  JavaThread "Unknown thread" [_thread_in_vm, id=19488, stack(0x000000c91a400000,0x000000c91a500000)]

Stack: [0x000000c91a400000,0x000000c91a500000]
Native frames: (J=compiled Java code, j=interpreted, Vv=VM code, C=native code)
V  [jvm.dll+0x5ecfaa]
V  [jvm.dll+0x722bd5]
V  [jvm.dll+0x72412d]
V  [jvm.dll+0x7247e3]
V  [jvm.dll+0x242928]
V  [jvm.dll+0x5ea374]
V  [jvm.dll+0x5df425]
V  [jvm.dll+0x2fdebb]
V  [jvm.dll+0x2fde2a]
V  [jvm.dll+0x2fdd02]
V  [jvm.dll+0x302bf6]
V  [jvm.dll+0x34b2a3]
V  [jvm.dll+0x34b9a6]
V  [jvm.dll+0x34b3a3]
V  [jvm.dll+0x2d8888]
V  [jvm.dll+0x2d9a37]
V  [jvm.dll+0x701737]
V  [jvm.dll+0x702f2c]
V  [jvm.dll+0x3587d9]
V  [jvm.dll+0x6e4fae]
V  [jvm.dll+0x3c0be3]
V  [jvm.dll+0x3c2e91]
C  [jli.dll+0x5373]
C  [ucrtbase.dll+0x21bb2]
C  [KERNEL32.DLL+0x17034]
C  [ntdll.dll+0x52651]


---------------  P R O C E S S  ---------------

Threads class SMR info:
_java_thread_list=0x0000026ec29828d0, length=0, elements={
}

Java Threads: ( => current thread )

Other Threads:
  0x0000026ec4a53000 GCTaskThread "GC Thread#0" [stack: 0x000000c91a500000,0x000000c91a600000] [id=11428]
  0x0000026ec4aaf800 ConcurrentGCThread "G1 Main Marker" [stack: 0x000000c91a600000,0x000000c91a700000] [id=12660]
  0x0000026ec4ab1000 ConcurrentGCThread "G1 Conc#0" [stack: 0x000000c91a700000,0x000000c91a800000] [id=17476]

[error occurred during error reporting (printing all threads), id 0xc0000005, EXCEPTION_ACCESS_VIOLATION (0xc0000005) at pc=0x00007ff9d4109107]

VM state:not at safepoint (not fully initialized)

VM Mutex/Monitor currently owned by a thread:  ([mutex/lock_event])
[0x0000026ec4a386b0] Heap_lock - owner thread: 0x0000026ec4a3a800

Heap address: 0x0000000701800000, size: 4072 MB, Compressed Oops mode: Non-zero based: 0x0000000701800000
Narrow klass base: 0x0000000000000000, Narrow klass shift: 0

GC Heap History (0 events):
No events

Deoptimization events (0 events):
No events

Classes redefined (0 events):
No events

Internal exceptions (0 events):
No events

Events (1 events):
Event: 0.011 Loaded shared library D:\xdman\android\android-studio\jre\bin\zip.dll


Dynamic libraries:
0x00007ff688e40000 - 0x00007ff688e4a000 	D:\xdman\android\android-studio\jre\bin\java.exe
0x00007ffa4f6f0000 - 0x00007ffa4f8e5000 	C:\Windows\SYSTEM32\ntdll.dll
0x00007ffa4ed80000 - 0x00007ffa4ee3d000 	C:\Windows\System32\KERNEL32.DLL
0x00007ffa4cf60000 - 0x00007ffa4d229000 	C:\Windows\System32\KERNELBASE.dll
0x00007ffa4d230000 - 0x00007ffa4d330000 	C:\Windows\System32\ucrtbase.dll
0x00007ffa47200000 - 0x00007ffa47219000 	D:\xdman\android\android-studio\jre\bin\jli.dll
0x00007ffa4d9a0000 - 0x00007ffa4db40000 	C:\Windows\System32\USER32.dll
0x00007ffa4ce80000 - 0x00007ffa4cea2000 	C:\Windows\System32\win32u.dll
0x00007ffa4deb0000 - 0x00007ffa4deda000 	C:\Windows\System32\GDI32.dll
0x00007ffa4d3c0000 - 0x00007ffa4d4cb000 	C:\Windows\System32\gdi32full.dll
0x00007ffa4d6c0000 - 0x00007ffa4d75d000 	C:\Windows\System32\msvcp_win.dll
0x00007ffa453d0000 - 0x00007ffa453e7000 	D:\xdman\android\android-studio\jre\bin\VCRUNTIME140.dll
0x00007ffa35b00000 - 0x00007ffa35d9a000 	C:\Windows\WinSxS\amd64_microsoft.windows.common-controls_6595b64144ccf1df_6.0.19041.1110_none_60b5254171f9507e\COMCTL32.dll
0x00007ffa4eb30000 - 0x00007ffa4ebce000 	C:\Windows\System32\msvcrt.dll
0x00007ffa4e860000 - 0x00007ffa4e890000 	C:\Windows\System32\IMM32.DLL
0x00007ffa45330000 - 0x00007ffa453cd000 	D:\xdman\android\android-studio\jre\bin\msvcp140.dll
0x00007ff9d3e20000 - 0x00007ff9d48ef000 	D:\xdman\android\android-studio\jre\bin\server\jvm.dll
0x00007ffa4dbd0000 - 0x00007ffa4dc7c000 	C:\Windows\System32\ADVAPI32.dll
0x00007ffa4e890000 - 0x00007ffa4e92b000 	C:\Windows\System32\sechost.dll
0x00007ffa4e710000 - 0x00007ffa4e83a000 	C:\Windows\System32\RPCRT4.dll
0x00007ffa4d8d0000 - 0x00007ffa4d8d8000 	C:\Windows\System32\PSAPI.DLL
0x00007ffa32590000 - 0x00007ffa32599000 	C:\Windows\SYSTEM32\WSOCK32.dll
0x00007ffa4eac0000 - 0x00007ffa4eb2b000 	C:\Windows\System32\WS2_32.dll
0x00007ffa27dc0000 - 0x00007ffa27de7000 	C:\Windows\SYSTEM32\WINMM.dll
0x00007ffa3a4f0000 - 0x00007ffa3a4fa000 	C:\Windows\SYSTEM32\VERSION.dll
0x00007ffa4b6b0000 - 0x00007ffa4b6c2000 	C:\Windows\SYSTEM32\kernel.appcore.dll
0x00007ffa1a070000 - 0x00007ffa1a081000 	D:\xdman\android\android-studio\jre\bin\verify.dll
0x00007ffa47bd0000 - 0x00007ffa47db4000 	C:\Windows\SYSTEM32\DBGHELP.DLL
0x00007ffa34d90000 - 0x00007ffa34dbc000 	C:\Windows\SYSTEM32\dbgcore.DLL
0x00007ffa4d630000 - 0x00007ffa4d6b3000 	C:\Windows\System32\bcryptPrimitives.dll
0x00007ff9ffa80000 - 0x00007ff9ffaa9000 	D:\xdman\android\android-studio\jre\bin\java.dll
0x00007ffa38b90000 - 0x00007ffa38b9b000 	D:\xdman\android\android-studio\jre\bin\jimage.dll
0x00007ffa37b10000 - 0x00007ffa37b28000 	D:\xdman\android\android-studio\jre\bin\zip.dll

dbghelp: loaded successfully - version: 4.0.5 - missing functions: none
symbol engine: initialized successfully - sym options: 0x614 - pdb path: .;D:\xdman\android\android-studio\jre\bin;C:\Windows\SYSTEM32;C:\Windows\WinSxS\amd64_microsoft.windows.common-controls_6595b64144ccf1df_6.0.19041.1110_none_60b5254171f9507e;D:\xdman\android\android-studio\jre\bin\server

VM Arguments:
java_command: org.jetbrains.kotlin.cli.jvm.K2JVMCompiler @D:\Android\AwesomePlaces\app\build\20210727_5506539755929615812.compiler.options
java_class_path (initial): C:\Users\shimu\.gradle\caches\modules-2\files-2.1\org.jetbrains.kotlin\kotlin-compiler-embeddable\1.5.21\40ddbcae9ff100473f95370c2d589ba3fc48eed5\kotlin-compiler-embeddable-1.5.21.jar;C:\Users\shimu\.gradle\caches\modules-2\files-2.1\org.jetbrains.kotlin\kotlin-reflect\1.5.21\802f1f39735ae1eb2b75714a40fa19bb2e687e96\kotlin-reflect-1.5.21.jar;C:\Users\shimu\.gradle\caches\modules-2\files-2.1\org.jetbrains.kotlin\kotlin-stdlib\1.5.21\2f537cad7e9eeb9da73738c8812e1e4cf9b62e4e\kotlin-stdlib-1.5.21.jar;C:\Users\shimu\.gradle\caches\modules-2\files-2.1\org.jetbrains.kotlin\kotlin-script-runtime\1.5.21\96d49e89873fde985750af354b6eabb60cfa999b\kotlin-script-runtime-1.5.21.jar;C:\Users\shimu\.gradle\caches\modules-2\files-2.1\org.jetbrains.kotlin\kotlin-daemon-embeddable\1.5.21\17255809e66a940dfdf6289bccbdfb5a09f3145\kotlin-daemon-embeddable-1.5.21.jar;C:\Users\shimu\.gradle\caches\modules-2\files-2.1\org.jetbrains.intellij.deps\trove4j\1.0.20181211\216c2e14b070f334479d800987affe4054cd563f\trove4j-1.0.20181211.jar;C:\Users\shimu\.gradle\caches\modules-2\files-2.1\org.jetbrains\annotations\13.0\919f0dfe192fb4e063e7dacadee7f8bb9a2672a9\annotations-13.0.jar;C:\Users\shimu\.gradle\caches\modules-2\files-2.1\org.jetbrains.kotlin\kotlin-stdlib-common\1.5.21\cc8bf3586fd2ebcf234058b9440bb406e62dfacb\kotlin-stdlib-common-1.5.21.jar
Launcher Type: SUN_STANDARD

[Global flags]
     intx CICompilerCount                          = 3                                         {product} {ergonomic}
     uint ConcGCThreads                            = 1                                         {product} {ergonomic}
     uint G1ConcRefinementThreads                  = 4                                         {product} {ergonomic}
   size_t G1HeapRegionSize                         = 1048576                                   {product} {ergonomic}
    uintx GCDrainStackTargetSize                   = 64                                        {product} {ergonomic}
   size_t InitialHeapSize                          = 268435456                                 {product} {ergonomic}
   size_t MarkStackSize                            = 4194304                                   {product} {ergonomic}
   size_t MaxHeapSize                              = 4269801472                                {product} {ergonomic}
   size_t MinHeapDeltaBytes                        = 1048576                                   {product} {ergonomic}
    uintx NonNMethodCodeHeapSize                   = 5830732                                {pd product} {ergonomic}
    uintx NonProfiledCodeHeapSize                  = 122913754                              {pd product} {ergonomic}
    uintx ProfiledCodeHeapSize                     = 122913754                              {pd product} {ergonomic}
    uintx ReservedCodeCacheSize                    = 251658240                              {pd product} {ergonomic}
     bool SegmentedCodeCache                       = true                                      {product} {ergonomic}
     bool UseCompressedClassPointers               = true                                 {lp64_product} {ergonomic}
     bool UseCompressedOops                        = true                                 {lp64_product} {ergonomic}
     bool UseG1GC                                  = true                                      {product} {ergonomic}
     bool UseLargePagesIndividualAllocation        = false                                  {pd product} {ergonomic}

Logging:
Log output configuration:
 #0: stdout all=warning uptime,level,tags
 #1: stderr all=off uptime,level,tags

Environment Variables:
JAVA_HOME=C:\Program Files\Java\jdk-15.0.1
PATH=C:\Program Files\Common Files\Oracle\Java\javapath;C:\Windows\system32;C:\Windows;C:\Windows\System32\Wbem;C:\Windows\System32\WindowsPowerShell\v1.0\;C:\Windows\System32\OpenSSH\;C:\Program Files\dotnet\;C:\wamp64\bin\php\php7.4.0;C:\Program Files\Git\cmd;C:\xampp\php;C:\ProgramData\ComposerSetup\bin;C:\Program Files\Microsoft SQL Server\130\Tools\Binn\;C:\Program Files\Microsoft SQL Server\Client SDK\ODBC\170\Tools\Binn\;C:\Program Files (x86)\Microsoft SQL Server\150\Tools\Binn\;C:\Program Files\Microsoft SQL Server\150\Tools\Binn\;C:\Program Files\Microsoft SQL Server\150\DTS\Binn\;C:\Program Files (x86)\Microsoft SQL Server\150\DTS\Binn\;C:\Users\shimu\AppData\Roaming\nvm;C:\Program Files\nodejs;C:\Program Files (x86)\dotnet\;C:\Program Files\Java\jdk-15.0.1\bin;;C:\Program Files\SourceGear\Common\DiffMerge\;C:\Users\shimu\AppData\Local\Microsoft\WindowsApps;C:\Users\shimu\AppData\Local\Programs\Microsoft VS Code\bin;C:\Users\shimu\AppData\Roaming\npm;C:\Users\shimu\AppData\Roaming\Composer\vendor\bin;C:\Users\shimu\AppData\Roaming\nvm;C:\Program Files\nodejs;C:\Users\shimu\.dotnet\tools;C:\Program Files\JetBrains\PyCharm Community Edition 2020.2.3\bin;;C:\Program Files\heroku\bin;C:\Program Files\JetBrains\IntelliJ IDEA Community Edition 2020.3.2\bin;;D:\xamp\php;C:\Users\shimu\.dotnet\tools
USERNAME=shimuli
OS=Windows_NT
PROCESSOR_IDENTIFIER=Intel64 Family 6 Model 78 Stepping 3, GenuineIntel



---------------  S Y S T E M  ---------------

OS: Windows 10 , 64 bit Build 19041 (10.0.19041.1023)
OS uptime: 0 days 1:33 hours
Hyper-V role detected

CPU:total 4 (initial active 4) (2 cores per cpu, 2 threads per core) family 6 model 78 stepping 3 microcode 0xd6, cmov, cx8, fxsr, mmx, sse, sse2, sse3, ssse3, sse4.1, sse4.2, popcnt, avx, avx2, aes, clmul, erms, 3dnowpref, lzcnt, ht, tsc, tscinvbit, bmi1, bmi2, adx, fma

Memory: 4k page, system-wide physical 16280M (1901M free)
TotalPageFile size 30955M (AvailPageFile size 20M)
current process WorkingSet (physical memory assigned to process): 10M, peak: 10M
current process commit charge ("private bytes"): 51M, peak: 307M

vm_info: OpenJDK 64-Bit Server VM (11.0.10+0-b96-7249189) for windows-amd64 JRE (11.0.10+0-b96-7249189), built on Mar 31 2021 21:44:00 by "builder" with MS VC++ 14.0 (VS2015)

END.
